[0.095s] DEBUG:colcon:Command line arguments: ['/usr/bin/colcon', 'build']
[0.096s] DEBUG:colcon:Parsed command line arguments: Namespace(log_base=None, log_level=None, verb_name='build', build_base='build', install_base='install', merge_install=False, symlink_install=False, test_result_base=None, continue_on_error=False, executor='parallel', parallel_workers=8, event_handlers=None, ignore_user_meta=False, metas=['./colcon.meta'], base_paths=['.'], packages_ignore=None, packages_ignore_regex=None, paths=None, packages_up_to=None, packages_up_to_regex=None, packages_above=None, packages_above_and_dependencies=None, packages_above_depth=None, packages_select_by_dep=None, packages_skip_by_dep=None, packages_skip_up_to=None, packages_select_build_failed=False, packages_skip_build_finished=False, packages_select_test_failures=False, packages_skip_test_passed=False, packages_select=None, packages_skip=None, packages_select_regex=None, packages_skip_regex=None, packages_start=None, packages_end=None, allow_overriding=[], cmake_args=None, cmake_target=None, cmake_target_skip_unavailable=False, cmake_clean_cache=False, cmake_clean_first=False, cmake_force_configure=False, ament_cmake_args=None, catkin_cmake_args=None, catkin_skip_building_tests=False, mixin_files=None, mixin=None, verb_parser=<colcon_mixin.mixin.mixin_argument.MixinArgumentDecorator object at 0x73515e7605e0>, verb_extension=<colcon_core.verb.build.BuildVerb object at 0x73515e737fa0>, main=<bound method BuildVerb.main of <colcon_core.verb.build.BuildVerb object at 0x73515e737fa0>>, mixin_verb=('build',))
[0.242s] Level 1:colcon.colcon_core.package_discovery:discover_packages(colcon_meta) check parameters
[0.242s] Level 1:colcon.colcon_core.package_discovery:discover_packages(recursive) check parameters
[0.242s] Level 1:colcon.colcon_core.package_discovery:discover_packages(ignore) check parameters
[0.242s] Level 1:colcon.colcon_core.package_discovery:discover_packages(path) check parameters
[0.242s] Level 1:colcon.colcon_core.package_discovery:discover_packages(colcon_meta) discover
[0.242s] Level 1:colcon.colcon_core.package_discovery:discover_packages(recursive) discover
[0.242s] INFO:colcon.colcon_core.package_discovery:Crawling recursively for packages in '/home/gixstudent/Desktop/Final lab/robotics_navigation'
[0.242s] Level 1:colcon.colcon_core.package_identification:_identify(.) by extensions ['ignore', 'ignore_ament_install']
[0.242s] Level 1:colcon.colcon_core.package_identification:_identify(.) by extension 'ignore'
[0.243s] Level 1:colcon.colcon_core.package_identification:_identify(.) by extension 'ignore_ament_install'
[0.243s] Level 1:colcon.colcon_core.package_identification:_identify(.) by extensions ['colcon_pkg']
[0.243s] Level 1:colcon.colcon_core.package_identification:_identify(.) by extension 'colcon_pkg'
[0.243s] Level 1:colcon.colcon_core.package_identification:_identify(.) by extensions ['colcon_meta']
[0.243s] Level 1:colcon.colcon_core.package_identification:_identify(.) by extension 'colcon_meta'
[0.243s] Level 1:colcon.colcon_core.package_identification:_identify(.) by extensions ['ros']
[0.243s] Level 1:colcon.colcon_core.package_identification:_identify(.) by extension 'ros'
[0.252s] Level 1:colcon.colcon_core.package_identification:_identify(.) by extensions ['cmake', 'python']
[0.252s] Level 1:colcon.colcon_core.package_identification:_identify(.) by extension 'cmake'
[0.252s] Level 1:colcon.colcon_core.package_identification:_identify(.) by extension 'python'
[0.252s] Level 1:colcon.colcon_core.package_identification:_identify(.) by extensions ['python_setup_py']
[0.252s] Level 1:colcon.colcon_core.package_identification:_identify(.) by extension 'python_setup_py'
[0.252s] Level 1:colcon.colcon_core.package_identification:_identify(build) by extensions ['ignore', 'ignore_ament_install']
[0.253s] Level 1:colcon.colcon_core.package_identification:_identify(build) by extension 'ignore'
[0.253s] Level 1:colcon.colcon_core.package_identification:_identify(build) ignored
[0.253s] Level 1:colcon.colcon_core.package_identification:_identify(install) by extensions ['ignore', 'ignore_ament_install']
[0.253s] Level 1:colcon.colcon_core.package_identification:_identify(install) by extension 'ignore'
[0.253s] Level 1:colcon.colcon_core.package_identification:_identify(install) ignored
[0.253s] Level 1:colcon.colcon_core.package_identification:_identify(log) by extensions ['ignore', 'ignore_ament_install']
[0.253s] Level 1:colcon.colcon_core.package_identification:_identify(log) by extension 'ignore'
[0.253s] Level 1:colcon.colcon_core.package_identification:_identify(log) ignored
[0.253s] Level 1:colcon.colcon_core.package_identification:_identify(src) by extensions ['ignore', 'ignore_ament_install']
[0.253s] Level 1:colcon.colcon_core.package_identification:_identify(src) by extension 'ignore'
[0.253s] Level 1:colcon.colcon_core.package_identification:_identify(src) by extension 'ignore_ament_install'
[0.253s] Level 1:colcon.colcon_core.package_identification:_identify(src) by extensions ['colcon_pkg']
[0.253s] Level 1:colcon.colcon_core.package_identification:_identify(src) by extension 'colcon_pkg'
[0.253s] Level 1:colcon.colcon_core.package_identification:_identify(src) by extensions ['colcon_meta']
[0.253s] Level 1:colcon.colcon_core.package_identification:_identify(src) by extension 'colcon_meta'
[0.253s] Level 1:colcon.colcon_core.package_identification:_identify(src) by extensions ['ros']
[0.253s] Level 1:colcon.colcon_core.package_identification:_identify(src) by extension 'ros'
[0.253s] Level 1:colcon.colcon_core.package_identification:_identify(src) by extensions ['cmake', 'python']
[0.253s] Level 1:colcon.colcon_core.package_identification:_identify(src) by extension 'cmake'
[0.254s] Level 1:colcon.colcon_core.package_identification:_identify(src) by extension 'python'
[0.254s] Level 1:colcon.colcon_core.package_identification:_identify(src) by extensions ['python_setup_py']
[0.254s] Level 1:colcon.colcon_core.package_identification:_identify(src) by extension 'python_setup_py'
[0.254s] Level 1:colcon.colcon_core.package_identification:_identify(src/turtlebot3) by extensions ['ignore', 'ignore_ament_install']
[0.254s] Level 1:colcon.colcon_core.package_identification:_identify(src/turtlebot3) by extension 'ignore'
[0.254s] Level 1:colcon.colcon_core.package_identification:_identify(src/turtlebot3) by extension 'ignore_ament_install'
[0.254s] Level 1:colcon.colcon_core.package_identification:_identify(src/turtlebot3) by extensions ['colcon_pkg']
[0.254s] Level 1:colcon.colcon_core.package_identification:_identify(src/turtlebot3) by extension 'colcon_pkg'
[0.254s] Level 1:colcon.colcon_core.package_identification:_identify(src/turtlebot3) by extensions ['colcon_meta']
[0.254s] Level 1:colcon.colcon_core.package_identification:_identify(src/turtlebot3) by extension 'colcon_meta'
[0.254s] Level 1:colcon.colcon_core.package_identification:_identify(src/turtlebot3) by extensions ['ros']
[0.254s] Level 1:colcon.colcon_core.package_identification:_identify(src/turtlebot3) by extension 'ros'
[0.254s] Level 1:colcon.colcon_core.package_identification:_identify(src/turtlebot3) by extensions ['cmake', 'python']
[0.254s] Level 1:colcon.colcon_core.package_identification:_identify(src/turtlebot3) by extension 'cmake'
[0.254s] Level 1:colcon.colcon_core.package_identification:_identify(src/turtlebot3) by extension 'python'
[0.254s] Level 1:colcon.colcon_core.package_identification:_identify(src/turtlebot3) by extensions ['python_setup_py']
[0.254s] Level 1:colcon.colcon_core.package_identification:_identify(src/turtlebot3) by extension 'python_setup_py'
[0.254s] Level 1:colcon.colcon_core.package_identification:_identify(src/turtlebot3/turtlebot3) by extensions ['ignore', 'ignore_ament_install']
[0.254s] Level 1:colcon.colcon_core.package_identification:_identify(src/turtlebot3/turtlebot3) by extension 'ignore'
[0.254s] Level 1:colcon.colcon_core.package_identification:_identify(src/turtlebot3/turtlebot3) by extension 'ignore_ament_install'
[0.254s] Level 1:colcon.colcon_core.package_identification:_identify(src/turtlebot3/turtlebot3) by extensions ['colcon_pkg']
[0.254s] Level 1:colcon.colcon_core.package_identification:_identify(src/turtlebot3/turtlebot3) by extension 'colcon_pkg'
[0.254s] Level 1:colcon.colcon_core.package_identification:_identify(src/turtlebot3/turtlebot3) by extensions ['colcon_meta']
[0.255s] Level 1:colcon.colcon_core.package_identification:_identify(src/turtlebot3/turtlebot3) by extension 'colcon_meta'
[0.255s] Level 1:colcon.colcon_core.package_identification:_identify(src/turtlebot3/turtlebot3) by extensions ['ros']
[0.255s] Level 1:colcon.colcon_core.package_identification:_identify(src/turtlebot3/turtlebot3) by extension 'ros'
[0.257s] DEBUG:colcon.colcon_core.package_identification:Package 'src/turtlebot3/turtlebot3' with type 'ros.ament_cmake' and name 'turtlebot3'
[0.257s] Level 1:colcon.colcon_core.package_identification:_identify(src/turtlebot3/turtlebot3_bringup) by extensions ['ignore', 'ignore_ament_install']
[0.257s] Level 1:colcon.colcon_core.package_identification:_identify(src/turtlebot3/turtlebot3_bringup) by extension 'ignore'
[0.257s] Level 1:colcon.colcon_core.package_identification:_identify(src/turtlebot3/turtlebot3_bringup) by extension 'ignore_ament_install'
[0.257s] Level 1:colcon.colcon_core.package_identification:_identify(src/turtlebot3/turtlebot3_bringup) by extensions ['colcon_pkg']
[0.257s] Level 1:colcon.colcon_core.package_identification:_identify(src/turtlebot3/turtlebot3_bringup) by extension 'colcon_pkg'
[0.257s] Level 1:colcon.colcon_core.package_identification:_identify(src/turtlebot3/turtlebot3_bringup) by extensions ['colcon_meta']
[0.257s] Level 1:colcon.colcon_core.package_identification:_identify(src/turtlebot3/turtlebot3_bringup) by extension 'colcon_meta'
[0.257s] Level 1:colcon.colcon_core.package_identification:_identify(src/turtlebot3/turtlebot3_bringup) by extensions ['ros']
[0.257s] Level 1:colcon.colcon_core.package_identification:_identify(src/turtlebot3/turtlebot3_bringup) by extension 'ros'
[0.258s] DEBUG:colcon.colcon_core.package_identification:Package 'src/turtlebot3/turtlebot3_bringup' with type 'ros.ament_cmake' and name 'turtlebot3_bringup'
[0.258s] Level 1:colcon.colcon_core.package_identification:_identify(src/turtlebot3/turtlebot3_cartographer) by extensions ['ignore', 'ignore_ament_install']
[0.258s] Level 1:colcon.colcon_core.package_identification:_identify(src/turtlebot3/turtlebot3_cartographer) by extension 'ignore'
[0.258s] Level 1:colcon.colcon_core.package_identification:_identify(src/turtlebot3/turtlebot3_cartographer) by extension 'ignore_ament_install'
[0.258s] Level 1:colcon.colcon_core.package_identification:_identify(src/turtlebot3/turtlebot3_cartographer) by extensions ['colcon_pkg']
[0.258s] Level 1:colcon.colcon_core.package_identification:_identify(src/turtlebot3/turtlebot3_cartographer) by extension 'colcon_pkg'
[0.258s] Level 1:colcon.colcon_core.package_identification:_identify(src/turtlebot3/turtlebot3_cartographer) by extensions ['colcon_meta']
[0.258s] Level 1:colcon.colcon_core.package_identification:_identify(src/turtlebot3/turtlebot3_cartographer) by extension 'colcon_meta'
[0.258s] Level 1:colcon.colcon_core.package_identification:_identify(src/turtlebot3/turtlebot3_cartographer) by extensions ['ros']
[0.258s] Level 1:colcon.colcon_core.package_identification:_identify(src/turtlebot3/turtlebot3_cartographer) by extension 'ros'
[0.258s] DEBUG:colcon.colcon_core.package_identification:Package 'src/turtlebot3/turtlebot3_cartographer' with type 'ros.ament_cmake' and name 'turtlebot3_cartographer'
[0.259s] Level 1:colcon.colcon_core.package_identification:_identify(src/turtlebot3/turtlebot3_description) by extensions ['ignore', 'ignore_ament_install']
[0.259s] Level 1:colcon.colcon_core.package_identification:_identify(src/turtlebot3/turtlebot3_description) by extension 'ignore'
[0.259s] Level 1:colcon.colcon_core.package_identification:_identify(src/turtlebot3/turtlebot3_description) by extension 'ignore_ament_install'
[0.259s] Level 1:colcon.colcon_core.package_identification:_identify(src/turtlebot3/turtlebot3_description) by extensions ['colcon_pkg']
[0.259s] Level 1:colcon.colcon_core.package_identification:_identify(src/turtlebot3/turtlebot3_description) by extension 'colcon_pkg'
[0.259s] Level 1:colcon.colcon_core.package_identification:_identify(src/turtlebot3/turtlebot3_description) by extensions ['colcon_meta']
[0.259s] Level 1:colcon.colcon_core.package_identification:_identify(src/turtlebot3/turtlebot3_description) by extension 'colcon_meta'
[0.259s] Level 1:colcon.colcon_core.package_identification:_identify(src/turtlebot3/turtlebot3_description) by extensions ['ros']
[0.259s] Level 1:colcon.colcon_core.package_identification:_identify(src/turtlebot3/turtlebot3_description) by extension 'ros'
[0.259s] DEBUG:colcon.colcon_core.package_identification:Package 'src/turtlebot3/turtlebot3_description' with type 'ros.ament_cmake' and name 'turtlebot3_description'
[0.260s] Level 1:colcon.colcon_core.package_identification:_identify(src/turtlebot3/turtlebot3_example) by extensions ['ignore', 'ignore_ament_install']
[0.260s] Level 1:colcon.colcon_core.package_identification:_identify(src/turtlebot3/turtlebot3_example) by extension 'ignore'
[0.260s] Level 1:colcon.colcon_core.package_identification:_identify(src/turtlebot3/turtlebot3_example) by extension 'ignore_ament_install'
[0.260s] Level 1:colcon.colcon_core.package_identification:_identify(src/turtlebot3/turtlebot3_example) by extensions ['colcon_pkg']
[0.260s] Level 1:colcon.colcon_core.package_identification:_identify(src/turtlebot3/turtlebot3_example) by extension 'colcon_pkg'
[0.260s] Level 1:colcon.colcon_core.package_identification:_identify(src/turtlebot3/turtlebot3_example) by extensions ['colcon_meta']
[0.260s] Level 1:colcon.colcon_core.package_identification:_identify(src/turtlebot3/turtlebot3_example) by extension 'colcon_meta'
[0.260s] Level 1:colcon.colcon_core.package_identification:_identify(src/turtlebot3/turtlebot3_example) by extensions ['ros']
[0.260s] Level 1:colcon.colcon_core.package_identification:_identify(src/turtlebot3/turtlebot3_example) by extension 'ros'
[0.261s] DEBUG:colcon.colcon_core.package_identification:Package 'src/turtlebot3/turtlebot3_example' with type 'ros.ament_python' and name 'turtlebot3_example'
[0.261s] Level 1:colcon.colcon_core.package_identification:_identify(src/turtlebot3/turtlebot3_navigation2) by extensions ['ignore', 'ignore_ament_install']
[0.261s] Level 1:colcon.colcon_core.package_identification:_identify(src/turtlebot3/turtlebot3_navigation2) by extension 'ignore'
[0.261s] Level 1:colcon.colcon_core.package_identification:_identify(src/turtlebot3/turtlebot3_navigation2) by extension 'ignore_ament_install'
[0.261s] Level 1:colcon.colcon_core.package_identification:_identify(src/turtlebot3/turtlebot3_navigation2) by extensions ['colcon_pkg']
[0.261s] Level 1:colcon.colcon_core.package_identification:_identify(src/turtlebot3/turtlebot3_navigation2) by extension 'colcon_pkg'
[0.261s] Level 1:colcon.colcon_core.package_identification:_identify(src/turtlebot3/turtlebot3_navigation2) by extensions ['colcon_meta']
[0.261s] Level 1:colcon.colcon_core.package_identification:_identify(src/turtlebot3/turtlebot3_navigation2) by extension 'colcon_meta'
[0.261s] Level 1:colcon.colcon_core.package_identification:_identify(src/turtlebot3/turtlebot3_navigation2) by extensions ['ros']
[0.261s] Level 1:colcon.colcon_core.package_identification:_identify(src/turtlebot3/turtlebot3_navigation2) by extension 'ros'
[0.261s] DEBUG:colcon.colcon_core.package_identification:Package 'src/turtlebot3/turtlebot3_navigation2' with type 'ros.ament_cmake' and name 'turtlebot3_navigation2'
[0.262s] Level 1:colcon.colcon_core.package_identification:_identify(src/turtlebot3/turtlebot3_node) by extensions ['ignore', 'ignore_ament_install']
[0.262s] Level 1:colcon.colcon_core.package_identification:_identify(src/turtlebot3/turtlebot3_node) by extension 'ignore'
[0.262s] Level 1:colcon.colcon_core.package_identification:_identify(src/turtlebot3/turtlebot3_node) by extension 'ignore_ament_install'
[0.262s] Level 1:colcon.colcon_core.package_identification:_identify(src/turtlebot3/turtlebot3_node) by extensions ['colcon_pkg']
[0.262s] Level 1:colcon.colcon_core.package_identification:_identify(src/turtlebot3/turtlebot3_node) by extension 'colcon_pkg'
[0.262s] Level 1:colcon.colcon_core.package_identification:_identify(src/turtlebot3/turtlebot3_node) by extensions ['colcon_meta']
[0.262s] Level 1:colcon.colcon_core.package_identification:_identify(src/turtlebot3/turtlebot3_node) by extension 'colcon_meta'
[0.262s] Level 1:colcon.colcon_core.package_identification:_identify(src/turtlebot3/turtlebot3_node) by extensions ['ros']
[0.262s] Level 1:colcon.colcon_core.package_identification:_identify(src/turtlebot3/turtlebot3_node) by extension 'ros'
[0.263s] DEBUG:colcon.colcon_core.package_identification:Package 'src/turtlebot3/turtlebot3_node' with type 'ros.ament_cmake' and name 'turtlebot3_node'
[0.263s] Level 1:colcon.colcon_core.package_identification:_identify(src/turtlebot3/turtlebot3_teleop) by extensions ['ignore', 'ignore_ament_install']
[0.263s] Level 1:colcon.colcon_core.package_identification:_identify(src/turtlebot3/turtlebot3_teleop) by extension 'ignore'
[0.263s] Level 1:colcon.colcon_core.package_identification:_identify(src/turtlebot3/turtlebot3_teleop) by extension 'ignore_ament_install'
[0.263s] Level 1:colcon.colcon_core.package_identification:_identify(src/turtlebot3/turtlebot3_teleop) by extensions ['colcon_pkg']
[0.263s] Level 1:colcon.colcon_core.package_identification:_identify(src/turtlebot3/turtlebot3_teleop) by extension 'colcon_pkg'
[0.263s] Level 1:colcon.colcon_core.package_identification:_identify(src/turtlebot3/turtlebot3_teleop) by extensions ['colcon_meta']
[0.263s] Level 1:colcon.colcon_core.package_identification:_identify(src/turtlebot3/turtlebot3_teleop) by extension 'colcon_meta'
[0.264s] Level 1:colcon.colcon_core.package_identification:_identify(src/turtlebot3/turtlebot3_teleop) by extensions ['ros']
[0.264s] Level 1:colcon.colcon_core.package_identification:_identify(src/turtlebot3/turtlebot3_teleop) by extension 'ros'
[0.264s] DEBUG:colcon.colcon_core.package_identification:Package 'src/turtlebot3/turtlebot3_teleop' with type 'ros.ament_python' and name 'turtlebot3_teleop'
[0.264s] Level 1:colcon.colcon_core.package_identification:_identify(src/turtlebot3_msgs) by extensions ['ignore', 'ignore_ament_install']
[0.264s] Level 1:colcon.colcon_core.package_identification:_identify(src/turtlebot3_msgs) by extension 'ignore'
[0.264s] Level 1:colcon.colcon_core.package_identification:_identify(src/turtlebot3_msgs) by extension 'ignore_ament_install'
[0.264s] Level 1:colcon.colcon_core.package_identification:_identify(src/turtlebot3_msgs) by extensions ['colcon_pkg']
[0.264s] Level 1:colcon.colcon_core.package_identification:_identify(src/turtlebot3_msgs) by extension 'colcon_pkg'
[0.264s] Level 1:colcon.colcon_core.package_identification:_identify(src/turtlebot3_msgs) by extensions ['colcon_meta']
[0.264s] Level 1:colcon.colcon_core.package_identification:_identify(src/turtlebot3_msgs) by extension 'colcon_meta'
[0.264s] Level 1:colcon.colcon_core.package_identification:_identify(src/turtlebot3_msgs) by extensions ['ros']
[0.264s] Level 1:colcon.colcon_core.package_identification:_identify(src/turtlebot3_msgs) by extension 'ros'
[0.265s] DEBUG:colcon.colcon_core.package_identification:Package 'src/turtlebot3_msgs' with type 'ros.ament_cmake' and name 'turtlebot3_msgs'
[0.265s] Level 1:colcon.colcon_core.package_identification:_identify(src/turtlebot3_simulations) by extensions ['ignore', 'ignore_ament_install']
[0.265s] Level 1:colcon.colcon_core.package_identification:_identify(src/turtlebot3_simulations) by extension 'ignore'
[0.265s] Level 1:colcon.colcon_core.package_identification:_identify(src/turtlebot3_simulations) by extension 'ignore_ament_install'
[0.265s] Level 1:colcon.colcon_core.package_identification:_identify(src/turtlebot3_simulations) by extensions ['colcon_pkg']
[0.265s] Level 1:colcon.colcon_core.package_identification:_identify(src/turtlebot3_simulations) by extension 'colcon_pkg'
[0.265s] Level 1:colcon.colcon_core.package_identification:_identify(src/turtlebot3_simulations) by extensions ['colcon_meta']
[0.265s] Level 1:colcon.colcon_core.package_identification:_identify(src/turtlebot3_simulations) by extension 'colcon_meta'
[0.265s] Level 1:colcon.colcon_core.package_identification:_identify(src/turtlebot3_simulations) by extensions ['ros']
[0.265s] Level 1:colcon.colcon_core.package_identification:_identify(src/turtlebot3_simulations) by extension 'ros'
[0.266s] Level 1:colcon.colcon_core.package_identification:_identify(src/turtlebot3_simulations) by extensions ['cmake', 'python']
[0.266s] Level 1:colcon.colcon_core.package_identification:_identify(src/turtlebot3_simulations) by extension 'cmake'
[0.266s] Level 1:colcon.colcon_core.package_identification:_identify(src/turtlebot3_simulations) by extension 'python'
[0.266s] Level 1:colcon.colcon_core.package_identification:_identify(src/turtlebot3_simulations) by extensions ['python_setup_py']
[0.266s] Level 1:colcon.colcon_core.package_identification:_identify(src/turtlebot3_simulations) by extension 'python_setup_py'
[0.266s] Level 1:colcon.colcon_core.package_identification:_identify(src/turtlebot3_simulations/turtlebot3_fake_node) by extensions ['ignore', 'ignore_ament_install']
[0.266s] Level 1:colcon.colcon_core.package_identification:_identify(src/turtlebot3_simulations/turtlebot3_fake_node) by extension 'ignore'
[0.266s] Level 1:colcon.colcon_core.package_identification:_identify(src/turtlebot3_simulations/turtlebot3_fake_node) by extension 'ignore_ament_install'
[0.266s] Level 1:colcon.colcon_core.package_identification:_identify(src/turtlebot3_simulations/turtlebot3_fake_node) by extensions ['colcon_pkg']
[0.266s] Level 1:colcon.colcon_core.package_identification:_identify(src/turtlebot3_simulations/turtlebot3_fake_node) by extension 'colcon_pkg'
[0.266s] Level 1:colcon.colcon_core.package_identification:_identify(src/turtlebot3_simulations/turtlebot3_fake_node) by extensions ['colcon_meta']
[0.266s] Level 1:colcon.colcon_core.package_identification:_identify(src/turtlebot3_simulations/turtlebot3_fake_node) by extension 'colcon_meta'
[0.266s] Level 1:colcon.colcon_core.package_identification:_identify(src/turtlebot3_simulations/turtlebot3_fake_node) by extensions ['ros']
[0.266s] Level 1:colcon.colcon_core.package_identification:_identify(src/turtlebot3_simulations/turtlebot3_fake_node) by extension 'ros'
[0.267s] DEBUG:colcon.colcon_core.package_identification:Package 'src/turtlebot3_simulations/turtlebot3_fake_node' with type 'ros.ament_cmake' and name 'turtlebot3_fake_node'
[0.267s] Level 1:colcon.colcon_core.package_identification:_identify(src/turtlebot3_simulations/turtlebot3_gazebo) by extensions ['ignore', 'ignore_ament_install']
[0.267s] Level 1:colcon.colcon_core.package_identification:_identify(src/turtlebot3_simulations/turtlebot3_gazebo) by extension 'ignore'
[0.267s] Level 1:colcon.colcon_core.package_identification:_identify(src/turtlebot3_simulations/turtlebot3_gazebo) by extension 'ignore_ament_install'
[0.267s] Level 1:colcon.colcon_core.package_identification:_identify(src/turtlebot3_simulations/turtlebot3_gazebo) by extensions ['colcon_pkg']
[0.267s] Level 1:colcon.colcon_core.package_identification:_identify(src/turtlebot3_simulations/turtlebot3_gazebo) by extension 'colcon_pkg'
[0.267s] Level 1:colcon.colcon_core.package_identification:_identify(src/turtlebot3_simulations/turtlebot3_gazebo) by extensions ['colcon_meta']
[0.267s] Level 1:colcon.colcon_core.package_identification:_identify(src/turtlebot3_simulations/turtlebot3_gazebo) by extension 'colcon_meta'
[0.267s] Level 1:colcon.colcon_core.package_identification:_identify(src/turtlebot3_simulations/turtlebot3_gazebo) by extensions ['ros']
[0.267s] Level 1:colcon.colcon_core.package_identification:_identify(src/turtlebot3_simulations/turtlebot3_gazebo) by extension 'ros'
[0.268s] DEBUG:colcon.colcon_core.package_identification:Package 'src/turtlebot3_simulations/turtlebot3_gazebo' with type 'ros.ament_cmake' and name 'turtlebot3_gazebo'
[0.268s] Level 1:colcon.colcon_core.package_identification:_identify(src/turtlebot3_simulations/turtlebot3_simulations) by extensions ['ignore', 'ignore_ament_install']
[0.268s] Level 1:colcon.colcon_core.package_identification:_identify(src/turtlebot3_simulations/turtlebot3_simulations) by extension 'ignore'
[0.268s] Level 1:colcon.colcon_core.package_identification:_identify(src/turtlebot3_simulations/turtlebot3_simulations) by extension 'ignore_ament_install'
[0.268s] Level 1:colcon.colcon_core.package_identification:_identify(src/turtlebot3_simulations/turtlebot3_simulations) by extensions ['colcon_pkg']
[0.268s] Level 1:colcon.colcon_core.package_identification:_identify(src/turtlebot3_simulations/turtlebot3_simulations) by extension 'colcon_pkg'
[0.268s] Level 1:colcon.colcon_core.package_identification:_identify(src/turtlebot3_simulations/turtlebot3_simulations) by extensions ['colcon_meta']
[0.268s] Level 1:colcon.colcon_core.package_identification:_identify(src/turtlebot3_simulations/turtlebot3_simulations) by extension 'colcon_meta'
[0.269s] Level 1:colcon.colcon_core.package_identification:_identify(src/turtlebot3_simulations/turtlebot3_simulations) by extensions ['ros']
[0.269s] Level 1:colcon.colcon_core.package_identification:_identify(src/turtlebot3_simulations/turtlebot3_simulations) by extension 'ros'
[0.269s] DEBUG:colcon.colcon_core.package_identification:Package 'src/turtlebot3_simulations/turtlebot3_simulations' with type 'ros.ament_cmake' and name 'turtlebot3_simulations'
[0.269s] Level 1:colcon.colcon_core.package_identification:_identify(turtlebot_ws) by extensions ['ignore', 'ignore_ament_install']
[0.269s] Level 1:colcon.colcon_core.package_identification:_identify(turtlebot_ws) by extension 'ignore'
[0.269s] Level 1:colcon.colcon_core.package_identification:_identify(turtlebot_ws) by extension 'ignore_ament_install'
[0.269s] Level 1:colcon.colcon_core.package_identification:_identify(turtlebot_ws) by extensions ['colcon_pkg']
[0.269s] Level 1:colcon.colcon_core.package_identification:_identify(turtlebot_ws) by extension 'colcon_pkg'
[0.269s] Level 1:colcon.colcon_core.package_identification:_identify(turtlebot_ws) by extensions ['colcon_meta']
[0.269s] Level 1:colcon.colcon_core.package_identification:_identify(turtlebot_ws) by extension 'colcon_meta'
[0.269s] Level 1:colcon.colcon_core.package_identification:_identify(turtlebot_ws) by extensions ['ros']
[0.269s] Level 1:colcon.colcon_core.package_identification:_identify(turtlebot_ws) by extension 'ros'
[0.270s] Level 1:colcon.colcon_core.package_identification:_identify(turtlebot_ws) by extensions ['cmake', 'python']
[0.270s] Level 1:colcon.colcon_core.package_identification:_identify(turtlebot_ws) by extension 'cmake'
[0.270s] Level 1:colcon.colcon_core.package_identification:_identify(turtlebot_ws) by extension 'python'
[0.270s] Level 1:colcon.colcon_core.package_identification:_identify(turtlebot_ws) by extensions ['python_setup_py']
[0.270s] Level 1:colcon.colcon_core.package_identification:_identify(turtlebot_ws) by extension 'python_setup_py'
[0.270s] Level 1:colcon.colcon_core.package_identification:_identify(turtlebot_ws/build) by extensions ['ignore', 'ignore_ament_install']
[0.270s] Level 1:colcon.colcon_core.package_identification:_identify(turtlebot_ws/build) by extension 'ignore'
[0.270s] Level 1:colcon.colcon_core.package_identification:_identify(turtlebot_ws/build) ignored
[0.270s] Level 1:colcon.colcon_core.package_identification:_identify(turtlebot_ws/install) by extensions ['ignore', 'ignore_ament_install']
[0.270s] Level 1:colcon.colcon_core.package_identification:_identify(turtlebot_ws/install) by extension 'ignore'
[0.270s] Level 1:colcon.colcon_core.package_identification:_identify(turtlebot_ws/install) ignored
[0.270s] Level 1:colcon.colcon_core.package_identification:_identify(turtlebot_ws/log) by extensions ['ignore', 'ignore_ament_install']
[0.270s] Level 1:colcon.colcon_core.package_identification:_identify(turtlebot_ws/log) by extension 'ignore'
[0.270s] Level 1:colcon.colcon_core.package_identification:_identify(turtlebot_ws/log) ignored
[0.270s] Level 1:colcon.colcon_core.package_identification:_identify(turtlebot_ws/src) by extensions ['ignore', 'ignore_ament_install']
[0.270s] Level 1:colcon.colcon_core.package_identification:_identify(turtlebot_ws/src) by extension 'ignore'
[0.270s] Level 1:colcon.colcon_core.package_identification:_identify(turtlebot_ws/src) by extension 'ignore_ament_install'
[0.270s] Level 1:colcon.colcon_core.package_identification:_identify(turtlebot_ws/src) by extensions ['colcon_pkg']
[0.270s] Level 1:colcon.colcon_core.package_identification:_identify(turtlebot_ws/src) by extension 'colcon_pkg'
[0.271s] Level 1:colcon.colcon_core.package_identification:_identify(turtlebot_ws/src) by extensions ['colcon_meta']
[0.271s] Level 1:colcon.colcon_core.package_identification:_identify(turtlebot_ws/src) by extension 'colcon_meta'
[0.271s] Level 1:colcon.colcon_core.package_identification:_identify(turtlebot_ws/src) by extensions ['ros']
[0.271s] Level 1:colcon.colcon_core.package_identification:_identify(turtlebot_ws/src) by extension 'ros'
[0.271s] Level 1:colcon.colcon_core.package_identification:_identify(turtlebot_ws/src) by extensions ['cmake', 'python']
[0.271s] Level 1:colcon.colcon_core.package_identification:_identify(turtlebot_ws/src) by extension 'cmake'
[0.271s] Level 1:colcon.colcon_core.package_identification:_identify(turtlebot_ws/src) by extension 'python'
[0.271s] Level 1:colcon.colcon_core.package_identification:_identify(turtlebot_ws/src) by extensions ['python_setup_py']
[0.271s] Level 1:colcon.colcon_core.package_identification:_identify(turtlebot_ws/src) by extension 'python_setup_py'
[0.271s] Level 1:colcon.colcon_core.package_identification:_identify(turtlebot_ws/src/turtlebot3) by extensions ['ignore', 'ignore_ament_install']
[0.271s] Level 1:colcon.colcon_core.package_identification:_identify(turtlebot_ws/src/turtlebot3) by extension 'ignore'
[0.271s] Level 1:colcon.colcon_core.package_identification:_identify(turtlebot_ws/src/turtlebot3) by extension 'ignore_ament_install'
[0.271s] Level 1:colcon.colcon_core.package_identification:_identify(turtlebot_ws/src/turtlebot3) by extensions ['colcon_pkg']
[0.271s] Level 1:colcon.colcon_core.package_identification:_identify(turtlebot_ws/src/turtlebot3) by extension 'colcon_pkg'
[0.271s] Level 1:colcon.colcon_core.package_identification:_identify(turtlebot_ws/src/turtlebot3) by extensions ['colcon_meta']
[0.271s] Level 1:colcon.colcon_core.package_identification:_identify(turtlebot_ws/src/turtlebot3) by extension 'colcon_meta'
[0.271s] Level 1:colcon.colcon_core.package_identification:_identify(turtlebot_ws/src/turtlebot3) by extensions ['ros']
[0.271s] Level 1:colcon.colcon_core.package_identification:_identify(turtlebot_ws/src/turtlebot3) by extension 'ros'
[0.271s] Level 1:colcon.colcon_core.package_identification:_identify(turtlebot_ws/src/turtlebot3) by extensions ['cmake', 'python']
[0.271s] Level 1:colcon.colcon_core.package_identification:_identify(turtlebot_ws/src/turtlebot3) by extension 'cmake'
[0.271s] Level 1:colcon.colcon_core.package_identification:_identify(turtlebot_ws/src/turtlebot3) by extension 'python'
[0.271s] Level 1:colcon.colcon_core.package_identification:_identify(turtlebot_ws/src/turtlebot3) by extensions ['python_setup_py']
[0.271s] Level 1:colcon.colcon_core.package_identification:_identify(turtlebot_ws/src/turtlebot3) by extension 'python_setup_py'
[0.271s] Level 1:colcon.colcon_core.package_identification:_identify(turtlebot_ws/src/turtlebot3_msgs) by extensions ['ignore', 'ignore_ament_install']
[0.272s] Level 1:colcon.colcon_core.package_identification:_identify(turtlebot_ws/src/turtlebot3_msgs) by extension 'ignore'
[0.272s] Level 1:colcon.colcon_core.package_identification:_identify(turtlebot_ws/src/turtlebot3_msgs) by extension 'ignore_ament_install'
[0.272s] Level 1:colcon.colcon_core.package_identification:_identify(turtlebot_ws/src/turtlebot3_msgs) by extensions ['colcon_pkg']
[0.272s] Level 1:colcon.colcon_core.package_identification:_identify(turtlebot_ws/src/turtlebot3_msgs) by extension 'colcon_pkg'
[0.272s] Level 1:colcon.colcon_core.package_identification:_identify(turtlebot_ws/src/turtlebot3_msgs) by extensions ['colcon_meta']
[0.272s] Level 1:colcon.colcon_core.package_identification:_identify(turtlebot_ws/src/turtlebot3_msgs) by extension 'colcon_meta'
[0.272s] Level 1:colcon.colcon_core.package_identification:_identify(turtlebot_ws/src/turtlebot3_msgs) by extensions ['ros']
[0.272s] Level 1:colcon.colcon_core.package_identification:_identify(turtlebot_ws/src/turtlebot3_msgs) by extension 'ros'
[0.272s] Level 1:colcon.colcon_core.package_identification:_identify(turtlebot_ws/src/turtlebot3_msgs) by extensions ['cmake', 'python']
[0.272s] Level 1:colcon.colcon_core.package_identification:_identify(turtlebot_ws/src/turtlebot3_msgs) by extension 'cmake'
[0.272s] Level 1:colcon.colcon_core.package_identification:_identify(turtlebot_ws/src/turtlebot3_msgs) by extension 'python'
[0.272s] Level 1:colcon.colcon_core.package_identification:_identify(turtlebot_ws/src/turtlebot3_msgs) by extensions ['python_setup_py']
[0.272s] Level 1:colcon.colcon_core.package_identification:_identify(turtlebot_ws/src/turtlebot3_msgs) by extension 'python_setup_py'
[0.272s] Level 1:colcon.colcon_core.package_identification:_identify(turtlebot_ws/src/turtlebot3_simulations) by extensions ['ignore', 'ignore_ament_install']
[0.272s] Level 1:colcon.colcon_core.package_identification:_identify(turtlebot_ws/src/turtlebot3_simulations) by extension 'ignore'
[0.272s] Level 1:colcon.colcon_core.package_identification:_identify(turtlebot_ws/src/turtlebot3_simulations) by extension 'ignore_ament_install'
[0.272s] Level 1:colcon.colcon_core.package_identification:_identify(turtlebot_ws/src/turtlebot3_simulations) by extensions ['colcon_pkg']
[0.272s] Level 1:colcon.colcon_core.package_identification:_identify(turtlebot_ws/src/turtlebot3_simulations) by extension 'colcon_pkg'
[0.272s] Level 1:colcon.colcon_core.package_identification:_identify(turtlebot_ws/src/turtlebot3_simulations) by extensions ['colcon_meta']
[0.272s] Level 1:colcon.colcon_core.package_identification:_identify(turtlebot_ws/src/turtlebot3_simulations) by extension 'colcon_meta'
[0.272s] Level 1:colcon.colcon_core.package_identification:_identify(turtlebot_ws/src/turtlebot3_simulations) by extensions ['ros']
[0.272s] Level 1:colcon.colcon_core.package_identification:_identify(turtlebot_ws/src/turtlebot3_simulations) by extension 'ros'
[0.272s] Level 1:colcon.colcon_core.package_identification:_identify(turtlebot_ws/src/turtlebot3_simulations) by extensions ['cmake', 'python']
[0.272s] Level 1:colcon.colcon_core.package_identification:_identify(turtlebot_ws/src/turtlebot3_simulations) by extension 'cmake'
[0.272s] Level 1:colcon.colcon_core.package_identification:_identify(turtlebot_ws/src/turtlebot3_simulations) by extension 'python'
[0.272s] Level 1:colcon.colcon_core.package_identification:_identify(turtlebot_ws/src/turtlebot3_simulations) by extensions ['python_setup_py']
[0.273s] Level 1:colcon.colcon_core.package_identification:_identify(turtlebot_ws/src/turtlebot3_simulations) by extension 'python_setup_py'
[0.273s] Level 1:colcon.colcon_core.package_discovery:discover_packages(recursive) using defaults
[0.273s] Level 1:colcon.colcon_core.package_discovery:discover_packages(ignore) discover
[0.273s] Level 1:colcon.colcon_core.package_discovery:discover_packages(ignore) using defaults
[0.273s] Level 1:colcon.colcon_core.package_discovery:discover_packages(path) discover
[0.273s] Level 1:colcon.colcon_core.package_discovery:discover_packages(path) using defaults
[0.301s] Level 1:colcon.colcon_core.package_discovery:discover_packages(prefix_path) check parameters
[0.301s] Level 1:colcon.colcon_core.package_discovery:discover_packages(prefix_path) discover
[0.310s] DEBUG:colcon.colcon_installed_package_information.package_discovery:Found 293 installed packages in /opt/ros/humble
[0.312s] Level 1:colcon.colcon_core.package_discovery:discover_packages(prefix_path) using defaults
[0.344s] Level 5:colcon.colcon_core.verb:set package 'turtlebot3_cartographer' build argument 'cmake_args' from command line to 'None'
[0.344s] Level 5:colcon.colcon_core.verb:set package 'turtlebot3_cartographer' build argument 'cmake_target' from command line to 'None'
[0.344s] Level 5:colcon.colcon_core.verb:set package 'turtlebot3_cartographer' build argument 'cmake_target_skip_unavailable' from command line to 'False'
[0.344s] Level 5:colcon.colcon_core.verb:set package 'turtlebot3_cartographer' build argument 'cmake_clean_cache' from command line to 'False'
[0.344s] Level 5:colcon.colcon_core.verb:set package 'turtlebot3_cartographer' build argument 'cmake_clean_first' from command line to 'False'
[0.344s] Level 5:colcon.colcon_core.verb:set package 'turtlebot3_cartographer' build argument 'cmake_force_configure' from command line to 'False'
[0.344s] Level 5:colcon.colcon_core.verb:set package 'turtlebot3_cartographer' build argument 'ament_cmake_args' from command line to 'None'
[0.344s] Level 5:colcon.colcon_core.verb:set package 'turtlebot3_cartographer' build argument 'catkin_cmake_args' from command line to 'None'
[0.344s] Level 5:colcon.colcon_core.verb:set package 'turtlebot3_cartographer' build argument 'catkin_skip_building_tests' from command line to 'False'
[0.344s] DEBUG:colcon.colcon_core.verb:Building package 'turtlebot3_cartographer' with the following arguments: {'ament_cmake_args': None, 'build_base': '/home/gixstudent/Desktop/Final lab/robotics_navigation/build/turtlebot3_cartographer', 'catkin_cmake_args': None, 'catkin_skip_building_tests': False, 'cmake_args': None, 'cmake_clean_cache': False, 'cmake_clean_first': False, 'cmake_force_configure': False, 'cmake_target': None, 'cmake_target_skip_unavailable': False, 'install_base': '/home/gixstudent/Desktop/Final lab/robotics_navigation/install/turtlebot3_cartographer', 'merge_install': False, 'path': '/home/gixstudent/Desktop/Final lab/robotics_navigation/src/turtlebot3/turtlebot3_cartographer', 'symlink_install': False, 'test_result_base': None}
[0.345s] Level 5:colcon.colcon_core.verb:set package 'turtlebot3_description' build argument 'cmake_args' from command line to 'None'
[0.345s] Level 5:colcon.colcon_core.verb:set package 'turtlebot3_description' build argument 'cmake_target' from command line to 'None'
[0.345s] Level 5:colcon.colcon_core.verb:set package 'turtlebot3_description' build argument 'cmake_target_skip_unavailable' from command line to 'False'
[0.345s] Level 5:colcon.colcon_core.verb:set package 'turtlebot3_description' build argument 'cmake_clean_cache' from command line to 'False'
[0.345s] Level 5:colcon.colcon_core.verb:set package 'turtlebot3_description' build argument 'cmake_clean_first' from command line to 'False'
[0.345s] Level 5:colcon.colcon_core.verb:set package 'turtlebot3_description' build argument 'cmake_force_configure' from command line to 'False'
[0.345s] Level 5:colcon.colcon_core.verb:set package 'turtlebot3_description' build argument 'ament_cmake_args' from command line to 'None'
[0.345s] Level 5:colcon.colcon_core.verb:set package 'turtlebot3_description' build argument 'catkin_cmake_args' from command line to 'None'
[0.345s] Level 5:colcon.colcon_core.verb:set package 'turtlebot3_description' build argument 'catkin_skip_building_tests' from command line to 'False'
[0.345s] DEBUG:colcon.colcon_core.verb:Building package 'turtlebot3_description' with the following arguments: {'ament_cmake_args': None, 'build_base': '/home/gixstudent/Desktop/Final lab/robotics_navigation/build/turtlebot3_description', 'catkin_cmake_args': None, 'catkin_skip_building_tests': False, 'cmake_args': None, 'cmake_clean_cache': False, 'cmake_clean_first': False, 'cmake_force_configure': False, 'cmake_target': None, 'cmake_target_skip_unavailable': False, 'install_base': '/home/gixstudent/Desktop/Final lab/robotics_navigation/install/turtlebot3_description', 'merge_install': False, 'path': '/home/gixstudent/Desktop/Final lab/robotics_navigation/src/turtlebot3/turtlebot3_description', 'symlink_install': False, 'test_result_base': None}
[0.345s] Level 5:colcon.colcon_core.verb:set package 'turtlebot3_gazebo' build argument 'cmake_args' from command line to 'None'
[0.345s] Level 5:colcon.colcon_core.verb:set package 'turtlebot3_gazebo' build argument 'cmake_target' from command line to 'None'
[0.345s] Level 5:colcon.colcon_core.verb:set package 'turtlebot3_gazebo' build argument 'cmake_target_skip_unavailable' from command line to 'False'
[0.345s] Level 5:colcon.colcon_core.verb:set package 'turtlebot3_gazebo' build argument 'cmake_clean_cache' from command line to 'False'
[0.345s] Level 5:colcon.colcon_core.verb:set package 'turtlebot3_gazebo' build argument 'cmake_clean_first' from command line to 'False'
[0.345s] Level 5:colcon.colcon_core.verb:set package 'turtlebot3_gazebo' build argument 'cmake_force_configure' from command line to 'False'
[0.345s] Level 5:colcon.colcon_core.verb:set package 'turtlebot3_gazebo' build argument 'ament_cmake_args' from command line to 'None'
[0.345s] Level 5:colcon.colcon_core.verb:set package 'turtlebot3_gazebo' build argument 'catkin_cmake_args' from command line to 'None'
[0.345s] Level 5:colcon.colcon_core.verb:set package 'turtlebot3_gazebo' build argument 'catkin_skip_building_tests' from command line to 'False'
[0.345s] DEBUG:colcon.colcon_core.verb:Building package 'turtlebot3_gazebo' with the following arguments: {'ament_cmake_args': None, 'build_base': '/home/gixstudent/Desktop/Final lab/robotics_navigation/build/turtlebot3_gazebo', 'catkin_cmake_args': None, 'catkin_skip_building_tests': False, 'cmake_args': None, 'cmake_clean_cache': False, 'cmake_clean_first': False, 'cmake_force_configure': False, 'cmake_target': None, 'cmake_target_skip_unavailable': False, 'install_base': '/home/gixstudent/Desktop/Final lab/robotics_navigation/install/turtlebot3_gazebo', 'merge_install': False, 'path': '/home/gixstudent/Desktop/Final lab/robotics_navigation/src/turtlebot3_simulations/turtlebot3_gazebo', 'symlink_install': False, 'test_result_base': None}
[0.346s] Level 5:colcon.colcon_core.verb:set package 'turtlebot3_msgs' build argument 'cmake_args' from command line to 'None'
[0.346s] Level 5:colcon.colcon_core.verb:set package 'turtlebot3_msgs' build argument 'cmake_target' from command line to 'None'
[0.346s] Level 5:colcon.colcon_core.verb:set package 'turtlebot3_msgs' build argument 'cmake_target_skip_unavailable' from command line to 'False'
[0.346s] Level 5:colcon.colcon_core.verb:set package 'turtlebot3_msgs' build argument 'cmake_clean_cache' from command line to 'False'
[0.346s] Level 5:colcon.colcon_core.verb:set package 'turtlebot3_msgs' build argument 'cmake_clean_first' from command line to 'False'
[0.346s] Level 5:colcon.colcon_core.verb:set package 'turtlebot3_msgs' build argument 'cmake_force_configure' from command line to 'False'
[0.346s] Level 5:colcon.colcon_core.verb:set package 'turtlebot3_msgs' build argument 'ament_cmake_args' from command line to 'None'
[0.346s] Level 5:colcon.colcon_core.verb:set package 'turtlebot3_msgs' build argument 'catkin_cmake_args' from command line to 'None'
[0.346s] Level 5:colcon.colcon_core.verb:set package 'turtlebot3_msgs' build argument 'catkin_skip_building_tests' from command line to 'False'
[0.346s] DEBUG:colcon.colcon_core.verb:Building package 'turtlebot3_msgs' with the following arguments: {'ament_cmake_args': None, 'build_base': '/home/gixstudent/Desktop/Final lab/robotics_navigation/build/turtlebot3_msgs', 'catkin_cmake_args': None, 'catkin_skip_building_tests': False, 'cmake_args': None, 'cmake_clean_cache': False, 'cmake_clean_first': False, 'cmake_force_configure': False, 'cmake_target': None, 'cmake_target_skip_unavailable': False, 'install_base': '/home/gixstudent/Desktop/Final lab/robotics_navigation/install/turtlebot3_msgs', 'merge_install': False, 'path': '/home/gixstudent/Desktop/Final lab/robotics_navigation/src/turtlebot3_msgs', 'symlink_install': False, 'test_result_base': None}
[0.346s] Level 5:colcon.colcon_core.verb:set package 'turtlebot3_navigation2' build argument 'cmake_args' from command line to 'None'
[0.346s] Level 5:colcon.colcon_core.verb:set package 'turtlebot3_navigation2' build argument 'cmake_target' from command line to 'None'
[0.346s] Level 5:colcon.colcon_core.verb:set package 'turtlebot3_navigation2' build argument 'cmake_target_skip_unavailable' from command line to 'False'
[0.346s] Level 5:colcon.colcon_core.verb:set package 'turtlebot3_navigation2' build argument 'cmake_clean_cache' from command line to 'False'
[0.346s] Level 5:colcon.colcon_core.verb:set package 'turtlebot3_navigation2' build argument 'cmake_clean_first' from command line to 'False'
[0.346s] Level 5:colcon.colcon_core.verb:set package 'turtlebot3_navigation2' build argument 'cmake_force_configure' from command line to 'False'
[0.346s] Level 5:colcon.colcon_core.verb:set package 'turtlebot3_navigation2' build argument 'ament_cmake_args' from command line to 'None'
[0.346s] Level 5:colcon.colcon_core.verb:set package 'turtlebot3_navigation2' build argument 'catkin_cmake_args' from command line to 'None'
[0.346s] Level 5:colcon.colcon_core.verb:set package 'turtlebot3_navigation2' build argument 'catkin_skip_building_tests' from command line to 'False'
[0.346s] DEBUG:colcon.colcon_core.verb:Building package 'turtlebot3_navigation2' with the following arguments: {'ament_cmake_args': None, 'build_base': '/home/gixstudent/Desktop/Final lab/robotics_navigation/build/turtlebot3_navigation2', 'catkin_cmake_args': None, 'catkin_skip_building_tests': False, 'cmake_args': None, 'cmake_clean_cache': False, 'cmake_clean_first': False, 'cmake_force_configure': False, 'cmake_target': None, 'cmake_target_skip_unavailable': False, 'install_base': '/home/gixstudent/Desktop/Final lab/robotics_navigation/install/turtlebot3_navigation2', 'merge_install': False, 'path': '/home/gixstudent/Desktop/Final lab/robotics_navigation/src/turtlebot3/turtlebot3_navigation2', 'symlink_install': False, 'test_result_base': None}
[0.347s] Level 5:colcon.colcon_core.verb:set package 'turtlebot3_teleop' build argument 'cmake_args' from command line to 'None'
[0.347s] Level 5:colcon.colcon_core.verb:set package 'turtlebot3_teleop' build argument 'cmake_target' from command line to 'None'
[0.347s] Level 5:colcon.colcon_core.verb:set package 'turtlebot3_teleop' build argument 'cmake_target_skip_unavailable' from command line to 'False'
[0.347s] Level 5:colcon.colcon_core.verb:set package 'turtlebot3_teleop' build argument 'cmake_clean_cache' from command line to 'False'
[0.347s] Level 5:colcon.colcon_core.verb:set package 'turtlebot3_teleop' build argument 'cmake_clean_first' from command line to 'False'
[0.347s] Level 5:colcon.colcon_core.verb:set package 'turtlebot3_teleop' build argument 'cmake_force_configure' from command line to 'False'
[0.347s] Level 5:colcon.colcon_core.verb:set package 'turtlebot3_teleop' build argument 'ament_cmake_args' from command line to 'None'
[0.347s] Level 5:colcon.colcon_core.verb:set package 'turtlebot3_teleop' build argument 'catkin_cmake_args' from command line to 'None'
[0.347s] Level 5:colcon.colcon_core.verb:set package 'turtlebot3_teleop' build argument 'catkin_skip_building_tests' from command line to 'False'
[0.347s] DEBUG:colcon.colcon_core.verb:Building package 'turtlebot3_teleop' with the following arguments: {'ament_cmake_args': None, 'build_base': '/home/gixstudent/Desktop/Final lab/robotics_navigation/build/turtlebot3_teleop', 'catkin_cmake_args': None, 'catkin_skip_building_tests': False, 'cmake_args': None, 'cmake_clean_cache': False, 'cmake_clean_first': False, 'cmake_force_configure': False, 'cmake_target': None, 'cmake_target_skip_unavailable': False, 'install_base': '/home/gixstudent/Desktop/Final lab/robotics_navigation/install/turtlebot3_teleop', 'merge_install': False, 'path': '/home/gixstudent/Desktop/Final lab/robotics_navigation/src/turtlebot3/turtlebot3_teleop', 'symlink_install': False, 'test_result_base': None}
[0.347s] Level 5:colcon.colcon_core.verb:set package 'turtlebot3_example' build argument 'cmake_args' from command line to 'None'
[0.347s] Level 5:colcon.colcon_core.verb:set package 'turtlebot3_example' build argument 'cmake_target' from command line to 'None'
[0.347s] Level 5:colcon.colcon_core.verb:set package 'turtlebot3_example' build argument 'cmake_target_skip_unavailable' from command line to 'False'
[0.347s] Level 5:colcon.colcon_core.verb:set package 'turtlebot3_example' build argument 'cmake_clean_cache' from command line to 'False'
[0.347s] Level 5:colcon.colcon_core.verb:set package 'turtlebot3_example' build argument 'cmake_clean_first' from command line to 'False'
[0.347s] Level 5:colcon.colcon_core.verb:set package 'turtlebot3_example' build argument 'cmake_force_configure' from command line to 'False'
[0.347s] Level 5:colcon.colcon_core.verb:set package 'turtlebot3_example' build argument 'ament_cmake_args' from command line to 'None'
[0.347s] Level 5:colcon.colcon_core.verb:set package 'turtlebot3_example' build argument 'catkin_cmake_args' from command line to 'None'
[0.347s] Level 5:colcon.colcon_core.verb:set package 'turtlebot3_example' build argument 'catkin_skip_building_tests' from command line to 'False'
[0.347s] DEBUG:colcon.colcon_core.verb:Building package 'turtlebot3_example' with the following arguments: {'ament_cmake_args': None, 'build_base': '/home/gixstudent/Desktop/Final lab/robotics_navigation/build/turtlebot3_example', 'catkin_cmake_args': None, 'catkin_skip_building_tests': False, 'cmake_args': None, 'cmake_clean_cache': False, 'cmake_clean_first': False, 'cmake_force_configure': False, 'cmake_target': None, 'cmake_target_skip_unavailable': False, 'install_base': '/home/gixstudent/Desktop/Final lab/robotics_navigation/install/turtlebot3_example', 'merge_install': False, 'path': '/home/gixstudent/Desktop/Final lab/robotics_navigation/src/turtlebot3/turtlebot3_example', 'symlink_install': False, 'test_result_base': None}
[0.348s] Level 5:colcon.colcon_core.verb:set package 'turtlebot3_fake_node' build argument 'cmake_args' from command line to 'None'
[0.348s] Level 5:colcon.colcon_core.verb:set package 'turtlebot3_fake_node' build argument 'cmake_target' from command line to 'None'
[0.348s] Level 5:colcon.colcon_core.verb:set package 'turtlebot3_fake_node' build argument 'cmake_target_skip_unavailable' from command line to 'False'
[0.348s] Level 5:colcon.colcon_core.verb:set package 'turtlebot3_fake_node' build argument 'cmake_clean_cache' from command line to 'False'
[0.348s] Level 5:colcon.colcon_core.verb:set package 'turtlebot3_fake_node' build argument 'cmake_clean_first' from command line to 'False'
[0.348s] Level 5:colcon.colcon_core.verb:set package 'turtlebot3_fake_node' build argument 'cmake_force_configure' from command line to 'False'
[0.348s] Level 5:colcon.colcon_core.verb:set package 'turtlebot3_fake_node' build argument 'ament_cmake_args' from command line to 'None'
[0.348s] Level 5:colcon.colcon_core.verb:set package 'turtlebot3_fake_node' build argument 'catkin_cmake_args' from command line to 'None'
[0.348s] Level 5:colcon.colcon_core.verb:set package 'turtlebot3_fake_node' build argument 'catkin_skip_building_tests' from command line to 'False'
[0.348s] DEBUG:colcon.colcon_core.verb:Building package 'turtlebot3_fake_node' with the following arguments: {'ament_cmake_args': None, 'build_base': '/home/gixstudent/Desktop/Final lab/robotics_navigation/build/turtlebot3_fake_node', 'catkin_cmake_args': None, 'catkin_skip_building_tests': False, 'cmake_args': None, 'cmake_clean_cache': False, 'cmake_clean_first': False, 'cmake_force_configure': False, 'cmake_target': None, 'cmake_target_skip_unavailable': False, 'install_base': '/home/gixstudent/Desktop/Final lab/robotics_navigation/install/turtlebot3_fake_node', 'merge_install': False, 'path': '/home/gixstudent/Desktop/Final lab/robotics_navigation/src/turtlebot3_simulations/turtlebot3_fake_node', 'symlink_install': False, 'test_result_base': None}
[0.348s] Level 5:colcon.colcon_core.verb:set package 'turtlebot3_node' build argument 'cmake_args' from command line to 'None'
[0.348s] Level 5:colcon.colcon_core.verb:set package 'turtlebot3_node' build argument 'cmake_target' from command line to 'None'
[0.348s] Level 5:colcon.colcon_core.verb:set package 'turtlebot3_node' build argument 'cmake_target_skip_unavailable' from command line to 'False'
[0.348s] Level 5:colcon.colcon_core.verb:set package 'turtlebot3_node' build argument 'cmake_clean_cache' from command line to 'False'
[0.348s] Level 5:colcon.colcon_core.verb:set package 'turtlebot3_node' build argument 'cmake_clean_first' from command line to 'False'
[0.348s] Level 5:colcon.colcon_core.verb:set package 'turtlebot3_node' build argument 'cmake_force_configure' from command line to 'False'
[0.348s] Level 5:colcon.colcon_core.verb:set package 'turtlebot3_node' build argument 'ament_cmake_args' from command line to 'None'
[0.348s] Level 5:colcon.colcon_core.verb:set package 'turtlebot3_node' build argument 'catkin_cmake_args' from command line to 'None'
[0.348s] Level 5:colcon.colcon_core.verb:set package 'turtlebot3_node' build argument 'catkin_skip_building_tests' from command line to 'False'
[0.348s] DEBUG:colcon.colcon_core.verb:Building package 'turtlebot3_node' with the following arguments: {'ament_cmake_args': None, 'build_base': '/home/gixstudent/Desktop/Final lab/robotics_navigation/build/turtlebot3_node', 'catkin_cmake_args': None, 'catkin_skip_building_tests': False, 'cmake_args': None, 'cmake_clean_cache': False, 'cmake_clean_first': False, 'cmake_force_configure': False, 'cmake_target': None, 'cmake_target_skip_unavailable': False, 'install_base': '/home/gixstudent/Desktop/Final lab/robotics_navigation/install/turtlebot3_node', 'merge_install': False, 'path': '/home/gixstudent/Desktop/Final lab/robotics_navigation/src/turtlebot3/turtlebot3_node', 'symlink_install': False, 'test_result_base': None}
[0.349s] Level 5:colcon.colcon_core.verb:set package 'turtlebot3_bringup' build argument 'cmake_args' from command line to 'None'
[0.349s] Level 5:colcon.colcon_core.verb:set package 'turtlebot3_bringup' build argument 'cmake_target' from command line to 'None'
[0.349s] Level 5:colcon.colcon_core.verb:set package 'turtlebot3_bringup' build argument 'cmake_target_skip_unavailable' from command line to 'False'
[0.349s] Level 5:colcon.colcon_core.verb:set package 'turtlebot3_bringup' build argument 'cmake_clean_cache' from command line to 'False'
[0.349s] Level 5:colcon.colcon_core.verb:set package 'turtlebot3_bringup' build argument 'cmake_clean_first' from command line to 'False'
[0.349s] Level 5:colcon.colcon_core.verb:set package 'turtlebot3_bringup' build argument 'cmake_force_configure' from command line to 'False'
[0.349s] Level 5:colcon.colcon_core.verb:set package 'turtlebot3_bringup' build argument 'ament_cmake_args' from command line to 'None'
[0.349s] Level 5:colcon.colcon_core.verb:set package 'turtlebot3_bringup' build argument 'catkin_cmake_args' from command line to 'None'
[0.349s] Level 5:colcon.colcon_core.verb:set package 'turtlebot3_bringup' build argument 'catkin_skip_building_tests' from command line to 'False'
[0.349s] DEBUG:colcon.colcon_core.verb:Building package 'turtlebot3_bringup' with the following arguments: {'ament_cmake_args': None, 'build_base': '/home/gixstudent/Desktop/Final lab/robotics_navigation/build/turtlebot3_bringup', 'catkin_cmake_args': None, 'catkin_skip_building_tests': False, 'cmake_args': None, 'cmake_clean_cache': False, 'cmake_clean_first': False, 'cmake_force_configure': False, 'cmake_target': None, 'cmake_target_skip_unavailable': False, 'install_base': '/home/gixstudent/Desktop/Final lab/robotics_navigation/install/turtlebot3_bringup', 'merge_install': False, 'path': '/home/gixstudent/Desktop/Final lab/robotics_navigation/src/turtlebot3/turtlebot3_bringup', 'symlink_install': False, 'test_result_base': None}
[0.349s] Level 5:colcon.colcon_core.verb:set package 'turtlebot3_simulations' build argument 'cmake_args' from command line to 'None'
[0.349s] Level 5:colcon.colcon_core.verb:set package 'turtlebot3_simulations' build argument 'cmake_target' from command line to 'None'
[0.349s] Level 5:colcon.colcon_core.verb:set package 'turtlebot3_simulations' build argument 'cmake_target_skip_unavailable' from command line to 'False'
[0.349s] Level 5:colcon.colcon_core.verb:set package 'turtlebot3_simulations' build argument 'cmake_clean_cache' from command line to 'False'
[0.349s] Level 5:colcon.colcon_core.verb:set package 'turtlebot3_simulations' build argument 'cmake_clean_first' from command line to 'False'
[0.349s] Level 5:colcon.colcon_core.verb:set package 'turtlebot3_simulations' build argument 'cmake_force_configure' from command line to 'False'
[0.349s] Level 5:colcon.colcon_core.verb:set package 'turtlebot3_simulations' build argument 'ament_cmake_args' from command line to 'None'
[0.349s] Level 5:colcon.colcon_core.verb:set package 'turtlebot3_simulations' build argument 'catkin_cmake_args' from command line to 'None'
[0.349s] Level 5:colcon.colcon_core.verb:set package 'turtlebot3_simulations' build argument 'catkin_skip_building_tests' from command line to 'False'
[0.349s] DEBUG:colcon.colcon_core.verb:Building package 'turtlebot3_simulations' with the following arguments: {'ament_cmake_args': None, 'build_base': '/home/gixstudent/Desktop/Final lab/robotics_navigation/build/turtlebot3_simulations', 'catkin_cmake_args': None, 'catkin_skip_building_tests': False, 'cmake_args': None, 'cmake_clean_cache': False, 'cmake_clean_first': False, 'cmake_force_configure': False, 'cmake_target': None, 'cmake_target_skip_unavailable': False, 'install_base': '/home/gixstudent/Desktop/Final lab/robotics_navigation/install/turtlebot3_simulations', 'merge_install': False, 'path': '/home/gixstudent/Desktop/Final lab/robotics_navigation/src/turtlebot3_simulations/turtlebot3_simulations', 'symlink_install': False, 'test_result_base': None}
[0.349s] Level 5:colcon.colcon_core.verb:set package 'turtlebot3' build argument 'cmake_args' from command line to 'None'
[0.350s] Level 5:colcon.colcon_core.verb:set package 'turtlebot3' build argument 'cmake_target' from command line to 'None'
[0.350s] Level 5:colcon.colcon_core.verb:set package 'turtlebot3' build argument 'cmake_target_skip_unavailable' from command line to 'False'
[0.350s] Level 5:colcon.colcon_core.verb:set package 'turtlebot3' build argument 'cmake_clean_cache' from command line to 'False'
[0.350s] Level 5:colcon.colcon_core.verb:set package 'turtlebot3' build argument 'cmake_clean_first' from command line to 'False'
[0.350s] Level 5:colcon.colcon_core.verb:set package 'turtlebot3' build argument 'cmake_force_configure' from command line to 'False'
[0.350s] Level 5:colcon.colcon_core.verb:set package 'turtlebot3' build argument 'ament_cmake_args' from command line to 'None'
[0.350s] Level 5:colcon.colcon_core.verb:set package 'turtlebot3' build argument 'catkin_cmake_args' from command line to 'None'
[0.350s] Level 5:colcon.colcon_core.verb:set package 'turtlebot3' build argument 'catkin_skip_building_tests' from command line to 'False'
[0.350s] DEBUG:colcon.colcon_core.verb:Building package 'turtlebot3' with the following arguments: {'ament_cmake_args': None, 'build_base': '/home/gixstudent/Desktop/Final lab/robotics_navigation/build/turtlebot3', 'catkin_cmake_args': None, 'catkin_skip_building_tests': False, 'cmake_args': None, 'cmake_clean_cache': False, 'cmake_clean_first': False, 'cmake_force_configure': False, 'cmake_target': None, 'cmake_target_skip_unavailable': False, 'install_base': '/home/gixstudent/Desktop/Final lab/robotics_navigation/install/turtlebot3', 'merge_install': False, 'path': '/home/gixstudent/Desktop/Final lab/robotics_navigation/src/turtlebot3/turtlebot3', 'symlink_install': False, 'test_result_base': None}
[0.350s] INFO:colcon.colcon_core.executor:Executing jobs using 'parallel' executor
[0.351s] DEBUG:colcon.colcon_parallel_executor.executor.parallel:run_until_complete
[0.351s] INFO:colcon.colcon_ros.task.ament_cmake.build:Building ROS package in '/home/gixstudent/Desktop/Final lab/robotics_navigation/src/turtlebot3_msgs' with build type 'ament_cmake'
[0.351s] INFO:colcon.colcon_cmake.task.cmake.build:Building CMake package in '/home/gixstudent/Desktop/Final lab/robotics_navigation/src/turtlebot3_msgs'
[0.353s] INFO:colcon.colcon_core.plugin_system:Skipping extension 'colcon_core.shell.bat': Not used on non-Windows systems
[0.353s] INFO:colcon.colcon_core.shell:Skip shell extension 'powershell' for command environment: Not usable outside of PowerShell
[0.353s] DEBUG:colcon.colcon_core.shell:Skip shell extension 'dsv' for command environment
[0.355s] INFO:colcon.colcon_ros.task.ament_cmake.build:Building ROS package in '/home/gixstudent/Desktop/Final lab/robotics_navigation/src/turtlebot3/turtlebot3_description' with build type 'ament_cmake'
[0.355s] INFO:colcon.colcon_cmake.task.cmake.build:Building CMake package in '/home/gixstudent/Desktop/Final lab/robotics_navigation/src/turtlebot3/turtlebot3_description'
[0.356s] INFO:colcon.colcon_core.shell:Skip shell extension 'powershell' for command environment: Not usable outside of PowerShell
[0.356s] DEBUG:colcon.colcon_core.shell:Skip shell extension 'dsv' for command environment
[0.358s] INFO:colcon.colcon_ros.task.ament_cmake.build:Building ROS package in '/home/gixstudent/Desktop/Final lab/robotics_navigation/src/turtlebot3/turtlebot3_cartographer' with build type 'ament_cmake'
[0.358s] INFO:colcon.colcon_cmake.task.cmake.build:Building CMake package in '/home/gixstudent/Desktop/Final lab/robotics_navigation/src/turtlebot3/turtlebot3_cartographer'
[0.358s] INFO:colcon.colcon_core.shell:Skip shell extension 'powershell' for command environment: Not usable outside of PowerShell
[0.358s] DEBUG:colcon.colcon_core.shell:Skip shell extension 'dsv' for command environment
[0.360s] INFO:colcon.colcon_ros.task.ament_cmake.build:Building ROS package in '/home/gixstudent/Desktop/Final lab/robotics_navigation/src/turtlebot3_simulations/turtlebot3_gazebo' with build type 'ament_cmake'
[0.360s] INFO:colcon.colcon_cmake.task.cmake.build:Building CMake package in '/home/gixstudent/Desktop/Final lab/robotics_navigation/src/turtlebot3_simulations/turtlebot3_gazebo'
[0.361s] INFO:colcon.colcon_core.shell:Skip shell extension 'powershell' for command environment: Not usable outside of PowerShell
[0.361s] DEBUG:colcon.colcon_core.shell:Skip shell extension 'dsv' for command environment
[0.363s] INFO:colcon.colcon_ros.task.ament_cmake.build:Building ROS package in '/home/gixstudent/Desktop/Final lab/robotics_navigation/src/turtlebot3/turtlebot3_navigation2' with build type 'ament_cmake'
[0.363s] INFO:colcon.colcon_cmake.task.cmake.build:Building CMake package in '/home/gixstudent/Desktop/Final lab/robotics_navigation/src/turtlebot3/turtlebot3_navigation2'
[0.363s] INFO:colcon.colcon_core.shell:Skip shell extension 'powershell' for command environment: Not usable outside of PowerShell
[0.363s] DEBUG:colcon.colcon_core.shell:Skip shell extension 'dsv' for command environment
[0.366s] INFO:colcon.colcon_ros.task.ament_python.build:Building ROS package in '/home/gixstudent/Desktop/Final lab/robotics_navigation/src/turtlebot3/turtlebot3_teleop' with build type 'ament_python'
[0.366s] Level 1:colcon.colcon_core.shell:create_environment_hook('turtlebot3_teleop', 'ament_prefix_path')
[0.366s] INFO:colcon.colcon_core.shell:Creating environment hook '/home/gixstudent/Desktop/Final lab/robotics_navigation/install/turtlebot3_teleop/share/turtlebot3_teleop/hook/ament_prefix_path.ps1'
[0.367s] INFO:colcon.colcon_core.shell:Creating environment descriptor '/home/gixstudent/Desktop/Final lab/robotics_navigation/install/turtlebot3_teleop/share/turtlebot3_teleop/hook/ament_prefix_path.dsv'
[0.367s] INFO:colcon.colcon_core.shell:Creating environment hook '/home/gixstudent/Desktop/Final lab/robotics_navigation/install/turtlebot3_teleop/share/turtlebot3_teleop/hook/ament_prefix_path.sh'
[0.368s] INFO:colcon.colcon_core.shell:Skip shell extension 'powershell' for command environment: Not usable outside of PowerShell
[0.368s] DEBUG:colcon.colcon_core.shell:Skip shell extension 'dsv' for command environment
[0.373s] DEBUG:colcon.colcon_core.event_handler.log_command:Invoking command in '/home/gixstudent/Desktop/Final lab/robotics_navigation/build/turtlebot3_msgs': CMAKE_PREFIX_PATH=/opt/ros/humble /usr/bin/cmake /home/gixstudent/Desktop/Final lab/robotics_navigation/src/turtlebot3_msgs -DCMAKE_INSTALL_PREFIX=/home/gixstudent/Desktop/Final lab/robotics_navigation/install/turtlebot3_msgs
[0.376s] DEBUG:colcon.colcon_core.event_handler.log_command:Invoking command in '/home/gixstudent/Desktop/Final lab/robotics_navigation/build/turtlebot3_description': CMAKE_PREFIX_PATH=/opt/ros/humble /usr/bin/cmake /home/gixstudent/Desktop/Final lab/robotics_navigation/src/turtlebot3/turtlebot3_description -DCMAKE_INSTALL_PREFIX=/home/gixstudent/Desktop/Final lab/robotics_navigation/install/turtlebot3_description
[0.378s] DEBUG:colcon.colcon_core.event_handler.log_command:Invoking command in '/home/gixstudent/Desktop/Final lab/robotics_navigation/build/turtlebot3_cartographer': CMAKE_PREFIX_PATH=/opt/ros/humble /usr/bin/cmake /home/gixstudent/Desktop/Final lab/robotics_navigation/src/turtlebot3/turtlebot3_cartographer -DCMAKE_INSTALL_PREFIX=/home/gixstudent/Desktop/Final lab/robotics_navigation/install/turtlebot3_cartographer
[0.382s] DEBUG:colcon.colcon_core.event_handler.log_command:Invoking command in '/home/gixstudent/Desktop/Final lab/robotics_navigation/build/turtlebot3_gazebo': CMAKE_PREFIX_PATH=/opt/ros/humble /usr/bin/cmake /home/gixstudent/Desktop/Final lab/robotics_navigation/src/turtlebot3_simulations/turtlebot3_gazebo -DCMAKE_INSTALL_PREFIX=/home/gixstudent/Desktop/Final lab/robotics_navigation/install/turtlebot3_gazebo
[0.387s] DEBUG:colcon.colcon_core.event_handler.log_command:Invoking command in '/home/gixstudent/Desktop/Final lab/robotics_navigation/build/turtlebot3_navigation2': CMAKE_PREFIX_PATH=/opt/ros/humble /usr/bin/cmake /home/gixstudent/Desktop/Final lab/robotics_navigation/src/turtlebot3/turtlebot3_navigation2 -DCMAKE_INSTALL_PREFIX=/home/gixstudent/Desktop/Final lab/robotics_navigation/install/turtlebot3_navigation2
[0.744s] INFO:colcon.colcon_core.task.python.build:Building Python package in '/home/gixstudent/Desktop/Final lab/robotics_navigation/src/turtlebot3/turtlebot3_teleop'
[0.744s] INFO:colcon.colcon_core.shell:Skip shell extension 'powershell' for command environment: Not usable outside of PowerShell
[0.744s] DEBUG:colcon.colcon_core.shell:Skip shell extension 'dsv' for command environment
[0.925s] DEBUG:colcon.colcon_core.event_handler.log_command:Invoked command in '/home/gixstudent/Desktop/Final lab/robotics_navigation/build/turtlebot3_navigation2' returned '0': CMAKE_PREFIX_PATH=/opt/ros/humble /usr/bin/cmake /home/gixstudent/Desktop/Final lab/robotics_navigation/src/turtlebot3/turtlebot3_navigation2 -DCMAKE_INSTALL_PREFIX=/home/gixstudent/Desktop/Final lab/robotics_navigation/install/turtlebot3_navigation2
[0.928s] DEBUG:colcon.colcon_core.event_handler.log_command:Invoking command in '/home/gixstudent/Desktop/Final lab/robotics_navigation/build/turtlebot3_navigation2': CMAKE_PREFIX_PATH=/opt/ros/humble /usr/bin/cmake --build /home/gixstudent/Desktop/Final lab/robotics_navigation/build/turtlebot3_navigation2 -- -j8 -l8
[0.942s] DEBUG:colcon.colcon_core.event_handler.log_command:Invoked command in '/home/gixstudent/Desktop/Final lab/robotics_navigation/build/turtlebot3_cartographer' returned '0': CMAKE_PREFIX_PATH=/opt/ros/humble /usr/bin/cmake /home/gixstudent/Desktop/Final lab/robotics_navigation/src/turtlebot3/turtlebot3_cartographer -DCMAKE_INSTALL_PREFIX=/home/gixstudent/Desktop/Final lab/robotics_navigation/install/turtlebot3_cartographer
[0.943s] DEBUG:colcon.colcon_core.event_handler.log_command:Invoking command in '/home/gixstudent/Desktop/Final lab/robotics_navigation/build/turtlebot3_cartographer': CMAKE_PREFIX_PATH=/opt/ros/humble /usr/bin/cmake --build /home/gixstudent/Desktop/Final lab/robotics_navigation/build/turtlebot3_cartographer -- -j8 -l8
[0.959s] DEBUG:colcon.colcon_core.event_handler.log_command:Invoked command in '/home/gixstudent/Desktop/Final lab/robotics_navigation/build/turtlebot3_description' returned '0': CMAKE_PREFIX_PATH=/opt/ros/humble /usr/bin/cmake /home/gixstudent/Desktop/Final lab/robotics_navigation/src/turtlebot3/turtlebot3_description -DCMAKE_INSTALL_PREFIX=/home/gixstudent/Desktop/Final lab/robotics_navigation/install/turtlebot3_description
[0.961s] DEBUG:colcon.colcon_core.event_handler.log_command:Invoking command in '/home/gixstudent/Desktop/Final lab/robotics_navigation/build/turtlebot3_description': CMAKE_PREFIX_PATH=/opt/ros/humble /usr/bin/cmake --build /home/gixstudent/Desktop/Final lab/robotics_navigation/build/turtlebot3_description -- -j8 -l8
[0.986s] DEBUG:colcon.colcon_core.event_handler.log_command:Invoked command in '/home/gixstudent/Desktop/Final lab/robotics_navigation/build/turtlebot3_navigation2' returned '0': CMAKE_PREFIX_PATH=/opt/ros/humble /usr/bin/cmake --build /home/gixstudent/Desktop/Final lab/robotics_navigation/build/turtlebot3_navigation2 -- -j8 -l8
[1.002s] DEBUG:colcon.colcon_core.event_handler.log_command:Invoking command in '/home/gixstudent/Desktop/Final lab/robotics_navigation/build/turtlebot3_navigation2': CMAKE_PREFIX_PATH=/opt/ros/humble /usr/bin/cmake --install /home/gixstudent/Desktop/Final lab/robotics_navigation/build/turtlebot3_navigation2
[1.006s] DEBUG:colcon.colcon_core.event_handler.log_command:Invoked command in '/home/gixstudent/Desktop/Final lab/robotics_navigation/build/turtlebot3_cartographer' returned '0': CMAKE_PREFIX_PATH=/opt/ros/humble /usr/bin/cmake --build /home/gixstudent/Desktop/Final lab/robotics_navigation/build/turtlebot3_cartographer -- -j8 -l8
[1.007s] DEBUG:colcon.colcon_core.event_handler.log_command:Invoking command in '/home/gixstudent/Desktop/Final lab/robotics_navigation/build/turtlebot3_cartographer': CMAKE_PREFIX_PATH=/opt/ros/humble /usr/bin/cmake --install /home/gixstudent/Desktop/Final lab/robotics_navigation/build/turtlebot3_cartographer
[1.025s] Level 1:colcon.colcon_core.environment:create_environment_scripts_only(turtlebot3_navigation2)
[1.026s] DEBUG:colcon.colcon_core.event_handler.log_command:Invoked command in '/home/gixstudent/Desktop/Final lab/robotics_navigation/build/turtlebot3_navigation2' returned '0': CMAKE_PREFIX_PATH=/opt/ros/humble /usr/bin/cmake --install /home/gixstudent/Desktop/Final lab/robotics_navigation/build/turtlebot3_navigation2
[1.029s] Level 1:colcon.colcon_core.environment:checking '/home/gixstudent/Desktop/Final lab/robotics_navigation/install/turtlebot3_navigation2' for CMake module files
[1.030s] Level 1:colcon.colcon_core.environment:checking '/home/gixstudent/Desktop/Final lab/robotics_navigation/install/turtlebot3_navigation2' for CMake config files
[1.031s] Level 1:colcon.colcon_core.shell:create_environment_hook('turtlebot3_navigation2', 'cmake_prefix_path')
[1.031s] INFO:colcon.colcon_core.shell:Creating environment hook '/home/gixstudent/Desktop/Final lab/robotics_navigation/install/turtlebot3_navigation2/share/turtlebot3_navigation2/hook/cmake_prefix_path.ps1'
[1.032s] INFO:colcon.colcon_core.shell:Creating environment descriptor '/home/gixstudent/Desktop/Final lab/robotics_navigation/install/turtlebot3_navigation2/share/turtlebot3_navigation2/hook/cmake_prefix_path.dsv'
[1.032s] INFO:colcon.colcon_core.shell:Creating environment hook '/home/gixstudent/Desktop/Final lab/robotics_navigation/install/turtlebot3_navigation2/share/turtlebot3_navigation2/hook/cmake_prefix_path.sh'
[1.033s] Level 1:colcon.colcon_core.environment:checking '/home/gixstudent/Desktop/Final lab/robotics_navigation/install/turtlebot3_navigation2/bin'
[1.033s] Level 1:colcon.colcon_core.environment:checking '/home/gixstudent/Desktop/Final lab/robotics_navigation/install/turtlebot3_navigation2/lib/pkgconfig/turtlebot3_navigation2.pc'
[1.034s] Level 1:colcon.colcon_core.environment:checking '/home/gixstudent/Desktop/Final lab/robotics_navigation/install/turtlebot3_navigation2/lib/python3.10/site-packages'
[1.034s] Level 1:colcon.colcon_core.environment:checking '/home/gixstudent/Desktop/Final lab/robotics_navigation/install/turtlebot3_navigation2/bin'
[1.035s] INFO:colcon.colcon_core.shell:Creating package script '/home/gixstudent/Desktop/Final lab/robotics_navigation/install/turtlebot3_navigation2/share/turtlebot3_navigation2/package.ps1'
[1.036s] INFO:colcon.colcon_core.shell:Creating package descriptor '/home/gixstudent/Desktop/Final lab/robotics_navigation/install/turtlebot3_navigation2/share/turtlebot3_navigation2/package.dsv'
[1.048s] INFO:colcon.colcon_core.shell:Creating package script '/home/gixstudent/Desktop/Final lab/robotics_navigation/install/turtlebot3_navigation2/share/turtlebot3_navigation2/package.sh'
[1.049s] INFO:colcon.colcon_core.shell:Creating package script '/home/gixstudent/Desktop/Final lab/robotics_navigation/install/turtlebot3_navigation2/share/turtlebot3_navigation2/package.bash'
[1.051s] INFO:colcon.colcon_core.shell:Creating package script '/home/gixstudent/Desktop/Final lab/robotics_navigation/install/turtlebot3_navigation2/share/turtlebot3_navigation2/package.zsh'
[1.052s] Level 1:colcon.colcon_core.environment:create_file_with_runtime_dependencies(/home/gixstudent/Desktop/Final lab/robotics_navigation/install/turtlebot3_navigation2/share/colcon-core/packages/turtlebot3_navigation2)
[1.053s] Level 1:colcon.colcon_core.environment:create_environment_scripts_only(turtlebot3_navigation2)
[1.053s] Level 1:colcon.colcon_core.environment:checking '/home/gixstudent/Desktop/Final lab/robotics_navigation/install/turtlebot3_navigation2' for CMake module files
[1.054s] Level 1:colcon.colcon_core.environment:checking '/home/gixstudent/Desktop/Final lab/robotics_navigation/install/turtlebot3_navigation2' for CMake config files
[1.054s] Level 1:colcon.colcon_core.shell:create_environment_hook('turtlebot3_navigation2', 'cmake_prefix_path')
[1.055s] INFO:colcon.colcon_core.shell:Creating environment hook '/home/gixstudent/Desktop/Final lab/robotics_navigation/install/turtlebot3_navigation2/share/turtlebot3_navigation2/hook/cmake_prefix_path.ps1'
[1.063s] INFO:colcon.colcon_core.shell:Creating environment descriptor '/home/gixstudent/Desktop/Final lab/robotics_navigation/install/turtlebot3_navigation2/share/turtlebot3_navigation2/hook/cmake_prefix_path.dsv'
[1.063s] INFO:colcon.colcon_core.shell:Creating environment hook '/home/gixstudent/Desktop/Final lab/robotics_navigation/install/turtlebot3_navigation2/share/turtlebot3_navigation2/hook/cmake_prefix_path.sh'
[1.064s] Level 1:colcon.colcon_core.environment:checking '/home/gixstudent/Desktop/Final lab/robotics_navigation/install/turtlebot3_navigation2/bin'
[1.064s] Level 1:colcon.colcon_core.environment:checking '/home/gixstudent/Desktop/Final lab/robotics_navigation/install/turtlebot3_navigation2/lib/pkgconfig/turtlebot3_navigation2.pc'
[1.064s] Level 1:colcon.colcon_core.environment:checking '/home/gixstudent/Desktop/Final lab/robotics_navigation/install/turtlebot3_navigation2/lib/python3.10/site-packages'
[1.065s] Level 1:colcon.colcon_core.environment:checking '/home/gixstudent/Desktop/Final lab/robotics_navigation/install/turtlebot3_navigation2/bin'
[1.065s] INFO:colcon.colcon_core.shell:Creating package script '/home/gixstudent/Desktop/Final lab/robotics_navigation/install/turtlebot3_navigation2/share/turtlebot3_navigation2/package.ps1'
[1.066s] INFO:colcon.colcon_core.shell:Creating package descriptor '/home/gixstudent/Desktop/Final lab/robotics_navigation/install/turtlebot3_navigation2/share/turtlebot3_navigation2/package.dsv'
[1.067s] INFO:colcon.colcon_core.shell:Creating package script '/home/gixstudent/Desktop/Final lab/robotics_navigation/install/turtlebot3_navigation2/share/turtlebot3_navigation2/package.sh'
[1.067s] INFO:colcon.colcon_core.shell:Creating package script '/home/gixstudent/Desktop/Final lab/robotics_navigation/install/turtlebot3_navigation2/share/turtlebot3_navigation2/package.bash'
[1.068s] INFO:colcon.colcon_core.shell:Creating package script '/home/gixstudent/Desktop/Final lab/robotics_navigation/install/turtlebot3_navigation2/share/turtlebot3_navigation2/package.zsh'
[1.068s] Level 1:colcon.colcon_core.environment:create_file_with_runtime_dependencies(/home/gixstudent/Desktop/Final lab/robotics_navigation/install/turtlebot3_navigation2/share/colcon-core/packages/turtlebot3_navigation2)
[1.071s] Level 1:colcon.colcon_core.environment:create_environment_scripts_only(turtlebot3_cartographer)
[1.072s] Level 1:colcon.colcon_core.environment:checking '/home/gixstudent/Desktop/Final lab/robotics_navigation/install/turtlebot3_cartographer' for CMake module files
[1.072s] DEBUG:colcon.colcon_core.event_handler.log_command:Invoked command in '/home/gixstudent/Desktop/Final lab/robotics_navigation/build/turtlebot3_description' returned '0': CMAKE_PREFIX_PATH=/opt/ros/humble /usr/bin/cmake --build /home/gixstudent/Desktop/Final lab/robotics_navigation/build/turtlebot3_description -- -j8 -l8
[1.073s] DEBUG:colcon.colcon_core.event_handler.log_command:Invoking command in '/home/gixstudent/Desktop/Final lab/robotics_navigation/build/turtlebot3_description': CMAKE_PREFIX_PATH=/opt/ros/humble /usr/bin/cmake --install /home/gixstudent/Desktop/Final lab/robotics_navigation/build/turtlebot3_description
[1.073s] DEBUG:colcon.colcon_core.event_handler.log_command:Invoked command in '/home/gixstudent/Desktop/Final lab/robotics_navigation/build/turtlebot3_cartographer' returned '0': CMAKE_PREFIX_PATH=/opt/ros/humble /usr/bin/cmake --install /home/gixstudent/Desktop/Final lab/robotics_navigation/build/turtlebot3_cartographer
[1.074s] Level 1:colcon.colcon_core.environment:checking '/home/gixstudent/Desktop/Final lab/robotics_navigation/install/turtlebot3_cartographer' for CMake config files
[1.074s] Level 1:colcon.colcon_core.shell:create_environment_hook('turtlebot3_cartographer', 'cmake_prefix_path')
[1.075s] INFO:colcon.colcon_core.shell:Creating environment hook '/home/gixstudent/Desktop/Final lab/robotics_navigation/install/turtlebot3_cartographer/share/turtlebot3_cartographer/hook/cmake_prefix_path.ps1'
[1.075s] INFO:colcon.colcon_core.shell:Creating environment descriptor '/home/gixstudent/Desktop/Final lab/robotics_navigation/install/turtlebot3_cartographer/share/turtlebot3_cartographer/hook/cmake_prefix_path.dsv'
[1.076s] INFO:colcon.colcon_core.shell:Creating environment hook '/home/gixstudent/Desktop/Final lab/robotics_navigation/install/turtlebot3_cartographer/share/turtlebot3_cartographer/hook/cmake_prefix_path.sh'
[1.077s] Level 1:colcon.colcon_core.environment:checking '/home/gixstudent/Desktop/Final lab/robotics_navigation/install/turtlebot3_cartographer/bin'
[1.077s] Level 1:colcon.colcon_core.environment:checking '/home/gixstudent/Desktop/Final lab/robotics_navigation/install/turtlebot3_cartographer/lib/pkgconfig/turtlebot3_cartographer.pc'
[1.077s] Level 1:colcon.colcon_core.environment:checking '/home/gixstudent/Desktop/Final lab/robotics_navigation/install/turtlebot3_cartographer/lib/python3.10/site-packages'
[1.077s] Level 1:colcon.colcon_core.environment:checking '/home/gixstudent/Desktop/Final lab/robotics_navigation/install/turtlebot3_cartographer/bin'
[1.078s] INFO:colcon.colcon_core.shell:Creating package script '/home/gixstudent/Desktop/Final lab/robotics_navigation/install/turtlebot3_cartographer/share/turtlebot3_cartographer/package.ps1'
[1.079s] INFO:colcon.colcon_core.shell:Creating package descriptor '/home/gixstudent/Desktop/Final lab/robotics_navigation/install/turtlebot3_cartographer/share/turtlebot3_cartographer/package.dsv'
[1.080s] INFO:colcon.colcon_core.shell:Creating package script '/home/gixstudent/Desktop/Final lab/robotics_navigation/install/turtlebot3_cartographer/share/turtlebot3_cartographer/package.sh'
[1.081s] INFO:colcon.colcon_core.shell:Creating package script '/home/gixstudent/Desktop/Final lab/robotics_navigation/install/turtlebot3_cartographer/share/turtlebot3_cartographer/package.bash'
[1.082s] INFO:colcon.colcon_core.shell:Creating package script '/home/gixstudent/Desktop/Final lab/robotics_navigation/install/turtlebot3_cartographer/share/turtlebot3_cartographer/package.zsh'
[1.082s] Level 1:colcon.colcon_core.environment:create_file_with_runtime_dependencies(/home/gixstudent/Desktop/Final lab/robotics_navigation/install/turtlebot3_cartographer/share/colcon-core/packages/turtlebot3_cartographer)
[1.084s] Level 1:colcon.colcon_core.environment:create_environment_scripts_only(turtlebot3_cartographer)
[1.084s] Level 1:colcon.colcon_core.environment:checking '/home/gixstudent/Desktop/Final lab/robotics_navigation/install/turtlebot3_cartographer' for CMake module files
[1.085s] Level 1:colcon.colcon_core.environment:checking '/home/gixstudent/Desktop/Final lab/robotics_navigation/install/turtlebot3_cartographer' for CMake config files
[1.085s] Level 1:colcon.colcon_core.shell:create_environment_hook('turtlebot3_cartographer', 'cmake_prefix_path')
[1.086s] INFO:colcon.colcon_core.shell:Creating environment hook '/home/gixstudent/Desktop/Final lab/robotics_navigation/install/turtlebot3_cartographer/share/turtlebot3_cartographer/hook/cmake_prefix_path.ps1'
[1.086s] INFO:colcon.colcon_core.shell:Creating environment descriptor '/home/gixstudent/Desktop/Final lab/robotics_navigation/install/turtlebot3_cartographer/share/turtlebot3_cartographer/hook/cmake_prefix_path.dsv'
[1.087s] INFO:colcon.colcon_core.shell:Creating environment hook '/home/gixstudent/Desktop/Final lab/robotics_navigation/install/turtlebot3_cartographer/share/turtlebot3_cartographer/hook/cmake_prefix_path.sh'
[1.088s] Level 1:colcon.colcon_core.environment:checking '/home/gixstudent/Desktop/Final lab/robotics_navigation/install/turtlebot3_cartographer/bin'
[1.089s] Level 1:colcon.colcon_core.environment:checking '/home/gixstudent/Desktop/Final lab/robotics_navigation/install/turtlebot3_cartographer/lib/pkgconfig/turtlebot3_cartographer.pc'
[1.089s] Level 1:colcon.colcon_core.environment:checking '/home/gixstudent/Desktop/Final lab/robotics_navigation/install/turtlebot3_cartographer/lib/python3.10/site-packages'
[1.090s] Level 1:colcon.colcon_core.environment:checking '/home/gixstudent/Desktop/Final lab/robotics_navigation/install/turtlebot3_cartographer/bin'
[1.091s] INFO:colcon.colcon_core.shell:Creating package script '/home/gixstudent/Desktop/Final lab/robotics_navigation/install/turtlebot3_cartographer/share/turtlebot3_cartographer/package.ps1'
[1.092s] INFO:colcon.colcon_core.shell:Creating package descriptor '/home/gixstudent/Desktop/Final lab/robotics_navigation/install/turtlebot3_cartographer/share/turtlebot3_cartographer/package.dsv'
[1.093s] INFO:colcon.colcon_core.shell:Creating package script '/home/gixstudent/Desktop/Final lab/robotics_navigation/install/turtlebot3_cartographer/share/turtlebot3_cartographer/package.sh'
[1.094s] INFO:colcon.colcon_core.shell:Creating package script '/home/gixstudent/Desktop/Final lab/robotics_navigation/install/turtlebot3_cartographer/share/turtlebot3_cartographer/package.bash'
[1.095s] INFO:colcon.colcon_core.shell:Creating package script '/home/gixstudent/Desktop/Final lab/robotics_navigation/install/turtlebot3_cartographer/share/turtlebot3_cartographer/package.zsh'
[1.096s] Level 1:colcon.colcon_core.environment:create_file_with_runtime_dependencies(/home/gixstudent/Desktop/Final lab/robotics_navigation/install/turtlebot3_cartographer/share/colcon-core/packages/turtlebot3_cartographer)
[1.131s] Level 1:colcon.colcon_core.environment:create_environment_scripts_only(turtlebot3_description)
[1.132s] Level 1:colcon.colcon_core.environment:checking '/home/gixstudent/Desktop/Final lab/robotics_navigation/install/turtlebot3_description' for CMake module files
[1.133s] DEBUG:colcon.colcon_core.event_handler.log_command:Invoked command in '/home/gixstudent/Desktop/Final lab/robotics_navigation/build/turtlebot3_description' returned '0': CMAKE_PREFIX_PATH=/opt/ros/humble /usr/bin/cmake --install /home/gixstudent/Desktop/Final lab/robotics_navigation/build/turtlebot3_description
[1.133s] Level 1:colcon.colcon_core.environment:checking '/home/gixstudent/Desktop/Final lab/robotics_navigation/install/turtlebot3_description' for CMake config files
[1.133s] Level 1:colcon.colcon_core.shell:create_environment_hook('turtlebot3_description', 'cmake_prefix_path')
[1.134s] INFO:colcon.colcon_core.shell:Creating environment hook '/home/gixstudent/Desktop/Final lab/robotics_navigation/install/turtlebot3_description/share/turtlebot3_description/hook/cmake_prefix_path.ps1'
[1.134s] INFO:colcon.colcon_core.shell:Creating environment descriptor '/home/gixstudent/Desktop/Final lab/robotics_navigation/install/turtlebot3_description/share/turtlebot3_description/hook/cmake_prefix_path.dsv'
[1.135s] INFO:colcon.colcon_core.shell:Creating environment hook '/home/gixstudent/Desktop/Final lab/robotics_navigation/install/turtlebot3_description/share/turtlebot3_description/hook/cmake_prefix_path.sh'
[1.135s] Level 1:colcon.colcon_core.environment:checking '/home/gixstudent/Desktop/Final lab/robotics_navigation/install/turtlebot3_description/bin'
[1.135s] Level 1:colcon.colcon_core.environment:checking '/home/gixstudent/Desktop/Final lab/robotics_navigation/install/turtlebot3_description/lib/pkgconfig/turtlebot3_description.pc'
[1.135s] Level 1:colcon.colcon_core.environment:checking '/home/gixstudent/Desktop/Final lab/robotics_navigation/install/turtlebot3_description/lib/python3.10/site-packages'
[1.136s] Level 1:colcon.colcon_core.environment:checking '/home/gixstudent/Desktop/Final lab/robotics_navigation/install/turtlebot3_description/bin'
[1.136s] INFO:colcon.colcon_core.shell:Creating package script '/home/gixstudent/Desktop/Final lab/robotics_navigation/install/turtlebot3_description/share/turtlebot3_description/package.ps1'
[1.137s] INFO:colcon.colcon_core.shell:Creating package descriptor '/home/gixstudent/Desktop/Final lab/robotics_navigation/install/turtlebot3_description/share/turtlebot3_description/package.dsv'
[1.137s] INFO:colcon.colcon_core.shell:Creating package script '/home/gixstudent/Desktop/Final lab/robotics_navigation/install/turtlebot3_description/share/turtlebot3_description/package.sh'
[1.137s] INFO:colcon.colcon_core.shell:Creating package script '/home/gixstudent/Desktop/Final lab/robotics_navigation/install/turtlebot3_description/share/turtlebot3_description/package.bash'
[1.138s] INFO:colcon.colcon_core.shell:Creating package script '/home/gixstudent/Desktop/Final lab/robotics_navigation/install/turtlebot3_description/share/turtlebot3_description/package.zsh'
[1.138s] Level 1:colcon.colcon_core.environment:create_file_with_runtime_dependencies(/home/gixstudent/Desktop/Final lab/robotics_navigation/install/turtlebot3_description/share/colcon-core/packages/turtlebot3_description)
[1.139s] Level 1:colcon.colcon_core.environment:create_environment_scripts_only(turtlebot3_description)
[1.139s] Level 1:colcon.colcon_core.environment:checking '/home/gixstudent/Desktop/Final lab/robotics_navigation/install/turtlebot3_description' for CMake module files
[1.139s] Level 1:colcon.colcon_core.environment:checking '/home/gixstudent/Desktop/Final lab/robotics_navigation/install/turtlebot3_description' for CMake config files
[1.139s] Level 1:colcon.colcon_core.shell:create_environment_hook('turtlebot3_description', 'cmake_prefix_path')
[1.140s] INFO:colcon.colcon_core.shell:Creating environment hook '/home/gixstudent/Desktop/Final lab/robotics_navigation/install/turtlebot3_description/share/turtlebot3_description/hook/cmake_prefix_path.ps1'
[1.140s] INFO:colcon.colcon_core.shell:Creating environment descriptor '/home/gixstudent/Desktop/Final lab/robotics_navigation/install/turtlebot3_description/share/turtlebot3_description/hook/cmake_prefix_path.dsv'
[1.140s] INFO:colcon.colcon_core.shell:Creating environment hook '/home/gixstudent/Desktop/Final lab/robotics_navigation/install/turtlebot3_description/share/turtlebot3_description/hook/cmake_prefix_path.sh'
[1.141s] Level 1:colcon.colcon_core.environment:checking '/home/gixstudent/Desktop/Final lab/robotics_navigation/install/turtlebot3_description/bin'
[1.141s] Level 1:colcon.colcon_core.environment:checking '/home/gixstudent/Desktop/Final lab/robotics_navigation/install/turtlebot3_description/lib/pkgconfig/turtlebot3_description.pc'
[1.141s] Level 1:colcon.colcon_core.environment:checking '/home/gixstudent/Desktop/Final lab/robotics_navigation/install/turtlebot3_description/lib/python3.10/site-packages'
[1.142s] Level 1:colcon.colcon_core.environment:checking '/home/gixstudent/Desktop/Final lab/robotics_navigation/install/turtlebot3_description/bin'
[1.142s] INFO:colcon.colcon_core.shell:Creating package script '/home/gixstudent/Desktop/Final lab/robotics_navigation/install/turtlebot3_description/share/turtlebot3_description/package.ps1'
[1.142s] INFO:colcon.colcon_core.shell:Creating package descriptor '/home/gixstudent/Desktop/Final lab/robotics_navigation/install/turtlebot3_description/share/turtlebot3_description/package.dsv'
[1.143s] INFO:colcon.colcon_core.shell:Creating package script '/home/gixstudent/Desktop/Final lab/robotics_navigation/install/turtlebot3_description/share/turtlebot3_description/package.sh'
[1.143s] INFO:colcon.colcon_core.shell:Creating package script '/home/gixstudent/Desktop/Final lab/robotics_navigation/install/turtlebot3_description/share/turtlebot3_description/package.bash'
[1.144s] INFO:colcon.colcon_core.shell:Creating package script '/home/gixstudent/Desktop/Final lab/robotics_navigation/install/turtlebot3_description/share/turtlebot3_description/package.zsh'
[1.144s] Level 1:colcon.colcon_core.environment:create_file_with_runtime_dependencies(/home/gixstudent/Desktop/Final lab/robotics_navigation/install/turtlebot3_description/share/colcon-core/packages/turtlebot3_description)
[1.306s] DEBUG:colcon.colcon_core.event_handler.log_command:Invoking command in '/home/gixstudent/Desktop/Final lab/robotics_navigation/src/turtlebot3/turtlebot3_teleop': PYTHONPATH=/home/gixstudent/Desktop/Final lab/robotics_navigation/build/turtlebot3_teleop/prefix_override:/usr/lib/python3/dist-packages/colcon_core/task/python/colcon_distutils_commands:/home/gixstudent/Desktop/Final lab/robotics_navigation/install/turtlebot3_teleop/lib/python3.10/site-packages:${PYTHONPATH} /usr/bin/python3 -W ignore:setup.py install is deprecated -W ignore:easy_install command is deprecated setup.py egg_info --egg-base ../../../build/turtlebot3_teleop build --build-base /home/gixstudent/Desktop/Final lab/robotics_navigation/build/turtlebot3_teleop/build install --record /home/gixstudent/Desktop/Final lab/robotics_navigation/build/turtlebot3_teleop/install.log --single-version-externally-managed install_data
[1.464s] DEBUG:colcon.colcon_core.event_handler.log_command:Invoked command in '/home/gixstudent/Desktop/Final lab/robotics_navigation/build/turtlebot3_msgs' returned '1': CMAKE_PREFIX_PATH=/opt/ros/humble /usr/bin/cmake /home/gixstudent/Desktop/Final lab/robotics_navigation/src/turtlebot3_msgs -DCMAKE_INSTALL_PREFIX=/home/gixstudent/Desktop/Final lab/robotics_navigation/install/turtlebot3_msgs
[1.475s] Level 1:colcon.colcon_core.environment:create_environment_scripts_only(turtlebot3_msgs)
[1.476s] Level 1:colcon.colcon_core.environment:checking '/home/gixstudent/Desktop/Final lab/robotics_navigation/install/turtlebot3_msgs' for CMake module files
[1.476s] Level 1:colcon.colcon_core.environment:checking '/home/gixstudent/Desktop/Final lab/robotics_navigation/install/turtlebot3_msgs' for CMake config files
[1.477s] Level 1:colcon.colcon_core.environment:checking '/home/gixstudent/Desktop/Final lab/robotics_navigation/install/turtlebot3_msgs/bin'
[1.477s] Level 1:colcon.colcon_core.environment:checking '/home/gixstudent/Desktop/Final lab/robotics_navigation/install/turtlebot3_msgs/lib/pkgconfig/turtlebot3_msgs.pc'
[1.477s] Level 1:colcon.colcon_core.environment:checking '/home/gixstudent/Desktop/Final lab/robotics_navigation/install/turtlebot3_msgs/lib/python3.10/site-packages'
[1.477s] Level 1:colcon.colcon_core.environment:checking '/home/gixstudent/Desktop/Final lab/robotics_navigation/install/turtlebot3_msgs/bin'
[1.477s] INFO:colcon.colcon_core.shell:Creating package script '/home/gixstudent/Desktop/Final lab/robotics_navigation/install/turtlebot3_msgs/share/turtlebot3_msgs/package.ps1'
[1.478s] INFO:colcon.colcon_core.shell:Creating package descriptor '/home/gixstudent/Desktop/Final lab/robotics_navigation/install/turtlebot3_msgs/share/turtlebot3_msgs/package.dsv'
[1.478s] INFO:colcon.colcon_core.shell:Creating package script '/home/gixstudent/Desktop/Final lab/robotics_navigation/install/turtlebot3_msgs/share/turtlebot3_msgs/package.sh'
[1.479s] INFO:colcon.colcon_core.shell:Creating package script '/home/gixstudent/Desktop/Final lab/robotics_navigation/install/turtlebot3_msgs/share/turtlebot3_msgs/package.bash'
[1.479s] INFO:colcon.colcon_core.shell:Creating package script '/home/gixstudent/Desktop/Final lab/robotics_navigation/install/turtlebot3_msgs/share/turtlebot3_msgs/package.zsh'
[1.479s] Level 1:colcon.colcon_core.environment:create_file_with_runtime_dependencies(/home/gixstudent/Desktop/Final lab/robotics_navigation/install/turtlebot3_msgs/share/colcon-core/packages/turtlebot3_msgs)
[2.375s] DEBUG:colcon.colcon_parallel_executor.executor.parallel:closing loop
[2.375s] DEBUG:colcon.colcon_parallel_executor.executor.parallel:loop closed
[2.375s] DEBUG:colcon.colcon_parallel_executor.executor.parallel:run_until_complete finished with '1'
[2.375s] DEBUG:colcon.colcon_core.event_reactor:joining thread
[2.380s] INFO:colcon.colcon_core.plugin_system:Skipping extension 'colcon_notification.desktop_notification.terminal_notifier': Not used on non-Darwin systems
[2.380s] INFO:colcon.colcon_core.plugin_system:Skipping extension 'colcon_notification.desktop_notification.win32': Not used on non-Windows systems
[2.380s] INFO:colcon.colcon_notification.desktop_notification:Sending desktop notification using 'notify2'
[2.390s] DEBUG:colcon.colcon_core.event_reactor:joined thread
[2.390s] INFO:colcon.colcon_core.shell:Creating prefix script '/home/gixstudent/Desktop/Final lab/robotics_navigation/install/local_setup.ps1'
[2.391s] INFO:colcon.colcon_core.shell:Creating prefix util module '/home/gixstudent/Desktop/Final lab/robotics_navigation/install/_local_setup_util_ps1.py'
[2.393s] INFO:colcon.colcon_core.shell:Creating prefix chain script '/home/gixstudent/Desktop/Final lab/robotics_navigation/install/setup.ps1'
[2.394s] INFO:colcon.colcon_core.shell:Creating prefix script '/home/gixstudent/Desktop/Final lab/robotics_navigation/install/local_setup.sh'
[2.395s] INFO:colcon.colcon_core.shell:Creating prefix util module '/home/gixstudent/Desktop/Final lab/robotics_navigation/install/_local_setup_util_sh.py'
[2.396s] INFO:colcon.colcon_core.shell:Creating prefix chain script '/home/gixstudent/Desktop/Final lab/robotics_navigation/install/setup.sh'
[2.397s] INFO:colcon.colcon_core.shell:Creating prefix script '/home/gixstudent/Desktop/Final lab/robotics_navigation/install/local_setup.bash'
[2.397s] INFO:colcon.colcon_core.shell:Creating prefix chain script '/home/gixstudent/Desktop/Final lab/robotics_navigation/install/setup.bash'
[2.398s] INFO:colcon.colcon_core.shell:Creating prefix script '/home/gixstudent/Desktop/Final lab/robotics_navigation/install/local_setup.zsh'
[2.398s] INFO:colcon.colcon_core.shell:Creating prefix chain script '/home/gixstudent/Desktop/Final lab/robotics_navigation/install/setup.zsh'
