[0.989s] Invoking command in '/home/gixstudent/Desktop/Final_lab/robotics_navigation/build/turtlebot3_fake_node': AMENT_PREFIX_PATH=/home/gixstudent/Desktop/Final_lab/robotics_navigation/install/turtlebot3_msgs:${AMENT_PREFIX_PATH} CMAKE_PREFIX_PATH=/home/gixstudent/Desktop/Final_lab/robotics_navigation/install/turtlebot3_msgs:/opt/ros/humble LD_LIBRARY_PATH=/home/gixstudent/Desktop/Final_lab/robotics_navigation/install/turtlebot3_msgs/lib:/usr/lib/x86_64-linux-gnu/gazebo-11/plugins:/opt/ros/humble/opt/rviz_ogre_vendor/lib:/opt/ros/humble/lib/x86_64-linux-gnu:/opt/ros/humble/lib:/usr/share/gazebo/../../lib/x86_64-linux-gnu/gazebo-11/plugins:/usr/share/gazebo/../../lib/x86_64-linux-gnu/gazebo-11/plugins:/usr/share/gazebo/../../lib/x86_64-linux-gnu/gazebo-11/plugins:/usr/share/gazebo/../../lib/x86_64-linux-gnu/gazebo-11/plugins:/usr/share/gazebo/../../lib/x86_64-linux-gnu/gazebo-11/plugins:/usr/share/gazebo/../../lib/x86_64-linux-gnu/gazebo-11/plugins PYTHONPATH=/home/gixstudent/Desktop/Final_lab/robotics_navigation/install/turtlebot3_msgs/local/lib/python3.10/dist-packages:${PYTHONPATH} /usr/bin/cmake /home/gixstudent/Desktop/Final_lab/robotics_navigation/src/turtlebot3_simulations/turtlebot3_fake_node -DAMENT_CMAKE_SYMLINK_INSTALL=1 -DCMAKE_INSTALL_PREFIX=/home/gixstudent/Desktop/Final_lab/robotics_navigation/install/turtlebot3_fake_node
[1.208s] -- The C compiler identification is GNU 11.4.0
[1.383s] -- The CXX compiler identification is GNU 11.4.0
[1.406s] -- Detecting C compiler ABI info
[1.617s] -- Detecting C compiler ABI info - done
[1.649s] -- Check for working C compiler: /usr/bin/cc - skipped
[1.649s] -- Detecting C compile features
[1.650s] -- Detecting C compile features - done
[1.661s] -- Detecting CXX compiler ABI info
[1.896s] -- Detecting CXX compiler ABI info - done
[1.929s] -- Check for working CXX compiler: /usr/bin/c++ - skipped
[1.929s] -- Detecting CXX compile features
[1.932s] -- Detecting CXX compile features - done
[1.936s] -- Found ament_cmake: 1.3.11 (/opt/ros/humble/share/ament_cmake/cmake)
[2.422s] -- Found Python3: /usr/bin/python3 (found version "3.10.12") found components: Interpreter 
[2.615s] -- Override CMake install command with custom implementation using symlinks instead of copying resources
[2.701s] -- Found geometry_msgs: 4.8.0 (/opt/ros/humble/share/geometry_msgs/cmake)
[2.826s] -- Found rosidl_generator_c: 3.1.6 (/opt/ros/humble/share/rosidl_generator_c/cmake)
[2.846s] -- Found rosidl_adapter: 3.1.6 (/opt/ros/humble/share/rosidl_adapter/cmake)
[2.878s] -- Found rosidl_generator_cpp: 3.1.6 (/opt/ros/humble/share/rosidl_generator_cpp/cmake)
[2.925s] -- Using all available rosidl_typesupport_c: rosidl_typesupport_fastrtps_c;rosidl_typesupport_introspection_c
[2.986s] -- Using all available rosidl_typesupport_cpp: rosidl_typesupport_fastrtps_cpp;rosidl_typesupport_introspection_cpp
[3.144s] -- Found nav_msgs: 4.8.0 (/opt/ros/humble/share/nav_msgs/cmake)
[3.208s] -- Found rclcpp: 16.0.12 (/opt/ros/humble/share/rclcpp/cmake)
[3.333s] -- Found rmw_implementation_cmake: 6.1.2 (/opt/ros/humble/share/rmw_implementation_cmake/cmake)
[3.343s] -- Found rmw_fastrtps_cpp: 6.2.7 (/opt/ros/humble/share/rmw_fastrtps_cpp/cmake)
[3.591s] -- Found OpenSSL: /usr/lib/x86_64-linux-gnu/libcrypto.so (found version "3.0.2")  
[3.675s] -- Found FastRTPS: /opt/ros/humble/include  
[3.797s] -- Using RMW implementation 'rmw_fastrtps_cpp' as default
[3.823s] -- Looking for pthread.h
[4.017s] -- Looking for pthread.h - found
[4.018s] -- Performing Test CMAKE_HAVE_LIBC_PTHREAD
[4.194s] -- Performing Test CMAKE_HAVE_LIBC_PTHREAD - Success
[4.196s] -- Found Threads: TRUE  
[4.318s] -- Found sensor_msgs: 4.8.0 (/opt/ros/humble/share/sensor_msgs/cmake)
[4.406s] -- Found tf2: 0.25.12 (/opt/ros/humble/share/tf2/cmake)
[4.449s] -- Found tf2_msgs: 0.25.12 (/opt/ros/humble/share/tf2_msgs/cmake)
[4.637s] -- Found turtlebot3_msgs: 2.2.3 (/home/gixstudent/Desktop/Final_lab/robotics_navigation/install/turtlebot3_msgs/share/turtlebot3_msgs/cmake)
[5.359s] -- Configuring done
[5.488s] -- Generating done
[5.563s] -- Build files have been written to: /home/gixstudent/Desktop/Final_lab/robotics_navigation/build/turtlebot3_fake_node
[5.643s] Invoked command in '/home/gixstudent/Desktop/Final_lab/robotics_navigation/build/turtlebot3_fake_node' returned '0': AMENT_PREFIX_PATH=/home/gixstudent/Desktop/Final_lab/robotics_navigation/install/turtlebot3_msgs:${AMENT_PREFIX_PATH} CMAKE_PREFIX_PATH=/home/gixstudent/Desktop/Final_lab/robotics_navigation/install/turtlebot3_msgs:/opt/ros/humble LD_LIBRARY_PATH=/home/gixstudent/Desktop/Final_lab/robotics_navigation/install/turtlebot3_msgs/lib:/usr/lib/x86_64-linux-gnu/gazebo-11/plugins:/opt/ros/humble/opt/rviz_ogre_vendor/lib:/opt/ros/humble/lib/x86_64-linux-gnu:/opt/ros/humble/lib:/usr/share/gazebo/../../lib/x86_64-linux-gnu/gazebo-11/plugins:/usr/share/gazebo/../../lib/x86_64-linux-gnu/gazebo-11/plugins:/usr/share/gazebo/../../lib/x86_64-linux-gnu/gazebo-11/plugins:/usr/share/gazebo/../../lib/x86_64-linux-gnu/gazebo-11/plugins:/usr/share/gazebo/../../lib/x86_64-linux-gnu/gazebo-11/plugins:/usr/share/gazebo/../../lib/x86_64-linux-gnu/gazebo-11/plugins PYTHONPATH=/home/gixstudent/Desktop/Final_lab/robotics_navigation/install/turtlebot3_msgs/local/lib/python3.10/dist-packages:${PYTHONPATH} /usr/bin/cmake /home/gixstudent/Desktop/Final_lab/robotics_navigation/src/turtlebot3_simulations/turtlebot3_fake_node -DAMENT_CMAKE_SYMLINK_INSTALL=1 -DCMAKE_INSTALL_PREFIX=/home/gixstudent/Desktop/Final_lab/robotics_navigation/install/turtlebot3_fake_node
[5.645s] Invoking command in '/home/gixstudent/Desktop/Final_lab/robotics_navigation/build/turtlebot3_fake_node': AMENT_PREFIX_PATH=/home/gixstudent/Desktop/Final_lab/robotics_navigation/install/turtlebot3_msgs:${AMENT_PREFIX_PATH} CMAKE_PREFIX_PATH=/home/gixstudent/Desktop/Final_lab/robotics_navigation/install/turtlebot3_msgs:/opt/ros/humble LD_LIBRARY_PATH=/home/gixstudent/Desktop/Final_lab/robotics_navigation/install/turtlebot3_msgs/lib:/usr/lib/x86_64-linux-gnu/gazebo-11/plugins:/opt/ros/humble/opt/rviz_ogre_vendor/lib:/opt/ros/humble/lib/x86_64-linux-gnu:/opt/ros/humble/lib:/usr/share/gazebo/../../lib/x86_64-linux-gnu/gazebo-11/plugins:/usr/share/gazebo/../../lib/x86_64-linux-gnu/gazebo-11/plugins:/usr/share/gazebo/../../lib/x86_64-linux-gnu/gazebo-11/plugins:/usr/share/gazebo/../../lib/x86_64-linux-gnu/gazebo-11/plugins:/usr/share/gazebo/../../lib/x86_64-linux-gnu/gazebo-11/plugins:/usr/share/gazebo/../../lib/x86_64-linux-gnu/gazebo-11/plugins PYTHONPATH=/home/gixstudent/Desktop/Final_lab/robotics_navigation/install/turtlebot3_msgs/local/lib/python3.10/dist-packages:${PYTHONPATH} /usr/bin/cmake --build /home/gixstudent/Desktop/Final_lab/robotics_navigation/build/turtlebot3_fake_node -- -j8 -l8
[5.912s] [ 50%] [32mBuilding CXX object CMakeFiles/turtlebot3_fake_node.dir/src/turtlebot3_fake_node.cpp.o[0m
[38.666s] [100%] [32m[1mLinking CXX executable turtlebot3_fake_node[0m
[39.664s] [100%] Built target turtlebot3_fake_node
[39.683s] Invoked command in '/home/gixstudent/Desktop/Final_lab/robotics_navigation/build/turtlebot3_fake_node' returned '0': AMENT_PREFIX_PATH=/home/gixstudent/Desktop/Final_lab/robotics_navigation/install/turtlebot3_msgs:${AMENT_PREFIX_PATH} CMAKE_PREFIX_PATH=/home/gixstudent/Desktop/Final_lab/robotics_navigation/install/turtlebot3_msgs:/opt/ros/humble LD_LIBRARY_PATH=/home/gixstudent/Desktop/Final_lab/robotics_navigation/install/turtlebot3_msgs/lib:/usr/lib/x86_64-linux-gnu/gazebo-11/plugins:/opt/ros/humble/opt/rviz_ogre_vendor/lib:/opt/ros/humble/lib/x86_64-linux-gnu:/opt/ros/humble/lib:/usr/share/gazebo/../../lib/x86_64-linux-gnu/gazebo-11/plugins:/usr/share/gazebo/../../lib/x86_64-linux-gnu/gazebo-11/plugins:/usr/share/gazebo/../../lib/x86_64-linux-gnu/gazebo-11/plugins:/usr/share/gazebo/../../lib/x86_64-linux-gnu/gazebo-11/plugins:/usr/share/gazebo/../../lib/x86_64-linux-gnu/gazebo-11/plugins:/usr/share/gazebo/../../lib/x86_64-linux-gnu/gazebo-11/plugins PYTHONPATH=/home/gixstudent/Desktop/Final_lab/robotics_navigation/install/turtlebot3_msgs/local/lib/python3.10/dist-packages:${PYTHONPATH} /usr/bin/cmake --build /home/gixstudent/Desktop/Final_lab/robotics_navigation/build/turtlebot3_fake_node -- -j8 -l8
[39.686s] Invoking command in '/home/gixstudent/Desktop/Final_lab/robotics_navigation/build/turtlebot3_fake_node': AMENT_PREFIX_PATH=/home/gixstudent/Desktop/Final_lab/robotics_navigation/install/turtlebot3_msgs:${AMENT_PREFIX_PATH} CMAKE_PREFIX_PATH=/home/gixstudent/Desktop/Final_lab/robotics_navigation/install/turtlebot3_msgs:/opt/ros/humble LD_LIBRARY_PATH=/home/gixstudent/Desktop/Final_lab/robotics_navigation/install/turtlebot3_msgs/lib:/usr/lib/x86_64-linux-gnu/gazebo-11/plugins:/opt/ros/humble/opt/rviz_ogre_vendor/lib:/opt/ros/humble/lib/x86_64-linux-gnu:/opt/ros/humble/lib:/usr/share/gazebo/../../lib/x86_64-linux-gnu/gazebo-11/plugins:/usr/share/gazebo/../../lib/x86_64-linux-gnu/gazebo-11/plugins:/usr/share/gazebo/../../lib/x86_64-linux-gnu/gazebo-11/plugins:/usr/share/gazebo/../../lib/x86_64-linux-gnu/gazebo-11/plugins:/usr/share/gazebo/../../lib/x86_64-linux-gnu/gazebo-11/plugins:/usr/share/gazebo/../../lib/x86_64-linux-gnu/gazebo-11/plugins PYTHONPATH=/home/gixstudent/Desktop/Final_lab/robotics_navigation/install/turtlebot3_msgs/local/lib/python3.10/dist-packages:${PYTHONPATH} /usr/bin/cmake --install /home/gixstudent/Desktop/Final_lab/robotics_navigation/build/turtlebot3_fake_node
[39.698s] -- Install configuration: ""
[39.699s] -- Execute custom install script
[39.699s] -- Symlinking: /home/gixstudent/Desktop/Final_lab/robotics_navigation/install/turtlebot3_fake_node/lib/turtlebot3_fake_node/turtlebot3_fake_node
[39.716s] -- Symlinking: /home/gixstudent/Desktop/Final_lab/robotics_navigation/install/turtlebot3_fake_node/share/turtlebot3_fake_node/launch/rviz2.launch.py
[39.731s] -- Symlinking: /home/gixstudent/Desktop/Final_lab/robotics_navigation/install/turtlebot3_fake_node/share/turtlebot3_fake_node/launch/turtlebot3_fake_node.launch.py
[39.748s] -- Symlinking: /home/gixstudent/Desktop/Final_lab/robotics_navigation/install/turtlebot3_fake_node/share/turtlebot3_fake_node/param/burger.yaml
[39.762s] -- Symlinking: /home/gixstudent/Desktop/Final_lab/robotics_navigation/install/turtlebot3_fake_node/share/turtlebot3_fake_node/param/waffle.yaml
[39.778s] -- Symlinking: /home/gixstudent/Desktop/Final_lab/robotics_navigation/install/turtlebot3_fake_node/share/turtlebot3_fake_node/param/waffle_pi.yaml
[39.794s] -- Symlinking: /home/gixstudent/Desktop/Final_lab/robotics_navigation/install/turtlebot3_fake_node/include//turtlebot3_fake_node/turtlebot3_fake_node.hpp
[39.809s] -- Symlinking: /home/gixstudent/Desktop/Final_lab/robotics_navigation/install/turtlebot3_fake_node/share/ament_index/resource_index/package_run_dependencies/turtlebot3_fake_node
[39.824s] -- Symlinking: /home/gixstudent/Desktop/Final_lab/robotics_navigation/install/turtlebot3_fake_node/share/ament_index/resource_index/parent_prefix_path/turtlebot3_fake_node
[39.838s] -- Symlinking: /home/gixstudent/Desktop/Final_lab/robotics_navigation/install/turtlebot3_fake_node/share/turtlebot3_fake_node/environment/ament_prefix_path.sh
[39.853s] -- Symlinking: /home/gixstudent/Desktop/Final_lab/robotics_navigation/install/turtlebot3_fake_node/share/turtlebot3_fake_node/environment/ament_prefix_path.dsv
[39.869s] -- Symlinking: /home/gixstudent/Desktop/Final_lab/robotics_navigation/install/turtlebot3_fake_node/share/turtlebot3_fake_node/environment/path.sh
[39.885s] -- Symlinking: /home/gixstudent/Desktop/Final_lab/robotics_navigation/install/turtlebot3_fake_node/share/turtlebot3_fake_node/environment/path.dsv
[39.900s] -- Symlinking: /home/gixstudent/Desktop/Final_lab/robotics_navigation/install/turtlebot3_fake_node/share/turtlebot3_fake_node/local_setup.bash
[39.916s] -- Symlinking: /home/gixstudent/Desktop/Final_lab/robotics_navigation/install/turtlebot3_fake_node/share/turtlebot3_fake_node/local_setup.sh
[39.932s] -- Symlinking: /home/gixstudent/Desktop/Final_lab/robotics_navigation/install/turtlebot3_fake_node/share/turtlebot3_fake_node/local_setup.zsh
[39.947s] -- Symlinking: /home/gixstudent/Desktop/Final_lab/robotics_navigation/install/turtlebot3_fake_node/share/turtlebot3_fake_node/local_setup.dsv
[39.962s] -- Symlinking: /home/gixstudent/Desktop/Final_lab/robotics_navigation/install/turtlebot3_fake_node/share/turtlebot3_fake_node/package.dsv
[39.979s] -- Symlinking: /home/gixstudent/Desktop/Final_lab/robotics_navigation/install/turtlebot3_fake_node/share/ament_index/resource_index/packages/turtlebot3_fake_node
[39.995s] -- Symlinking: /home/gixstudent/Desktop/Final_lab/robotics_navigation/install/turtlebot3_fake_node/share/turtlebot3_fake_node/cmake/ament_cmake_export_include_directories-extras.cmake
[40.010s] -- Symlinking: /home/gixstudent/Desktop/Final_lab/robotics_navigation/install/turtlebot3_fake_node/share/turtlebot3_fake_node/cmake/ament_cmake_export_dependencies-extras.cmake
[40.025s] -- Symlinking: /home/gixstudent/Desktop/Final_lab/robotics_navigation/install/turtlebot3_fake_node/share/turtlebot3_fake_node/cmake/turtlebot3_fake_nodeConfig.cmake
[40.040s] -- Symlinking: /home/gixstudent/Desktop/Final_lab/robotics_navigation/install/turtlebot3_fake_node/share/turtlebot3_fake_node/cmake/turtlebot3_fake_nodeConfig-version.cmake
[40.056s] -- Symlinking: /home/gixstudent/Desktop/Final_lab/robotics_navigation/install/turtlebot3_fake_node/share/turtlebot3_fake_node/package.xml
[40.076s] Invoked command in '/home/gixstudent/Desktop/Final_lab/robotics_navigation/build/turtlebot3_fake_node' returned '0': AMENT_PREFIX_PATH=/home/gixstudent/Desktop/Final_lab/robotics_navigation/install/turtlebot3_msgs:${AMENT_PREFIX_PATH} CMAKE_PREFIX_PATH=/home/gixstudent/Desktop/Final_lab/robotics_navigation/install/turtlebot3_msgs:/opt/ros/humble LD_LIBRARY_PATH=/home/gixstudent/Desktop/Final_lab/robotics_navigation/install/turtlebot3_msgs/lib:/usr/lib/x86_64-linux-gnu/gazebo-11/plugins:/opt/ros/humble/opt/rviz_ogre_vendor/lib:/opt/ros/humble/lib/x86_64-linux-gnu:/opt/ros/humble/lib:/usr/share/gazebo/../../lib/x86_64-linux-gnu/gazebo-11/plugins:/usr/share/gazebo/../../lib/x86_64-linux-gnu/gazebo-11/plugins:/usr/share/gazebo/../../lib/x86_64-linux-gnu/gazebo-11/plugins:/usr/share/gazebo/../../lib/x86_64-linux-gnu/gazebo-11/plugins:/usr/share/gazebo/../../lib/x86_64-linux-gnu/gazebo-11/plugins:/usr/share/gazebo/../../lib/x86_64-linux-gnu/gazebo-11/plugins PYTHONPATH=/home/gixstudent/Desktop/Final_lab/robotics_navigation/install/turtlebot3_msgs/local/lib/python3.10/dist-packages:${PYTHONPATH} /usr/bin/cmake --install /home/gixstudent/Desktop/Final_lab/robotics_navigation/build/turtlebot3_fake_node
