[0.686s] Invoking command in '/home/gixadmin/robotics_navigation/nav_ws/c8nav': PYTHONPATH=/home/gixadmin/robotics_navigation/build/c8nav/prefix_override:/usr/lib/python3/dist-packages/colcon_core/task/python/colcon_distutils_commands:/home/gixadmin/robotics_navigation/install/c8nav/lib/python3.10/site-packages:${PYTHONPATH} /usr/bin/python3 -W ignore:setup.py install is deprecated -W ignore:easy_install command is deprecated setup.py egg_info --egg-base ../../build/c8nav build --build-base /home/gixadmin/robotics_navigation/build/c8nav/build install --record /home/gixadmin/robotics_navigation/build/c8nav/install.log --single-version-externally-managed install_data
[0.954s] running egg_info
[0.955s] writing ../../build/c8nav/c8nav.egg-info/PKG-INFO
[0.955s] writing dependency_links to ../../build/c8nav/c8nav.egg-info/dependency_links.txt
[0.955s] writing entry points to ../../build/c8nav/c8nav.egg-info/entry_points.txt
[0.955s] writing requirements to ../../build/c8nav/c8nav.egg-info/requires.txt
[0.955s] writing top-level names to ../../build/c8nav/c8nav.egg-info/top_level.txt
[0.957s] reading manifest file '../../build/c8nav/c8nav.egg-info/SOURCES.txt'
[0.958s] writing manifest file '../../build/c8nav/c8nav.egg-info/SOURCES.txt'
[0.958s] running build
[0.959s] running build_py
[0.959s] copying c8nav/send_goal.py -> /home/gixadmin/robotics_navigation/build/c8nav/build/lib/c8nav
[0.959s] running install
[0.959s] running install_lib
[0.960s] copying /home/gixadmin/robotics_navigation/build/c8nav/build/lib/c8nav/send_goal.py -> /home/gixadmin/robotics_navigation/install/c8nav/lib/python3.10/site-packages/c8nav
[0.960s] byte-compiling /home/gixadmin/robotics_navigation/install/c8nav/lib/python3.10/site-packages/c8nav/send_goal.py to send_goal.cpython-310.pyc
[0.961s] running install_data
[0.961s] running install_egg_info
[0.963s] removing '/home/gixadmin/robotics_navigation/install/c8nav/lib/python3.10/site-packages/c8nav-0.0.0-py3.10.egg-info' (and everything under it)
[0.963s] Copying ../../build/c8nav/c8nav.egg-info to /home/gixadmin/robotics_navigation/install/c8nav/lib/python3.10/site-packages/c8nav-0.0.0-py3.10.egg-info
[0.964s] running install_scripts
[0.982s] Installing send_goal script to /home/gixadmin/robotics_navigation/install/c8nav/lib/c8nav
[0.983s] writing list of installed files to '/home/gixadmin/robotics_navigation/build/c8nav/install.log'
[1.003s] Invoked command in '/home/gixadmin/robotics_navigation/nav_ws/c8nav' returned '0': PYTHONPATH=/home/gixadmin/robotics_navigation/build/c8nav/prefix_override:/usr/lib/python3/dist-packages/colcon_core/task/python/colcon_distutils_commands:/home/gixadmin/robotics_navigation/install/c8nav/lib/python3.10/site-packages:${PYTHONPATH} /usr/bin/python3 -W ignore:setup.py install is deprecated -W ignore:easy_install command is deprecated setup.py egg_info --egg-base ../../build/c8nav build --build-base /home/gixadmin/robotics_navigation/build/c8nav/build install --record /home/gixadmin/robotics_navigation/build/c8nav/install.log --single-version-externally-managed install_data
