[0.917s] Invoking command in '/home/gixstudent/Desktop/Final_lab/robotics_navigation/nav_ws/c8nav': PYTHONPATH=/home/gixstudent/Desktop/Final_lab/robotics_navigation/build/c8nav/prefix_override:/usr/lib/python3/dist-packages/colcon_core/task/python/colcon_distutils_commands:/home/gixstudent/Desktop/Final_lab/robotics_navigation/install/c8nav/lib/python3.10/site-packages:${PYTHONPATH} /usr/bin/python3 -W ignore:setup.py install is deprecated -W ignore:easy_install command is deprecated setup.py egg_info --egg-base ../../build/c8nav build --build-base /home/gixstudent/Desktop/Final_lab/robotics_navigation/build/c8nav/build install --record /home/gixstudent/Desktop/Final_lab/robotics_navigation/build/c8nav/install.log --single-version-externally-managed install_data
[1.224s] running egg_info
[1.224s] writing ../../build/c8nav/c8nav.egg-info/PKG-INFO
[1.225s] writing dependency_links to ../../build/c8nav/c8nav.egg-info/dependency_links.txt
[1.225s] writing entry points to ../../build/c8nav/c8nav.egg-info/entry_points.txt
[1.225s] writing requirements to ../../build/c8nav/c8nav.egg-info/requires.txt
[1.225s] writing top-level names to ../../build/c8nav/c8nav.egg-info/top_level.txt
[1.227s] reading manifest file '../../build/c8nav/c8nav.egg-info/SOURCES.txt'
[1.227s] writing manifest file '../../build/c8nav/c8nav.egg-info/SOURCES.txt'
[1.227s] running build
[1.227s] running build_py
[1.228s] copying c8nav/send_goal_qr_code.py -> /home/gixstudent/Desktop/Final_lab/robotics_navigation/build/c8nav/build/lib/c8nav
[1.228s] running install
[1.228s] running install_lib
[1.229s] copying /home/gixstudent/Desktop/Final_lab/robotics_navigation/build/c8nav/build/lib/c8nav/send_goal_qr_code.py -> /home/gixstudent/Desktop/Final_lab/robotics_navigation/install/c8nav/lib/python3.10/site-packages/c8nav
[1.230s] byte-compiling /home/gixstudent/Desktop/Final_lab/robotics_navigation/install/c8nav/lib/python3.10/site-packages/c8nav/send_goal_qr_code.py to send_goal_qr_code.cpython-310.pyc
[1.231s] Sorry: IndentationError: unexpected indent (send_goal_qr_code.py, line 2)
[1.231s] running install_data
[1.231s] running install_egg_info
[1.234s] removing '/home/gixstudent/Desktop/Final_lab/robotics_navigation/install/c8nav/lib/python3.10/site-packages/c8nav-0.0.0-py3.10.egg-info' (and everything under it)
[1.234s] Copying ../../build/c8nav/c8nav.egg-info to /home/gixstudent/Desktop/Final_lab/robotics_navigation/install/c8nav/lib/python3.10/site-packages/c8nav-0.0.0-py3.10.egg-info
[1.235s] running install_scripts
[1.267s] Installing get_goal script to /home/gixstudent/Desktop/Final_lab/robotics_navigation/install/c8nav/lib/c8nav
[1.267s] Installing save_current_pose script to /home/gixstudent/Desktop/Final_lab/robotics_navigation/install/c8nav/lib/c8nav
[1.267s] Installing send_goal script to /home/gixstudent/Desktop/Final_lab/robotics_navigation/install/c8nav/lib/c8nav
[1.268s] Installing send_goal_qr_code script to /home/gixstudent/Desktop/Final_lab/robotics_navigation/install/c8nav/lib/c8nav
[1.268s] writing list of installed files to '/home/gixstudent/Desktop/Final_lab/robotics_navigation/build/c8nav/install.log'
[1.312s] Invoked command in '/home/gixstudent/Desktop/Final_lab/robotics_navigation/nav_ws/c8nav' returned '0': PYTHONPATH=/home/gixstudent/Desktop/Final_lab/robotics_navigation/build/c8nav/prefix_override:/usr/lib/python3/dist-packages/colcon_core/task/python/colcon_distutils_commands:/home/gixstudent/Desktop/Final_lab/robotics_navigation/install/c8nav/lib/python3.10/site-packages:${PYTHONPATH} /usr/bin/python3 -W ignore:setup.py install is deprecated -W ignore:easy_install command is deprecated setup.py egg_info --egg-base ../../build/c8nav build --build-base /home/gixstudent/Desktop/Final_lab/robotics_navigation/build/c8nav/build install --record /home/gixstudent/Desktop/Final_lab/robotics_navigation/build/c8nav/install.log --single-version-externally-managed install_data
