[0.030s] Invoking command in '/home/gixstudent/Desktop/Final lab/robotics_navigation/build/turtlebot3_gazebo': /usr/bin/cmake /home/gixstudent/Desktop/Final lab/robotics_navigation/src/turtlebot3_simulations/turtlebot3_gazebo -DCMAKE_INSTALL_PREFIX=/home/gixstudent/Desktop/Final lab/robotics_navigation/install/turtlebot3_gazebo
[0.436s] -- The C compiler identification is GNU 11.4.0
[0.591s] -- The CXX compiler identification is GNU 11.4.0
[0.603s] -- Detecting C compiler ABI info
[0.724s] -- Detecting C compiler ABI info - done
[0.745s] -- Check for working C compiler: /usr/bin/cc - skipped
[0.746s] -- Detecting C compile features
[0.750s] -- Detecting C compile features - done
[0.753s] -- Detecting CXX compiler ABI info
[0.910s] -- Detecting CXX compiler ABI info - done
[0.935s] -- Check for working CXX compiler: /usr/bin/c++ - skipped
[0.935s] -- Detecting CXX compile features
[0.938s] -- Detecting CXX compile features - done
[0.956s] [31mCMake Error at CMakeLists.txt:22 (find_package):
[0.956s]   By not providing "Findament_cmake.cmake" in CMAKE_MODULE_PATH this project
[0.956s]   has asked CMake to find a package configuration file provided by
[0.956s]   "ament_cmake", but CMake did not find one.
[0.956s] 
[0.957s]   Could not find a package configuration file provided by "ament_cmake" with
[0.957s]   any of the following names:
[0.959s] 
[0.960s]     ament_cmakeConfig.cmake
[0.960s]     ament_cmake-config.cmake
[0.960s] 
[0.961s]   Add the installation prefix of "ament_cmake" to CMAKE_PREFIX_PATH or set
[0.961s]   "ament_cmake_DIR" to a directory containing one of the above files.  If
[0.961s]   "ament_cmake" provides a separate development package or SDK, be sure it
[0.961s]   has been installed.
[0.961s] 
[0.961s] [0m
[0.962s] -- Configuring incomplete, errors occurred!
[0.963s] See also "/home/gixstudent/Desktop/Final lab/robotics_navigation/build/turtlebot3_gazebo/CMakeFiles/CMakeOutput.log".
