[0.114s] Invoking command in '/home/gixstudent/Desktop/Final_lab/robotics_navigation/build/create_msgs': CMAKE_PREFIX_PATH=/opt/ros/humble /usr/bin/cmake --build /home/gixstudent/Desktop/Final_lab/robotics_navigation/build/create_msgs -- -j8 -l8
[0.315s] [  1%] Built target create_msgs__cpp
[0.368s] [ 12%] Built target create_msgs__rosidl_generator_c
[0.440s] [ 12%] Built target ament_cmake_python_copy_create_msgs
[0.549s] [ 24%] Built target create_msgs__rosidl_typesupport_cpp
[0.566s] [ 35%] Built target create_msgs__rosidl_typesupport_fastrtps_cpp
[0.588s] [ 46%] Built target create_msgs__rosidl_typesupport_introspection_cpp
[0.599s] [ 58%] Built target create_msgs__rosidl_typesupport_fastrtps_c
[0.608s] [ 69%] Built target create_msgs__rosidl_typesupport_c
[0.685s] [ 81%] Built target create_msgs__rosidl_typesupport_introspection_c
[0.853s] [ 81%] Built target create_msgs
[0.940s] [ 82%] Built target create_msgs__py
[1.029s] [ 92%] Built target create_msgs__rosidl_generator_py
[1.073s] [ 94%] Built target create_msgs__rosidl_typesupport_c__pyext
[1.082s] [ 97%] Built target create_msgs__rosidl_typesupport_introspection_c__pyext
[1.086s] [100%] Built target create_msgs__rosidl_typesupport_fastrtps_c__pyext
[1.245s] running egg_info
[1.246s] writing create_msgs.egg-info/PKG-INFO
[1.246s] writing dependency_links to create_msgs.egg-info/dependency_links.txt
[1.247s] writing top-level names to create_msgs.egg-info/top_level.txt
[1.250s] reading manifest file 'create_msgs.egg-info/SOURCES.txt'
[1.251s] writing manifest file 'create_msgs.egg-info/SOURCES.txt'
[1.288s] [100%] Built target ament_cmake_python_build_create_msgs_egg
[1.398s] Invoked command in '/home/gixstudent/Desktop/Final_lab/robotics_navigation/build/create_msgs' returned '0': CMAKE_PREFIX_PATH=/opt/ros/humble /usr/bin/cmake --build /home/gixstudent/Desktop/Final_lab/robotics_navigation/build/create_msgs -- -j8 -l8
[1.403s] Invoking command in '/home/gixstudent/Desktop/Final_lab/robotics_navigation/build/create_msgs': CMAKE_PREFIX_PATH=/opt/ros/humble /usr/bin/cmake --install /home/gixstudent/Desktop/Final_lab/robotics_navigation/build/create_msgs
[1.433s] -- Install configuration: ""
[1.433s] -- Up-to-date: /home/gixstudent/Desktop/Final_lab/robotics_navigation/install/create_msgs/share/ament_index/resource_index/rosidl_interfaces/create_msgs
[1.434s] -- Up-to-date: /home/gixstudent/Desktop/Final_lab/robotics_navigation/install/create_msgs/include/create_msgs/create_msgs
[1.434s] -- Up-to-date: /home/gixstudent/Desktop/Final_lab/robotics_navigation/install/create_msgs/include/create_msgs/create_msgs/msg
[1.434s] -- Up-to-date: /home/gixstudent/Desktop/Final_lab/robotics_navigation/install/create_msgs/include/create_msgs/create_msgs/msg/charging_state.h
[1.434s] -- Up-to-date: /home/gixstudent/Desktop/Final_lab/robotics_navigation/install/create_msgs/include/create_msgs/create_msgs/msg/define_song.h
[1.434s] -- Up-to-date: /home/gixstudent/Desktop/Final_lab/robotics_navigation/install/create_msgs/include/create_msgs/create_msgs/msg/play_song.h
[1.439s] -- Up-to-date: /home/gixstudent/Desktop/Final_lab/robotics_navigation/install/create_msgs/include/create_msgs/create_msgs/msg/mode.h
[1.440s] -- Up-to-date: /home/gixstudent/Desktop/Final_lab/robotics_navigation/install/create_msgs/include/create_msgs/create_msgs/msg/cliff.h
[1.440s] -- Up-to-date: /home/gixstudent/Desktop/Final_lab/robotics_navigation/install/create_msgs/include/create_msgs/create_msgs/msg/detail
[1.440s] -- Up-to-date: /home/gixstudent/Desktop/Final_lab/robotics_navigation/install/create_msgs/include/create_msgs/create_msgs/msg/detail/play_song__type_support.h
[1.441s] -- Up-to-date: /home/gixstudent/Desktop/Final_lab/robotics_navigation/install/create_msgs/include/create_msgs/create_msgs/msg/detail/mode__struct.h
[1.441s] -- Up-to-date: /home/gixstudent/Desktop/Final_lab/robotics_navigation/install/create_msgs/include/create_msgs/create_msgs/msg/detail/cliff__type_support.h
[1.441s] -- Up-to-date: /home/gixstudent/Desktop/Final_lab/robotics_navigation/install/create_msgs/include/create_msgs/create_msgs/msg/detail/mode__functions.h
[1.441s] -- Up-to-date: /home/gixstudent/Desktop/Final_lab/robotics_navigation/install/create_msgs/include/create_msgs/create_msgs/msg/detail/motor_setpoint__struct.h
[1.442s] -- Up-to-date: /home/gixstudent/Desktop/Final_lab/robotics_navigation/install/create_msgs/include/create_msgs/create_msgs/msg/detail/motor_setpoint__functions.h
[1.442s] -- Up-to-date: /home/gixstudent/Desktop/Final_lab/robotics_navigation/install/create_msgs/include/create_msgs/create_msgs/msg/detail/define_song__type_support.h
[1.442s] -- Up-to-date: /home/gixstudent/Desktop/Final_lab/robotics_navigation/install/create_msgs/include/create_msgs/create_msgs/msg/detail/play_song__struct.h
[1.442s] -- Up-to-date: /home/gixstudent/Desktop/Final_lab/robotics_navigation/install/create_msgs/include/create_msgs/create_msgs/msg/detail/play_song__functions.c
[1.442s] -- Up-to-date: /home/gixstudent/Desktop/Final_lab/robotics_navigation/install/create_msgs/include/create_msgs/create_msgs/msg/detail/mode__type_support.h
[1.443s] -- Up-to-date: /home/gixstudent/Desktop/Final_lab/robotics_navigation/install/create_msgs/include/create_msgs/create_msgs/msg/detail/cliff__functions.c
[1.443s] -- Up-to-date: /home/gixstudent/Desktop/Final_lab/robotics_navigation/install/create_msgs/include/create_msgs/create_msgs/msg/detail/play_song__functions.h
[1.443s] -- Up-to-date: /home/gixstudent/Desktop/Final_lab/robotics_navigation/install/create_msgs/include/create_msgs/create_msgs/msg/detail/define_song__struct.h
[1.443s] -- Up-to-date: /home/gixstudent/Desktop/Final_lab/robotics_navigation/install/create_msgs/include/create_msgs/create_msgs/msg/detail/motor_setpoint__functions.c
[1.444s] -- Up-to-date: /home/gixstudent/Desktop/Final_lab/robotics_navigation/install/create_msgs/include/create_msgs/create_msgs/msg/detail/bumper__functions.h
[1.444s] -- Up-to-date: /home/gixstudent/Desktop/Final_lab/robotics_navigation/install/create_msgs/include/create_msgs/create_msgs/msg/detail/bumper__struct.h
[1.444s] -- Up-to-date: /home/gixstudent/Desktop/Final_lab/robotics_navigation/install/create_msgs/include/create_msgs/create_msgs/msg/detail/charging_state__struct.h
[1.444s] -- Up-to-date: /home/gixstudent/Desktop/Final_lab/robotics_navigation/install/create_msgs/include/create_msgs/create_msgs/msg/detail/motor_setpoint__type_support.h
[1.444s] -- Up-to-date: /home/gixstudent/Desktop/Final_lab/robotics_navigation/install/create_msgs/include/create_msgs/create_msgs/msg/detail/cliff__functions.h
[1.445s] -- Up-to-date: /home/gixstudent/Desktop/Final_lab/robotics_navigation/install/create_msgs/include/create_msgs/create_msgs/msg/detail/mode__functions.c
[1.445s] -- Up-to-date: /home/gixstudent/Desktop/Final_lab/robotics_navigation/install/create_msgs/include/create_msgs/create_msgs/msg/detail/define_song__functions.h
[1.445s] -- Up-to-date: /home/gixstudent/Desktop/Final_lab/robotics_navigation/install/create_msgs/include/create_msgs/create_msgs/msg/detail/cliff__struct.h
[1.445s] -- Up-to-date: /home/gixstudent/Desktop/Final_lab/robotics_navigation/install/create_msgs/include/create_msgs/create_msgs/msg/detail/define_song__functions.c
[1.445s] -- Up-to-date: /home/gixstudent/Desktop/Final_lab/robotics_navigation/install/create_msgs/include/create_msgs/create_msgs/msg/detail/bumper__functions.c
[1.445s] -- Up-to-date: /home/gixstudent/Desktop/Final_lab/robotics_navigation/install/create_msgs/include/create_msgs/create_msgs/msg/detail/charging_state__type_support.h
[1.446s] -- Up-to-date: /home/gixstudent/Desktop/Final_lab/robotics_navigation/install/create_msgs/include/create_msgs/create_msgs/msg/detail/charging_state__functions.c
[1.446s] -- Up-to-date: /home/gixstudent/Desktop/Final_lab/robotics_navigation/install/create_msgs/include/create_msgs/create_msgs/msg/detail/bumper__type_support.h
[1.446s] -- Up-to-date: /home/gixstudent/Desktop/Final_lab/robotics_navigation/install/create_msgs/include/create_msgs/create_msgs/msg/detail/charging_state__functions.h
[1.446s] -- Up-to-date: /home/gixstudent/Desktop/Final_lab/robotics_navigation/install/create_msgs/include/create_msgs/create_msgs/msg/bumper.h
[1.446s] -- Up-to-date: /home/gixstudent/Desktop/Final_lab/robotics_navigation/install/create_msgs/include/create_msgs/create_msgs/msg/motor_setpoint.h
[1.446s] -- Up-to-date: /home/gixstudent/Desktop/Final_lab/robotics_navigation/install/create_msgs/include/create_msgs/create_msgs/msg/rosidl_generator_c__visibility_control.h
[1.446s] -- Up-to-date: /home/gixstudent/Desktop/Final_lab/robotics_navigation/install/create_msgs/share/create_msgs/environment/library_path.sh
[1.447s] -- Up-to-date: /home/gixstudent/Desktop/Final_lab/robotics_navigation/install/create_msgs/share/create_msgs/environment/library_path.dsv
[1.450s] -- Up-to-date: /home/gixstudent/Desktop/Final_lab/robotics_navigation/install/create_msgs/lib/libcreate_msgs__rosidl_generator_c.so
[1.451s] -- Up-to-date: /home/gixstudent/Desktop/Final_lab/robotics_navigation/install/create_msgs/include/create_msgs/create_msgs
[1.451s] -- Up-to-date: /home/gixstudent/Desktop/Final_lab/robotics_navigation/install/create_msgs/include/create_msgs/create_msgs/msg
[1.453s] -- Up-to-date: /home/gixstudent/Desktop/Final_lab/robotics_navigation/install/create_msgs/include/create_msgs/create_msgs/msg/rosidl_typesupport_fastrtps_c__visibility_control.h
[1.453s] -- Up-to-date: /home/gixstudent/Desktop/Final_lab/robotics_navigation/install/create_msgs/include/create_msgs/create_msgs/msg/detail
[1.453s] -- Up-to-date: /home/gixstudent/Desktop/Final_lab/robotics_navigation/install/create_msgs/include/create_msgs/create_msgs/msg/detail/cliff__rosidl_typesupport_fastrtps_c.h
[1.453s] -- Up-to-date: /home/gixstudent/Desktop/Final_lab/robotics_navigation/install/create_msgs/include/create_msgs/create_msgs/msg/detail/play_song__rosidl_typesupport_fastrtps_c.h
[1.454s] -- Up-to-date: /home/gixstudent/Desktop/Final_lab/robotics_navigation/install/create_msgs/include/create_msgs/create_msgs/msg/detail/charging_state__rosidl_typesupport_fastrtps_c.h
[1.454s] -- Up-to-date: /home/gixstudent/Desktop/Final_lab/robotics_navigation/install/create_msgs/include/create_msgs/create_msgs/msg/detail/mode__rosidl_typesupport_fastrtps_c.h
[1.454s] -- Up-to-date: /home/gixstudent/Desktop/Final_lab/robotics_navigation/install/create_msgs/include/create_msgs/create_msgs/msg/detail/bumper__rosidl_typesupport_fastrtps_c.h
[1.454s] -- Up-to-date: /home/gixstudent/Desktop/Final_lab/robotics_navigation/install/create_msgs/include/create_msgs/create_msgs/msg/detail/motor_setpoint__rosidl_typesupport_fastrtps_c.h
[1.455s] -- Up-to-date: /home/gixstudent/Desktop/Final_lab/robotics_navigation/install/create_msgs/include/create_msgs/create_msgs/msg/detail/define_song__rosidl_typesupport_fastrtps_c.h
[1.455s] -- Up-to-date: /home/gixstudent/Desktop/Final_lab/robotics_navigation/install/create_msgs/lib/libcreate_msgs__rosidl_typesupport_fastrtps_c.so
[1.456s] -- Up-to-date: /home/gixstudent/Desktop/Final_lab/robotics_navigation/install/create_msgs/include/create_msgs/create_msgs
[1.457s] -- Up-to-date: /home/gixstudent/Desktop/Final_lab/robotics_navigation/install/create_msgs/include/create_msgs/create_msgs/msg
[1.457s] -- Up-to-date: /home/gixstudent/Desktop/Final_lab/robotics_navigation/install/create_msgs/include/create_msgs/create_msgs/msg/rosidl_typesupport_introspection_c__visibility_control.h
[1.458s] -- Up-to-date: /home/gixstudent/Desktop/Final_lab/robotics_navigation/install/create_msgs/include/create_msgs/create_msgs/msg/detail
[1.458s] -- Up-to-date: /home/gixstudent/Desktop/Final_lab/robotics_navigation/install/create_msgs/include/create_msgs/create_msgs/msg/detail/cliff__type_support.c
[1.458s] -- Up-to-date: /home/gixstudent/Desktop/Final_lab/robotics_navigation/install/create_msgs/include/create_msgs/create_msgs/msg/detail/charging_state__type_support.c
[1.458s] -- Up-to-date: /home/gixstudent/Desktop/Final_lab/robotics_navigation/install/create_msgs/include/create_msgs/create_msgs/msg/detail/bumper__rosidl_typesupport_introspection_c.h
[1.458s] -- Up-to-date: /home/gixstudent/Desktop/Final_lab/robotics_navigation/install/create_msgs/include/create_msgs/create_msgs/msg/detail/charging_state__rosidl_typesupport_introspection_c.h
[1.458s] -- Up-to-date: /home/gixstudent/Desktop/Final_lab/robotics_navigation/install/create_msgs/include/create_msgs/create_msgs/msg/detail/define_song__rosidl_typesupport_introspection_c.h
[1.458s] -- Up-to-date: /home/gixstudent/Desktop/Final_lab/robotics_navigation/install/create_msgs/include/create_msgs/create_msgs/msg/detail/bumper__type_support.c
[1.459s] -- Up-to-date: /home/gixstudent/Desktop/Final_lab/robotics_navigation/install/create_msgs/include/create_msgs/create_msgs/msg/detail/cliff__rosidl_typesupport_introspection_c.h
[1.459s] -- Up-to-date: /home/gixstudent/Desktop/Final_lab/robotics_navigation/install/create_msgs/include/create_msgs/create_msgs/msg/detail/mode__type_support.c
[1.459s] -- Up-to-date: /home/gixstudent/Desktop/Final_lab/robotics_navigation/install/create_msgs/include/create_msgs/create_msgs/msg/detail/play_song__rosidl_typesupport_introspection_c.h
[1.459s] -- Up-to-date: /home/gixstudent/Desktop/Final_lab/robotics_navigation/install/create_msgs/include/create_msgs/create_msgs/msg/detail/motor_setpoint__rosidl_typesupport_introspection_c.h
[1.459s] -- Up-to-date: /home/gixstudent/Desktop/Final_lab/robotics_navigation/install/create_msgs/include/create_msgs/create_msgs/msg/detail/motor_setpoint__type_support.c
[1.459s] -- Up-to-date: /home/gixstudent/Desktop/Final_lab/robotics_navigation/install/create_msgs/include/create_msgs/create_msgs/msg/detail/define_song__type_support.c
[1.460s] -- Up-to-date: /home/gixstudent/Desktop/Final_lab/robotics_navigation/install/create_msgs/include/create_msgs/create_msgs/msg/detail/mode__rosidl_typesupport_introspection_c.h
[1.460s] -- Up-to-date: /home/gixstudent/Desktop/Final_lab/robotics_navigation/install/create_msgs/include/create_msgs/create_msgs/msg/detail/play_song__type_support.c
[1.461s] -- Up-to-date: /home/gixstudent/Desktop/Final_lab/robotics_navigation/install/create_msgs/lib/libcreate_msgs__rosidl_typesupport_introspection_c.so
[1.462s] -- Up-to-date: /home/gixstudent/Desktop/Final_lab/robotics_navigation/install/create_msgs/lib/libcreate_msgs__rosidl_typesupport_c.so
[1.462s] -- Up-to-date: /home/gixstudent/Desktop/Final_lab/robotics_navigation/install/create_msgs/include/create_msgs/create_msgs
[1.463s] -- Up-to-date: /home/gixstudent/Desktop/Final_lab/robotics_navigation/install/create_msgs/include/create_msgs/create_msgs/msg
[1.463s] -- Up-to-date: /home/gixstudent/Desktop/Final_lab/robotics_navigation/install/create_msgs/include/create_msgs/create_msgs/msg/bumper.hpp
[1.463s] -- Up-to-date: /home/gixstudent/Desktop/Final_lab/robotics_navigation/install/create_msgs/include/create_msgs/create_msgs/msg/cliff.hpp
[1.463s] -- Up-to-date: /home/gixstudent/Desktop/Final_lab/robotics_navigation/install/create_msgs/include/create_msgs/create_msgs/msg/detail
[1.464s] -- Up-to-date: /home/gixstudent/Desktop/Final_lab/robotics_navigation/install/create_msgs/include/create_msgs/create_msgs/msg/detail/mode__traits.hpp
[1.464s] -- Up-to-date: /home/gixstudent/Desktop/Final_lab/robotics_navigation/install/create_msgs/include/create_msgs/create_msgs/msg/detail/define_song__struct.hpp
[1.464s] -- Up-to-date: /home/gixstudent/Desktop/Final_lab/robotics_navigation/install/create_msgs/include/create_msgs/create_msgs/msg/detail/bumper__traits.hpp
[1.465s] -- Up-to-date: /home/gixstudent/Desktop/Final_lab/robotics_navigation/install/create_msgs/include/create_msgs/create_msgs/msg/detail/cliff__type_support.hpp
[1.465s] -- Up-to-date: /home/gixstudent/Desktop/Final_lab/robotics_navigation/install/create_msgs/include/create_msgs/create_msgs/msg/detail/bumper__builder.hpp
[1.465s] -- Up-to-date: /home/gixstudent/Desktop/Final_lab/robotics_navigation/install/create_msgs/include/create_msgs/create_msgs/msg/detail/cliff__builder.hpp
[1.465s] -- Up-to-date: /home/gixstudent/Desktop/Final_lab/robotics_navigation/install/create_msgs/include/create_msgs/create_msgs/msg/detail/motor_setpoint__struct.hpp
[1.465s] -- Up-to-date: /home/gixstudent/Desktop/Final_lab/robotics_navigation/install/create_msgs/include/create_msgs/create_msgs/msg/detail/charging_state__builder.hpp
[1.465s] -- Up-to-date: /home/gixstudent/Desktop/Final_lab/robotics_navigation/install/create_msgs/include/create_msgs/create_msgs/msg/detail/charging_state__type_support.hpp
[1.465s] -- Up-to-date: /home/gixstudent/Desktop/Final_lab/robotics_navigation/install/create_msgs/include/create_msgs/create_msgs/msg/detail/play_song__builder.hpp
[1.466s] -- Up-to-date: /home/gixstudent/Desktop/Final_lab/robotics_navigation/install/create_msgs/include/create_msgs/create_msgs/msg/detail/charging_state__struct.hpp
[1.466s] -- Up-to-date: /home/gixstudent/Desktop/Final_lab/robotics_navigation/install/create_msgs/include/create_msgs/create_msgs/msg/detail/play_song__traits.hpp
[1.466s] -- Up-to-date: /home/gixstudent/Desktop/Final_lab/robotics_navigation/install/create_msgs/include/create_msgs/create_msgs/msg/detail/define_song__type_support.hpp
[1.466s] -- Up-to-date: /home/gixstudent/Desktop/Final_lab/robotics_navigation/install/create_msgs/include/create_msgs/create_msgs/msg/detail/play_song__type_support.hpp
[1.466s] -- Up-to-date: /home/gixstudent/Desktop/Final_lab/robotics_navigation/install/create_msgs/include/create_msgs/create_msgs/msg/detail/define_song__builder.hpp
[1.466s] -- Up-to-date: /home/gixstudent/Desktop/Final_lab/robotics_navigation/install/create_msgs/include/create_msgs/create_msgs/msg/detail/cliff__traits.hpp
[1.466s] -- Up-to-date: /home/gixstudent/Desktop/Final_lab/robotics_navigation/install/create_msgs/include/create_msgs/create_msgs/msg/detail/motor_setpoint__type_support.hpp
[1.467s] -- Up-to-date: /home/gixstudent/Desktop/Final_lab/robotics_navigation/install/create_msgs/include/create_msgs/create_msgs/msg/detail/bumper__struct.hpp
[1.467s] -- Up-to-date: /home/gixstudent/Desktop/Final_lab/robotics_navigation/install/create_msgs/include/create_msgs/create_msgs/msg/detail/bumper__type_support.hpp
[1.467s] -- Up-to-date: /home/gixstudent/Desktop/Final_lab/robotics_navigation/install/create_msgs/include/create_msgs/create_msgs/msg/detail/mode__builder.hpp
[1.467s] -- Up-to-date: /home/gixstudent/Desktop/Final_lab/robotics_navigation/install/create_msgs/include/create_msgs/create_msgs/msg/detail/mode__type_support.hpp
[1.468s] -- Up-to-date: /home/gixstudent/Desktop/Final_lab/robotics_navigation/install/create_msgs/include/create_msgs/create_msgs/msg/detail/charging_state__traits.hpp
[1.468s] -- Up-to-date: /home/gixstudent/Desktop/Final_lab/robotics_navigation/install/create_msgs/include/create_msgs/create_msgs/msg/detail/define_song__traits.hpp
[1.468s] -- Up-to-date: /home/gixstudent/Desktop/Final_lab/robotics_navigation/install/create_msgs/include/create_msgs/create_msgs/msg/detail/motor_setpoint__traits.hpp
[1.468s] -- Up-to-date: /home/gixstudent/Desktop/Final_lab/robotics_navigation/install/create_msgs/include/create_msgs/create_msgs/msg/detail/play_song__struct.hpp
[1.468s] -- Up-to-date: /home/gixstudent/Desktop/Final_lab/robotics_navigation/install/create_msgs/include/create_msgs/create_msgs/msg/detail/cliff__struct.hpp
[1.468s] -- Up-to-date: /home/gixstudent/Desktop/Final_lab/robotics_navigation/install/create_msgs/include/create_msgs/create_msgs/msg/detail/mode__struct.hpp
[1.468s] -- Up-to-date: /home/gixstudent/Desktop/Final_lab/robotics_navigation/install/create_msgs/include/create_msgs/create_msgs/msg/detail/motor_setpoint__builder.hpp
[1.469s] -- Up-to-date: /home/gixstudent/Desktop/Final_lab/robotics_navigation/install/create_msgs/include/create_msgs/create_msgs/msg/mode.hpp
[1.469s] -- Up-to-date: /home/gixstudent/Desktop/Final_lab/robotics_navigation/install/create_msgs/include/create_msgs/create_msgs/msg/charging_state.hpp
[1.469s] -- Up-to-date: /home/gixstudent/Desktop/Final_lab/robotics_navigation/install/create_msgs/include/create_msgs/create_msgs/msg/define_song.hpp
[1.469s] -- Up-to-date: /home/gixstudent/Desktop/Final_lab/robotics_navigation/install/create_msgs/include/create_msgs/create_msgs/msg/rosidl_generator_cpp__visibility_control.hpp
[1.469s] -- Up-to-date: /home/gixstudent/Desktop/Final_lab/robotics_navigation/install/create_msgs/include/create_msgs/create_msgs/msg/motor_setpoint.hpp
[1.470s] -- Up-to-date: /home/gixstudent/Desktop/Final_lab/robotics_navigation/install/create_msgs/include/create_msgs/create_msgs/msg/play_song.hpp
[1.470s] -- Up-to-date: /home/gixstudent/Desktop/Final_lab/robotics_navigation/install/create_msgs/include/create_msgs/create_msgs
[1.471s] -- Up-to-date: /home/gixstudent/Desktop/Final_lab/robotics_navigation/install/create_msgs/include/create_msgs/create_msgs/msg
[1.471s] -- Up-to-date: /home/gixstudent/Desktop/Final_lab/robotics_navigation/install/create_msgs/include/create_msgs/create_msgs/msg/rosidl_typesupport_fastrtps_cpp__visibility_control.h
[1.471s] -- Up-to-date: /home/gixstudent/Desktop/Final_lab/robotics_navigation/install/create_msgs/include/create_msgs/create_msgs/msg/detail
[1.471s] -- Up-to-date: /home/gixstudent/Desktop/Final_lab/robotics_navigation/install/create_msgs/include/create_msgs/create_msgs/msg/detail/dds_fastrtps
[1.472s] -- Up-to-date: /home/gixstudent/Desktop/Final_lab/robotics_navigation/install/create_msgs/include/create_msgs/create_msgs/msg/detail/play_song__rosidl_typesupport_fastrtps_cpp.hpp
[1.472s] -- Up-to-date: /home/gixstudent/Desktop/Final_lab/robotics_navigation/install/create_msgs/include/create_msgs/create_msgs/msg/detail/charging_state__rosidl_typesupport_fastrtps_cpp.hpp
[1.472s] -- Up-to-date: /home/gixstudent/Desktop/Final_lab/robotics_navigation/install/create_msgs/include/create_msgs/create_msgs/msg/detail/cliff__rosidl_typesupport_fastrtps_cpp.hpp
[1.472s] -- Up-to-date: /home/gixstudent/Desktop/Final_lab/robotics_navigation/install/create_msgs/include/create_msgs/create_msgs/msg/detail/bumper__rosidl_typesupport_fastrtps_cpp.hpp
[1.472s] -- Up-to-date: /home/gixstudent/Desktop/Final_lab/robotics_navigation/install/create_msgs/include/create_msgs/create_msgs/msg/detail/motor_setpoint__rosidl_typesupport_fastrtps_cpp.hpp
[1.473s] -- Up-to-date: /home/gixstudent/Desktop/Final_lab/robotics_navigation/install/create_msgs/include/create_msgs/create_msgs/msg/detail/define_song__rosidl_typesupport_fastrtps_cpp.hpp
[1.473s] -- Up-to-date: /home/gixstudent/Desktop/Final_lab/robotics_navigation/install/create_msgs/include/create_msgs/create_msgs/msg/detail/mode__rosidl_typesupport_fastrtps_cpp.hpp
[1.473s] -- Up-to-date: /home/gixstudent/Desktop/Final_lab/robotics_navigation/install/create_msgs/lib/libcreate_msgs__rosidl_typesupport_fastrtps_cpp.so
[1.473s] -- Up-to-date: /home/gixstudent/Desktop/Final_lab/robotics_navigation/install/create_msgs/include/create_msgs/create_msgs
[1.473s] -- Up-to-date: /home/gixstudent/Desktop/Final_lab/robotics_navigation/install/create_msgs/include/create_msgs/create_msgs/msg
[1.474s] -- Up-to-date: /home/gixstudent/Desktop/Final_lab/robotics_navigation/install/create_msgs/include/create_msgs/create_msgs/msg/detail
[1.474s] -- Up-to-date: /home/gixstudent/Desktop/Final_lab/robotics_navigation/install/create_msgs/include/create_msgs/create_msgs/msg/detail/define_song__rosidl_typesupport_introspection_cpp.hpp
[1.474s] -- Up-to-date: /home/gixstudent/Desktop/Final_lab/robotics_navigation/install/create_msgs/include/create_msgs/create_msgs/msg/detail/mode__rosidl_typesupport_introspection_cpp.hpp
[1.474s] -- Up-to-date: /home/gixstudent/Desktop/Final_lab/robotics_navigation/install/create_msgs/include/create_msgs/create_msgs/msg/detail/cliff__rosidl_typesupport_introspection_cpp.hpp
[1.474s] -- Up-to-date: /home/gixstudent/Desktop/Final_lab/robotics_navigation/install/create_msgs/include/create_msgs/create_msgs/msg/detail/mode__type_support.cpp
[1.474s] -- Up-to-date: /home/gixstudent/Desktop/Final_lab/robotics_navigation/install/create_msgs/include/create_msgs/create_msgs/msg/detail/motor_setpoint__rosidl_typesupport_introspection_cpp.hpp
[1.475s] -- Up-to-date: /home/gixstudent/Desktop/Final_lab/robotics_navigation/install/create_msgs/include/create_msgs/create_msgs/msg/detail/define_song__type_support.cpp
[1.475s] -- Up-to-date: /home/gixstudent/Desktop/Final_lab/robotics_navigation/install/create_msgs/include/create_msgs/create_msgs/msg/detail/cliff__type_support.cpp
[1.475s] -- Up-to-date: /home/gixstudent/Desktop/Final_lab/robotics_navigation/install/create_msgs/include/create_msgs/create_msgs/msg/detail/bumper__type_support.cpp
[1.475s] -- Up-to-date: /home/gixstudent/Desktop/Final_lab/robotics_navigation/install/create_msgs/include/create_msgs/create_msgs/msg/detail/motor_setpoint__type_support.cpp
[1.476s] -- Up-to-date: /home/gixstudent/Desktop/Final_lab/robotics_navigation/install/create_msgs/include/create_msgs/create_msgs/msg/detail/bumper__rosidl_typesupport_introspection_cpp.hpp
[1.476s] -- Up-to-date: /home/gixstudent/Desktop/Final_lab/robotics_navigation/install/create_msgs/include/create_msgs/create_msgs/msg/detail/play_song__rosidl_typesupport_introspection_cpp.hpp
[1.476s] -- Up-to-date: /home/gixstudent/Desktop/Final_lab/robotics_navigation/install/create_msgs/include/create_msgs/create_msgs/msg/detail/charging_state__rosidl_typesupport_introspection_cpp.hpp
[1.476s] -- Up-to-date: /home/gixstudent/Desktop/Final_lab/robotics_navigation/install/create_msgs/include/create_msgs/create_msgs/msg/detail/charging_state__type_support.cpp
[1.476s] -- Up-to-date: /home/gixstudent/Desktop/Final_lab/robotics_navigation/install/create_msgs/include/create_msgs/create_msgs/msg/detail/play_song__type_support.cpp
[1.477s] -- Up-to-date: /home/gixstudent/Desktop/Final_lab/robotics_navigation/install/create_msgs/lib/libcreate_msgs__rosidl_typesupport_introspection_cpp.so
[1.477s] -- Up-to-date: /home/gixstudent/Desktop/Final_lab/robotics_navigation/install/create_msgs/lib/libcreate_msgs__rosidl_typesupport_cpp.so
[1.478s] -- Up-to-date: /home/gixstudent/Desktop/Final_lab/robotics_navigation/install/create_msgs/share/create_msgs/environment/pythonpath.sh
[1.478s] -- Up-to-date: /home/gixstudent/Desktop/Final_lab/robotics_navigation/install/create_msgs/share/create_msgs/environment/pythonpath.dsv
[1.478s] -- Up-to-date: /home/gixstudent/Desktop/Final_lab/robotics_navigation/install/create_msgs/local/lib/python3.10/dist-packages/create_msgs-3.1.0-py3.10.egg-info
[1.478s] -- Installing: /home/gixstudent/Desktop/Final_lab/robotics_navigation/install/create_msgs/local/lib/python3.10/dist-packages/create_msgs-3.1.0-py3.10.egg-info/dependency_links.txt
[1.478s] -- Installing: /home/gixstudent/Desktop/Final_lab/robotics_navigation/install/create_msgs/local/lib/python3.10/dist-packages/create_msgs-3.1.0-py3.10.egg-info/SOURCES.txt
[1.479s] -- Installing: /home/gixstudent/Desktop/Final_lab/robotics_navigation/install/create_msgs/local/lib/python3.10/dist-packages/create_msgs-3.1.0-py3.10.egg-info/top_level.txt
[1.479s] -- Installing: /home/gixstudent/Desktop/Final_lab/robotics_navigation/install/create_msgs/local/lib/python3.10/dist-packages/create_msgs-3.1.0-py3.10.egg-info/PKG-INFO
[1.479s] -- Up-to-date: /home/gixstudent/Desktop/Final_lab/robotics_navigation/install/create_msgs/local/lib/python3.10/dist-packages/create_msgs
[1.479s] -- Up-to-date: /home/gixstudent/Desktop/Final_lab/robotics_navigation/install/create_msgs/local/lib/python3.10/dist-packages/create_msgs/__init__.py
[1.480s] -- Up-to-date: /home/gixstudent/Desktop/Final_lab/robotics_navigation/install/create_msgs/local/lib/python3.10/dist-packages/create_msgs/create_msgs_s__rosidl_typesupport_c.cpython-310-x86_64-linux-gnu.so
[1.480s] -- Up-to-date: /home/gixstudent/Desktop/Final_lab/robotics_navigation/install/create_msgs/local/lib/python3.10/dist-packages/create_msgs/libcreate_msgs__rosidl_generator_py.so
[1.480s] -- Up-to-date: /home/gixstudent/Desktop/Final_lab/robotics_navigation/install/create_msgs/local/lib/python3.10/dist-packages/create_msgs/msg
[1.480s] -- Up-to-date: /home/gixstudent/Desktop/Final_lab/robotics_navigation/install/create_msgs/local/lib/python3.10/dist-packages/create_msgs/msg/_charging_state_s.c
[1.480s] -- Up-to-date: /home/gixstudent/Desktop/Final_lab/robotics_navigation/install/create_msgs/local/lib/python3.10/dist-packages/create_msgs/msg/_mode_s.c
[1.481s] -- Up-to-date: /home/gixstudent/Desktop/Final_lab/robotics_navigation/install/create_msgs/local/lib/python3.10/dist-packages/create_msgs/msg/_mode.py
[1.481s] -- Up-to-date: /home/gixstudent/Desktop/Final_lab/robotics_navigation/install/create_msgs/local/lib/python3.10/dist-packages/create_msgs/msg/_define_song_s.c
[1.481s] -- Up-to-date: /home/gixstudent/Desktop/Final_lab/robotics_navigation/install/create_msgs/local/lib/python3.10/dist-packages/create_msgs/msg/__init__.py
[1.481s] -- Up-to-date: /home/gixstudent/Desktop/Final_lab/robotics_navigation/install/create_msgs/local/lib/python3.10/dist-packages/create_msgs/msg/_motor_setpoint.py
[1.481s] -- Up-to-date: /home/gixstudent/Desktop/Final_lab/robotics_navigation/install/create_msgs/local/lib/python3.10/dist-packages/create_msgs/msg/_cliff.py
[1.481s] -- Up-to-date: /home/gixstudent/Desktop/Final_lab/robotics_navigation/install/create_msgs/local/lib/python3.10/dist-packages/create_msgs/msg/_motor_setpoint_s.c
[1.481s] -- Up-to-date: /home/gixstudent/Desktop/Final_lab/robotics_navigation/install/create_msgs/local/lib/python3.10/dist-packages/create_msgs/msg/_cliff_s.c
[1.481s] -- Up-to-date: /home/gixstudent/Desktop/Final_lab/robotics_navigation/install/create_msgs/local/lib/python3.10/dist-packages/create_msgs/msg/_define_song.py
[1.482s] -- Up-to-date: /home/gixstudent/Desktop/Final_lab/robotics_navigation/install/create_msgs/local/lib/python3.10/dist-packages/create_msgs/msg/_bumper_s.c
[1.482s] -- Up-to-date: /home/gixstudent/Desktop/Final_lab/robotics_navigation/install/create_msgs/local/lib/python3.10/dist-packages/create_msgs/msg/_play_song.py
[1.482s] -- Up-to-date: /home/gixstudent/Desktop/Final_lab/robotics_navigation/install/create_msgs/local/lib/python3.10/dist-packages/create_msgs/msg/_charging_state.py
[1.482s] -- Up-to-date: /home/gixstudent/Desktop/Final_lab/robotics_navigation/install/create_msgs/local/lib/python3.10/dist-packages/create_msgs/msg/_play_song_s.c
[1.482s] -- Up-to-date: /home/gixstudent/Desktop/Final_lab/robotics_navigation/install/create_msgs/local/lib/python3.10/dist-packages/create_msgs/msg/_bumper.py
[1.482s] -- Up-to-date: /home/gixstudent/Desktop/Final_lab/robotics_navigation/install/create_msgs/local/lib/python3.10/dist-packages/create_msgs/create_msgs_s__rosidl_typesupport_fastrtps_c.cpython-310-x86_64-linux-gnu.so
[1.482s] -- Up-to-date: /home/gixstudent/Desktop/Final_lab/robotics_navigation/install/create_msgs/local/lib/python3.10/dist-packages/create_msgs/_create_msgs_s.ep.rosidl_typesupport_c.c
[1.483s] -- Up-to-date: /home/gixstudent/Desktop/Final_lab/robotics_navigation/install/create_msgs/local/lib/python3.10/dist-packages/create_msgs/_create_msgs_s.ep.rosidl_typesupport_fastrtps_c.c
[1.483s] -- Up-to-date: /home/gixstudent/Desktop/Final_lab/robotics_navigation/install/create_msgs/local/lib/python3.10/dist-packages/create_msgs/create_msgs_s__rosidl_typesupport_introspection_c.cpython-310-x86_64-linux-gnu.so
[1.483s] -- Up-to-date: /home/gixstudent/Desktop/Final_lab/robotics_navigation/install/create_msgs/local/lib/python3.10/dist-packages/create_msgs/_create_msgs_s.ep.rosidl_typesupport_introspection_c.c
[1.517s] Listing '/home/gixstudent/Desktop/Final_lab/robotics_navigation/install/create_msgs/local/lib/python3.10/dist-packages/create_msgs'...
[1.517s] Listing '/home/gixstudent/Desktop/Final_lab/robotics_navigation/install/create_msgs/local/lib/python3.10/dist-packages/create_msgs/msg'...
[1.533s] -- Up-to-date: /home/gixstudent/Desktop/Final_lab/robotics_navigation/install/create_msgs/local/lib/python3.10/dist-packages/create_msgs/create_msgs_s__rosidl_typesupport_fastrtps_c.cpython-310-x86_64-linux-gnu.so
[1.534s] -- Up-to-date: /home/gixstudent/Desktop/Final_lab/robotics_navigation/install/create_msgs/local/lib/python3.10/dist-packages/create_msgs/create_msgs_s__rosidl_typesupport_introspection_c.cpython-310-x86_64-linux-gnu.so
[1.535s] -- Up-to-date: /home/gixstudent/Desktop/Final_lab/robotics_navigation/install/create_msgs/local/lib/python3.10/dist-packages/create_msgs/create_msgs_s__rosidl_typesupport_c.cpython-310-x86_64-linux-gnu.so
[1.536s] -- Up-to-date: /home/gixstudent/Desktop/Final_lab/robotics_navigation/install/create_msgs/lib/libcreate_msgs__rosidl_generator_py.so
[1.536s] -- Up-to-date: /home/gixstudent/Desktop/Final_lab/robotics_navigation/install/create_msgs/share/create_msgs/msg/Bumper.idl
[1.536s] -- Up-to-date: /home/gixstudent/Desktop/Final_lab/robotics_navigation/install/create_msgs/share/create_msgs/msg/ChargingState.idl
[1.537s] -- Up-to-date: /home/gixstudent/Desktop/Final_lab/robotics_navigation/install/create_msgs/share/create_msgs/msg/DefineSong.idl
[1.537s] -- Up-to-date: /home/gixstudent/Desktop/Final_lab/robotics_navigation/install/create_msgs/share/create_msgs/msg/Mode.idl
[1.538s] -- Up-to-date: /home/gixstudent/Desktop/Final_lab/robotics_navigation/install/create_msgs/share/create_msgs/msg/PlaySong.idl
[1.538s] -- Up-to-date: /home/gixstudent/Desktop/Final_lab/robotics_navigation/install/create_msgs/share/create_msgs/msg/MotorSetpoint.idl
[1.538s] -- Up-to-date: /home/gixstudent/Desktop/Final_lab/robotics_navigation/install/create_msgs/share/create_msgs/msg/Cliff.idl
[1.538s] -- Up-to-date: /home/gixstudent/Desktop/Final_lab/robotics_navigation/install/create_msgs/share/create_msgs/msg/Bumper.msg
[1.538s] -- Up-to-date: /home/gixstudent/Desktop/Final_lab/robotics_navigation/install/create_msgs/share/create_msgs/msg/ChargingState.msg
[1.538s] -- Up-to-date: /home/gixstudent/Desktop/Final_lab/robotics_navigation/install/create_msgs/share/create_msgs/msg/DefineSong.msg
[1.538s] -- Up-to-date: /home/gixstudent/Desktop/Final_lab/robotics_navigation/install/create_msgs/share/create_msgs/msg/Mode.msg
[1.539s] -- Up-to-date: /home/gixstudent/Desktop/Final_lab/robotics_navigation/install/create_msgs/share/create_msgs/msg/PlaySong.msg
[1.539s] -- Up-to-date: /home/gixstudent/Desktop/Final_lab/robotics_navigation/install/create_msgs/share/create_msgs/msg/MotorSetpoint.msg
[1.539s] -- Up-to-date: /home/gixstudent/Desktop/Final_lab/robotics_navigation/install/create_msgs/share/create_msgs/msg/Cliff.msg
[1.539s] -- Up-to-date: /home/gixstudent/Desktop/Final_lab/robotics_navigation/install/create_msgs/share/ament_index/resource_index/package_run_dependencies/create_msgs
[1.539s] -- Up-to-date: /home/gixstudent/Desktop/Final_lab/robotics_navigation/install/create_msgs/share/ament_index/resource_index/parent_prefix_path/create_msgs
[1.539s] -- Up-to-date: /home/gixstudent/Desktop/Final_lab/robotics_navigation/install/create_msgs/share/create_msgs/environment/ament_prefix_path.sh
[1.539s] -- Up-to-date: /home/gixstudent/Desktop/Final_lab/robotics_navigation/install/create_msgs/share/create_msgs/environment/ament_prefix_path.dsv
[1.539s] -- Up-to-date: /home/gixstudent/Desktop/Final_lab/robotics_navigation/install/create_msgs/share/create_msgs/environment/path.sh
[1.540s] -- Up-to-date: /home/gixstudent/Desktop/Final_lab/robotics_navigation/install/create_msgs/share/create_msgs/environment/path.dsv
[1.540s] -- Up-to-date: /home/gixstudent/Desktop/Final_lab/robotics_navigation/install/create_msgs/share/create_msgs/local_setup.bash
[1.540s] -- Up-to-date: /home/gixstudent/Desktop/Final_lab/robotics_navigation/install/create_msgs/share/create_msgs/local_setup.sh
[1.540s] -- Up-to-date: /home/gixstudent/Desktop/Final_lab/robotics_navigation/install/create_msgs/share/create_msgs/local_setup.zsh
[1.540s] -- Up-to-date: /home/gixstudent/Desktop/Final_lab/robotics_navigation/install/create_msgs/share/create_msgs/local_setup.dsv
[1.540s] -- Installing: /home/gixstudent/Desktop/Final_lab/robotics_navigation/install/create_msgs/share/create_msgs/package.dsv
[1.540s] -- Up-to-date: /home/gixstudent/Desktop/Final_lab/robotics_navigation/install/create_msgs/share/ament_index/resource_index/packages/create_msgs
[1.540s] -- Up-to-date: /home/gixstudent/Desktop/Final_lab/robotics_navigation/install/create_msgs/share/create_msgs/cmake/export_create_msgs__rosidl_generator_cExport.cmake
[1.541s] -- Up-to-date: /home/gixstudent/Desktop/Final_lab/robotics_navigation/install/create_msgs/share/create_msgs/cmake/export_create_msgs__rosidl_generator_cExport-noconfig.cmake
[1.541s] -- Up-to-date: /home/gixstudent/Desktop/Final_lab/robotics_navigation/install/create_msgs/share/create_msgs/cmake/export_create_msgs__rosidl_typesupport_fastrtps_cExport.cmake
[1.541s] -- Up-to-date: /home/gixstudent/Desktop/Final_lab/robotics_navigation/install/create_msgs/share/create_msgs/cmake/export_create_msgs__rosidl_typesupport_fastrtps_cExport-noconfig.cmake
[1.541s] -- Up-to-date: /home/gixstudent/Desktop/Final_lab/robotics_navigation/install/create_msgs/share/create_msgs/cmake/create_msgs__rosidl_typesupport_introspection_cExport.cmake
[1.541s] -- Up-to-date: /home/gixstudent/Desktop/Final_lab/robotics_navigation/install/create_msgs/share/create_msgs/cmake/create_msgs__rosidl_typesupport_introspection_cExport-noconfig.cmake
[1.541s] -- Up-to-date: /home/gixstudent/Desktop/Final_lab/robotics_navigation/install/create_msgs/share/create_msgs/cmake/create_msgs__rosidl_typesupport_cExport.cmake
[1.542s] -- Up-to-date: /home/gixstudent/Desktop/Final_lab/robotics_navigation/install/create_msgs/share/create_msgs/cmake/create_msgs__rosidl_typesupport_cExport-noconfig.cmake
[1.542s] -- Up-to-date: /home/gixstudent/Desktop/Final_lab/robotics_navigation/install/create_msgs/share/create_msgs/cmake/export_create_msgs__rosidl_generator_cppExport.cmake
[1.542s] -- Up-to-date: /home/gixstudent/Desktop/Final_lab/robotics_navigation/install/create_msgs/share/create_msgs/cmake/export_create_msgs__rosidl_typesupport_fastrtps_cppExport.cmake
[1.542s] -- Up-to-date: /home/gixstudent/Desktop/Final_lab/robotics_navigation/install/create_msgs/share/create_msgs/cmake/export_create_msgs__rosidl_typesupport_fastrtps_cppExport-noconfig.cmake
[1.543s] -- Up-to-date: /home/gixstudent/Desktop/Final_lab/robotics_navigation/install/create_msgs/share/create_msgs/cmake/create_msgs__rosidl_typesupport_introspection_cppExport.cmake
[1.543s] -- Up-to-date: /home/gixstudent/Desktop/Final_lab/robotics_navigation/install/create_msgs/share/create_msgs/cmake/create_msgs__rosidl_typesupport_introspection_cppExport-noconfig.cmake
[1.544s] -- Up-to-date: /home/gixstudent/Desktop/Final_lab/robotics_navigation/install/create_msgs/share/create_msgs/cmake/create_msgs__rosidl_typesupport_cppExport.cmake
[1.544s] -- Up-to-date: /home/gixstudent/Desktop/Final_lab/robotics_navigation/install/create_msgs/share/create_msgs/cmake/create_msgs__rosidl_typesupport_cppExport-noconfig.cmake
[1.545s] -- Up-to-date: /home/gixstudent/Desktop/Final_lab/robotics_navigation/install/create_msgs/share/create_msgs/cmake/export_create_msgs__rosidl_generator_pyExport.cmake
[1.546s] -- Up-to-date: /home/gixstudent/Desktop/Final_lab/robotics_navigation/install/create_msgs/share/create_msgs/cmake/export_create_msgs__rosidl_generator_pyExport-noconfig.cmake
[1.546s] -- Up-to-date: /home/gixstudent/Desktop/Final_lab/robotics_navigation/install/create_msgs/share/create_msgs/cmake/rosidl_cmake-extras.cmake
[1.546s] -- Up-to-date: /home/gixstudent/Desktop/Final_lab/robotics_navigation/install/create_msgs/share/create_msgs/cmake/ament_cmake_export_dependencies-extras.cmake
[1.546s] -- Up-to-date: /home/gixstudent/Desktop/Final_lab/robotics_navigation/install/create_msgs/share/create_msgs/cmake/ament_cmake_export_include_directories-extras.cmake
[1.546s] -- Up-to-date: /home/gixstudent/Desktop/Final_lab/robotics_navigation/install/create_msgs/share/create_msgs/cmake/ament_cmake_export_libraries-extras.cmake
[1.546s] -- Up-to-date: /home/gixstudent/Desktop/Final_lab/robotics_navigation/install/create_msgs/share/create_msgs/cmake/ament_cmake_export_targets-extras.cmake
[1.547s] -- Up-to-date: /home/gixstudent/Desktop/Final_lab/robotics_navigation/install/create_msgs/share/create_msgs/cmake/rosidl_cmake_export_typesupport_targets-extras.cmake
[1.547s] -- Up-to-date: /home/gixstudent/Desktop/Final_lab/robotics_navigation/install/create_msgs/share/create_msgs/cmake/rosidl_cmake_export_typesupport_libraries-extras.cmake
[1.547s] -- Up-to-date: /home/gixstudent/Desktop/Final_lab/robotics_navigation/install/create_msgs/share/create_msgs/cmake/create_msgsConfig.cmake
[1.547s] -- Up-to-date: /home/gixstudent/Desktop/Final_lab/robotics_navigation/install/create_msgs/share/create_msgs/cmake/create_msgsConfig-version.cmake
[1.547s] -- Up-to-date: /home/gixstudent/Desktop/Final_lab/robotics_navigation/install/create_msgs/share/create_msgs/package.xml
[1.887s] Invoked command in '/home/gixstudent/Desktop/Final_lab/robotics_navigation/build/create_msgs' returned '0': CMAKE_PREFIX_PATH=/opt/ros/humble /usr/bin/cmake --install /home/gixstudent/Desktop/Final_lab/robotics_navigation/build/create_msgs
