[0.036s] Invoking command in '/home/gixstudent/Desktop/Final lab/robotics_navigation/build/turtlebot3_navigation2': /usr/bin/cmake /home/gixstudent/Desktop/Final lab/robotics_navigation/src/turtlebot3/turtlebot3_navigation2 -DCMAKE_INSTALL_PREFIX=/home/gixstudent/Desktop/Final lab/robotics_navigation/install/turtlebot3_navigation2
[0.437s] -- The C compiler identification is GNU 11.4.0
[0.590s] -- The CXX compiler identification is GNU 11.4.0
[0.603s] -- Detecting C compiler ABI info
[0.724s] -- Detecting C compiler ABI info - done
[0.745s] -- Check for working C compiler: /usr/bin/cc - skipped
[0.745s] -- Detecting C compile features
[0.748s] -- Detecting C compile features - done
[0.753s] -- Detecting CXX compiler ABI info
[0.914s] -- Detecting CXX compiler ABI info - done
[0.940s] -- Check for working CXX compiler: /usr/bin/c++ - skipped
[0.941s] -- Detecting CXX compile features
[0.942s] -- Detecting CXX compile features - done
[0.965s] [31mCMake Error at CMakeLists.txt:14 (find_package):
[0.966s]   By not providing "Findament_cmake.cmake" in CMAKE_MODULE_PATH this project
[0.966s]   has asked CMake to find a package configuration file provided by
[0.966s]   "ament_cmake", but CMake did not find one.
[0.966s] 
[0.966s]   Could not find a package configuration file provided by "ament_cmake" with
[0.966s]   any of the following names:
[0.966s] 
[0.967s]     ament_cmakeConfig.cmake
[0.967s]     ament_cmake-config.cmake
[0.967s] 
[0.967s]   Add the installation prefix of "ament_cmake" to CMAKE_PREFIX_PATH or set
[0.967s]   "ament_cmake_DIR" to a directory containing one of the above files.  If
[0.968s]   "ament_cmake" provides a separate development package or SDK, be sure it
[0.968s]   has been installed.
[0.968s] 
[0.968s] [0m
[0.968s] -- Configuring incomplete, errors occurred!
[0.968s] See also "/home/gixstudent/Desktop/Final lab/robotics_navigation/build/turtlebot3_navigation2/CMakeFiles/CMakeOutput.log".
