[0.064s] Invoking command in '/home/gixstudent/Desktop/Final_lab/robotics_navigation/build/turtlebot3_msgs': CMAKE_PREFIX_PATH=/opt/ros/humble /usr/bin/cmake /home/gixstudent/Desktop/Final_lab/robotics_navigation/src/turtlebot3_msgs -DAMENT_CMAKE_SYMLINK_INSTALL=1 -DCMAKE_INSTALL_PREFIX=/home/gixstudent/Desktop/Final_lab/robotics_navigation/install/turtlebot3_msgs
[0.833s] -- The C compiler identification is GNU 11.4.0
[0.835s] -- The CXX compiler identification is GNU 11.4.0
[0.835s] -- Detecting C compiler ABI info
[0.836s] -- Detecting C compiler ABI info - done
[0.836s] -- Check for working C compiler: /usr/bin/cc - skipped
[0.836s] -- Detecting C compile features
[0.836s] -- Detecting C compile features - done
[0.837s] -- Detecting CXX compiler ABI info
[0.838s] -- Detecting CXX compiler ABI info - done
[0.851s] -- Check for working CXX compiler: /usr/bin/c++ - skipped
[0.851s] -- Detecting CXX compile features
[0.851s] -- Detecting CXX compile features - done
[0.858s] -- Found action_msgs: 1.2.1 (/opt/ros/humble/share/action_msgs/cmake)
[1.285s] -- Found Python3: /usr/bin/python3 (found version "3.10.12") found components: Interpreter 
[1.452s] -- Override CMake install command with custom implementation using symlinks instead of copying resources
[1.666s] -- Found rosidl_generator_c: 3.1.6 (/opt/ros/humble/share/rosidl_generator_c/cmake)
[1.694s] -- Found rosidl_adapter: 3.1.6 (/opt/ros/humble/share/rosidl_adapter/cmake)
[1.740s] -- Found rosidl_generator_cpp: 3.1.6 (/opt/ros/humble/share/rosidl_generator_cpp/cmake)
[1.810s] -- Using all available rosidl_typesupport_c: rosidl_typesupport_fastrtps_c;rosidl_typesupport_introspection_c
[1.876s] -- Using all available rosidl_typesupport_cpp: rosidl_typesupport_fastrtps_cpp;rosidl_typesupport_introspection_cpp
[2.031s] -- Found rosidl_default_generators: 1.2.0 (/opt/ros/humble/share/rosidl_default_generators/cmake)
[2.068s] -- Found std_msgs: 4.8.0 (/opt/ros/humble/share/std_msgs/cmake)
[2.916s] -- Found ament_cmake_cppcheck: 0.12.12 (/opt/ros/humble/share/ament_cmake_cppcheck/cmake)
[2.923s] -- Found ament_cmake_cpplint: 0.12.12 (/opt/ros/humble/share/ament_cmake_cpplint/cmake)
[2.930s] -- Found ament_cmake_uncrustify: 0.12.12 (/opt/ros/humble/share/ament_cmake_uncrustify/cmake)
[2.938s] -- Found ament_cmake_ros: 0.10.0 (/opt/ros/humble/share/ament_cmake_ros/cmake)
[3.701s] -- Using all available rosidl_typesupport_c: rosidl_typesupport_fastrtps_c;rosidl_typesupport_introspection_c
[4.032s] -- Using all available rosidl_typesupport_cpp: rosidl_typesupport_fastrtps_cpp;rosidl_typesupport_introspection_cpp
[4.071s] -- Found PythonInterp: /usr/bin/python3 (found suitable version "3.10.12", minimum required is "3.6") 
[4.074s] -- Found python_cmake_module: 0.10.0 (/opt/ros/humble/share/python_cmake_module/cmake)
[4.114s] -- Found PythonLibs: /usr/lib/x86_64-linux-gnu/libpython3.10.so (found suitable version "3.10.12", minimum required is "3.5") 
[4.115s] -- Using PYTHON_EXECUTABLE: /usr/bin/python3
[4.115s] -- Using PYTHON_INCLUDE_DIRS: /usr/include/python3.10
[4.115s] -- Using PYTHON_LIBRARIES: /usr/lib/x86_64-linux-gnu/libpython3.10.so
[4.146s] -- Found PythonExtra: .so  
[4.235s] -- Found ament_cmake_flake8: 0.12.12 (/opt/ros/humble/share/ament_cmake_flake8/cmake)
[4.240s] -- Found ament_cmake_pep257: 0.12.12 (/opt/ros/humble/share/ament_cmake_pep257/cmake)
[4.265s] -- Configuring done
[4.336s] -- Generating done
[4.359s] -- Build files have been written to: /home/gixstudent/Desktop/Final_lab/robotics_navigation/build/turtlebot3_msgs
[4.373s] Invoked command in '/home/gixstudent/Desktop/Final_lab/robotics_navigation/build/turtlebot3_msgs' returned '0': CMAKE_PREFIX_PATH=/opt/ros/humble /usr/bin/cmake /home/gixstudent/Desktop/Final_lab/robotics_navigation/src/turtlebot3_msgs -DAMENT_CMAKE_SYMLINK_INSTALL=1 -DCMAKE_INSTALL_PREFIX=/home/gixstudent/Desktop/Final_lab/robotics_navigation/install/turtlebot3_msgs
[4.376s] Invoking command in '/home/gixstudent/Desktop/Final_lab/robotics_navigation/build/turtlebot3_msgs': CMAKE_PREFIX_PATH=/opt/ros/humble /usr/bin/cmake --build /home/gixstudent/Desktop/Final_lab/robotics_navigation/build/turtlebot3_msgs -- -j8 -l8
[4.443s] [  1%] [34m[1mGenerating C code for ROS interfaces[0m
[4.464s] [  2%] [34m[1mGenerating C++ code for ROS interfaces[0m
[4.481s] [  2%] Built target ament_cmake_python_symlink_turtlebot3_msgs
[4.989s] running egg_info
[4.990s] creating turtlebot3_msgs.egg-info
[4.990s] writing turtlebot3_msgs.egg-info/PKG-INFO
[4.990s] writing dependency_links to turtlebot3_msgs.egg-info/dependency_links.txt
[4.991s] writing top-level names to turtlebot3_msgs.egg-info/top_level.txt
[4.991s] writing manifest file 'turtlebot3_msgs.egg-info/SOURCES.txt'
[4.995s] reading manifest file 'turtlebot3_msgs.egg-info/SOURCES.txt'
[4.996s] writing manifest file 'turtlebot3_msgs.egg-info/SOURCES.txt'
[5.040s] [  2%] Built target ament_cmake_python_build_turtlebot3_msgs_egg
[7.442s] [  2%] Built target turtlebot3_msgs__cpp
[7.472s] [  5%] [34m[1mGenerating C++ type support for eProsima Fast-RTPS[0m
[7.473s] [  5%] [34m[1mGenerating C++ type support dispatch for ROS interfaces[0m
[7.476s] [  7%] [34m[1mGenerating C++ introspection for ROS interfaces[0m
[7.844s] [  8%] [32mBuilding C object CMakeFiles/turtlebot3_msgs__rosidl_generator_c.dir/rosidl_generator_c/turtlebot3_msgs/msg/detail/sensor_state__functions.c.o[0m
[7.876s] [ 12%] [32mBuilding C object CMakeFiles/turtlebot3_msgs__rosidl_generator_c.dir/rosidl_generator_c/turtlebot3_msgs/msg/detail/sound__functions.c.o[0m
[7.876s] [ 12%] [32mBuilding C object CMakeFiles/turtlebot3_msgs__rosidl_generator_c.dir/rosidl_generator_c/turtlebot3_msgs/srv/detail/sound__functions.c.o[0m
[7.876s] [ 14%] [32mBuilding C object CMakeFiles/turtlebot3_msgs__rosidl_generator_c.dir/rosidl_generator_c/turtlebot3_msgs/msg/detail/version_info__functions.c.o[0m
[7.876s] [ 14%] [32mBuilding C object CMakeFiles/turtlebot3_msgs__rosidl_generator_c.dir/rosidl_generator_c/turtlebot3_msgs/srv/detail/dqn__functions.c.o[0m
[8.103s] [ 15%] [32mBuilding C object CMakeFiles/turtlebot3_msgs__rosidl_generator_c.dir/rosidl_generator_c/turtlebot3_msgs/action/detail/patrol__functions.c.o[0m
[8.513s] [ 16%] [32m[1mLinking C shared library libturtlebot3_msgs__rosidl_generator_c.so[0m
[8.628s] [ 16%] Built target turtlebot3_msgs__rosidl_generator_c
[8.670s] [ 18%] [34m[1mGenerating C type support for eProsima Fast-RTPS[0m
[8.685s] [ 19%] [34m[1mGenerating C introspection for ROS interfaces[0m
[8.687s] [ 21%] [34m[1mGenerating C type support dispatch for ROS interfaces[0m
[10.187s] [ 22%] [32mBuilding CXX object CMakeFiles/turtlebot3_msgs__rosidl_typesupport_cpp.dir/rosidl_typesupport_cpp/turtlebot3_msgs/msg/sensor_state__type_support.cpp.o[0m
[10.189s] [ 23%] [32mBuilding CXX object CMakeFiles/turtlebot3_msgs__rosidl_typesupport_cpp.dir/rosidl_typesupport_cpp/turtlebot3_msgs/msg/sound__type_support.cpp.o[0m
[10.189s] [ 25%] [32mBuilding CXX object CMakeFiles/turtlebot3_msgs__rosidl_typesupport_cpp.dir/rosidl_typesupport_cpp/turtlebot3_msgs/msg/version_info__type_support.cpp.o[0m
[10.982s] [ 26%] [32mBuilding CXX object CMakeFiles/turtlebot3_msgs__rosidl_typesupport_introspection_cpp.dir/rosidl_typesupport_introspection_cpp/turtlebot3_msgs/msg/detail/sensor_state__type_support.cpp.o[0m
[11.139s] [ 28%] [32mBuilding CXX object CMakeFiles/turtlebot3_msgs__rosidl_typesupport_introspection_cpp.dir/rosidl_typesupport_introspection_cpp/turtlebot3_msgs/msg/detail/sound__type_support.cpp.o[0m
[11.869s] [ 29%] [32mBuilding CXX object CMakeFiles/turtlebot3_msgs__rosidl_typesupport_introspection_cpp.dir/rosidl_typesupport_introspection_cpp/turtlebot3_msgs/msg/detail/version_info__type_support.cpp.o[0m
[12.029s] [ 30%] [32mBuilding CXX object CMakeFiles/turtlebot3_msgs__rosidl_typesupport_cpp.dir/rosidl_typesupport_cpp/turtlebot3_msgs/srv/sound__type_support.cpp.o[0m
[12.256s] [ 32%] [32mBuilding CXX object CMakeFiles/turtlebot3_msgs__rosidl_typesupport_fastrtps_cpp.dir/rosidl_typesupport_fastrtps_cpp/turtlebot3_msgs/msg/detail/dds_fastrtps/sensor_state__type_support.cpp.o[0m
[12.256s] [ 33%] [32mBuilding CXX object CMakeFiles/turtlebot3_msgs__rosidl_typesupport_c.dir/rosidl_typesupport_c/turtlebot3_msgs/msg/sensor_state__type_support.cpp.o[0m
[12.295s] [ 35%] [32mBuilding C object CMakeFiles/turtlebot3_msgs__rosidl_typesupport_introspection_c.dir/rosidl_typesupport_introspection_c/turtlebot3_msgs/msg/detail/sensor_state__type_support.c.o[0m
[12.352s] [ 36%] [32mBuilding CXX object CMakeFiles/turtlebot3_msgs__rosidl_typesupport_c.dir/rosidl_typesupport_c/turtlebot3_msgs/msg/sound__type_support.cpp.o[0m
[12.434s] [ 38%] [32mBuilding CXX object CMakeFiles/turtlebot3_msgs__rosidl_typesupport_fastrtps_cpp.dir/rosidl_typesupport_fastrtps_cpp/turtlebot3_msgs/msg/detail/dds_fastrtps/sound__type_support.cpp.o[0m
[12.519s] [ 39%] [32mBuilding CXX object CMakeFiles/turtlebot3_msgs__rosidl_typesupport_c.dir/rosidl_typesupport_c/turtlebot3_msgs/msg/version_info__type_support.cpp.o[0m
[12.526s] [ 40%] [32mBuilding C object CMakeFiles/turtlebot3_msgs__rosidl_typesupport_introspection_c.dir/rosidl_typesupport_introspection_c/turtlebot3_msgs/msg/detail/sound__type_support.c.o[0m
[12.672s] [ 42%] [32mBuilding C object CMakeFiles/turtlebot3_msgs__rosidl_typesupport_introspection_c.dir/rosidl_typesupport_introspection_c/turtlebot3_msgs/msg/detail/version_info__type_support.c.o[0m
[12.682s] [ 43%] [32mBuilding CXX object CMakeFiles/turtlebot3_msgs__rosidl_typesupport_c.dir/rosidl_typesupport_c/turtlebot3_msgs/srv/sound__type_support.cpp.o[0m
[12.713s] [ 45%] [32mBuilding CXX object CMakeFiles/turtlebot3_msgs__rosidl_typesupport_c.dir/rosidl_typesupport_c/turtlebot3_msgs/srv/dqn__type_support.cpp.o[0m
[12.848s] [ 46%] [32mBuilding CXX object CMakeFiles/turtlebot3_msgs__rosidl_typesupport_fastrtps_cpp.dir/rosidl_typesupport_fastrtps_cpp/turtlebot3_msgs/msg/detail/dds_fastrtps/version_info__type_support.cpp.o[0m
[12.856s] [ 47%] [32mBuilding CXX object CMakeFiles/turtlebot3_msgs__rosidl_typesupport_c.dir/rosidl_typesupport_c/turtlebot3_msgs/action/patrol__type_support.cpp.o[0m
[12.865s] [ 49%] [32mBuilding C object CMakeFiles/turtlebot3_msgs__rosidl_typesupport_introspection_c.dir/rosidl_typesupport_introspection_c/turtlebot3_msgs/srv/detail/sound__type_support.c.o[0m
[13.093s] [ 50%] [32mBuilding CXX object CMakeFiles/turtlebot3_msgs__rosidl_typesupport_cpp.dir/rosidl_typesupport_cpp/turtlebot3_msgs/srv/dqn__type_support.cpp.o[0m
[13.110s] [ 52%] [32mBuilding CXX object CMakeFiles/turtlebot3_msgs__rosidl_typesupport_fastrtps_c.dir/rosidl_typesupport_fastrtps_c/turtlebot3_msgs/msg/detail/sensor_state__type_support_c.cpp.o[0m
[13.111s] [ 53%] [32m[1mLinking CXX shared library libturtlebot3_msgs__rosidl_typesupport_c.so[0m
[13.151s] [ 54%] [32mBuilding C object CMakeFiles/turtlebot3_msgs__rosidl_typesupport_introspection_c.dir/rosidl_typesupport_introspection_c/turtlebot3_msgs/srv/detail/dqn__type_support.c.o[0m
[13.265s] [ 56%] [32mBuilding CXX object CMakeFiles/turtlebot3_msgs__rosidl_typesupport_introspection_cpp.dir/rosidl_typesupport_introspection_cpp/turtlebot3_msgs/srv/detail/sound__type_support.cpp.o[0m
[13.312s] [ 57%] [32mBuilding C object CMakeFiles/turtlebot3_msgs__rosidl_typesupport_introspection_c.dir/rosidl_typesupport_introspection_c/turtlebot3_msgs/action/detail/patrol__type_support.c.o[0m
[13.317s] [ 57%] Built target turtlebot3_msgs__rosidl_typesupport_c
[13.342s] [ 59%] [32mBuilding CXX object CMakeFiles/turtlebot3_msgs__rosidl_typesupport_fastrtps_cpp.dir/rosidl_typesupport_fastrtps_cpp/turtlebot3_msgs/srv/detail/dds_fastrtps/sound__type_support.cpp.o[0m
[13.600s] [ 60%] [32m[1mLinking C shared library libturtlebot3_msgs__rosidl_typesupport_introspection_c.so[0m
[13.803s] [ 60%] Built target turtlebot3_msgs__rosidl_typesupport_introspection_c
[13.866s] [ 61%] [32mBuilding CXX object CMakeFiles/turtlebot3_msgs__rosidl_typesupport_fastrtps_c.dir/rosidl_typesupport_fastrtps_c/turtlebot3_msgs/msg/detail/sound__type_support_c.cpp.o[0m
[13.982s] [ 63%] [32mBuilding CXX object CMakeFiles/turtlebot3_msgs__rosidl_typesupport_cpp.dir/rosidl_typesupport_cpp/turtlebot3_msgs/action/patrol__type_support.cpp.o[0m
[14.073s] [ 64%] [32mBuilding CXX object CMakeFiles/turtlebot3_msgs__rosidl_typesupport_fastrtps_cpp.dir/rosidl_typesupport_fastrtps_cpp/turtlebot3_msgs/srv/detail/dds_fastrtps/dqn__type_support.cpp.o[0m
[14.138s] [ 66%] [32mBuilding CXX object CMakeFiles/turtlebot3_msgs__rosidl_typesupport_introspection_cpp.dir/rosidl_typesupport_introspection_cpp/turtlebot3_msgs/srv/detail/dqn__type_support.cpp.o[0m
[14.770s] [ 67%] [32mBuilding CXX object CMakeFiles/turtlebot3_msgs__rosidl_typesupport_fastrtps_cpp.dir/rosidl_typesupport_fastrtps_cpp/turtlebot3_msgs/action/detail/dds_fastrtps/patrol__type_support.cpp.o[0m
[14.811s] [ 69%] [32mBuilding CXX object CMakeFiles/turtlebot3_msgs__rosidl_typesupport_fastrtps_c.dir/rosidl_typesupport_fastrtps_c/turtlebot3_msgs/msg/detail/version_info__type_support_c.cpp.o[0m
[14.827s] [ 70%] [32mBuilding CXX object CMakeFiles/turtlebot3_msgs__rosidl_typesupport_introspection_cpp.dir/rosidl_typesupport_introspection_cpp/turtlebot3_msgs/action/detail/patrol__type_support.cpp.o[0m
[14.893s] [ 71%] [32mBuilding CXX object CMakeFiles/turtlebot3_msgs__rosidl_typesupport_fastrtps_c.dir/rosidl_typesupport_fastrtps_c/turtlebot3_msgs/srv/detail/sound__type_support_c.cpp.o[0m
[15.074s] [ 73%] [32mBuilding CXX object CMakeFiles/turtlebot3_msgs__rosidl_typesupport_fastrtps_c.dir/rosidl_typesupport_fastrtps_c/turtlebot3_msgs/srv/detail/dqn__type_support_c.cpp.o[0m
[16.045s] [ 74%] [32mBuilding CXX object CMakeFiles/turtlebot3_msgs__rosidl_typesupport_fastrtps_c.dir/rosidl_typesupport_fastrtps_c/turtlebot3_msgs/action/detail/patrol__type_support_c.cpp.o[0m
[16.579s] [ 76%] [32m[1mLinking CXX shared library libturtlebot3_msgs__rosidl_typesupport_cpp.so[0m
[16.723s] [ 76%] Built target turtlebot3_msgs__rosidl_typesupport_cpp
[16.793s] [ 77%] [32m[1mLinking CXX shared library libturtlebot3_msgs__rosidl_typesupport_introspection_cpp.so[0m
[17.033s] [ 77%] Built target turtlebot3_msgs__rosidl_typesupport_introspection_cpp
[17.391s] [ 78%] [32m[1mLinking CXX shared library libturtlebot3_msgs__rosidl_typesupport_fastrtps_cpp.so[0m
[17.444s] [ 80%] [32m[1mLinking CXX shared library libturtlebot3_msgs__rosidl_typesupport_fastrtps_c.so[0m
[17.603s] [ 80%] Built target turtlebot3_msgs__rosidl_typesupport_fastrtps_cpp
[17.678s] [ 80%] Built target turtlebot3_msgs__rosidl_typesupport_fastrtps_c
[17.718s] [ 80%] Built target turtlebot3_msgs
[17.757s] [ 81%] [34m[1mGenerating Python code for ROS interfaces[0m
[22.150s] [ 81%] Built target turtlebot3_msgs__py
[22.200s] [ 83%] [32mBuilding C object CMakeFiles/turtlebot3_msgs__rosidl_generator_py.dir/rosidl_generator_py/turtlebot3_msgs/msg/_sound_s.c.o[0m
[22.200s] [ 84%] [32mBuilding C object CMakeFiles/turtlebot3_msgs__rosidl_generator_py.dir/rosidl_generator_py/turtlebot3_msgs/msg/_sensor_state_s.c.o[0m
[22.202s] [ 85%] [32mBuilding C object CMakeFiles/turtlebot3_msgs__rosidl_generator_py.dir/rosidl_generator_py/turtlebot3_msgs/msg/_version_info_s.c.o[0m
[22.210s] [ 87%] [32mBuilding C object CMakeFiles/turtlebot3_msgs__rosidl_generator_py.dir/rosidl_generator_py/turtlebot3_msgs/srv/_sound_s.c.o[0m
[22.212s] [ 88%] [32mBuilding C object CMakeFiles/turtlebot3_msgs__rosidl_generator_py.dir/rosidl_generator_py/turtlebot3_msgs/srv/_dqn_s.c.o[0m
[22.222s] [ 90%] [32mBuilding C object CMakeFiles/turtlebot3_msgs__rosidl_generator_py.dir/rosidl_generator_py/turtlebot3_msgs/action/_patrol_s.c.o[0m
[22.816s] [ 91%] [32m[1mLinking C shared library rosidl_generator_py/turtlebot3_msgs/libturtlebot3_msgs__rosidl_generator_py.so[0m
[22.907s] [ 91%] Built target turtlebot3_msgs__rosidl_generator_py
[22.973s] [ 92%] [32mBuilding C object CMakeFiles/turtlebot3_msgs__rosidl_typesupport_introspection_c__pyext.dir/rosidl_generator_py/turtlebot3_msgs/_turtlebot3_msgs_s.ep.rosidl_typesupport_introspection_c.c.o[0m
[22.973s] [ 94%] [32mBuilding C object CMakeFiles/turtlebot3_msgs__rosidl_typesupport_fastrtps_c__pyext.dir/rosidl_generator_py/turtlebot3_msgs/_turtlebot3_msgs_s.ep.rosidl_typesupport_fastrtps_c.c.o[0m
[22.984s] [ 95%] [32mBuilding C object CMakeFiles/turtlebot3_msgs__rosidl_typesupport_c__pyext.dir/rosidl_generator_py/turtlebot3_msgs/_turtlebot3_msgs_s.ep.rosidl_typesupport_c.c.o[0m
[23.459s] [ 97%] [32m[1mLinking C shared library rosidl_generator_py/turtlebot3_msgs/turtlebot3_msgs_s__rosidl_typesupport_introspection_c.cpython-310-x86_64-linux-gnu.so[0m
[23.484s] [ 98%] [32m[1mLinking C shared library rosidl_generator_py/turtlebot3_msgs/turtlebot3_msgs_s__rosidl_typesupport_fastrtps_c.cpython-310-x86_64-linux-gnu.so[0m
[23.498s] [100%] [32m[1mLinking C shared library rosidl_generator_py/turtlebot3_msgs/turtlebot3_msgs_s__rosidl_typesupport_c.cpython-310-x86_64-linux-gnu.so[0m
[23.585s] [100%] Built target turtlebot3_msgs__rosidl_typesupport_introspection_c__pyext
[23.604s] [100%] Built target turtlebot3_msgs__rosidl_typesupport_fastrtps_c__pyext
[23.624s] [100%] Built target turtlebot3_msgs__rosidl_typesupport_c__pyext
[23.661s] Invoked command in '/home/gixstudent/Desktop/Final_lab/robotics_navigation/build/turtlebot3_msgs' returned '0': CMAKE_PREFIX_PATH=/opt/ros/humble /usr/bin/cmake --build /home/gixstudent/Desktop/Final_lab/robotics_navigation/build/turtlebot3_msgs -- -j8 -l8
[23.662s] Invoking command in '/home/gixstudent/Desktop/Final_lab/robotics_navigation/build/turtlebot3_msgs': CMAKE_PREFIX_PATH=/opt/ros/humble /usr/bin/cmake --install /home/gixstudent/Desktop/Final_lab/robotics_navigation/build/turtlebot3_msgs
[23.683s] -- Install configuration: ""
[23.684s] -- Execute custom install script
[23.685s] -- Symlinking: /home/gixstudent/Desktop/Final_lab/robotics_navigation/install/turtlebot3_msgs/share/ament_index/resource_index/rosidl_interfaces/turtlebot3_msgs
[23.712s] -- Symlinking: /home/gixstudent/Desktop/Final_lab/robotics_navigation/install/turtlebot3_msgs/include/turtlebot3_msgs/turtlebot3_msgs/action/detail/patrol__functions.h
[23.738s] -- Symlinking: /home/gixstudent/Desktop/Final_lab/robotics_navigation/install/turtlebot3_msgs/include/turtlebot3_msgs/turtlebot3_msgs/action/detail/patrol__struct.h
[23.763s] -- Symlinking: /home/gixstudent/Desktop/Final_lab/robotics_navigation/install/turtlebot3_msgs/include/turtlebot3_msgs/turtlebot3_msgs/action/detail/patrol__type_support.h
[23.787s] -- Symlinking: /home/gixstudent/Desktop/Final_lab/robotics_navigation/install/turtlebot3_msgs/include/turtlebot3_msgs/turtlebot3_msgs/action/patrol.h
[23.812s] -- Symlinking: /home/gixstudent/Desktop/Final_lab/robotics_navigation/install/turtlebot3_msgs/include/turtlebot3_msgs/turtlebot3_msgs/msg/detail/sensor_state__functions.h
[23.837s] -- Symlinking: /home/gixstudent/Desktop/Final_lab/robotics_navigation/install/turtlebot3_msgs/include/turtlebot3_msgs/turtlebot3_msgs/msg/detail/sensor_state__struct.h
[23.863s] -- Symlinking: /home/gixstudent/Desktop/Final_lab/robotics_navigation/install/turtlebot3_msgs/include/turtlebot3_msgs/turtlebot3_msgs/msg/detail/sensor_state__type_support.h
[23.887s] -- Symlinking: /home/gixstudent/Desktop/Final_lab/robotics_navigation/install/turtlebot3_msgs/include/turtlebot3_msgs/turtlebot3_msgs/msg/detail/sound__functions.h
[23.910s] -- Symlinking: /home/gixstudent/Desktop/Final_lab/robotics_navigation/install/turtlebot3_msgs/include/turtlebot3_msgs/turtlebot3_msgs/msg/detail/sound__struct.h
[23.934s] -- Symlinking: /home/gixstudent/Desktop/Final_lab/robotics_navigation/install/turtlebot3_msgs/include/turtlebot3_msgs/turtlebot3_msgs/msg/detail/sound__type_support.h
[23.959s] -- Symlinking: /home/gixstudent/Desktop/Final_lab/robotics_navigation/install/turtlebot3_msgs/include/turtlebot3_msgs/turtlebot3_msgs/msg/detail/version_info__functions.h
[23.983s] -- Symlinking: /home/gixstudent/Desktop/Final_lab/robotics_navigation/install/turtlebot3_msgs/include/turtlebot3_msgs/turtlebot3_msgs/msg/detail/version_info__struct.h
[24.007s] -- Symlinking: /home/gixstudent/Desktop/Final_lab/robotics_navigation/install/turtlebot3_msgs/include/turtlebot3_msgs/turtlebot3_msgs/msg/detail/version_info__type_support.h
[24.030s] -- Symlinking: /home/gixstudent/Desktop/Final_lab/robotics_navigation/install/turtlebot3_msgs/include/turtlebot3_msgs/turtlebot3_msgs/msg/rosidl_generator_c__visibility_control.h
[24.055s] -- Symlinking: /home/gixstudent/Desktop/Final_lab/robotics_navigation/install/turtlebot3_msgs/include/turtlebot3_msgs/turtlebot3_msgs/msg/sensor_state.h
[24.079s] -- Symlinking: /home/gixstudent/Desktop/Final_lab/robotics_navigation/install/turtlebot3_msgs/include/turtlebot3_msgs/turtlebot3_msgs/msg/sound.h
[24.103s] -- Symlinking: /home/gixstudent/Desktop/Final_lab/robotics_navigation/install/turtlebot3_msgs/include/turtlebot3_msgs/turtlebot3_msgs/msg/version_info.h
[24.127s] -- Symlinking: /home/gixstudent/Desktop/Final_lab/robotics_navigation/install/turtlebot3_msgs/include/turtlebot3_msgs/turtlebot3_msgs/srv/detail/dqn__functions.h
[24.151s] -- Symlinking: /home/gixstudent/Desktop/Final_lab/robotics_navigation/install/turtlebot3_msgs/include/turtlebot3_msgs/turtlebot3_msgs/srv/detail/dqn__struct.h
[24.176s] -- Symlinking: /home/gixstudent/Desktop/Final_lab/robotics_navigation/install/turtlebot3_msgs/include/turtlebot3_msgs/turtlebot3_msgs/srv/detail/dqn__type_support.h
[24.200s] -- Symlinking: /home/gixstudent/Desktop/Final_lab/robotics_navigation/install/turtlebot3_msgs/include/turtlebot3_msgs/turtlebot3_msgs/srv/detail/sound__functions.h
[24.224s] -- Symlinking: /home/gixstudent/Desktop/Final_lab/robotics_navigation/install/turtlebot3_msgs/include/turtlebot3_msgs/turtlebot3_msgs/srv/detail/sound__struct.h
[24.248s] -- Symlinking: /home/gixstudent/Desktop/Final_lab/robotics_navigation/install/turtlebot3_msgs/include/turtlebot3_msgs/turtlebot3_msgs/srv/detail/sound__type_support.h
[24.273s] -- Symlinking: /home/gixstudent/Desktop/Final_lab/robotics_navigation/install/turtlebot3_msgs/include/turtlebot3_msgs/turtlebot3_msgs/srv/dqn.h
[24.297s] -- Symlinking: /home/gixstudent/Desktop/Final_lab/robotics_navigation/install/turtlebot3_msgs/include/turtlebot3_msgs/turtlebot3_msgs/srv/sound.h
[24.322s] -- Symlinking: /home/gixstudent/Desktop/Final_lab/robotics_navigation/install/turtlebot3_msgs/share/turtlebot3_msgs/environment/library_path.sh
[24.346s] -- Symlinking: /home/gixstudent/Desktop/Final_lab/robotics_navigation/install/turtlebot3_msgs/share/turtlebot3_msgs/environment/library_path.dsv
[24.372s] -- Symlinking: /home/gixstudent/Desktop/Final_lab/robotics_navigation/install/turtlebot3_msgs/include/turtlebot3_msgs/turtlebot3_msgs/action/detail/patrol__rosidl_typesupport_fastrtps_c.h
[24.397s] -- Symlinking: /home/gixstudent/Desktop/Final_lab/robotics_navigation/install/turtlebot3_msgs/include/turtlebot3_msgs/turtlebot3_msgs/msg/detail/sensor_state__rosidl_typesupport_fastrtps_c.h
[24.424s] -- Symlinking: /home/gixstudent/Desktop/Final_lab/robotics_navigation/install/turtlebot3_msgs/include/turtlebot3_msgs/turtlebot3_msgs/msg/detail/sound__rosidl_typesupport_fastrtps_c.h
[24.458s] -- Symlinking: /home/gixstudent/Desktop/Final_lab/robotics_navigation/install/turtlebot3_msgs/include/turtlebot3_msgs/turtlebot3_msgs/msg/detail/version_info__rosidl_typesupport_fastrtps_c.h
[24.489s] -- Symlinking: /home/gixstudent/Desktop/Final_lab/robotics_navigation/install/turtlebot3_msgs/include/turtlebot3_msgs/turtlebot3_msgs/msg/rosidl_typesupport_fastrtps_c__visibility_control.h
[24.521s] -- Symlinking: /home/gixstudent/Desktop/Final_lab/robotics_navigation/install/turtlebot3_msgs/include/turtlebot3_msgs/turtlebot3_msgs/srv/detail/dqn__rosidl_typesupport_fastrtps_c.h
[24.555s] -- Symlinking: /home/gixstudent/Desktop/Final_lab/robotics_navigation/install/turtlebot3_msgs/include/turtlebot3_msgs/turtlebot3_msgs/srv/detail/sound__rosidl_typesupport_fastrtps_c.h
[24.589s] -- Symlinking: /home/gixstudent/Desktop/Final_lab/robotics_navigation/install/turtlebot3_msgs/include/turtlebot3_msgs/turtlebot3_msgs/action/detail/patrol__builder.hpp
[24.619s] -- Symlinking: /home/gixstudent/Desktop/Final_lab/robotics_navigation/install/turtlebot3_msgs/include/turtlebot3_msgs/turtlebot3_msgs/action/detail/patrol__struct.hpp
[24.651s] -- Symlinking: /home/gixstudent/Desktop/Final_lab/robotics_navigation/install/turtlebot3_msgs/include/turtlebot3_msgs/turtlebot3_msgs/action/detail/patrol__traits.hpp
[24.678s] -- Symlinking: /home/gixstudent/Desktop/Final_lab/robotics_navigation/install/turtlebot3_msgs/include/turtlebot3_msgs/turtlebot3_msgs/action/detail/patrol__type_support.hpp
[24.706s] -- Symlinking: /home/gixstudent/Desktop/Final_lab/robotics_navigation/install/turtlebot3_msgs/include/turtlebot3_msgs/turtlebot3_msgs/action/patrol.hpp
[24.733s] -- Symlinking: /home/gixstudent/Desktop/Final_lab/robotics_navigation/install/turtlebot3_msgs/include/turtlebot3_msgs/turtlebot3_msgs/msg/detail/sensor_state__builder.hpp
[24.758s] -- Symlinking: /home/gixstudent/Desktop/Final_lab/robotics_navigation/install/turtlebot3_msgs/include/turtlebot3_msgs/turtlebot3_msgs/msg/detail/sensor_state__struct.hpp
[24.783s] -- Symlinking: /home/gixstudent/Desktop/Final_lab/robotics_navigation/install/turtlebot3_msgs/include/turtlebot3_msgs/turtlebot3_msgs/msg/detail/sensor_state__traits.hpp
[24.807s] -- Symlinking: /home/gixstudent/Desktop/Final_lab/robotics_navigation/install/turtlebot3_msgs/include/turtlebot3_msgs/turtlebot3_msgs/msg/detail/sensor_state__type_support.hpp
[24.830s] -- Symlinking: /home/gixstudent/Desktop/Final_lab/robotics_navigation/install/turtlebot3_msgs/include/turtlebot3_msgs/turtlebot3_msgs/msg/detail/sound__builder.hpp
[24.855s] -- Symlinking: /home/gixstudent/Desktop/Final_lab/robotics_navigation/install/turtlebot3_msgs/include/turtlebot3_msgs/turtlebot3_msgs/msg/detail/sound__struct.hpp
[24.880s] -- Symlinking: /home/gixstudent/Desktop/Final_lab/robotics_navigation/install/turtlebot3_msgs/include/turtlebot3_msgs/turtlebot3_msgs/msg/detail/sound__traits.hpp
[24.907s] -- Symlinking: /home/gixstudent/Desktop/Final_lab/robotics_navigation/install/turtlebot3_msgs/include/turtlebot3_msgs/turtlebot3_msgs/msg/detail/sound__type_support.hpp
[24.935s] -- Symlinking: /home/gixstudent/Desktop/Final_lab/robotics_navigation/install/turtlebot3_msgs/include/turtlebot3_msgs/turtlebot3_msgs/msg/detail/version_info__builder.hpp
[24.964s] -- Symlinking: /home/gixstudent/Desktop/Final_lab/robotics_navigation/install/turtlebot3_msgs/include/turtlebot3_msgs/turtlebot3_msgs/msg/detail/version_info__struct.hpp
[24.992s] -- Symlinking: /home/gixstudent/Desktop/Final_lab/robotics_navigation/install/turtlebot3_msgs/include/turtlebot3_msgs/turtlebot3_msgs/msg/detail/version_info__traits.hpp
[25.017s] -- Symlinking: /home/gixstudent/Desktop/Final_lab/robotics_navigation/install/turtlebot3_msgs/include/turtlebot3_msgs/turtlebot3_msgs/msg/detail/version_info__type_support.hpp
[25.043s] -- Symlinking: /home/gixstudent/Desktop/Final_lab/robotics_navigation/install/turtlebot3_msgs/include/turtlebot3_msgs/turtlebot3_msgs/msg/rosidl_generator_cpp__visibility_control.hpp
[25.069s] -- Symlinking: /home/gixstudent/Desktop/Final_lab/robotics_navigation/install/turtlebot3_msgs/include/turtlebot3_msgs/turtlebot3_msgs/msg/sensor_state.hpp
[25.093s] -- Symlinking: /home/gixstudent/Desktop/Final_lab/robotics_navigation/install/turtlebot3_msgs/include/turtlebot3_msgs/turtlebot3_msgs/msg/sound.hpp
[25.118s] -- Symlinking: /home/gixstudent/Desktop/Final_lab/robotics_navigation/install/turtlebot3_msgs/include/turtlebot3_msgs/turtlebot3_msgs/msg/version_info.hpp
[25.144s] -- Symlinking: /home/gixstudent/Desktop/Final_lab/robotics_navigation/install/turtlebot3_msgs/include/turtlebot3_msgs/turtlebot3_msgs/srv/detail/dqn__builder.hpp
[25.168s] -- Symlinking: /home/gixstudent/Desktop/Final_lab/robotics_navigation/install/turtlebot3_msgs/include/turtlebot3_msgs/turtlebot3_msgs/srv/detail/dqn__struct.hpp
[25.192s] -- Symlinking: /home/gixstudent/Desktop/Final_lab/robotics_navigation/install/turtlebot3_msgs/include/turtlebot3_msgs/turtlebot3_msgs/srv/detail/dqn__traits.hpp
[25.217s] -- Symlinking: /home/gixstudent/Desktop/Final_lab/robotics_navigation/install/turtlebot3_msgs/include/turtlebot3_msgs/turtlebot3_msgs/srv/detail/dqn__type_support.hpp
[25.243s] -- Symlinking: /home/gixstudent/Desktop/Final_lab/robotics_navigation/install/turtlebot3_msgs/include/turtlebot3_msgs/turtlebot3_msgs/srv/detail/sound__builder.hpp
[25.270s] -- Symlinking: /home/gixstudent/Desktop/Final_lab/robotics_navigation/install/turtlebot3_msgs/include/turtlebot3_msgs/turtlebot3_msgs/srv/detail/sound__struct.hpp
[25.297s] -- Symlinking: /home/gixstudent/Desktop/Final_lab/robotics_navigation/install/turtlebot3_msgs/include/turtlebot3_msgs/turtlebot3_msgs/srv/detail/sound__traits.hpp
[25.322s] -- Symlinking: /home/gixstudent/Desktop/Final_lab/robotics_navigation/install/turtlebot3_msgs/include/turtlebot3_msgs/turtlebot3_msgs/srv/detail/sound__type_support.hpp
[25.346s] -- Symlinking: /home/gixstudent/Desktop/Final_lab/robotics_navigation/install/turtlebot3_msgs/include/turtlebot3_msgs/turtlebot3_msgs/srv/dqn.hpp
[25.371s] -- Symlinking: /home/gixstudent/Desktop/Final_lab/robotics_navigation/install/turtlebot3_msgs/include/turtlebot3_msgs/turtlebot3_msgs/srv/sound.hpp
[25.398s] -- Symlinking: /home/gixstudent/Desktop/Final_lab/robotics_navigation/install/turtlebot3_msgs/include/turtlebot3_msgs/turtlebot3_msgs/action/detail/patrol__rosidl_typesupport_fastrtps_cpp.hpp
[25.422s] -- Symlinking: /home/gixstudent/Desktop/Final_lab/robotics_navigation/install/turtlebot3_msgs/include/turtlebot3_msgs/turtlebot3_msgs/msg/detail/sensor_state__rosidl_typesupport_fastrtps_cpp.hpp
[25.444s] -- Symlinking: /home/gixstudent/Desktop/Final_lab/robotics_navigation/install/turtlebot3_msgs/include/turtlebot3_msgs/turtlebot3_msgs/msg/detail/sound__rosidl_typesupport_fastrtps_cpp.hpp
[25.467s] -- Symlinking: /home/gixstudent/Desktop/Final_lab/robotics_navigation/install/turtlebot3_msgs/include/turtlebot3_msgs/turtlebot3_msgs/msg/detail/version_info__rosidl_typesupport_fastrtps_cpp.hpp
[25.490s] -- Symlinking: /home/gixstudent/Desktop/Final_lab/robotics_navigation/install/turtlebot3_msgs/include/turtlebot3_msgs/turtlebot3_msgs/msg/rosidl_typesupport_fastrtps_cpp__visibility_control.h
[25.512s] -- Symlinking: /home/gixstudent/Desktop/Final_lab/robotics_navigation/install/turtlebot3_msgs/include/turtlebot3_msgs/turtlebot3_msgs/srv/detail/dqn__rosidl_typesupport_fastrtps_cpp.hpp
[25.535s] -- Symlinking: /home/gixstudent/Desktop/Final_lab/robotics_navigation/install/turtlebot3_msgs/include/turtlebot3_msgs/turtlebot3_msgs/srv/detail/sound__rosidl_typesupport_fastrtps_cpp.hpp
[25.561s] -- Symlinking: /home/gixstudent/Desktop/Final_lab/robotics_navigation/install/turtlebot3_msgs/include/turtlebot3_msgs/turtlebot3_msgs/action/detail/patrol__rosidl_typesupport_introspection_c.h
[25.585s] -- Symlinking: /home/gixstudent/Desktop/Final_lab/robotics_navigation/install/turtlebot3_msgs/include/turtlebot3_msgs/turtlebot3_msgs/msg/detail/sensor_state__rosidl_typesupport_introspection_c.h
[25.609s] -- Symlinking: /home/gixstudent/Desktop/Final_lab/robotics_navigation/install/turtlebot3_msgs/include/turtlebot3_msgs/turtlebot3_msgs/msg/detail/sound__rosidl_typesupport_introspection_c.h
[25.633s] -- Symlinking: /home/gixstudent/Desktop/Final_lab/robotics_navigation/install/turtlebot3_msgs/include/turtlebot3_msgs/turtlebot3_msgs/msg/detail/version_info__rosidl_typesupport_introspection_c.h
[25.659s] -- Symlinking: /home/gixstudent/Desktop/Final_lab/robotics_navigation/install/turtlebot3_msgs/include/turtlebot3_msgs/turtlebot3_msgs/msg/rosidl_typesupport_introspection_c__visibility_control.h
[25.682s] -- Symlinking: /home/gixstudent/Desktop/Final_lab/robotics_navigation/install/turtlebot3_msgs/include/turtlebot3_msgs/turtlebot3_msgs/srv/detail/dqn__rosidl_typesupport_introspection_c.h
[25.705s] -- Symlinking: /home/gixstudent/Desktop/Final_lab/robotics_navigation/install/turtlebot3_msgs/include/turtlebot3_msgs/turtlebot3_msgs/srv/detail/sound__rosidl_typesupport_introspection_c.h
[25.730s] -- Symlinking: /home/gixstudent/Desktop/Final_lab/robotics_navigation/install/turtlebot3_msgs/include/turtlebot3_msgs/turtlebot3_msgs/action/detail/patrol__rosidl_typesupport_introspection_cpp.hpp
[25.755s] -- Symlinking: /home/gixstudent/Desktop/Final_lab/robotics_navigation/install/turtlebot3_msgs/include/turtlebot3_msgs/turtlebot3_msgs/msg/detail/sensor_state__rosidl_typesupport_introspection_cpp.hpp
[25.779s] -- Symlinking: /home/gixstudent/Desktop/Final_lab/robotics_navigation/install/turtlebot3_msgs/include/turtlebot3_msgs/turtlebot3_msgs/msg/detail/sound__rosidl_typesupport_introspection_cpp.hpp
[25.802s] -- Symlinking: /home/gixstudent/Desktop/Final_lab/robotics_navigation/install/turtlebot3_msgs/include/turtlebot3_msgs/turtlebot3_msgs/msg/detail/version_info__rosidl_typesupport_introspection_cpp.hpp
[25.825s] -- Symlinking: /home/gixstudent/Desktop/Final_lab/robotics_navigation/install/turtlebot3_msgs/include/turtlebot3_msgs/turtlebot3_msgs/srv/detail/dqn__rosidl_typesupport_introspection_cpp.hpp
[25.850s] -- Symlinking: /home/gixstudent/Desktop/Final_lab/robotics_navigation/install/turtlebot3_msgs/include/turtlebot3_msgs/turtlebot3_msgs/srv/detail/sound__rosidl_typesupport_introspection_cpp.hpp
[25.877s] -- Symlinking: /home/gixstudent/Desktop/Final_lab/robotics_navigation/install/turtlebot3_msgs/share/turtlebot3_msgs/environment/pythonpath.sh
[25.901s] -- Symlinking: /home/gixstudent/Desktop/Final_lab/robotics_navigation/install/turtlebot3_msgs/share/turtlebot3_msgs/environment/pythonpath.dsv
[25.926s] -- Symlinking: /home/gixstudent/Desktop/Final_lab/robotics_navigation/install/turtlebot3_msgs/local/lib/python3.10/dist-packages/turtlebot3_msgs-2.2.3-py3.10.egg-info/PKG-INFO
[25.951s] -- Symlinking: /home/gixstudent/Desktop/Final_lab/robotics_navigation/install/turtlebot3_msgs/local/lib/python3.10/dist-packages/turtlebot3_msgs-2.2.3-py3.10.egg-info/SOURCES.txt
[25.976s] -- Symlinking: /home/gixstudent/Desktop/Final_lab/robotics_navigation/install/turtlebot3_msgs/local/lib/python3.10/dist-packages/turtlebot3_msgs-2.2.3-py3.10.egg-info/dependency_links.txt
[26.000s] -- Symlinking: /home/gixstudent/Desktop/Final_lab/robotics_navigation/install/turtlebot3_msgs/local/lib/python3.10/dist-packages/turtlebot3_msgs-2.2.3-py3.10.egg-info/top_level.txt
[26.027s] -- Symlinking: /home/gixstudent/Desktop/Final_lab/robotics_navigation/install/turtlebot3_msgs/local/lib/python3.10/dist-packages/turtlebot3_msgs/__init__.py
[26.052s] -- Symlinking: /home/gixstudent/Desktop/Final_lab/robotics_navigation/install/turtlebot3_msgs/local/lib/python3.10/dist-packages/turtlebot3_msgs/_turtlebot3_msgs_s.ep.rosidl_typesupport_c.c
[26.075s] -- Symlinking: /home/gixstudent/Desktop/Final_lab/robotics_navigation/install/turtlebot3_msgs/local/lib/python3.10/dist-packages/turtlebot3_msgs/_turtlebot3_msgs_s.ep.rosidl_typesupport_fastrtps_c.c
[26.098s] -- Symlinking: /home/gixstudent/Desktop/Final_lab/robotics_navigation/install/turtlebot3_msgs/local/lib/python3.10/dist-packages/turtlebot3_msgs/_turtlebot3_msgs_s.ep.rosidl_typesupport_introspection_c.c
[26.122s] -- Symlinking: /home/gixstudent/Desktop/Final_lab/robotics_navigation/install/turtlebot3_msgs/local/lib/python3.10/dist-packages/turtlebot3_msgs/action/__init__.py
[26.147s] -- Symlinking: /home/gixstudent/Desktop/Final_lab/robotics_navigation/install/turtlebot3_msgs/local/lib/python3.10/dist-packages/turtlebot3_msgs/action/_patrol.py
[26.171s] -- Symlinking: /home/gixstudent/Desktop/Final_lab/robotics_navigation/install/turtlebot3_msgs/local/lib/python3.10/dist-packages/turtlebot3_msgs/action/_patrol_s.c
[26.195s] -- Symlinking: /home/gixstudent/Desktop/Final_lab/robotics_navigation/install/turtlebot3_msgs/local/lib/python3.10/dist-packages/turtlebot3_msgs/libturtlebot3_msgs__rosidl_generator_py.so
[26.219s] -- Symlinking: /home/gixstudent/Desktop/Final_lab/robotics_navigation/install/turtlebot3_msgs/local/lib/python3.10/dist-packages/turtlebot3_msgs/msg/__init__.py
[26.244s] -- Symlinking: /home/gixstudent/Desktop/Final_lab/robotics_navigation/install/turtlebot3_msgs/local/lib/python3.10/dist-packages/turtlebot3_msgs/msg/_sensor_state.py
[26.269s] -- Symlinking: /home/gixstudent/Desktop/Final_lab/robotics_navigation/install/turtlebot3_msgs/local/lib/python3.10/dist-packages/turtlebot3_msgs/msg/_sensor_state_s.c
[26.293s] -- Symlinking: /home/gixstudent/Desktop/Final_lab/robotics_navigation/install/turtlebot3_msgs/local/lib/python3.10/dist-packages/turtlebot3_msgs/msg/_sound.py
[26.318s] -- Symlinking: /home/gixstudent/Desktop/Final_lab/robotics_navigation/install/turtlebot3_msgs/local/lib/python3.10/dist-packages/turtlebot3_msgs/msg/_sound_s.c
[26.342s] -- Symlinking: /home/gixstudent/Desktop/Final_lab/robotics_navigation/install/turtlebot3_msgs/local/lib/python3.10/dist-packages/turtlebot3_msgs/msg/_version_info.py
[26.368s] -- Symlinking: /home/gixstudent/Desktop/Final_lab/robotics_navigation/install/turtlebot3_msgs/local/lib/python3.10/dist-packages/turtlebot3_msgs/msg/_version_info_s.c
[26.393s] -- Symlinking: /home/gixstudent/Desktop/Final_lab/robotics_navigation/install/turtlebot3_msgs/local/lib/python3.10/dist-packages/turtlebot3_msgs/srv/__init__.py
[26.418s] -- Symlinking: /home/gixstudent/Desktop/Final_lab/robotics_navigation/install/turtlebot3_msgs/local/lib/python3.10/dist-packages/turtlebot3_msgs/srv/_dqn.py
[26.445s] -- Symlinking: /home/gixstudent/Desktop/Final_lab/robotics_navigation/install/turtlebot3_msgs/local/lib/python3.10/dist-packages/turtlebot3_msgs/srv/_dqn_s.c
[26.473s] -- Symlinking: /home/gixstudent/Desktop/Final_lab/robotics_navigation/install/turtlebot3_msgs/local/lib/python3.10/dist-packages/turtlebot3_msgs/srv/_sound.py
[26.498s] -- Symlinking: /home/gixstudent/Desktop/Final_lab/robotics_navigation/install/turtlebot3_msgs/local/lib/python3.10/dist-packages/turtlebot3_msgs/srv/_sound_s.c
[26.522s] -- Symlinking: /home/gixstudent/Desktop/Final_lab/robotics_navigation/install/turtlebot3_msgs/local/lib/python3.10/dist-packages/turtlebot3_msgs/turtlebot3_msgs_s__rosidl_typesupport_c.cpython-310-x86_64-linux-gnu.so
[26.547s] -- Symlinking: /home/gixstudent/Desktop/Final_lab/robotics_navigation/install/turtlebot3_msgs/local/lib/python3.10/dist-packages/turtlebot3_msgs/turtlebot3_msgs_s__rosidl_typesupport_fastrtps_c.cpython-310-x86_64-linux-gnu.so
[26.573s] -- Symlinking: /home/gixstudent/Desktop/Final_lab/robotics_navigation/install/turtlebot3_msgs/local/lib/python3.10/dist-packages/turtlebot3_msgs/turtlebot3_msgs_s__rosidl_typesupport_introspection_c.cpython-310-x86_64-linux-gnu.so
[26.603s] -- Up-to-date symlink: /home/gixstudent/Desktop/Final_lab/robotics_navigation/install/turtlebot3_msgs/local/lib/python3.10/dist-packages/turtlebot3_msgs/turtlebot3_msgs_s__rosidl_typesupport_fastrtps_c.cpython-310-x86_64-linux-gnu.so
[26.603s] -- Up-to-date symlink: /home/gixstudent/Desktop/Final_lab/robotics_navigation/install/turtlebot3_msgs/local/lib/python3.10/dist-packages/turtlebot3_msgs/turtlebot3_msgs_s__rosidl_typesupport_introspection_c.cpython-310-x86_64-linux-gnu.so
[26.604s] -- Up-to-date symlink: /home/gixstudent/Desktop/Final_lab/robotics_navigation/install/turtlebot3_msgs/local/lib/python3.10/dist-packages/turtlebot3_msgs/turtlebot3_msgs_s__rosidl_typesupport_c.cpython-310-x86_64-linux-gnu.so
[26.605s] -- Symlinking: /home/gixstudent/Desktop/Final_lab/robotics_navigation/install/turtlebot3_msgs/share/turtlebot3_msgs/msg/SensorState.idl
[26.632s] -- Symlinking: /home/gixstudent/Desktop/Final_lab/robotics_navigation/install/turtlebot3_msgs/share/turtlebot3_msgs/msg/Sound.idl
[26.659s] -- Symlinking: /home/gixstudent/Desktop/Final_lab/robotics_navigation/install/turtlebot3_msgs/share/turtlebot3_msgs/msg/VersionInfo.idl
[26.685s] -- Symlinking: /home/gixstudent/Desktop/Final_lab/robotics_navigation/install/turtlebot3_msgs/share/turtlebot3_msgs/srv/Sound.idl
[26.710s] -- Symlinking: /home/gixstudent/Desktop/Final_lab/robotics_navigation/install/turtlebot3_msgs/share/turtlebot3_msgs/srv/Dqn.idl
[26.735s] -- Symlinking: /home/gixstudent/Desktop/Final_lab/robotics_navigation/install/turtlebot3_msgs/share/turtlebot3_msgs/action/Patrol.idl
[26.761s] -- Symlinking: /home/gixstudent/Desktop/Final_lab/robotics_navigation/install/turtlebot3_msgs/share/turtlebot3_msgs/msg/SensorState.msg
[26.786s] -- Symlinking: /home/gixstudent/Desktop/Final_lab/robotics_navigation/install/turtlebot3_msgs/share/turtlebot3_msgs/msg/Sound.msg
[26.811s] -- Symlinking: /home/gixstudent/Desktop/Final_lab/robotics_navigation/install/turtlebot3_msgs/share/turtlebot3_msgs/msg/VersionInfo.msg
[26.835s] -- Symlinking: /home/gixstudent/Desktop/Final_lab/robotics_navigation/install/turtlebot3_msgs/share/turtlebot3_msgs/srv/Sound.srv
[26.860s] -- Symlinking: /home/gixstudent/Desktop/Final_lab/robotics_navigation/install/turtlebot3_msgs/share/turtlebot3_msgs/srv/Sound_Request.msg
[26.885s] -- Symlinking: /home/gixstudent/Desktop/Final_lab/robotics_navigation/install/turtlebot3_msgs/share/turtlebot3_msgs/srv/Sound_Response.msg
[26.909s] -- Symlinking: /home/gixstudent/Desktop/Final_lab/robotics_navigation/install/turtlebot3_msgs/share/turtlebot3_msgs/srv/Dqn.srv
[26.933s] -- Symlinking: /home/gixstudent/Desktop/Final_lab/robotics_navigation/install/turtlebot3_msgs/share/turtlebot3_msgs/srv/Dqn_Request.msg
[26.957s] -- Symlinking: /home/gixstudent/Desktop/Final_lab/robotics_navigation/install/turtlebot3_msgs/share/turtlebot3_msgs/srv/Dqn_Response.msg
[26.982s] -- Symlinking: /home/gixstudent/Desktop/Final_lab/robotics_navigation/install/turtlebot3_msgs/share/turtlebot3_msgs/action/Patrol.action
[27.006s] -- Symlinking: /home/gixstudent/Desktop/Final_lab/robotics_navigation/install/turtlebot3_msgs/share/ament_index/resource_index/package_run_dependencies/turtlebot3_msgs
[27.030s] -- Symlinking: /home/gixstudent/Desktop/Final_lab/robotics_navigation/install/turtlebot3_msgs/share/ament_index/resource_index/parent_prefix_path/turtlebot3_msgs
[27.054s] -- Symlinking: /home/gixstudent/Desktop/Final_lab/robotics_navigation/install/turtlebot3_msgs/share/turtlebot3_msgs/environment/ament_prefix_path.sh
[27.078s] -- Symlinking: /home/gixstudent/Desktop/Final_lab/robotics_navigation/install/turtlebot3_msgs/share/turtlebot3_msgs/environment/ament_prefix_path.dsv
[27.101s] -- Symlinking: /home/gixstudent/Desktop/Final_lab/robotics_navigation/install/turtlebot3_msgs/share/turtlebot3_msgs/environment/path.sh
[27.126s] -- Symlinking: /home/gixstudent/Desktop/Final_lab/robotics_navigation/install/turtlebot3_msgs/share/turtlebot3_msgs/environment/path.dsv
[27.151s] -- Symlinking: /home/gixstudent/Desktop/Final_lab/robotics_navigation/install/turtlebot3_msgs/share/turtlebot3_msgs/local_setup.bash
[27.175s] -- Symlinking: /home/gixstudent/Desktop/Final_lab/robotics_navigation/install/turtlebot3_msgs/share/turtlebot3_msgs/local_setup.sh
[27.199s] -- Symlinking: /home/gixstudent/Desktop/Final_lab/robotics_navigation/install/turtlebot3_msgs/share/turtlebot3_msgs/local_setup.zsh
[27.222s] -- Symlinking: /home/gixstudent/Desktop/Final_lab/robotics_navigation/install/turtlebot3_msgs/share/turtlebot3_msgs/local_setup.dsv
[27.246s] -- Symlinking: /home/gixstudent/Desktop/Final_lab/robotics_navigation/install/turtlebot3_msgs/share/turtlebot3_msgs/package.dsv
[27.271s] -- Symlinking: /home/gixstudent/Desktop/Final_lab/robotics_navigation/install/turtlebot3_msgs/share/ament_index/resource_index/packages/turtlebot3_msgs
[27.296s] -- Symlinking: /home/gixstudent/Desktop/Final_lab/robotics_navigation/install/turtlebot3_msgs/share/turtlebot3_msgs/cmake/rosidl_cmake-extras.cmake
[27.319s] -- Symlinking: /home/gixstudent/Desktop/Final_lab/robotics_navigation/install/turtlebot3_msgs/share/turtlebot3_msgs/cmake/ament_cmake_export_dependencies-extras.cmake
[27.344s] -- Symlinking: /home/gixstudent/Desktop/Final_lab/robotics_navigation/install/turtlebot3_msgs/share/turtlebot3_msgs/cmake/ament_cmake_export_include_directories-extras.cmake
[27.370s] -- Symlinking: /home/gixstudent/Desktop/Final_lab/robotics_navigation/install/turtlebot3_msgs/share/turtlebot3_msgs/cmake/ament_cmake_export_libraries-extras.cmake
[27.395s] -- Symlinking: /home/gixstudent/Desktop/Final_lab/robotics_navigation/install/turtlebot3_msgs/share/turtlebot3_msgs/cmake/ament_cmake_export_targets-extras.cmake
[27.419s] -- Symlinking: /home/gixstudent/Desktop/Final_lab/robotics_navigation/install/turtlebot3_msgs/share/turtlebot3_msgs/cmake/rosidl_cmake_export_typesupport_targets-extras.cmake
[27.443s] -- Symlinking: /home/gixstudent/Desktop/Final_lab/robotics_navigation/install/turtlebot3_msgs/share/turtlebot3_msgs/cmake/rosidl_cmake_export_typesupport_libraries-extras.cmake
[27.469s] -- Symlinking: /home/gixstudent/Desktop/Final_lab/robotics_navigation/install/turtlebot3_msgs/share/turtlebot3_msgs/cmake/turtlebot3_msgsConfig.cmake
[27.493s] -- Symlinking: /home/gixstudent/Desktop/Final_lab/robotics_navigation/install/turtlebot3_msgs/share/turtlebot3_msgs/cmake/turtlebot3_msgsConfig-version.cmake
[27.517s] -- Symlinking: /home/gixstudent/Desktop/Final_lab/robotics_navigation/install/turtlebot3_msgs/share/turtlebot3_msgs/package.xml
[27.541s] -- Installing: /home/gixstudent/Desktop/Final_lab/robotics_navigation/install/turtlebot3_msgs/lib/libturtlebot3_msgs__rosidl_generator_c.so
[27.542s] -- Set runtime path of "/home/gixstudent/Desktop/Final_lab/robotics_navigation/install/turtlebot3_msgs/lib/libturtlebot3_msgs__rosidl_generator_c.so" to ""
[27.543s] -- Installing: /home/gixstudent/Desktop/Final_lab/robotics_navigation/install/turtlebot3_msgs/lib/libturtlebot3_msgs__rosidl_typesupport_fastrtps_c.so
[27.544s] -- Set runtime path of "/home/gixstudent/Desktop/Final_lab/robotics_navigation/install/turtlebot3_msgs/lib/libturtlebot3_msgs__rosidl_typesupport_fastrtps_c.so" to ""
[27.544s] -- Installing: /home/gixstudent/Desktop/Final_lab/robotics_navigation/install/turtlebot3_msgs/lib/libturtlebot3_msgs__rosidl_typesupport_fastrtps_cpp.so
[27.545s] -- Set runtime path of "/home/gixstudent/Desktop/Final_lab/robotics_navigation/install/turtlebot3_msgs/lib/libturtlebot3_msgs__rosidl_typesupport_fastrtps_cpp.so" to ""
[27.546s] -- Installing: /home/gixstudent/Desktop/Final_lab/robotics_navigation/install/turtlebot3_msgs/lib/libturtlebot3_msgs__rosidl_typesupport_introspection_c.so
[27.547s] -- Set runtime path of "/home/gixstudent/Desktop/Final_lab/robotics_navigation/install/turtlebot3_msgs/lib/libturtlebot3_msgs__rosidl_typesupport_introspection_c.so" to ""
[27.547s] -- Installing: /home/gixstudent/Desktop/Final_lab/robotics_navigation/install/turtlebot3_msgs/lib/libturtlebot3_msgs__rosidl_typesupport_c.so
[27.548s] -- Set runtime path of "/home/gixstudent/Desktop/Final_lab/robotics_navigation/install/turtlebot3_msgs/lib/libturtlebot3_msgs__rosidl_typesupport_c.so" to ""
[27.548s] -- Installing: /home/gixstudent/Desktop/Final_lab/robotics_navigation/install/turtlebot3_msgs/lib/libturtlebot3_msgs__rosidl_typesupport_introspection_cpp.so
[27.549s] -- Set runtime path of "/home/gixstudent/Desktop/Final_lab/robotics_navigation/install/turtlebot3_msgs/lib/libturtlebot3_msgs__rosidl_typesupport_introspection_cpp.so" to ""
[27.551s] -- Installing: /home/gixstudent/Desktop/Final_lab/robotics_navigation/install/turtlebot3_msgs/lib/libturtlebot3_msgs__rosidl_typesupport_cpp.so
[27.551s] -- Set runtime path of "/home/gixstudent/Desktop/Final_lab/robotics_navigation/install/turtlebot3_msgs/lib/libturtlebot3_msgs__rosidl_typesupport_cpp.so" to ""
[27.724s] Listing '/home/gixstudent/Desktop/Final_lab/robotics_navigation/install/turtlebot3_msgs/local/lib/python3.10/dist-packages/turtlebot3_msgs'...
[27.724s] Compiling '/home/gixstudent/Desktop/Final_lab/robotics_navigation/install/turtlebot3_msgs/local/lib/python3.10/dist-packages/turtlebot3_msgs/__init__.py'...
[27.724s] Listing '/home/gixstudent/Desktop/Final_lab/robotics_navigation/install/turtlebot3_msgs/local/lib/python3.10/dist-packages/turtlebot3_msgs/action'...
[27.724s] Compiling '/home/gixstudent/Desktop/Final_lab/robotics_navigation/install/turtlebot3_msgs/local/lib/python3.10/dist-packages/turtlebot3_msgs/action/__init__.py'...
[27.724s] Compiling '/home/gixstudent/Desktop/Final_lab/robotics_navigation/install/turtlebot3_msgs/local/lib/python3.10/dist-packages/turtlebot3_msgs/action/_patrol.py'...
[27.725s] Listing '/home/gixstudent/Desktop/Final_lab/robotics_navigation/install/turtlebot3_msgs/local/lib/python3.10/dist-packages/turtlebot3_msgs/msg'...
[27.725s] Compiling '/home/gixstudent/Desktop/Final_lab/robotics_navigation/install/turtlebot3_msgs/local/lib/python3.10/dist-packages/turtlebot3_msgs/msg/__init__.py'...
[27.725s] Compiling '/home/gixstudent/Desktop/Final_lab/robotics_navigation/install/turtlebot3_msgs/local/lib/python3.10/dist-packages/turtlebot3_msgs/msg/_sensor_state.py'...
[27.725s] Compiling '/home/gixstudent/Desktop/Final_lab/robotics_navigation/install/turtlebot3_msgs/local/lib/python3.10/dist-packages/turtlebot3_msgs/msg/_sound.py'...
[27.726s] Compiling '/home/gixstudent/Desktop/Final_lab/robotics_navigation/install/turtlebot3_msgs/local/lib/python3.10/dist-packages/turtlebot3_msgs/msg/_version_info.py'...
[27.726s] Listing '/home/gixstudent/Desktop/Final_lab/robotics_navigation/install/turtlebot3_msgs/local/lib/python3.10/dist-packages/turtlebot3_msgs/srv'...
[27.726s] Compiling '/home/gixstudent/Desktop/Final_lab/robotics_navigation/install/turtlebot3_msgs/local/lib/python3.10/dist-packages/turtlebot3_msgs/srv/__init__.py'...
[27.726s] Compiling '/home/gixstudent/Desktop/Final_lab/robotics_navigation/install/turtlebot3_msgs/local/lib/python3.10/dist-packages/turtlebot3_msgs/srv/_dqn.py'...
[27.726s] Compiling '/home/gixstudent/Desktop/Final_lab/robotics_navigation/install/turtlebot3_msgs/local/lib/python3.10/dist-packages/turtlebot3_msgs/srv/_sound.py'...
[27.730s] -- Installing: /home/gixstudent/Desktop/Final_lab/robotics_navigation/install/turtlebot3_msgs/lib/libturtlebot3_msgs__rosidl_generator_py.so
[27.731s] -- Set runtime path of "/home/gixstudent/Desktop/Final_lab/robotics_navigation/install/turtlebot3_msgs/lib/libturtlebot3_msgs__rosidl_generator_py.so" to ""
[27.731s] -- Installing: /home/gixstudent/Desktop/Final_lab/robotics_navigation/install/turtlebot3_msgs/share/turtlebot3_msgs/cmake/export_turtlebot3_msgs__rosidl_generator_cExport.cmake
[27.732s] -- Installing: /home/gixstudent/Desktop/Final_lab/robotics_navigation/install/turtlebot3_msgs/share/turtlebot3_msgs/cmake/export_turtlebot3_msgs__rosidl_generator_cExport-noconfig.cmake
[27.732s] -- Installing: /home/gixstudent/Desktop/Final_lab/robotics_navigation/install/turtlebot3_msgs/share/turtlebot3_msgs/cmake/export_turtlebot3_msgs__rosidl_typesupport_fastrtps_cExport.cmake
[27.733s] -- Installing: /home/gixstudent/Desktop/Final_lab/robotics_navigation/install/turtlebot3_msgs/share/turtlebot3_msgs/cmake/export_turtlebot3_msgs__rosidl_typesupport_fastrtps_cExport-noconfig.cmake
[27.733s] -- Installing: /home/gixstudent/Desktop/Final_lab/robotics_navigation/install/turtlebot3_msgs/share/turtlebot3_msgs/cmake/export_turtlebot3_msgs__rosidl_generator_cppExport.cmake
[27.734s] -- Installing: /home/gixstudent/Desktop/Final_lab/robotics_navigation/install/turtlebot3_msgs/share/turtlebot3_msgs/cmake/export_turtlebot3_msgs__rosidl_typesupport_fastrtps_cppExport.cmake
[27.734s] -- Installing: /home/gixstudent/Desktop/Final_lab/robotics_navigation/install/turtlebot3_msgs/share/turtlebot3_msgs/cmake/export_turtlebot3_msgs__rosidl_typesupport_fastrtps_cppExport-noconfig.cmake
[27.734s] -- Installing: /home/gixstudent/Desktop/Final_lab/robotics_navigation/install/turtlebot3_msgs/share/turtlebot3_msgs/cmake/turtlebot3_msgs__rosidl_typesupport_introspection_cExport.cmake
[27.735s] -- Installing: /home/gixstudent/Desktop/Final_lab/robotics_navigation/install/turtlebot3_msgs/share/turtlebot3_msgs/cmake/turtlebot3_msgs__rosidl_typesupport_introspection_cExport-noconfig.cmake
[27.735s] -- Installing: /home/gixstudent/Desktop/Final_lab/robotics_navigation/install/turtlebot3_msgs/share/turtlebot3_msgs/cmake/turtlebot3_msgs__rosidl_typesupport_cExport.cmake
[27.736s] -- Installing: /home/gixstudent/Desktop/Final_lab/robotics_navigation/install/turtlebot3_msgs/share/turtlebot3_msgs/cmake/turtlebot3_msgs__rosidl_typesupport_cExport-noconfig.cmake
[27.736s] -- Installing: /home/gixstudent/Desktop/Final_lab/robotics_navigation/install/turtlebot3_msgs/share/turtlebot3_msgs/cmake/turtlebot3_msgs__rosidl_typesupport_introspection_cppExport.cmake
[27.738s] -- Installing: /home/gixstudent/Desktop/Final_lab/robotics_navigation/install/turtlebot3_msgs/share/turtlebot3_msgs/cmake/turtlebot3_msgs__rosidl_typesupport_introspection_cppExport-noconfig.cmake
[27.738s] -- Installing: /home/gixstudent/Desktop/Final_lab/robotics_navigation/install/turtlebot3_msgs/share/turtlebot3_msgs/cmake/turtlebot3_msgs__rosidl_typesupport_cppExport.cmake
[27.739s] -- Installing: /home/gixstudent/Desktop/Final_lab/robotics_navigation/install/turtlebot3_msgs/share/turtlebot3_msgs/cmake/turtlebot3_msgs__rosidl_typesupport_cppExport-noconfig.cmake
[27.739s] -- Installing: /home/gixstudent/Desktop/Final_lab/robotics_navigation/install/turtlebot3_msgs/share/turtlebot3_msgs/cmake/export_turtlebot3_msgs__rosidl_generator_pyExport.cmake
[27.739s] -- Installing: /home/gixstudent/Desktop/Final_lab/robotics_navigation/install/turtlebot3_msgs/share/turtlebot3_msgs/cmake/export_turtlebot3_msgs__rosidl_generator_pyExport-noconfig.cmake
[27.749s] Invoked command in '/home/gixstudent/Desktop/Final_lab/robotics_navigation/build/turtlebot3_msgs' returned '0': CMAKE_PREFIX_PATH=/opt/ros/humble /usr/bin/cmake --install /home/gixstudent/Desktop/Final_lab/robotics_navigation/build/turtlebot3_msgs
