/home/gixstudent/Desktop/Final_lab/robotics_navigation/install/c8nav/lib/python3.10/site-packages/c8nav/save_current_pose.py
/home/gixstudent/Desktop/Final_lab/robotics_navigation/install/c8nav/lib/python3.10/site-packages/c8nav/__init__.py
/home/gixstudent/Desktop/Final_lab/robotics_navigation/install/c8nav/lib/python3.10/site-packages/c8nav/get_goal.py
/home/gixstudent/Desktop/Final_lab/robotics_navigation/install/c8nav/lib/python3.10/site-packages/c8nav/send_goal.py
/home/gixstudent/Desktop/Final_lab/robotics_navigation/install/c8nav/lib/python3.10/site-packages/c8nav/get_goal_copy.py
/home/gixstudent/Desktop/Final_lab/robotics_navigation/install/c8nav/lib/python3.10/site-packages/c8nav/pose_estimate.py
/home/gixstudent/Desktop/Final_lab/robotics_navigation/install/c8nav/lib/python3.10/site-packages/c8nav/get_goal_jason.py
/home/gixstudent/Desktop/Final_lab/robotics_navigation/install/c8nav/lib/python3.10/site-packages/c8nav/qr_code_aruco_create.py
/home/gixstudent/Desktop/Final_lab/robotics_navigation/install/c8nav/lib/python3.10/site-packages/c8nav/qr_code_direct_navigator.py
/home/gixstudent/Desktop/Final_lab/robotics_navigation/install/c8nav/lib/python3.10/site-packages/c8nav/send_goal_qr_code.py
/home/gixstudent/Desktop/Final_lab/robotics_navigation/install/c8nav/lib/python3.10/site-packages/c8nav/__pycache__/save_current_pose.cpython-310.pyc
/home/gixstudent/Desktop/Final_lab/robotics_navigation/install/c8nav/lib/python3.10/site-packages/c8nav/__pycache__/__init__.cpython-310.pyc
/home/gixstudent/Desktop/Final_lab/robotics_navigation/install/c8nav/lib/python3.10/site-packages/c8nav/__pycache__/get_goal.cpython-310.pyc
/home/gixstudent/Desktop/Final_lab/robotics_navigation/install/c8nav/lib/python3.10/site-packages/c8nav/__pycache__/send_goal.cpython-310.pyc
/home/gixstudent/Desktop/Final_lab/robotics_navigation/install/c8nav/lib/python3.10/site-packages/c8nav/__pycache__/get_goal_copy.cpython-310.pyc
/home/gixstudent/Desktop/Final_lab/robotics_navigation/install/c8nav/lib/python3.10/site-packages/c8nav/__pycache__/pose_estimate.cpython-310.pyc
/home/gixstudent/Desktop/Final_lab/robotics_navigation/install/c8nav/lib/python3.10/site-packages/c8nav/__pycache__/get_goal_jason.cpython-310.pyc
/home/gixstudent/Desktop/Final_lab/robotics_navigation/install/c8nav/lib/python3.10/site-packages/c8nav/__pycache__/qr_code_aruco_create.cpython-310.pyc
/home/gixstudent/Desktop/Final_lab/robotics_navigation/install/c8nav/lib/python3.10/site-packages/c8nav/__pycache__/qr_code_direct_navigator.cpython-310.pyc
/home/gixstudent/Desktop/Final_lab/robotics_navigation/install/c8nav/lib/python3.10/site-packages/c8nav/__pycache__/send_goal_qr_code.cpython-310.pyc
/home/gixstudent/Desktop/Final_lab/robotics_navigation/install/c8nav/share/ament_index/resource_index/packages/c8nav
/home/gixstudent/Desktop/Final_lab/robotics_navigation/install/c8nav/share/c8nav/package.xml
/home/gixstudent/Desktop/Final_lab/robotics_navigation/install/c8nav/lib/python3.10/site-packages/c8nav-0.0.0-py3.10.egg-info/entry_points.txt
/home/gixstudent/Desktop/Final_lab/robotics_navigation/install/c8nav/lib/python3.10/site-packages/c8nav-0.0.0-py3.10.egg-info/dependency_links.txt
/home/gixstudent/Desktop/Final_lab/robotics_navigation/install/c8nav/lib/python3.10/site-packages/c8nav-0.0.0-py3.10.egg-info/SOURCES.txt
/home/gixstudent/Desktop/Final_lab/robotics_navigation/install/c8nav/lib/python3.10/site-packages/c8nav-0.0.0-py3.10.egg-info/zip-safe
/home/gixstudent/Desktop/Final_lab/robotics_navigation/install/c8nav/lib/python3.10/site-packages/c8nav-0.0.0-py3.10.egg-info/top_level.txt
/home/gixstudent/Desktop/Final_lab/robotics_navigation/install/c8nav/lib/python3.10/site-packages/c8nav-0.0.0-py3.10.egg-info/PKG-INFO
/home/gixstudent/Desktop/Final_lab/robotics_navigation/install/c8nav/lib/python3.10/site-packages/c8nav-0.0.0-py3.10.egg-info/requires.txt
/home/gixstudent/Desktop/Final_lab/robotics_navigation/install/c8nav/lib/c8nav/get_goal
/home/gixstudent/Desktop/Final_lab/robotics_navigation/install/c8nav/lib/c8nav/qr_code_aruco_create
/home/gixstudent/Desktop/Final_lab/robotics_navigation/install/c8nav/lib/c8nav/save_current_pose
/home/gixstudent/Desktop/Final_lab/robotics_navigation/install/c8nav/lib/c8nav/send_goal
/home/gixstudent/Desktop/Final_lab/robotics_navigation/install/c8nav/lib/c8nav/send_goal_qr_code
