[0.728s] Invoking command in '/home/gixstudent/Desktop/Final_lab/robotics_navigation/nav_ws/c8nav': PYTHONPATH=/home/gixstudent/Desktop/Final_lab/robotics_navigation/build/c8nav/prefix_override:/usr/lib/python3/dist-packages/colcon_core/task/python/colcon_distutils_commands:/home/gixstudent/Desktop/Final_lab/robotics_navigation/install/c8nav/lib/python3.10/site-packages:${PYTHONPATH} /usr/bin/python3 -W ignore:setup.py install is deprecated -W ignore:easy_install command is deprecated setup.py egg_info --egg-base ../../build/c8nav build --build-base /home/gixstudent/Desktop/Final_lab/robotics_navigation/build/c8nav/build install --record /home/gixstudent/Desktop/Final_lab/robotics_navigation/build/c8nav/install.log --single-version-externally-managed install_data
[0.998s] running egg_info
[0.998s] writing ../../build/c8nav/c8nav.egg-info/PKG-INFO
[0.999s] writing dependency_links to ../../build/c8nav/c8nav.egg-info/dependency_links.txt
[0.999s] writing entry points to ../../build/c8nav/c8nav.egg-info/entry_points.txt
[0.999s] writing requirements to ../../build/c8nav/c8nav.egg-info/requires.txt
[1.000s] writing top-level names to ../../build/c8nav/c8nav.egg-info/top_level.txt
[1.003s] reading manifest file '../../build/c8nav/c8nav.egg-info/SOURCES.txt'
[1.004s] writing manifest file '../../build/c8nav/c8nav.egg-info/SOURCES.txt'
[1.004s] running build
[1.004s] running build_py
[1.005s] copying c8nav/qr_code_aruco_create.py -> /home/gixstudent/Desktop/Final_lab/robotics_navigation/build/c8nav/build/lib/c8nav
[1.005s] copying c8nav/qr_code_direct_navigator.py -> /home/gixstudent/Desktop/Final_lab/robotics_navigation/build/c8nav/build/lib/c8nav
[1.005s] running install
[1.006s] running install_lib
[1.007s] copying /home/gixstudent/Desktop/Final_lab/robotics_navigation/build/c8nav/build/lib/c8nav/qr_code_aruco_create.py -> /home/gixstudent/Desktop/Final_lab/robotics_navigation/install/c8nav/lib/python3.10/site-packages/c8nav
[1.007s] copying /home/gixstudent/Desktop/Final_lab/robotics_navigation/build/c8nav/build/lib/c8nav/qr_code_direct_navigator.py -> /home/gixstudent/Desktop/Final_lab/robotics_navigation/install/c8nav/lib/python3.10/site-packages/c8nav
[1.008s] byte-compiling /home/gixstudent/Desktop/Final_lab/robotics_navigation/install/c8nav/lib/python3.10/site-packages/c8nav/qr_code_aruco_create.py to qr_code_aruco_create.cpython-310.pyc
[1.011s] byte-compiling /home/gixstudent/Desktop/Final_lab/robotics_navigation/install/c8nav/lib/python3.10/site-packages/c8nav/qr_code_direct_navigator.py to qr_code_direct_navigator.cpython-310.pyc
[1.012s] running install_data
[1.012s] running install_egg_info
[1.014s] removing '/home/gixstudent/Desktop/Final_lab/robotics_navigation/install/c8nav/lib/python3.10/site-packages/c8nav-0.0.0-py3.10.egg-info' (and everything under it)
[1.014s] Copying ../../build/c8nav/c8nav.egg-info to /home/gixstudent/Desktop/Final_lab/robotics_navigation/install/c8nav/lib/python3.10/site-packages/c8nav-0.0.0-py3.10.egg-info
[1.015s] running install_scripts
[1.038s] Installing get_goal script to /home/gixstudent/Desktop/Final_lab/robotics_navigation/install/c8nav/lib/c8nav
[1.038s] Installing save_current_pose script to /home/gixstudent/Desktop/Final_lab/robotics_navigation/install/c8nav/lib/c8nav
[1.039s] Installing send_goal script to /home/gixstudent/Desktop/Final_lab/robotics_navigation/install/c8nav/lib/c8nav
[1.039s] Installing send_goal_qr_code script to /home/gixstudent/Desktop/Final_lab/robotics_navigation/install/c8nav/lib/c8nav
[1.039s] writing list of installed files to '/home/gixstudent/Desktop/Final_lab/robotics_navigation/build/c8nav/install.log'
[1.065s] Invoked command in '/home/gixstudent/Desktop/Final_lab/robotics_navigation/nav_ws/c8nav' returned '0': PYTHONPATH=/home/gixstudent/Desktop/Final_lab/robotics_navigation/build/c8nav/prefix_override:/usr/lib/python3/dist-packages/colcon_core/task/python/colcon_distutils_commands:/home/gixstudent/Desktop/Final_lab/robotics_navigation/install/c8nav/lib/python3.10/site-packages:${PYTHONPATH} /usr/bin/python3 -W ignore:setup.py install is deprecated -W ignore:easy_install command is deprecated setup.py egg_info --egg-base ../../build/c8nav build --build-base /home/gixstudent/Desktop/Final_lab/robotics_navigation/build/c8nav/build install --record /home/gixstudent/Desktop/Final_lab/robotics_navigation/build/c8nav/install.log --single-version-externally-managed install_data
