[2.056s] Invoking command in '/home/gixstudent/Desktop/Final_lab/robotics_navigation/build/turtlebot3_example': AMENT_PREFIX_PATH=/home/gixstudent/Desktop/Final_lab/robotics_navigation/install/turtlebot3_msgs:${AMENT_PREFIX_PATH} CMAKE_PREFIX_PATH=/home/gixstudent/Desktop/Final_lab/robotics_navigation/install/turtlebot3_msgs LD_LIBRARY_PATH=/home/gixstudent/Desktop/Final_lab/robotics_navigation/install/turtlebot3_msgs/lib:/usr/lib/x86_64-linux-gnu/gazebo-11/plugins:/opt/ros/humble/opt/rviz_ogre_vendor/lib:/opt/ros/humble/lib/x86_64-linux-gnu:/opt/ros/humble/lib:/usr/share/gazebo/../../lib/x86_64-linux-gnu/gazebo-11/plugins PYTHONPATH=/home/gixstudent/Desktop/Final_lab/robotics_navigation/build/turtlebot3_example/prefix_override:/usr/lib/python3/dist-packages/colcon_core/task/python/colcon_distutils_commands:/home/gixstudent/Desktop/Final_lab/robotics_navigation/install/turtlebot3_example/lib/python3.10/site-packages:/home/gixstudent/Desktop/Final_lab/robotics_navigation/install/turtlebot3_msgs/local/lib/python3.10/dist-packages:${PYTHONPATH} /usr/bin/python3 -W ignore:setup.py install is deprecated -W ignore:easy_install command is deprecated setup.py develop --uninstall --editable --build-directory /home/gixstudent/Desktop/Final_lab/robotics_navigation/build/turtlebot3_example/build
[2.800s] running develop
[3.580s] Removing /home/gixstudent/Desktop/Final_lab/robotics_navigation/install/turtlebot3_example/lib/python3.10/site-packages/turtlebot3-example.egg-link (link to .)
[3.672s] Invoked command in '/home/gixstudent/Desktop/Final_lab/robotics_navigation/build/turtlebot3_example' returned '0': AMENT_PREFIX_PATH=/home/gixstudent/Desktop/Final_lab/robotics_navigation/install/turtlebot3_msgs:${AMENT_PREFIX_PATH} CMAKE_PREFIX_PATH=/home/gixstudent/Desktop/Final_lab/robotics_navigation/install/turtlebot3_msgs LD_LIBRARY_PATH=/home/gixstudent/Desktop/Final_lab/robotics_navigation/install/turtlebot3_msgs/lib:/usr/lib/x86_64-linux-gnu/gazebo-11/plugins:/opt/ros/humble/opt/rviz_ogre_vendor/lib:/opt/ros/humble/lib/x86_64-linux-gnu:/opt/ros/humble/lib:/usr/share/gazebo/../../lib/x86_64-linux-gnu/gazebo-11/plugins PYTHONPATH=/home/gixstudent/Desktop/Final_lab/robotics_navigation/build/turtlebot3_example/prefix_override:/usr/lib/python3/dist-packages/colcon_core/task/python/colcon_distutils_commands:/home/gixstudent/Desktop/Final_lab/robotics_navigation/install/turtlebot3_example/lib/python3.10/site-packages:/home/gixstudent/Desktop/Final_lab/robotics_navigation/install/turtlebot3_msgs/local/lib/python3.10/dist-packages:${PYTHONPATH} /usr/bin/python3 -W ignore:setup.py install is deprecated -W ignore:easy_install command is deprecated setup.py develop --uninstall --editable --build-directory /home/gixstudent/Desktop/Final_lab/robotics_navigation/build/turtlebot3_example/build
[3.673s] Invoking command in '/home/gixstudent/Desktop/Final_lab/robotics_navigation/src/turtlebot3/turtlebot3_example': AMENT_PREFIX_PATH=/home/gixstudent/Desktop/Final_lab/robotics_navigation/install/turtlebot3_msgs:${AMENT_PREFIX_PATH} CMAKE_PREFIX_PATH=/home/gixstudent/Desktop/Final_lab/robotics_navigation/install/turtlebot3_msgs LD_LIBRARY_PATH=/home/gixstudent/Desktop/Final_lab/robotics_navigation/install/turtlebot3_msgs/lib:/usr/lib/x86_64-linux-gnu/gazebo-11/plugins:/opt/ros/humble/opt/rviz_ogre_vendor/lib:/opt/ros/humble/lib/x86_64-linux-gnu:/opt/ros/humble/lib:/usr/share/gazebo/../../lib/x86_64-linux-gnu/gazebo-11/plugins PYTHONPATH=/home/gixstudent/Desktop/Final_lab/robotics_navigation/build/turtlebot3_example/prefix_override:/usr/lib/python3/dist-packages/colcon_core/task/python/colcon_distutils_commands:/home/gixstudent/Desktop/Final_lab/robotics_navigation/install/turtlebot3_example/lib/python3.10/site-packages:/home/gixstudent/Desktop/Final_lab/robotics_navigation/install/turtlebot3_msgs/local/lib/python3.10/dist-packages:${PYTHONPATH} /usr/bin/python3 -W ignore:setup.py install is deprecated -W ignore:easy_install command is deprecated setup.py egg_info --egg-base ../../../build/turtlebot3_example build --build-base /home/gixstudent/Desktop/Final_lab/robotics_navigation/build/turtlebot3_example/build install --record /home/gixstudent/Desktop/Final_lab/robotics_navigation/build/turtlebot3_example/install.log --single-version-externally-managed install_data --force
[4.420s] running egg_info
[4.421s] writing ../../../build/turtlebot3_example/turtlebot3_example.egg-info/PKG-INFO
[4.422s] writing dependency_links to ../../../build/turtlebot3_example/turtlebot3_example.egg-info/dependency_links.txt
[4.422s] writing entry points to ../../../build/turtlebot3_example/turtlebot3_example.egg-info/entry_points.txt
[4.422s] writing requirements to ../../../build/turtlebot3_example/turtlebot3_example.egg-info/requires.txt
[4.422s] writing top-level names to ../../../build/turtlebot3_example/turtlebot3_example.egg-info/top_level.txt
[4.428s] reading manifest file '../../../build/turtlebot3_example/turtlebot3_example.egg-info/SOURCES.txt'
[4.435s] writing manifest file '../../../build/turtlebot3_example/turtlebot3_example.egg-info/SOURCES.txt'
[4.435s] running build
[4.437s] running build_py
[4.438s] creating /home/gixstudent/Desktop/Final_lab/robotics_navigation/build/turtlebot3_example/build
[4.438s] creating /home/gixstudent/Desktop/Final_lab/robotics_navigation/build/turtlebot3_example/build/lib
[4.438s] creating /home/gixstudent/Desktop/Final_lab/robotics_navigation/build/turtlebot3_example/build/lib/turtlebot3_example
[4.438s] copying turtlebot3_example/__init__.py -> /home/gixstudent/Desktop/Final_lab/robotics_navigation/build/turtlebot3_example/build/lib/turtlebot3_example
[4.438s] creating /home/gixstudent/Desktop/Final_lab/robotics_navigation/build/turtlebot3_example/build/lib/turtlebot3_example/turtlebot3_obstacle_detection
[4.438s] copying turtlebot3_example/turtlebot3_obstacle_detection/turtlebot3_obstacle_detection.py -> /home/gixstudent/Desktop/Final_lab/robotics_navigation/build/turtlebot3_example/build/lib/turtlebot3_example/turtlebot3_obstacle_detection
[4.439s] copying turtlebot3_example/turtlebot3_obstacle_detection/__init__.py -> /home/gixstudent/Desktop/Final_lab/robotics_navigation/build/turtlebot3_example/build/lib/turtlebot3_example/turtlebot3_obstacle_detection
[4.439s] copying turtlebot3_example/turtlebot3_obstacle_detection/main.py -> /home/gixstudent/Desktop/Final_lab/robotics_navigation/build/turtlebot3_example/build/lib/turtlebot3_example/turtlebot3_obstacle_detection
[4.439s] creating /home/gixstudent/Desktop/Final_lab/robotics_navigation/build/turtlebot3_example/build/lib/turtlebot3_example/turtlebot3_patrol_client
[4.440s] copying turtlebot3_example/turtlebot3_patrol_client/__init__.py -> /home/gixstudent/Desktop/Final_lab/robotics_navigation/build/turtlebot3_example/build/lib/turtlebot3_example/turtlebot3_patrol_client
[4.440s] copying turtlebot3_example/turtlebot3_patrol_client/turtlebot3_patrol_client.py -> /home/gixstudent/Desktop/Final_lab/robotics_navigation/build/turtlebot3_example/build/lib/turtlebot3_example/turtlebot3_patrol_client
[4.441s] copying turtlebot3_example/turtlebot3_patrol_client/main.py -> /home/gixstudent/Desktop/Final_lab/robotics_navigation/build/turtlebot3_example/build/lib/turtlebot3_example/turtlebot3_patrol_client
[4.441s] creating /home/gixstudent/Desktop/Final_lab/robotics_navigation/build/turtlebot3_example/build/lib/turtlebot3_example/turtlebot3_patrol_server
[4.441s] copying turtlebot3_example/turtlebot3_patrol_server/turtlebot3_path.py -> /home/gixstudent/Desktop/Final_lab/robotics_navigation/build/turtlebot3_example/build/lib/turtlebot3_example/turtlebot3_patrol_server
[4.442s] copying turtlebot3_example/turtlebot3_patrol_server/__init__.py -> /home/gixstudent/Desktop/Final_lab/robotics_navigation/build/turtlebot3_example/build/lib/turtlebot3_example/turtlebot3_patrol_server
[4.442s] copying turtlebot3_example/turtlebot3_patrol_server/main.py -> /home/gixstudent/Desktop/Final_lab/robotics_navigation/build/turtlebot3_example/build/lib/turtlebot3_example/turtlebot3_patrol_server
[4.444s] copying turtlebot3_example/turtlebot3_patrol_server/turtlebot3_patrol_server.py -> /home/gixstudent/Desktop/Final_lab/robotics_navigation/build/turtlebot3_example/build/lib/turtlebot3_example/turtlebot3_patrol_server
[4.448s] creating /home/gixstudent/Desktop/Final_lab/robotics_navigation/build/turtlebot3_example/build/lib/turtlebot3_example/turtlebot3_position_control
[4.448s] copying turtlebot3_example/turtlebot3_position_control/turtlebot3_path.py -> /home/gixstudent/Desktop/Final_lab/robotics_navigation/build/turtlebot3_example/build/lib/turtlebot3_example/turtlebot3_position_control
[4.448s] copying turtlebot3_example/turtlebot3_position_control/turtlebot3_position_control.py -> /home/gixstudent/Desktop/Final_lab/robotics_navigation/build/turtlebot3_example/build/lib/turtlebot3_example/turtlebot3_position_control
[4.448s] copying turtlebot3_example/turtlebot3_position_control/__init__.py -> /home/gixstudent/Desktop/Final_lab/robotics_navigation/build/turtlebot3_example/build/lib/turtlebot3_example/turtlebot3_position_control
[4.448s] copying turtlebot3_example/turtlebot3_position_control/main.py -> /home/gixstudent/Desktop/Final_lab/robotics_navigation/build/turtlebot3_example/build/lib/turtlebot3_example/turtlebot3_position_control
[4.450s] running install
[4.450s] running install_lib
[4.454s] creating /home/gixstudent/Desktop/Final_lab/robotics_navigation/install/turtlebot3_example/lib/python3.10/site-packages/turtlebot3_example
[4.455s] creating /home/gixstudent/Desktop/Final_lab/robotics_navigation/install/turtlebot3_example/lib/python3.10/site-packages/turtlebot3_example/turtlebot3_obstacle_detection
[4.455s] copying /home/gixstudent/Desktop/Final_lab/robotics_navigation/build/turtlebot3_example/build/lib/turtlebot3_example/turtlebot3_obstacle_detection/turtlebot3_obstacle_detection.py -> /home/gixstudent/Desktop/Final_lab/robotics_navigation/install/turtlebot3_example/lib/python3.10/site-packages/turtlebot3_example/turtlebot3_obstacle_detection
[4.456s] copying /home/gixstudent/Desktop/Final_lab/robotics_navigation/build/turtlebot3_example/build/lib/turtlebot3_example/turtlebot3_obstacle_detection/__init__.py -> /home/gixstudent/Desktop/Final_lab/robotics_navigation/install/turtlebot3_example/lib/python3.10/site-packages/turtlebot3_example/turtlebot3_obstacle_detection
[4.457s] copying /home/gixstudent/Desktop/Final_lab/robotics_navigation/build/turtlebot3_example/build/lib/turtlebot3_example/turtlebot3_obstacle_detection/main.py -> /home/gixstudent/Desktop/Final_lab/robotics_navigation/install/turtlebot3_example/lib/python3.10/site-packages/turtlebot3_example/turtlebot3_obstacle_detection
[4.459s] creating /home/gixstudent/Desktop/Final_lab/robotics_navigation/install/turtlebot3_example/lib/python3.10/site-packages/turtlebot3_example/turtlebot3_patrol_client
[4.459s] copying /home/gixstudent/Desktop/Final_lab/robotics_navigation/build/turtlebot3_example/build/lib/turtlebot3_example/turtlebot3_patrol_client/__init__.py -> /home/gixstudent/Desktop/Final_lab/robotics_navigation/install/turtlebot3_example/lib/python3.10/site-packages/turtlebot3_example/turtlebot3_patrol_client
[4.462s] copying /home/gixstudent/Desktop/Final_lab/robotics_navigation/build/turtlebot3_example/build/lib/turtlebot3_example/turtlebot3_patrol_client/turtlebot3_patrol_client.py -> /home/gixstudent/Desktop/Final_lab/robotics_navigation/install/turtlebot3_example/lib/python3.10/site-packages/turtlebot3_example/turtlebot3_patrol_client
[4.462s] copying /home/gixstudent/Desktop/Final_lab/robotics_navigation/build/turtlebot3_example/build/lib/turtlebot3_example/turtlebot3_patrol_client/main.py -> /home/gixstudent/Desktop/Final_lab/robotics_navigation/install/turtlebot3_example/lib/python3.10/site-packages/turtlebot3_example/turtlebot3_patrol_client
[4.462s] creating /home/gixstudent/Desktop/Final_lab/robotics_navigation/install/turtlebot3_example/lib/python3.10/site-packages/turtlebot3_example/turtlebot3_patrol_server
[4.463s] copying /home/gixstudent/Desktop/Final_lab/robotics_navigation/build/turtlebot3_example/build/lib/turtlebot3_example/turtlebot3_patrol_server/turtlebot3_path.py -> /home/gixstudent/Desktop/Final_lab/robotics_navigation/install/turtlebot3_example/lib/python3.10/site-packages/turtlebot3_example/turtlebot3_patrol_server
[4.464s] copying /home/gixstudent/Desktop/Final_lab/robotics_navigation/build/turtlebot3_example/build/lib/turtlebot3_example/turtlebot3_patrol_server/__init__.py -> /home/gixstudent/Desktop/Final_lab/robotics_navigation/install/turtlebot3_example/lib/python3.10/site-packages/turtlebot3_example/turtlebot3_patrol_server
[4.465s] copying /home/gixstudent/Desktop/Final_lab/robotics_navigation/build/turtlebot3_example/build/lib/turtlebot3_example/turtlebot3_patrol_server/main.py -> /home/gixstudent/Desktop/Final_lab/robotics_navigation/install/turtlebot3_example/lib/python3.10/site-packages/turtlebot3_example/turtlebot3_patrol_server
[4.465s] copying /home/gixstudent/Desktop/Final_lab/robotics_navigation/build/turtlebot3_example/build/lib/turtlebot3_example/turtlebot3_patrol_server/turtlebot3_patrol_server.py -> /home/gixstudent/Desktop/Final_lab/robotics_navigation/install/turtlebot3_example/lib/python3.10/site-packages/turtlebot3_example/turtlebot3_patrol_server
[4.466s] copying /home/gixstudent/Desktop/Final_lab/robotics_navigation/build/turtlebot3_example/build/lib/turtlebot3_example/__init__.py -> /home/gixstudent/Desktop/Final_lab/robotics_navigation/install/turtlebot3_example/lib/python3.10/site-packages/turtlebot3_example
[4.467s] creating /home/gixstudent/Desktop/Final_lab/robotics_navigation/install/turtlebot3_example/lib/python3.10/site-packages/turtlebot3_example/turtlebot3_position_control
[4.467s] copying /home/gixstudent/Desktop/Final_lab/robotics_navigation/build/turtlebot3_example/build/lib/turtlebot3_example/turtlebot3_position_control/turtlebot3_path.py -> /home/gixstudent/Desktop/Final_lab/robotics_navigation/install/turtlebot3_example/lib/python3.10/site-packages/turtlebot3_example/turtlebot3_position_control
[4.467s] copying /home/gixstudent/Desktop/Final_lab/robotics_navigation/build/turtlebot3_example/build/lib/turtlebot3_example/turtlebot3_position_control/turtlebot3_position_control.py -> /home/gixstudent/Desktop/Final_lab/robotics_navigation/install/turtlebot3_example/lib/python3.10/site-packages/turtlebot3_example/turtlebot3_position_control
[4.467s] copying /home/gixstudent/Desktop/Final_lab/robotics_navigation/build/turtlebot3_example/build/lib/turtlebot3_example/turtlebot3_position_control/__init__.py -> /home/gixstudent/Desktop/Final_lab/robotics_navigation/install/turtlebot3_example/lib/python3.10/site-packages/turtlebot3_example/turtlebot3_position_control
[4.472s] copying /home/gixstudent/Desktop/Final_lab/robotics_navigation/build/turtlebot3_example/build/lib/turtlebot3_example/turtlebot3_position_control/main.py -> /home/gixstudent/Desktop/Final_lab/robotics_navigation/install/turtlebot3_example/lib/python3.10/site-packages/turtlebot3_example/turtlebot3_position_control
[4.472s] byte-compiling /home/gixstudent/Desktop/Final_lab/robotics_navigation/install/turtlebot3_example/lib/python3.10/site-packages/turtlebot3_example/turtlebot3_obstacle_detection/turtlebot3_obstacle_detection.py to turtlebot3_obstacle_detection.cpython-310.pyc
[4.472s] byte-compiling /home/gixstudent/Desktop/Final_lab/robotics_navigation/install/turtlebot3_example/lib/python3.10/site-packages/turtlebot3_example/turtlebot3_obstacle_detection/__init__.py to __init__.cpython-310.pyc
[4.473s] byte-compiling /home/gixstudent/Desktop/Final_lab/robotics_navigation/install/turtlebot3_example/lib/python3.10/site-packages/turtlebot3_example/turtlebot3_obstacle_detection/main.py to main.cpython-310.pyc
[4.474s] byte-compiling /home/gixstudent/Desktop/Final_lab/robotics_navigation/install/turtlebot3_example/lib/python3.10/site-packages/turtlebot3_example/turtlebot3_patrol_client/__init__.py to __init__.cpython-310.pyc
[4.474s] byte-compiling /home/gixstudent/Desktop/Final_lab/robotics_navigation/install/turtlebot3_example/lib/python3.10/site-packages/turtlebot3_example/turtlebot3_patrol_client/turtlebot3_patrol_client.py to turtlebot3_patrol_client.cpython-310.pyc
[4.475s] byte-compiling /home/gixstudent/Desktop/Final_lab/robotics_navigation/install/turtlebot3_example/lib/python3.10/site-packages/turtlebot3_example/turtlebot3_patrol_client/main.py to main.cpython-310.pyc
[4.480s] byte-compiling /home/gixstudent/Desktop/Final_lab/robotics_navigation/install/turtlebot3_example/lib/python3.10/site-packages/turtlebot3_example/turtlebot3_patrol_server/turtlebot3_path.py to turtlebot3_path.cpython-310.pyc
[4.481s] byte-compiling /home/gixstudent/Desktop/Final_lab/robotics_navigation/install/turtlebot3_example/lib/python3.10/site-packages/turtlebot3_example/turtlebot3_patrol_server/__init__.py to __init__.cpython-310.pyc
[4.481s] byte-compiling /home/gixstudent/Desktop/Final_lab/robotics_navigation/install/turtlebot3_example/lib/python3.10/site-packages/turtlebot3_example/turtlebot3_patrol_server/main.py to main.cpython-310.pyc
[4.481s] byte-compiling /home/gixstudent/Desktop/Final_lab/robotics_navigation/install/turtlebot3_example/lib/python3.10/site-packages/turtlebot3_example/turtlebot3_patrol_server/turtlebot3_patrol_server.py to turtlebot3_patrol_server.cpython-310.pyc
[4.481s] byte-compiling /home/gixstudent/Desktop/Final_lab/robotics_navigation/install/turtlebot3_example/lib/python3.10/site-packages/turtlebot3_example/__init__.py to __init__.cpython-310.pyc
[4.481s] byte-compiling /home/gixstudent/Desktop/Final_lab/robotics_navigation/install/turtlebot3_example/lib/python3.10/site-packages/turtlebot3_example/turtlebot3_position_control/turtlebot3_path.py to turtlebot3_path.cpython-310.pyc
[4.487s] byte-compiling /home/gixstudent/Desktop/Final_lab/robotics_navigation/install/turtlebot3_example/lib/python3.10/site-packages/turtlebot3_example/turtlebot3_position_control/turtlebot3_position_control.py to turtlebot3_position_control.cpython-310.pyc
[4.488s] byte-compiling /home/gixstudent/Desktop/Final_lab/robotics_navigation/install/turtlebot3_example/lib/python3.10/site-packages/turtlebot3_example/turtlebot3_position_control/__init__.py to __init__.cpython-310.pyc
[4.488s] byte-compiling /home/gixstudent/Desktop/Final_lab/robotics_navigation/install/turtlebot3_example/lib/python3.10/site-packages/turtlebot3_example/turtlebot3_position_control/main.py to main.cpython-310.pyc
[4.489s] running install_data
[4.490s] copying resource/turtlebot3_example -> /home/gixstudent/Desktop/Final_lab/robotics_navigation/install/turtlebot3_example/share/ament_index/resource_index/packages
[4.490s] copying package.xml -> /home/gixstudent/Desktop/Final_lab/robotics_navigation/install/turtlebot3_example/share/turtlebot3_example
[4.493s] running install_egg_info
[4.501s] Copying ../../../build/turtlebot3_example/turtlebot3_example.egg-info to /home/gixstudent/Desktop/Final_lab/robotics_navigation/install/turtlebot3_example/lib/python3.10/site-packages/turtlebot3_example-2.1.5-py3.10.egg-info
[4.502s] running install_scripts
[4.587s] Installing turtlebot3_obstacle_detection script to /home/gixstudent/Desktop/Final_lab/robotics_navigation/install/turtlebot3_example/lib/turtlebot3_example
[4.587s] Installing turtlebot3_patrol_client script to /home/gixstudent/Desktop/Final_lab/robotics_navigation/install/turtlebot3_example/lib/turtlebot3_example
[4.588s] Installing turtlebot3_patrol_server script to /home/gixstudent/Desktop/Final_lab/robotics_navigation/install/turtlebot3_example/lib/turtlebot3_example
[4.588s] Installing turtlebot3_position_control script to /home/gixstudent/Desktop/Final_lab/robotics_navigation/install/turtlebot3_example/lib/turtlebot3_example
[4.593s] writing list of installed files to '/home/gixstudent/Desktop/Final_lab/robotics_navigation/build/turtlebot3_example/install.log'
[4.758s] Invoked command in '/home/gixstudent/Desktop/Final_lab/robotics_navigation/src/turtlebot3/turtlebot3_example' returned '0': AMENT_PREFIX_PATH=/home/gixstudent/Desktop/Final_lab/robotics_navigation/install/turtlebot3_msgs:${AMENT_PREFIX_PATH} CMAKE_PREFIX_PATH=/home/gixstudent/Desktop/Final_lab/robotics_navigation/install/turtlebot3_msgs LD_LIBRARY_PATH=/home/gixstudent/Desktop/Final_lab/robotics_navigation/install/turtlebot3_msgs/lib:/usr/lib/x86_64-linux-gnu/gazebo-11/plugins:/opt/ros/humble/opt/rviz_ogre_vendor/lib:/opt/ros/humble/lib/x86_64-linux-gnu:/opt/ros/humble/lib:/usr/share/gazebo/../../lib/x86_64-linux-gnu/gazebo-11/plugins PYTHONPATH=/home/gixstudent/Desktop/Final_lab/robotics_navigation/build/turtlebot3_example/prefix_override:/usr/lib/python3/dist-packages/colcon_core/task/python/colcon_distutils_commands:/home/gixstudent/Desktop/Final_lab/robotics_navigation/install/turtlebot3_example/lib/python3.10/site-packages:/home/gixstudent/Desktop/Final_lab/robotics_navigation/install/turtlebot3_msgs/local/lib/python3.10/dist-packages:${PYTHONPATH} /usr/bin/python3 -W ignore:setup.py install is deprecated -W ignore:easy_install command is deprecated setup.py egg_info --egg-base ../../../build/turtlebot3_example build --build-base /home/gixstudent/Desktop/Final_lab/robotics_navigation/build/turtlebot3_example/build install --record /home/gixstudent/Desktop/Final_lab/robotics_navigation/build/turtlebot3_example/install.log --single-version-externally-managed install_data --force
