[0.513s] Invoking command in '/home/gixstudent/Desktop/Final lab/robotics_navigation/build/turtlebot3_fake_node': AMENT_PREFIX_PATH=/home/gixstudent/Desktop/Final lab/robotics_navigation/install/turtlebot3_msgs:${AMENT_PREFIX_PATH} CMAKE_PREFIX_PATH=/home/gixstudent/Desktop/Final lab/robotics_navigation/install/turtlebot3_msgs:/opt/ros/humble LD_LIBRARY_PATH=/home/gixstudent/Desktop/Final lab/robotics_navigation/install/turtlebot3_msgs/lib:${LD_LIBRARY_PATH} PYTHONPATH=/home/gixstudent/Desktop/Final lab/robotics_navigation/install/turtlebot3_msgs/local/lib/python3.10/dist-packages:${PYTHONPATH} /usr/bin/cmake /home/gixstudent/Desktop/Final lab/robotics_navigation/src/turtlebot3_simulations/turtlebot3_fake_node -DCMAKE_INSTALL_PREFIX=/home/gixstudent/Desktop/Final lab/robotics_navigation/install/turtlebot3_fake_node
[0.614s] -- The C compiler identification is GNU 11.4.0
[0.724s] -- The CXX compiler identification is GNU 11.4.0
[0.737s] -- Detecting C compiler ABI info
[0.866s] -- Detecting C compiler ABI info - done
[0.884s] -- Check for working C compiler: /usr/bin/cc - skipped
[0.885s] -- Detecting C compile features
[0.885s] -- Detecting C compile features - done
[0.892s] -- Detecting CXX compiler ABI info
[1.048s] -- Detecting CXX compiler ABI info - done
[1.065s] -- Check for working CXX compiler: /usr/bin/c++ - skipped
[1.065s] -- Detecting CXX compile features
[1.068s] -- Detecting CXX compile features - done
[1.071s] -- Found ament_cmake: 1.3.11 (/opt/ros/humble/share/ament_cmake/cmake)
[1.394s] -- Found Python3: /usr/bin/python3 (found version "3.10.12") found components: Interpreter 
[1.557s] -- Found geometry_msgs: 4.8.0 (/opt/ros/humble/share/geometry_msgs/cmake)
[1.625s] -- Found rosidl_generator_c: 3.1.6 (/opt/ros/humble/share/rosidl_generator_c/cmake)
[1.634s] -- Found rosidl_adapter: 3.1.6 (/opt/ros/humble/share/rosidl_adapter/cmake)
[1.652s] -- Found rosidl_generator_cpp: 3.1.6 (/opt/ros/humble/share/rosidl_generator_cpp/cmake)
[1.682s] -- Using all available rosidl_typesupport_c: rosidl_typesupport_fastrtps_c;rosidl_typesupport_introspection_c
[1.716s] -- Using all available rosidl_typesupport_cpp: rosidl_typesupport_fastrtps_cpp;rosidl_typesupport_introspection_cpp
[1.820s] -- Found nav_msgs: 4.8.0 (/opt/ros/humble/share/nav_msgs/cmake)
[1.866s] -- Found rclcpp: 16.0.12 (/opt/ros/humble/share/rclcpp/cmake)
[1.951s] -- Found rmw_implementation_cmake: 6.1.2 (/opt/ros/humble/share/rmw_implementation_cmake/cmake)
[1.958s] -- Found rmw_fastrtps_cpp: 6.2.7 (/opt/ros/humble/share/rmw_fastrtps_cpp/cmake)
[2.118s] -- Found OpenSSL: /usr/lib/x86_64-linux-gnu/libcrypto.so (found version "3.0.2")  
[2.161s] -- Found FastRTPS: /opt/ros/humble/include  
[2.220s] -- Using RMW implementation 'rmw_fastrtps_cpp' as default
[2.231s] -- Looking for pthread.h
[2.338s] -- Looking for pthread.h - found
[2.338s] -- Performing Test CMAKE_HAVE_LIBC_PTHREAD
[2.433s] -- Performing Test CMAKE_HAVE_LIBC_PTHREAD - Success
[2.434s] -- Found Threads: TRUE  
[2.498s] -- Found sensor_msgs: 4.8.0 (/opt/ros/humble/share/sensor_msgs/cmake)
[2.525s] -- Found tf2: 0.25.12 (/opt/ros/humble/share/tf2/cmake)
[2.540s] -- Found tf2_msgs: 0.25.12 (/opt/ros/humble/share/tf2_msgs/cmake)
[2.629s] -- Found turtlebot3_msgs: 2.2.3 (/home/gixstudent/Desktop/Final lab/robotics_navigation/install/turtlebot3_msgs/share/turtlebot3_msgs/cmake)
[2.822s] -- Configuring done
[2.853s] -- Generating done
[2.865s] -- Build files have been written to: /home/gixstudent/Desktop/Final lab/robotics_navigation/build/turtlebot3_fake_node
[2.896s] Invoked command in '/home/gixstudent/Desktop/Final lab/robotics_navigation/build/turtlebot3_fake_node' returned '0': AMENT_PREFIX_PATH=/home/gixstudent/Desktop/Final lab/robotics_navigation/install/turtlebot3_msgs:${AMENT_PREFIX_PATH} CMAKE_PREFIX_PATH=/home/gixstudent/Desktop/Final lab/robotics_navigation/install/turtlebot3_msgs:/opt/ros/humble LD_LIBRARY_PATH=/home/gixstudent/Desktop/Final lab/robotics_navigation/install/turtlebot3_msgs/lib:${LD_LIBRARY_PATH} PYTHONPATH=/home/gixstudent/Desktop/Final lab/robotics_navigation/install/turtlebot3_msgs/local/lib/python3.10/dist-packages:${PYTHONPATH} /usr/bin/cmake /home/gixstudent/Desktop/Final lab/robotics_navigation/src/turtlebot3_simulations/turtlebot3_fake_node -DCMAKE_INSTALL_PREFIX=/home/gixstudent/Desktop/Final lab/robotics_navigation/install/turtlebot3_fake_node
[2.898s] Invoking command in '/home/gixstudent/Desktop/Final lab/robotics_navigation/build/turtlebot3_fake_node': AMENT_PREFIX_PATH=/home/gixstudent/Desktop/Final lab/robotics_navigation/install/turtlebot3_msgs:${AMENT_PREFIX_PATH} CMAKE_PREFIX_PATH=/home/gixstudent/Desktop/Final lab/robotics_navigation/install/turtlebot3_msgs:/opt/ros/humble LD_LIBRARY_PATH=/home/gixstudent/Desktop/Final lab/robotics_navigation/install/turtlebot3_msgs/lib:${LD_LIBRARY_PATH} PYTHONPATH=/home/gixstudent/Desktop/Final lab/robotics_navigation/install/turtlebot3_msgs/local/lib/python3.10/dist-packages:${PYTHONPATH} /usr/bin/cmake --build /home/gixstudent/Desktop/Final lab/robotics_navigation/build/turtlebot3_fake_node -- -j8 -l8
[3.080s] [ 50%] [32mBuilding CXX object CMakeFiles/turtlebot3_fake_node.dir/src/turtlebot3_fake_node.cpp.o[0m
[28.739s] [100%] [32m[1mLinking CXX executable turtlebot3_fake_node[0m
[29.436s] [100%] Built target turtlebot3_fake_node
[29.452s] Invoked command in '/home/gixstudent/Desktop/Final lab/robotics_navigation/build/turtlebot3_fake_node' returned '0': AMENT_PREFIX_PATH=/home/gixstudent/Desktop/Final lab/robotics_navigation/install/turtlebot3_msgs:${AMENT_PREFIX_PATH} CMAKE_PREFIX_PATH=/home/gixstudent/Desktop/Final lab/robotics_navigation/install/turtlebot3_msgs:/opt/ros/humble LD_LIBRARY_PATH=/home/gixstudent/Desktop/Final lab/robotics_navigation/install/turtlebot3_msgs/lib:${LD_LIBRARY_PATH} PYTHONPATH=/home/gixstudent/Desktop/Final lab/robotics_navigation/install/turtlebot3_msgs/local/lib/python3.10/dist-packages:${PYTHONPATH} /usr/bin/cmake --build /home/gixstudent/Desktop/Final lab/robotics_navigation/build/turtlebot3_fake_node -- -j8 -l8
[29.454s] Invoking command in '/home/gixstudent/Desktop/Final lab/robotics_navigation/build/turtlebot3_fake_node': AMENT_PREFIX_PATH=/home/gixstudent/Desktop/Final lab/robotics_navigation/install/turtlebot3_msgs:${AMENT_PREFIX_PATH} CMAKE_PREFIX_PATH=/home/gixstudent/Desktop/Final lab/robotics_navigation/install/turtlebot3_msgs:/opt/ros/humble LD_LIBRARY_PATH=/home/gixstudent/Desktop/Final lab/robotics_navigation/install/turtlebot3_msgs/lib:${LD_LIBRARY_PATH} PYTHONPATH=/home/gixstudent/Desktop/Final lab/robotics_navigation/install/turtlebot3_msgs/local/lib/python3.10/dist-packages:${PYTHONPATH} /usr/bin/cmake --install /home/gixstudent/Desktop/Final lab/robotics_navigation/build/turtlebot3_fake_node
[29.462s] -- Install configuration: ""
[29.463s] -- Installing: /home/gixstudent/Desktop/Final lab/robotics_navigation/install/turtlebot3_fake_node/lib/turtlebot3_fake_node/turtlebot3_fake_node
[29.467s] -- Set runtime path of "/home/gixstudent/Desktop/Final lab/robotics_navigation/install/turtlebot3_fake_node/lib/turtlebot3_fake_node/turtlebot3_fake_node" to ""
[29.467s] -- Installing: /home/gixstudent/Desktop/Final lab/robotics_navigation/install/turtlebot3_fake_node/share/turtlebot3_fake_node/launch
[29.467s] -- Installing: /home/gixstudent/Desktop/Final lab/robotics_navigation/install/turtlebot3_fake_node/share/turtlebot3_fake_node/launch/turtlebot3_fake_node.launch.py
[29.468s] -- Installing: /home/gixstudent/Desktop/Final lab/robotics_navigation/install/turtlebot3_fake_node/share/turtlebot3_fake_node/launch/rviz2.launch.py
[29.468s] -- Installing: /home/gixstudent/Desktop/Final lab/robotics_navigation/install/turtlebot3_fake_node/share/turtlebot3_fake_node/param
[29.469s] -- Installing: /home/gixstudent/Desktop/Final lab/robotics_navigation/install/turtlebot3_fake_node/share/turtlebot3_fake_node/param/waffle_pi.yaml
[29.469s] -- Installing: /home/gixstudent/Desktop/Final lab/robotics_navigation/install/turtlebot3_fake_node/share/turtlebot3_fake_node/param/burger.yaml
[29.469s] -- Installing: /home/gixstudent/Desktop/Final lab/robotics_navigation/install/turtlebot3_fake_node/share/turtlebot3_fake_node/param/waffle.yaml
[29.469s] -- Installing: /home/gixstudent/Desktop/Final lab/robotics_navigation/install/turtlebot3_fake_node/include/
[29.470s] -- Installing: /home/gixstudent/Desktop/Final lab/robotics_navigation/install/turtlebot3_fake_node/include//turtlebot3_fake_node
[29.470s] -- Installing: /home/gixstudent/Desktop/Final lab/robotics_navigation/install/turtlebot3_fake_node/include//turtlebot3_fake_node/turtlebot3_fake_node.hpp
[29.470s] -- Installing: /home/gixstudent/Desktop/Final lab/robotics_navigation/install/turtlebot3_fake_node/share/ament_index/resource_index/package_run_dependencies/turtlebot3_fake_node
[29.470s] -- Installing: /home/gixstudent/Desktop/Final lab/robotics_navigation/install/turtlebot3_fake_node/share/ament_index/resource_index/parent_prefix_path/turtlebot3_fake_node
[29.470s] -- Installing: /home/gixstudent/Desktop/Final lab/robotics_navigation/install/turtlebot3_fake_node/share/turtlebot3_fake_node/environment/ament_prefix_path.sh
[29.471s] -- Installing: /home/gixstudent/Desktop/Final lab/robotics_navigation/install/turtlebot3_fake_node/share/turtlebot3_fake_node/environment/ament_prefix_path.dsv
[29.471s] -- Installing: /home/gixstudent/Desktop/Final lab/robotics_navigation/install/turtlebot3_fake_node/share/turtlebot3_fake_node/environment/path.sh
[29.471s] -- Installing: /home/gixstudent/Desktop/Final lab/robotics_navigation/install/turtlebot3_fake_node/share/turtlebot3_fake_node/environment/path.dsv
[29.471s] -- Installing: /home/gixstudent/Desktop/Final lab/robotics_navigation/install/turtlebot3_fake_node/share/turtlebot3_fake_node/local_setup.bash
[29.471s] -- Installing: /home/gixstudent/Desktop/Final lab/robotics_navigation/install/turtlebot3_fake_node/share/turtlebot3_fake_node/local_setup.sh
[29.472s] -- Installing: /home/gixstudent/Desktop/Final lab/robotics_navigation/install/turtlebot3_fake_node/share/turtlebot3_fake_node/local_setup.zsh
[29.472s] -- Installing: /home/gixstudent/Desktop/Final lab/robotics_navigation/install/turtlebot3_fake_node/share/turtlebot3_fake_node/local_setup.dsv
[29.472s] -- Installing: /home/gixstudent/Desktop/Final lab/robotics_navigation/install/turtlebot3_fake_node/share/turtlebot3_fake_node/package.dsv
[29.472s] -- Installing: /home/gixstudent/Desktop/Final lab/robotics_navigation/install/turtlebot3_fake_node/share/ament_index/resource_index/packages/turtlebot3_fake_node
[29.473s] -- Installing: /home/gixstudent/Desktop/Final lab/robotics_navigation/install/turtlebot3_fake_node/share/turtlebot3_fake_node/cmake/ament_cmake_export_include_directories-extras.cmake
[29.473s] -- Installing: /home/gixstudent/Desktop/Final lab/robotics_navigation/install/turtlebot3_fake_node/share/turtlebot3_fake_node/cmake/ament_cmake_export_dependencies-extras.cmake
[29.473s] -- Installing: /home/gixstudent/Desktop/Final lab/robotics_navigation/install/turtlebot3_fake_node/share/turtlebot3_fake_node/cmake/turtlebot3_fake_nodeConfig.cmake
[29.473s] -- Installing: /home/gixstudent/Desktop/Final lab/robotics_navigation/install/turtlebot3_fake_node/share/turtlebot3_fake_node/cmake/turtlebot3_fake_nodeConfig-version.cmake
[29.473s] -- Installing: /home/gixstudent/Desktop/Final lab/robotics_navigation/install/turtlebot3_fake_node/share/turtlebot3_fake_node/package.xml
[29.476s] Invoked command in '/home/gixstudent/Desktop/Final lab/robotics_navigation/build/turtlebot3_fake_node' returned '0': AMENT_PREFIX_PATH=/home/gixstudent/Desktop/Final lab/robotics_navigation/install/turtlebot3_msgs:${AMENT_PREFIX_PATH} CMAKE_PREFIX_PATH=/home/gixstudent/Desktop/Final lab/robotics_navigation/install/turtlebot3_msgs:/opt/ros/humble LD_LIBRARY_PATH=/home/gixstudent/Desktop/Final lab/robotics_navigation/install/turtlebot3_msgs/lib:${LD_LIBRARY_PATH} PYTHONPATH=/home/gixstudent/Desktop/Final lab/robotics_navigation/install/turtlebot3_msgs/local/lib/python3.10/dist-packages:${PYTHONPATH} /usr/bin/cmake --install /home/gixstudent/Desktop/Final lab/robotics_navigation/build/turtlebot3_fake_node
