[0.029s] Invoking command in '/home/gixstudent/Desktop/Final lab/robotics_navigation/build/turtlebot3_cartographer': /usr/bin/cmake /home/gixstudent/Desktop/Final lab/robotics_navigation/src/turtlebot3/turtlebot3_cartographer -DCMAKE_INSTALL_PREFIX=/home/gixstudent/Desktop/Final lab/robotics_navigation/install/turtlebot3_cartographer
[0.435s] -- The C compiler identification is GNU 11.4.0
[0.611s] -- The CXX compiler identification is GNU 11.4.0
[0.624s] -- Detecting C compiler ABI info
[0.745s] -- Detecting C compiler ABI info - done
[0.760s] -- Check for working C compiler: /usr/bin/cc - skipped
[0.760s] -- Detecting C compile features
[0.761s] -- Detecting C compile features - done
[0.767s] -- Detecting CXX compiler ABI info
[0.927s] -- Detecting CXX compiler ABI info - done
[0.953s] -- Check for working CXX compiler: /usr/bin/c++ - skipped
[0.953s] -- Detecting CXX compile features
[0.954s] -- Detecting CXX compile features - done
[0.973s] [31mCMake Error at CMakeLists.txt:14 (find_package):
[0.973s]   By not providing "Findament_cmake.cmake" in CMAKE_MODULE_PATH this project
[0.973s]   has asked CMake to find a package configuration file provided by
[0.973s]   "ament_cmake", but CMake did not find one.
[0.974s] 
[0.974s]   Could not find a package configuration file provided by "ament_cmake" with
[0.974s]   any of the following names:
[0.974s] 
[0.974s]     ament_cmakeConfig.cmake
[0.974s]     ament_cmake-config.cmake
[0.974s] 
[0.974s]   Add the installation prefix of "ament_cmake" to CMAKE_PREFIX_PATH or set
[0.974s]   "ament_cmake_DIR" to a directory containing one of the above files.  If
[0.974s]   "ament_cmake" provides a separate development package or SDK, be sure it
[0.974s]   has been installed.
[0.974s] 
[0.974s] [0m
[0.974s] -- Configuring incomplete, errors occurred!
[0.974s] See also "/home/gixstudent/Desktop/Final lab/robotics_navigation/build/turtlebot3_cartographer/CMakeFiles/CMakeOutput.log".
