[2.082s] Invoking command in '/home/gixstudent/Desktop/Final_lab/robotics_navigation/src/turtlebot3/turtlebot3_teleop': PYTHONPATH=/home/gixstudent/Desktop/Final_lab/robotics_navigation/build/turtlebot3_teleop/prefix_override:/usr/lib/python3/dist-packages/colcon_core/task/python/colcon_distutils_commands:/home/gixstudent/Desktop/Final_lab/robotics_navigation/install/turtlebot3_teleop/lib/python3.10/site-packages:${PYTHONPATH} /usr/bin/python3 -W ignore:setup.py install is deprecated -W ignore:easy_install command is deprecated setup.py egg_info --egg-base ../../../build/turtlebot3_teleop build --build-base /home/gixstudent/Desktop/Final_lab/robotics_navigation/build/turtlebot3_teleop/build install --record /home/gixstudent/Desktop/Final_lab/robotics_navigation/build/turtlebot3_teleop/install.log --single-version-externally-managed install_data
[2.774s] running egg_info
[2.775s] writing ../../../build/turtlebot3_teleop/turtlebot3_teleop.egg-info/PKG-INFO
[2.775s] writing dependency_links to ../../../build/turtlebot3_teleop/turtlebot3_teleop.egg-info/dependency_links.txt
[2.775s] writing entry points to ../../../build/turtlebot3_teleop/turtlebot3_teleop.egg-info/entry_points.txt
[2.776s] writing requirements to ../../../build/turtlebot3_teleop/turtlebot3_teleop.egg-info/requires.txt
[2.776s] writing top-level names to ../../../build/turtlebot3_teleop/turtlebot3_teleop.egg-info/top_level.txt
[2.778s] reading manifest file '../../../build/turtlebot3_teleop/turtlebot3_teleop.egg-info/SOURCES.txt'
[2.779s] writing manifest file '../../../build/turtlebot3_teleop/turtlebot3_teleop.egg-info/SOURCES.txt'
[2.779s] running build
[2.779s] running build_py
[2.780s] running install
[2.780s] running install_lib
[2.782s] running install_data
[2.782s] running install_egg_info
[2.784s] removing '/home/gixstudent/Desktop/Final_lab/robotics_navigation/install/turtlebot3_teleop/lib/python3.10/site-packages/turtlebot3_teleop-2.1.5-py3.10.egg-info' (and everything under it)
[2.784s] Copying ../../../build/turtlebot3_teleop/turtlebot3_teleop.egg-info to /home/gixstudent/Desktop/Final_lab/robotics_navigation/install/turtlebot3_teleop/lib/python3.10/site-packages/turtlebot3_teleop-2.1.5-py3.10.egg-info
[2.785s] running install_scripts
[2.813s] Installing teleop_keyboard script to /home/gixstudent/Desktop/Final_lab/robotics_navigation/install/turtlebot3_teleop/lib/turtlebot3_teleop
[2.813s] writing list of installed files to '/home/gixstudent/Desktop/Final_lab/robotics_navigation/build/turtlebot3_teleop/install.log'
[2.856s] Invoked command in '/home/gixstudent/Desktop/Final_lab/robotics_navigation/src/turtlebot3/turtlebot3_teleop' returned '0': PYTHONPATH=/home/gixstudent/Desktop/Final_lab/robotics_navigation/build/turtlebot3_teleop/prefix_override:/usr/lib/python3/dist-packages/colcon_core/task/python/colcon_distutils_commands:/home/gixstudent/Desktop/Final_lab/robotics_navigation/install/turtlebot3_teleop/lib/python3.10/site-packages:${PYTHONPATH} /usr/bin/python3 -W ignore:setup.py install is deprecated -W ignore:easy_install command is deprecated setup.py egg_info --egg-base ../../../build/turtlebot3_teleop build --build-base /home/gixstudent/Desktop/Final_lab/robotics_navigation/build/turtlebot3_teleop/build install --record /home/gixstudent/Desktop/Final_lab/robotics_navigation/build/turtlebot3_teleop/install.log --single-version-externally-managed install_data
