[0.036s] Invoking command in '/home/gixstudent/Desktop/Final_lab/robotics_navigation/build/turtlebot3_msgs': CMAKE_PREFIX_PATH=/opt/ros/humble /usr/bin/cmake /home/gixstudent/Desktop/Final_lab/robotics_navigation/src/turtlebot3_msgs -DCMAKE_INSTALL_PREFIX=/home/gixstudent/Desktop/Final_lab/robotics_navigation/install/turtlebot3_msgs
[0.077s] -- Found action_msgs: 1.2.1 (/opt/ros/humble/share/action_msgs/cmake)
[0.348s] -- Override CMake install command with custom implementation using symlinks instead of copying resources
[0.442s] -- Found rosidl_generator_c: 3.1.6 (/opt/ros/humble/share/rosidl_generator_c/cmake)
[0.449s] -- Found rosidl_adapter: 3.1.6 (/opt/ros/humble/share/rosidl_adapter/cmake)
[0.470s] -- Found rosidl_generator_cpp: 3.1.6 (/opt/ros/humble/share/rosidl_generator_cpp/cmake)
[0.505s] -- Using all available rosidl_typesupport_c: rosidl_typesupport_fastrtps_c;rosidl_typesupport_introspection_c
[0.547s] -- Using all available rosidl_typesupport_cpp: rosidl_typesupport_fastrtps_cpp;rosidl_typesupport_introspection_cpp
[0.655s] -- Found rosidl_default_generators: 1.2.0 (/opt/ros/humble/share/rosidl_default_generators/cmake)
[0.669s] -- Found std_msgs: 4.8.0 (/opt/ros/humble/share/std_msgs/cmake)
[1.291s] -- Found ament_cmake_cppcheck: 0.12.12 (/opt/ros/humble/share/ament_cmake_cppcheck/cmake)
[1.293s] -- Found ament_cmake_cpplint: 0.12.12 (/opt/ros/humble/share/ament_cmake_cpplint/cmake)
[1.294s] -- Found ament_cmake_uncrustify: 0.12.12 (/opt/ros/humble/share/ament_cmake_uncrustify/cmake)
[1.297s] -- Found ament_cmake_ros: 0.10.0 (/opt/ros/humble/share/ament_cmake_ros/cmake)
[1.853s] -- Using all available rosidl_typesupport_c: rosidl_typesupport_fastrtps_c;rosidl_typesupport_introspection_c
[2.343s] -- Using all available rosidl_typesupport_cpp: rosidl_typesupport_fastrtps_cpp;rosidl_typesupport_introspection_cpp
[2.412s] -- Found python_cmake_module: 0.10.0 (/opt/ros/humble/share/python_cmake_module/cmake)
[2.483s] -- Using PYTHON_EXECUTABLE: /usr/bin/python3
[2.483s] -- Using PYTHON_INCLUDE_DIRS: /usr/include/python3.10
[2.483s] -- Using PYTHON_LIBRARIES: /usr/lib/x86_64-linux-gnu/libpython3.10.so
[2.602s] -- Found ament_cmake_flake8: 0.12.12 (/opt/ros/humble/share/ament_cmake_flake8/cmake)
[2.605s] -- Found ament_cmake_pep257: 0.12.12 (/opt/ros/humble/share/ament_cmake_pep257/cmake)
[2.663s] -- Configuring done
[2.881s] -- Generating done
[2.931s] -- Build files have been written to: /home/gixstudent/Desktop/Final_lab/robotics_navigation/build/turtlebot3_msgs
[2.960s] Invoked command in '/home/gixstudent/Desktop/Final_lab/robotics_navigation/build/turtlebot3_msgs' returned '0': CMAKE_PREFIX_PATH=/opt/ros/humble /usr/bin/cmake /home/gixstudent/Desktop/Final_lab/robotics_navigation/src/turtlebot3_msgs -DCMAKE_INSTALL_PREFIX=/home/gixstudent/Desktop/Final_lab/robotics_navigation/install/turtlebot3_msgs
[2.966s] Invoking command in '/home/gixstudent/Desktop/Final_lab/robotics_navigation/build/turtlebot3_msgs': CMAKE_PREFIX_PATH=/opt/ros/humble /usr/bin/cmake --build /home/gixstudent/Desktop/Final_lab/robotics_navigation/build/turtlebot3_msgs -- -j8 -l8
[3.078s] [35m[1mConsolidate compiler generated dependencies of target turtlebot3_msgs__rosidl_generator_c[0m
[3.083s] [  1%] Built target turtlebot3_msgs__cpp
[3.128s] [35m[1mConsolidate compiler generated dependencies of target turtlebot3_msgs__rosidl_typesupport_cpp[0m
[3.134s] [ 12%] Built target turtlebot3_msgs__rosidl_generator_c
[3.135s] [ 12%] Built target ament_cmake_python_symlink_turtlebot3_msgs
[3.144s] [35m[1mConsolidate compiler generated dependencies of target turtlebot3_msgs__rosidl_typesupport_introspection_cpp[0m
[3.157s] [35m[1mConsolidate compiler generated dependencies of target turtlebot3_msgs__rosidl_typesupport_fastrtps_cpp[0m
[3.186s] [35m[1mConsolidate compiler generated dependencies of target turtlebot3_msgs__rosidl_typesupport_fastrtps_c[0m
[3.195s] [ 23%] Built target turtlebot3_msgs__rosidl_typesupport_cpp
[3.197s] [35m[1mConsolidate compiler generated dependencies of target turtlebot3_msgs__rosidl_typesupport_c[0m
[3.215s] [35m[1mConsolidate compiler generated dependencies of target turtlebot3_msgs__rosidl_typesupport_introspection_c[0m
[3.221s] [ 35%] Built target turtlebot3_msgs__rosidl_typesupport_introspection_cpp
[3.223s] [ 46%] Built target turtlebot3_msgs__rosidl_typesupport_fastrtps_cpp
[3.237s] [ 57%] Built target turtlebot3_msgs__rosidl_typesupport_c
[3.250s] [ 69%] Built target turtlebot3_msgs__rosidl_typesupport_introspection_c
[3.256s] [ 80%] Built target turtlebot3_msgs__rosidl_typesupport_fastrtps_c
[3.337s] [ 80%] Built target turtlebot3_msgs
[3.419s] [ 81%] Built target turtlebot3_msgs__py
[3.469s] [35m[1mConsolidate compiler generated dependencies of target turtlebot3_msgs__rosidl_generator_py[0m
[3.514s] [ 91%] Built target turtlebot3_msgs__rosidl_generator_py
[3.551s] [35m[1mConsolidate compiler generated dependencies of target turtlebot3_msgs__rosidl_typesupport_fastrtps_c__pyext[0m
[3.561s] [35m[1mConsolidate compiler generated dependencies of target turtlebot3_msgs__rosidl_typesupport_introspection_c__pyext[0m
[3.561s] [35m[1mConsolidate compiler generated dependencies of target turtlebot3_msgs__rosidl_typesupport_c__pyext[0m
[3.611s] [ 94%] Built target turtlebot3_msgs__rosidl_typesupport_fastrtps_c__pyext
[3.638s] [ 97%] Built target turtlebot3_msgs__rosidl_typesupport_c__pyext
[3.646s] [100%] Built target turtlebot3_msgs__rosidl_typesupport_introspection_c__pyext
[4.285s] running egg_info
[4.286s] writing turtlebot3_msgs.egg-info/PKG-INFO
[4.290s] writing dependency_links to turtlebot3_msgs.egg-info/dependency_links.txt
[4.290s] writing top-level names to turtlebot3_msgs.egg-info/top_level.txt
[4.299s] reading manifest file 'turtlebot3_msgs.egg-info/SOURCES.txt'
[4.303s] writing manifest file 'turtlebot3_msgs.egg-info/SOURCES.txt'
[4.423s] [100%] Built target ament_cmake_python_build_turtlebot3_msgs_egg
[4.455s] Invoked command in '/home/gixstudent/Desktop/Final_lab/robotics_navigation/build/turtlebot3_msgs' returned '0': CMAKE_PREFIX_PATH=/opt/ros/humble /usr/bin/cmake --build /home/gixstudent/Desktop/Final_lab/robotics_navigation/build/turtlebot3_msgs -- -j8 -l8
[4.458s] Invoking command in '/home/gixstudent/Desktop/Final_lab/robotics_navigation/build/turtlebot3_msgs': CMAKE_PREFIX_PATH=/opt/ros/humble /usr/bin/cmake --install /home/gixstudent/Desktop/Final_lab/robotics_navigation/build/turtlebot3_msgs
[4.487s] -- Install configuration: ""
[4.489s] -- Execute custom install script
[4.489s] -- Up-to-date symlink: /home/gixstudent/Desktop/Final_lab/robotics_navigation/install/turtlebot3_msgs/share/ament_index/resource_index/rosidl_interfaces/turtlebot3_msgs
[4.489s] -- Up-to-date symlink: /home/gixstudent/Desktop/Final_lab/robotics_navigation/install/turtlebot3_msgs/include/turtlebot3_msgs/turtlebot3_msgs/action/detail/patrol__functions.h
[4.489s] -- Up-to-date symlink: /home/gixstudent/Desktop/Final_lab/robotics_navigation/install/turtlebot3_msgs/include/turtlebot3_msgs/turtlebot3_msgs/action/detail/patrol__struct.h
[4.489s] -- Up-to-date symlink: /home/gixstudent/Desktop/Final_lab/robotics_navigation/install/turtlebot3_msgs/include/turtlebot3_msgs/turtlebot3_msgs/action/detail/patrol__type_support.h
[4.489s] -- Up-to-date symlink: /home/gixstudent/Desktop/Final_lab/robotics_navigation/install/turtlebot3_msgs/include/turtlebot3_msgs/turtlebot3_msgs/action/patrol.h
[4.490s] -- Up-to-date symlink: /home/gixstudent/Desktop/Final_lab/robotics_navigation/install/turtlebot3_msgs/include/turtlebot3_msgs/turtlebot3_msgs/msg/detail/sensor_state__functions.h
[4.490s] -- Up-to-date symlink: /home/gixstudent/Desktop/Final_lab/robotics_navigation/install/turtlebot3_msgs/include/turtlebot3_msgs/turtlebot3_msgs/msg/detail/sensor_state__struct.h
[4.490s] -- Up-to-date symlink: /home/gixstudent/Desktop/Final_lab/robotics_navigation/install/turtlebot3_msgs/include/turtlebot3_msgs/turtlebot3_msgs/msg/detail/sensor_state__type_support.h
[4.490s] -- Up-to-date symlink: /home/gixstudent/Desktop/Final_lab/robotics_navigation/install/turtlebot3_msgs/include/turtlebot3_msgs/turtlebot3_msgs/msg/detail/sound__functions.h
[4.490s] -- Up-to-date symlink: /home/gixstudent/Desktop/Final_lab/robotics_navigation/install/turtlebot3_msgs/include/turtlebot3_msgs/turtlebot3_msgs/msg/detail/sound__struct.h
[4.490s] -- Up-to-date symlink: /home/gixstudent/Desktop/Final_lab/robotics_navigation/install/turtlebot3_msgs/include/turtlebot3_msgs/turtlebot3_msgs/msg/detail/sound__type_support.h
[4.493s] -- Up-to-date symlink: /home/gixstudent/Desktop/Final_lab/robotics_navigation/install/turtlebot3_msgs/include/turtlebot3_msgs/turtlebot3_msgs/msg/detail/version_info__functions.h
[4.494s] -- Up-to-date symlink: /home/gixstudent/Desktop/Final_lab/robotics_navigation/install/turtlebot3_msgs/include/turtlebot3_msgs/turtlebot3_msgs/msg/detail/version_info__struct.h
[4.494s] -- Up-to-date symlink: /home/gixstudent/Desktop/Final_lab/robotics_navigation/install/turtlebot3_msgs/include/turtlebot3_msgs/turtlebot3_msgs/msg/detail/version_info__type_support.h
[4.494s] -- Up-to-date symlink: /home/gixstudent/Desktop/Final_lab/robotics_navigation/install/turtlebot3_msgs/include/turtlebot3_msgs/turtlebot3_msgs/msg/rosidl_generator_c__visibility_control.h
[4.495s] -- Up-to-date symlink: /home/gixstudent/Desktop/Final_lab/robotics_navigation/install/turtlebot3_msgs/include/turtlebot3_msgs/turtlebot3_msgs/msg/sensor_state.h
[4.496s] -- Up-to-date symlink: /home/gixstudent/Desktop/Final_lab/robotics_navigation/install/turtlebot3_msgs/include/turtlebot3_msgs/turtlebot3_msgs/msg/sound.h
[4.496s] -- Up-to-date symlink: /home/gixstudent/Desktop/Final_lab/robotics_navigation/install/turtlebot3_msgs/include/turtlebot3_msgs/turtlebot3_msgs/msg/version_info.h
[4.498s] -- Up-to-date symlink: /home/gixstudent/Desktop/Final_lab/robotics_navigation/install/turtlebot3_msgs/include/turtlebot3_msgs/turtlebot3_msgs/srv/detail/dqn__functions.h
[4.499s] -- Up-to-date symlink: /home/gixstudent/Desktop/Final_lab/robotics_navigation/install/turtlebot3_msgs/include/turtlebot3_msgs/turtlebot3_msgs/srv/detail/dqn__struct.h
[4.499s] -- Up-to-date symlink: /home/gixstudent/Desktop/Final_lab/robotics_navigation/install/turtlebot3_msgs/include/turtlebot3_msgs/turtlebot3_msgs/srv/detail/dqn__type_support.h
[4.500s] -- Up-to-date symlink: /home/gixstudent/Desktop/Final_lab/robotics_navigation/install/turtlebot3_msgs/include/turtlebot3_msgs/turtlebot3_msgs/srv/detail/sound__functions.h
[4.500s] -- Up-to-date symlink: /home/gixstudent/Desktop/Final_lab/robotics_navigation/install/turtlebot3_msgs/include/turtlebot3_msgs/turtlebot3_msgs/srv/detail/sound__struct.h
[4.501s] -- Up-to-date symlink: /home/gixstudent/Desktop/Final_lab/robotics_navigation/install/turtlebot3_msgs/include/turtlebot3_msgs/turtlebot3_msgs/srv/detail/sound__type_support.h
[4.501s] -- Up-to-date symlink: /home/gixstudent/Desktop/Final_lab/robotics_navigation/install/turtlebot3_msgs/include/turtlebot3_msgs/turtlebot3_msgs/srv/dqn.h
[4.502s] -- Up-to-date symlink: /home/gixstudent/Desktop/Final_lab/robotics_navigation/install/turtlebot3_msgs/include/turtlebot3_msgs/turtlebot3_msgs/srv/sound.h
[4.502s] -- Up-to-date symlink: /home/gixstudent/Desktop/Final_lab/robotics_navigation/install/turtlebot3_msgs/share/turtlebot3_msgs/environment/library_path.sh
[4.504s] -- Up-to-date symlink: /home/gixstudent/Desktop/Final_lab/robotics_navigation/install/turtlebot3_msgs/share/turtlebot3_msgs/environment/library_path.dsv
[4.507s] -- Up-to-date symlink: /home/gixstudent/Desktop/Final_lab/robotics_navigation/install/turtlebot3_msgs/include/turtlebot3_msgs/turtlebot3_msgs/action/detail/patrol__rosidl_typesupport_fastrtps_c.h
[4.508s] -- Up-to-date symlink: /home/gixstudent/Desktop/Final_lab/robotics_navigation/install/turtlebot3_msgs/include/turtlebot3_msgs/turtlebot3_msgs/msg/detail/sensor_state__rosidl_typesupport_fastrtps_c.h
[4.508s] -- Up-to-date symlink: /home/gixstudent/Desktop/Final_lab/robotics_navigation/install/turtlebot3_msgs/include/turtlebot3_msgs/turtlebot3_msgs/msg/detail/sound__rosidl_typesupport_fastrtps_c.h
[4.508s] -- Up-to-date symlink: /home/gixstudent/Desktop/Final_lab/robotics_navigation/install/turtlebot3_msgs/include/turtlebot3_msgs/turtlebot3_msgs/msg/detail/version_info__rosidl_typesupport_fastrtps_c.h
[4.509s] -- Up-to-date symlink: /home/gixstudent/Desktop/Final_lab/robotics_navigation/install/turtlebot3_msgs/include/turtlebot3_msgs/turtlebot3_msgs/msg/rosidl_typesupport_fastrtps_c__visibility_control.h
[4.511s] -- Up-to-date symlink: /home/gixstudent/Desktop/Final_lab/robotics_navigation/install/turtlebot3_msgs/include/turtlebot3_msgs/turtlebot3_msgs/srv/detail/dqn__rosidl_typesupport_fastrtps_c.h
[4.511s] -- Up-to-date symlink: /home/gixstudent/Desktop/Final_lab/robotics_navigation/install/turtlebot3_msgs/include/turtlebot3_msgs/turtlebot3_msgs/srv/detail/sound__rosidl_typesupport_fastrtps_c.h
[4.512s] -- Up-to-date symlink: /home/gixstudent/Desktop/Final_lab/robotics_navigation/install/turtlebot3_msgs/include/turtlebot3_msgs/turtlebot3_msgs/action/detail/patrol__builder.hpp
[4.512s] -- Up-to-date symlink: /home/gixstudent/Desktop/Final_lab/robotics_navigation/install/turtlebot3_msgs/include/turtlebot3_msgs/turtlebot3_msgs/action/detail/patrol__struct.hpp
[4.512s] -- Up-to-date symlink: /home/gixstudent/Desktop/Final_lab/robotics_navigation/install/turtlebot3_msgs/include/turtlebot3_msgs/turtlebot3_msgs/action/detail/patrol__traits.hpp
[4.513s] -- Up-to-date symlink: /home/gixstudent/Desktop/Final_lab/robotics_navigation/install/turtlebot3_msgs/include/turtlebot3_msgs/turtlebot3_msgs/action/detail/patrol__type_support.hpp
[4.514s] -- Up-to-date symlink: /home/gixstudent/Desktop/Final_lab/robotics_navigation/install/turtlebot3_msgs/include/turtlebot3_msgs/turtlebot3_msgs/action/patrol.hpp
[4.514s] -- Up-to-date symlink: /home/gixstudent/Desktop/Final_lab/robotics_navigation/install/turtlebot3_msgs/include/turtlebot3_msgs/turtlebot3_msgs/msg/detail/sensor_state__builder.hpp
[4.515s] -- Up-to-date symlink: /home/gixstudent/Desktop/Final_lab/robotics_navigation/install/turtlebot3_msgs/include/turtlebot3_msgs/turtlebot3_msgs/msg/detail/sensor_state__struct.hpp
[4.516s] -- Up-to-date symlink: /home/gixstudent/Desktop/Final_lab/robotics_navigation/install/turtlebot3_msgs/include/turtlebot3_msgs/turtlebot3_msgs/msg/detail/sensor_state__traits.hpp
[4.516s] -- Up-to-date symlink: /home/gixstudent/Desktop/Final_lab/robotics_navigation/install/turtlebot3_msgs/include/turtlebot3_msgs/turtlebot3_msgs/msg/detail/sensor_state__type_support.hpp
[4.516s] -- Up-to-date symlink: /home/gixstudent/Desktop/Final_lab/robotics_navigation/install/turtlebot3_msgs/include/turtlebot3_msgs/turtlebot3_msgs/msg/detail/sound__builder.hpp
[4.518s] -- Up-to-date symlink: /home/gixstudent/Desktop/Final_lab/robotics_navigation/install/turtlebot3_msgs/include/turtlebot3_msgs/turtlebot3_msgs/msg/detail/sound__struct.hpp
[4.518s] -- Up-to-date symlink: /home/gixstudent/Desktop/Final_lab/robotics_navigation/install/turtlebot3_msgs/include/turtlebot3_msgs/turtlebot3_msgs/msg/detail/sound__traits.hpp
[4.518s] -- Up-to-date symlink: /home/gixstudent/Desktop/Final_lab/robotics_navigation/install/turtlebot3_msgs/include/turtlebot3_msgs/turtlebot3_msgs/msg/detail/sound__type_support.hpp
[4.518s] -- Up-to-date symlink: /home/gixstudent/Desktop/Final_lab/robotics_navigation/install/turtlebot3_msgs/include/turtlebot3_msgs/turtlebot3_msgs/msg/detail/version_info__builder.hpp
[4.518s] -- Up-to-date symlink: /home/gixstudent/Desktop/Final_lab/robotics_navigation/install/turtlebot3_msgs/include/turtlebot3_msgs/turtlebot3_msgs/msg/detail/version_info__struct.hpp
[4.523s] -- Up-to-date symlink: /home/gixstudent/Desktop/Final_lab/robotics_navigation/install/turtlebot3_msgs/include/turtlebot3_msgs/turtlebot3_msgs/msg/detail/version_info__traits.hpp
[4.524s] -- Up-to-date symlink: /home/gixstudent/Desktop/Final_lab/robotics_navigation/install/turtlebot3_msgs/include/turtlebot3_msgs/turtlebot3_msgs/msg/detail/version_info__type_support.hpp
[4.525s] -- Up-to-date symlink: /home/gixstudent/Desktop/Final_lab/robotics_navigation/install/turtlebot3_msgs/include/turtlebot3_msgs/turtlebot3_msgs/msg/rosidl_generator_cpp__visibility_control.hpp
[4.525s] -- Up-to-date symlink: /home/gixstudent/Desktop/Final_lab/robotics_navigation/install/turtlebot3_msgs/include/turtlebot3_msgs/turtlebot3_msgs/msg/sensor_state.hpp
[4.525s] -- Up-to-date symlink: /home/gixstudent/Desktop/Final_lab/robotics_navigation/install/turtlebot3_msgs/include/turtlebot3_msgs/turtlebot3_msgs/msg/sound.hpp
[4.525s] -- Up-to-date symlink: /home/gixstudent/Desktop/Final_lab/robotics_navigation/install/turtlebot3_msgs/include/turtlebot3_msgs/turtlebot3_msgs/msg/version_info.hpp
[4.525s] -- Up-to-date symlink: /home/gixstudent/Desktop/Final_lab/robotics_navigation/install/turtlebot3_msgs/include/turtlebot3_msgs/turtlebot3_msgs/srv/detail/dqn__builder.hpp
[4.525s] -- Up-to-date symlink: /home/gixstudent/Desktop/Final_lab/robotics_navigation/install/turtlebot3_msgs/include/turtlebot3_msgs/turtlebot3_msgs/srv/detail/dqn__struct.hpp
[4.525s] -- Up-to-date symlink: /home/gixstudent/Desktop/Final_lab/robotics_navigation/install/turtlebot3_msgs/include/turtlebot3_msgs/turtlebot3_msgs/srv/detail/dqn__traits.hpp
[4.526s] -- Up-to-date symlink: /home/gixstudent/Desktop/Final_lab/robotics_navigation/install/turtlebot3_msgs/include/turtlebot3_msgs/turtlebot3_msgs/srv/detail/dqn__type_support.hpp
[4.528s] -- Up-to-date symlink: /home/gixstudent/Desktop/Final_lab/robotics_navigation/install/turtlebot3_msgs/include/turtlebot3_msgs/turtlebot3_msgs/srv/detail/sound__builder.hpp
[4.528s] -- Up-to-date symlink: /home/gixstudent/Desktop/Final_lab/robotics_navigation/install/turtlebot3_msgs/include/turtlebot3_msgs/turtlebot3_msgs/srv/detail/sound__struct.hpp
[4.528s] -- Up-to-date symlink: /home/gixstudent/Desktop/Final_lab/robotics_navigation/install/turtlebot3_msgs/include/turtlebot3_msgs/turtlebot3_msgs/srv/detail/sound__traits.hpp
[4.529s] -- Up-to-date symlink: /home/gixstudent/Desktop/Final_lab/robotics_navigation/install/turtlebot3_msgs/include/turtlebot3_msgs/turtlebot3_msgs/srv/detail/sound__type_support.hpp
[4.530s] -- Up-to-date symlink: /home/gixstudent/Desktop/Final_lab/robotics_navigation/install/turtlebot3_msgs/include/turtlebot3_msgs/turtlebot3_msgs/srv/dqn.hpp
[4.530s] -- Up-to-date symlink: /home/gixstudent/Desktop/Final_lab/robotics_navigation/install/turtlebot3_msgs/include/turtlebot3_msgs/turtlebot3_msgs/srv/sound.hpp
[4.532s] -- Up-to-date symlink: /home/gixstudent/Desktop/Final_lab/robotics_navigation/install/turtlebot3_msgs/include/turtlebot3_msgs/turtlebot3_msgs/action/detail/patrol__rosidl_typesupport_fastrtps_cpp.hpp
[4.533s] -- Up-to-date symlink: /home/gixstudent/Desktop/Final_lab/robotics_navigation/install/turtlebot3_msgs/include/turtlebot3_msgs/turtlebot3_msgs/msg/detail/sensor_state__rosidl_typesupport_fastrtps_cpp.hpp
[4.535s] -- Up-to-date symlink: /home/gixstudent/Desktop/Final_lab/robotics_navigation/install/turtlebot3_msgs/include/turtlebot3_msgs/turtlebot3_msgs/msg/detail/sound__rosidl_typesupport_fastrtps_cpp.hpp
[4.535s] -- Up-to-date symlink: /home/gixstudent/Desktop/Final_lab/robotics_navigation/install/turtlebot3_msgs/include/turtlebot3_msgs/turtlebot3_msgs/msg/detail/version_info__rosidl_typesupport_fastrtps_cpp.hpp
[4.536s] -- Up-to-date symlink: /home/gixstudent/Desktop/Final_lab/robotics_navigation/install/turtlebot3_msgs/include/turtlebot3_msgs/turtlebot3_msgs/msg/rosidl_typesupport_fastrtps_cpp__visibility_control.h
[4.537s] -- Up-to-date symlink: /home/gixstudent/Desktop/Final_lab/robotics_navigation/install/turtlebot3_msgs/include/turtlebot3_msgs/turtlebot3_msgs/srv/detail/dqn__rosidl_typesupport_fastrtps_cpp.hpp
[4.538s] -- Up-to-date symlink: /home/gixstudent/Desktop/Final_lab/robotics_navigation/install/turtlebot3_msgs/include/turtlebot3_msgs/turtlebot3_msgs/srv/detail/sound__rosidl_typesupport_fastrtps_cpp.hpp
[4.539s] -- Up-to-date symlink: /home/gixstudent/Desktop/Final_lab/robotics_navigation/install/turtlebot3_msgs/include/turtlebot3_msgs/turtlebot3_msgs/action/detail/patrol__rosidl_typesupport_introspection_c.h
[4.540s] -- Up-to-date symlink: /home/gixstudent/Desktop/Final_lab/robotics_navigation/install/turtlebot3_msgs/include/turtlebot3_msgs/turtlebot3_msgs/msg/detail/sensor_state__rosidl_typesupport_introspection_c.h
[4.541s] -- Up-to-date symlink: /home/gixstudent/Desktop/Final_lab/robotics_navigation/install/turtlebot3_msgs/include/turtlebot3_msgs/turtlebot3_msgs/msg/detail/sound__rosidl_typesupport_introspection_c.h
[4.542s] -- Up-to-date symlink: /home/gixstudent/Desktop/Final_lab/robotics_navigation/install/turtlebot3_msgs/include/turtlebot3_msgs/turtlebot3_msgs/msg/detail/version_info__rosidl_typesupport_introspection_c.h
[4.542s] -- Up-to-date symlink: /home/gixstudent/Desktop/Final_lab/robotics_navigation/install/turtlebot3_msgs/include/turtlebot3_msgs/turtlebot3_msgs/msg/rosidl_typesupport_introspection_c__visibility_control.h
[4.543s] -- Up-to-date symlink: /home/gixstudent/Desktop/Final_lab/robotics_navigation/install/turtlebot3_msgs/include/turtlebot3_msgs/turtlebot3_msgs/srv/detail/dqn__rosidl_typesupport_introspection_c.h
[4.544s] -- Up-to-date symlink: /home/gixstudent/Desktop/Final_lab/robotics_navigation/install/turtlebot3_msgs/include/turtlebot3_msgs/turtlebot3_msgs/srv/detail/sound__rosidl_typesupport_introspection_c.h
[4.546s] -- Up-to-date symlink: /home/gixstudent/Desktop/Final_lab/robotics_navigation/install/turtlebot3_msgs/include/turtlebot3_msgs/turtlebot3_msgs/action/detail/patrol__rosidl_typesupport_introspection_cpp.hpp
[4.546s] -- Up-to-date symlink: /home/gixstudent/Desktop/Final_lab/robotics_navigation/install/turtlebot3_msgs/include/turtlebot3_msgs/turtlebot3_msgs/msg/detail/sensor_state__rosidl_typesupport_introspection_cpp.hpp
[4.547s] -- Up-to-date symlink: /home/gixstudent/Desktop/Final_lab/robotics_navigation/install/turtlebot3_msgs/include/turtlebot3_msgs/turtlebot3_msgs/msg/detail/sound__rosidl_typesupport_introspection_cpp.hpp
[4.548s] -- Up-to-date symlink: /home/gixstudent/Desktop/Final_lab/robotics_navigation/install/turtlebot3_msgs/include/turtlebot3_msgs/turtlebot3_msgs/msg/detail/version_info__rosidl_typesupport_introspection_cpp.hpp
[4.548s] -- Up-to-date symlink: /home/gixstudent/Desktop/Final_lab/robotics_navigation/install/turtlebot3_msgs/include/turtlebot3_msgs/turtlebot3_msgs/srv/detail/dqn__rosidl_typesupport_introspection_cpp.hpp
[4.551s] -- Up-to-date symlink: /home/gixstudent/Desktop/Final_lab/robotics_navigation/install/turtlebot3_msgs/include/turtlebot3_msgs/turtlebot3_msgs/srv/detail/sound__rosidl_typesupport_introspection_cpp.hpp
[4.552s] -- Up-to-date symlink: /home/gixstudent/Desktop/Final_lab/robotics_navigation/install/turtlebot3_msgs/share/turtlebot3_msgs/environment/pythonpath.sh
[4.553s] -- Up-to-date symlink: /home/gixstudent/Desktop/Final_lab/robotics_navigation/install/turtlebot3_msgs/share/turtlebot3_msgs/environment/pythonpath.dsv
[4.554s] -- Up-to-date symlink: /home/gixstudent/Desktop/Final_lab/robotics_navigation/install/turtlebot3_msgs/local/lib/python3.10/dist-packages/turtlebot3_msgs-2.2.3-py3.10.egg-info/PKG-INFO
[4.555s] -- Up-to-date symlink: /home/gixstudent/Desktop/Final_lab/robotics_navigation/install/turtlebot3_msgs/local/lib/python3.10/dist-packages/turtlebot3_msgs-2.2.3-py3.10.egg-info/SOURCES.txt
[4.556s] -- Up-to-date symlink: /home/gixstudent/Desktop/Final_lab/robotics_navigation/install/turtlebot3_msgs/local/lib/python3.10/dist-packages/turtlebot3_msgs-2.2.3-py3.10.egg-info/dependency_links.txt
[4.556s] -- Up-to-date symlink: /home/gixstudent/Desktop/Final_lab/robotics_navigation/install/turtlebot3_msgs/local/lib/python3.10/dist-packages/turtlebot3_msgs-2.2.3-py3.10.egg-info/top_level.txt
[4.558s] -- Up-to-date symlink: /home/gixstudent/Desktop/Final_lab/robotics_navigation/install/turtlebot3_msgs/local/lib/python3.10/dist-packages/turtlebot3_msgs/__init__.py
[4.559s] -- Up-to-date symlink: /home/gixstudent/Desktop/Final_lab/robotics_navigation/install/turtlebot3_msgs/local/lib/python3.10/dist-packages/turtlebot3_msgs/_turtlebot3_msgs_s.ep.rosidl_typesupport_c.c
[4.560s] -- Up-to-date symlink: /home/gixstudent/Desktop/Final_lab/robotics_navigation/install/turtlebot3_msgs/local/lib/python3.10/dist-packages/turtlebot3_msgs/_turtlebot3_msgs_s.ep.rosidl_typesupport_fastrtps_c.c
[4.561s] -- Up-to-date symlink: /home/gixstudent/Desktop/Final_lab/robotics_navigation/install/turtlebot3_msgs/local/lib/python3.10/dist-packages/turtlebot3_msgs/_turtlebot3_msgs_s.ep.rosidl_typesupport_introspection_c.c
[4.561s] -- Up-to-date symlink: /home/gixstudent/Desktop/Final_lab/robotics_navigation/install/turtlebot3_msgs/local/lib/python3.10/dist-packages/turtlebot3_msgs/action/__init__.py
[4.562s] -- Up-to-date symlink: /home/gixstudent/Desktop/Final_lab/robotics_navigation/install/turtlebot3_msgs/local/lib/python3.10/dist-packages/turtlebot3_msgs/action/_patrol.py
[4.563s] -- Up-to-date symlink: /home/gixstudent/Desktop/Final_lab/robotics_navigation/install/turtlebot3_msgs/local/lib/python3.10/dist-packages/turtlebot3_msgs/action/_patrol_s.c
[4.564s] -- Up-to-date symlink: /home/gixstudent/Desktop/Final_lab/robotics_navigation/install/turtlebot3_msgs/local/lib/python3.10/dist-packages/turtlebot3_msgs/libturtlebot3_msgs__rosidl_generator_py.so
[4.564s] -- Up-to-date symlink: /home/gixstudent/Desktop/Final_lab/robotics_navigation/install/turtlebot3_msgs/local/lib/python3.10/dist-packages/turtlebot3_msgs/msg/__init__.py
[4.565s] -- Up-to-date symlink: /home/gixstudent/Desktop/Final_lab/robotics_navigation/install/turtlebot3_msgs/local/lib/python3.10/dist-packages/turtlebot3_msgs/msg/_sensor_state.py
[4.566s] -- Up-to-date symlink: /home/gixstudent/Desktop/Final_lab/robotics_navigation/install/turtlebot3_msgs/local/lib/python3.10/dist-packages/turtlebot3_msgs/msg/_sensor_state_s.c
[4.566s] -- Up-to-date symlink: /home/gixstudent/Desktop/Final_lab/robotics_navigation/install/turtlebot3_msgs/local/lib/python3.10/dist-packages/turtlebot3_msgs/msg/_sound.py
[4.567s] -- Up-to-date symlink: /home/gixstudent/Desktop/Final_lab/robotics_navigation/install/turtlebot3_msgs/local/lib/python3.10/dist-packages/turtlebot3_msgs/msg/_sound_s.c
[4.568s] -- Up-to-date symlink: /home/gixstudent/Desktop/Final_lab/robotics_navigation/install/turtlebot3_msgs/local/lib/python3.10/dist-packages/turtlebot3_msgs/msg/_version_info.py
[4.568s] -- Up-to-date symlink: /home/gixstudent/Desktop/Final_lab/robotics_navigation/install/turtlebot3_msgs/local/lib/python3.10/dist-packages/turtlebot3_msgs/msg/_version_info_s.c
[4.569s] -- Up-to-date symlink: /home/gixstudent/Desktop/Final_lab/robotics_navigation/install/turtlebot3_msgs/local/lib/python3.10/dist-packages/turtlebot3_msgs/srv/__init__.py
[4.570s] -- Up-to-date symlink: /home/gixstudent/Desktop/Final_lab/robotics_navigation/install/turtlebot3_msgs/local/lib/python3.10/dist-packages/turtlebot3_msgs/srv/_dqn.py
[4.570s] -- Up-to-date symlink: /home/gixstudent/Desktop/Final_lab/robotics_navigation/install/turtlebot3_msgs/local/lib/python3.10/dist-packages/turtlebot3_msgs/srv/_dqn_s.c
[4.571s] -- Up-to-date symlink: /home/gixstudent/Desktop/Final_lab/robotics_navigation/install/turtlebot3_msgs/local/lib/python3.10/dist-packages/turtlebot3_msgs/srv/_sound.py
[4.572s] -- Up-to-date symlink: /home/gixstudent/Desktop/Final_lab/robotics_navigation/install/turtlebot3_msgs/local/lib/python3.10/dist-packages/turtlebot3_msgs/srv/_sound_s.c
[4.572s] -- Up-to-date symlink: /home/gixstudent/Desktop/Final_lab/robotics_navigation/install/turtlebot3_msgs/local/lib/python3.10/dist-packages/turtlebot3_msgs/turtlebot3_msgs_s__rosidl_typesupport_c.cpython-310-x86_64-linux-gnu.so
[4.573s] -- Up-to-date symlink: /home/gixstudent/Desktop/Final_lab/robotics_navigation/install/turtlebot3_msgs/local/lib/python3.10/dist-packages/turtlebot3_msgs/turtlebot3_msgs_s__rosidl_typesupport_fastrtps_c.cpython-310-x86_64-linux-gnu.so
[4.574s] -- Up-to-date symlink: /home/gixstudent/Desktop/Final_lab/robotics_navigation/install/turtlebot3_msgs/local/lib/python3.10/dist-packages/turtlebot3_msgs/turtlebot3_msgs_s__rosidl_typesupport_introspection_c.cpython-310-x86_64-linux-gnu.so
[4.575s] -- Up-to-date symlink: /home/gixstudent/Desktop/Final_lab/robotics_navigation/install/turtlebot3_msgs/local/lib/python3.10/dist-packages/turtlebot3_msgs/turtlebot3_msgs_s__rosidl_typesupport_fastrtps_c.cpython-310-x86_64-linux-gnu.so
[4.575s] -- Up-to-date symlink: /home/gixstudent/Desktop/Final_lab/robotics_navigation/install/turtlebot3_msgs/local/lib/python3.10/dist-packages/turtlebot3_msgs/turtlebot3_msgs_s__rosidl_typesupport_introspection_c.cpython-310-x86_64-linux-gnu.so
[4.576s] -- Up-to-date symlink: /home/gixstudent/Desktop/Final_lab/robotics_navigation/install/turtlebot3_msgs/local/lib/python3.10/dist-packages/turtlebot3_msgs/turtlebot3_msgs_s__rosidl_typesupport_c.cpython-310-x86_64-linux-gnu.so
[4.578s] -- Up-to-date symlink: /home/gixstudent/Desktop/Final_lab/robotics_navigation/install/turtlebot3_msgs/share/turtlebot3_msgs/msg/SensorState.idl
[4.578s] -- Up-to-date symlink: /home/gixstudent/Desktop/Final_lab/robotics_navigation/install/turtlebot3_msgs/share/turtlebot3_msgs/msg/Sound.idl
[4.579s] -- Up-to-date symlink: /home/gixstudent/Desktop/Final_lab/robotics_navigation/install/turtlebot3_msgs/share/turtlebot3_msgs/msg/VersionInfo.idl
[4.580s] -- Up-to-date symlink: /home/gixstudent/Desktop/Final_lab/robotics_navigation/install/turtlebot3_msgs/share/turtlebot3_msgs/srv/Sound.idl
[4.581s] -- Up-to-date symlink: /home/gixstudent/Desktop/Final_lab/robotics_navigation/install/turtlebot3_msgs/share/turtlebot3_msgs/srv/Dqn.idl
[4.582s] -- Up-to-date symlink: /home/gixstudent/Desktop/Final_lab/robotics_navigation/install/turtlebot3_msgs/share/turtlebot3_msgs/action/Patrol.idl
[4.582s] -- Up-to-date symlink: /home/gixstudent/Desktop/Final_lab/robotics_navigation/install/turtlebot3_msgs/share/turtlebot3_msgs/msg/SensorState.msg
[4.583s] -- Up-to-date symlink: /home/gixstudent/Desktop/Final_lab/robotics_navigation/install/turtlebot3_msgs/share/turtlebot3_msgs/msg/Sound.msg
[4.584s] -- Up-to-date symlink: /home/gixstudent/Desktop/Final_lab/robotics_navigation/install/turtlebot3_msgs/share/turtlebot3_msgs/msg/VersionInfo.msg
[4.585s] -- Up-to-date symlink: /home/gixstudent/Desktop/Final_lab/robotics_navigation/install/turtlebot3_msgs/share/turtlebot3_msgs/srv/Sound.srv
[4.586s] -- Up-to-date symlink: /home/gixstudent/Desktop/Final_lab/robotics_navigation/install/turtlebot3_msgs/share/turtlebot3_msgs/srv/Sound_Request.msg
[4.587s] -- Up-to-date symlink: /home/gixstudent/Desktop/Final_lab/robotics_navigation/install/turtlebot3_msgs/share/turtlebot3_msgs/srv/Sound_Response.msg
[4.587s] -- Up-to-date symlink: /home/gixstudent/Desktop/Final_lab/robotics_navigation/install/turtlebot3_msgs/share/turtlebot3_msgs/srv/Dqn.srv
[4.588s] -- Up-to-date symlink: /home/gixstudent/Desktop/Final_lab/robotics_navigation/install/turtlebot3_msgs/share/turtlebot3_msgs/srv/Dqn_Request.msg
[4.589s] -- Up-to-date symlink: /home/gixstudent/Desktop/Final_lab/robotics_navigation/install/turtlebot3_msgs/share/turtlebot3_msgs/srv/Dqn_Response.msg
[4.591s] -- Up-to-date symlink: /home/gixstudent/Desktop/Final_lab/robotics_navigation/install/turtlebot3_msgs/share/turtlebot3_msgs/action/Patrol.action
[4.592s] -- Up-to-date symlink: /home/gixstudent/Desktop/Final_lab/robotics_navigation/install/turtlebot3_msgs/share/ament_index/resource_index/package_run_dependencies/turtlebot3_msgs
[4.593s] -- Up-to-date symlink: /home/gixstudent/Desktop/Final_lab/robotics_navigation/install/turtlebot3_msgs/share/ament_index/resource_index/parent_prefix_path/turtlebot3_msgs
[4.594s] -- Up-to-date symlink: /home/gixstudent/Desktop/Final_lab/robotics_navigation/install/turtlebot3_msgs/share/turtlebot3_msgs/environment/ament_prefix_path.sh
[4.595s] -- Up-to-date symlink: /home/gixstudent/Desktop/Final_lab/robotics_navigation/install/turtlebot3_msgs/share/turtlebot3_msgs/environment/ament_prefix_path.dsv
[4.596s] -- Up-to-date symlink: /home/gixstudent/Desktop/Final_lab/robotics_navigation/install/turtlebot3_msgs/share/turtlebot3_msgs/environment/path.sh
[4.597s] -- Up-to-date symlink: /home/gixstudent/Desktop/Final_lab/robotics_navigation/install/turtlebot3_msgs/share/turtlebot3_msgs/environment/path.dsv
[4.598s] -- Up-to-date symlink: /home/gixstudent/Desktop/Final_lab/robotics_navigation/install/turtlebot3_msgs/share/turtlebot3_msgs/local_setup.bash
[4.599s] -- Up-to-date symlink: /home/gixstudent/Desktop/Final_lab/robotics_navigation/install/turtlebot3_msgs/share/turtlebot3_msgs/local_setup.sh
[4.599s] -- Up-to-date symlink: /home/gixstudent/Desktop/Final_lab/robotics_navigation/install/turtlebot3_msgs/share/turtlebot3_msgs/local_setup.zsh
[4.600s] -- Up-to-date symlink: /home/gixstudent/Desktop/Final_lab/robotics_navigation/install/turtlebot3_msgs/share/turtlebot3_msgs/local_setup.dsv
[4.601s] -- Symlinking: /home/gixstudent/Desktop/Final_lab/robotics_navigation/install/turtlebot3_msgs/share/turtlebot3_msgs/package.dsv
[4.624s] -- Up-to-date symlink: /home/gixstudent/Desktop/Final_lab/robotics_navigation/install/turtlebot3_msgs/share/ament_index/resource_index/packages/turtlebot3_msgs
[4.626s] -- Up-to-date symlink: /home/gixstudent/Desktop/Final_lab/robotics_navigation/install/turtlebot3_msgs/share/turtlebot3_msgs/cmake/rosidl_cmake-extras.cmake
[4.626s] -- Up-to-date symlink: /home/gixstudent/Desktop/Final_lab/robotics_navigation/install/turtlebot3_msgs/share/turtlebot3_msgs/cmake/ament_cmake_export_dependencies-extras.cmake
[4.626s] -- Up-to-date symlink: /home/gixstudent/Desktop/Final_lab/robotics_navigation/install/turtlebot3_msgs/share/turtlebot3_msgs/cmake/ament_cmake_export_include_directories-extras.cmake
[4.626s] -- Up-to-date symlink: /home/gixstudent/Desktop/Final_lab/robotics_navigation/install/turtlebot3_msgs/share/turtlebot3_msgs/cmake/ament_cmake_export_libraries-extras.cmake
[4.626s] -- Up-to-date symlink: /home/gixstudent/Desktop/Final_lab/robotics_navigation/install/turtlebot3_msgs/share/turtlebot3_msgs/cmake/ament_cmake_export_targets-extras.cmake
[4.627s] -- Up-to-date symlink: /home/gixstudent/Desktop/Final_lab/robotics_navigation/install/turtlebot3_msgs/share/turtlebot3_msgs/cmake/rosidl_cmake_export_typesupport_targets-extras.cmake
[4.628s] -- Up-to-date symlink: /home/gixstudent/Desktop/Final_lab/robotics_navigation/install/turtlebot3_msgs/share/turtlebot3_msgs/cmake/rosidl_cmake_export_typesupport_libraries-extras.cmake
[4.628s] -- Up-to-date symlink: /home/gixstudent/Desktop/Final_lab/robotics_navigation/install/turtlebot3_msgs/share/turtlebot3_msgs/cmake/turtlebot3_msgsConfig.cmake
[4.632s] -- Up-to-date symlink: /home/gixstudent/Desktop/Final_lab/robotics_navigation/install/turtlebot3_msgs/share/turtlebot3_msgs/cmake/turtlebot3_msgsConfig-version.cmake
[4.632s] -- Up-to-date symlink: /home/gixstudent/Desktop/Final_lab/robotics_navigation/install/turtlebot3_msgs/share/turtlebot3_msgs/package.xml
[4.633s] -- Up-to-date: /home/gixstudent/Desktop/Final_lab/robotics_navigation/install/turtlebot3_msgs/lib/libturtlebot3_msgs__rosidl_generator_c.so
[4.636s] -- Up-to-date: /home/gixstudent/Desktop/Final_lab/robotics_navigation/install/turtlebot3_msgs/lib/libturtlebot3_msgs__rosidl_typesupport_fastrtps_c.so
[4.636s] -- Up-to-date: /home/gixstudent/Desktop/Final_lab/robotics_navigation/install/turtlebot3_msgs/lib/libturtlebot3_msgs__rosidl_typesupport_fastrtps_cpp.so
[4.639s] -- Up-to-date: /home/gixstudent/Desktop/Final_lab/robotics_navigation/install/turtlebot3_msgs/lib/libturtlebot3_msgs__rosidl_typesupport_introspection_c.so
[4.640s] -- Up-to-date: /home/gixstudent/Desktop/Final_lab/robotics_navigation/install/turtlebot3_msgs/lib/libturtlebot3_msgs__rosidl_typesupport_c.so
[4.641s] -- Up-to-date: /home/gixstudent/Desktop/Final_lab/robotics_navigation/install/turtlebot3_msgs/lib/libturtlebot3_msgs__rosidl_typesupport_introspection_cpp.so
[4.645s] -- Up-to-date: /home/gixstudent/Desktop/Final_lab/robotics_navigation/install/turtlebot3_msgs/lib/libturtlebot3_msgs__rosidl_typesupport_cpp.so
[4.760s] Listing '/home/gixstudent/Desktop/Final_lab/robotics_navigation/install/turtlebot3_msgs/local/lib/python3.10/dist-packages/turtlebot3_msgs'...
[4.760s] Compiling '/home/gixstudent/Desktop/Final_lab/robotics_navigation/install/turtlebot3_msgs/local/lib/python3.10/dist-packages/turtlebot3_msgs/__init__.py'...
[4.760s] Listing '/home/gixstudent/Desktop/Final_lab/robotics_navigation/install/turtlebot3_msgs/local/lib/python3.10/dist-packages/turtlebot3_msgs/action'...
[4.760s] Listing '/home/gixstudent/Desktop/Final_lab/robotics_navigation/install/turtlebot3_msgs/local/lib/python3.10/dist-packages/turtlebot3_msgs/msg'...
[4.760s] Listing '/home/gixstudent/Desktop/Final_lab/robotics_navigation/install/turtlebot3_msgs/local/lib/python3.10/dist-packages/turtlebot3_msgs/srv'...
[4.777s] -- Up-to-date: /home/gixstudent/Desktop/Final_lab/robotics_navigation/install/turtlebot3_msgs/lib/libturtlebot3_msgs__rosidl_generator_py.so
[4.779s] -- Up-to-date: /home/gixstudent/Desktop/Final_lab/robotics_navigation/install/turtlebot3_msgs/share/turtlebot3_msgs/cmake/export_turtlebot3_msgs__rosidl_generator_cExport.cmake
[4.779s] -- Up-to-date: /home/gixstudent/Desktop/Final_lab/robotics_navigation/install/turtlebot3_msgs/share/turtlebot3_msgs/cmake/export_turtlebot3_msgs__rosidl_generator_cExport-noconfig.cmake
[4.783s] -- Up-to-date: /home/gixstudent/Desktop/Final_lab/robotics_navigation/install/turtlebot3_msgs/share/turtlebot3_msgs/cmake/export_turtlebot3_msgs__rosidl_typesupport_fastrtps_cExport.cmake
[4.783s] -- Up-to-date: /home/gixstudent/Desktop/Final_lab/robotics_navigation/install/turtlebot3_msgs/share/turtlebot3_msgs/cmake/export_turtlebot3_msgs__rosidl_typesupport_fastrtps_cExport-noconfig.cmake
[4.783s] -- Up-to-date: /home/gixstudent/Desktop/Final_lab/robotics_navigation/install/turtlebot3_msgs/share/turtlebot3_msgs/cmake/export_turtlebot3_msgs__rosidl_generator_cppExport.cmake
[4.784s] -- Up-to-date: /home/gixstudent/Desktop/Final_lab/robotics_navigation/install/turtlebot3_msgs/share/turtlebot3_msgs/cmake/export_turtlebot3_msgs__rosidl_typesupport_fastrtps_cppExport.cmake
[4.784s] -- Up-to-date: /home/gixstudent/Desktop/Final_lab/robotics_navigation/install/turtlebot3_msgs/share/turtlebot3_msgs/cmake/export_turtlebot3_msgs__rosidl_typesupport_fastrtps_cppExport-noconfig.cmake
[4.784s] -- Up-to-date: /home/gixstudent/Desktop/Final_lab/robotics_navigation/install/turtlebot3_msgs/share/turtlebot3_msgs/cmake/turtlebot3_msgs__rosidl_typesupport_introspection_cExport.cmake
[4.785s] -- Up-to-date: /home/gixstudent/Desktop/Final_lab/robotics_navigation/install/turtlebot3_msgs/share/turtlebot3_msgs/cmake/turtlebot3_msgs__rosidl_typesupport_introspection_cExport-noconfig.cmake
[4.785s] -- Up-to-date: /home/gixstudent/Desktop/Final_lab/robotics_navigation/install/turtlebot3_msgs/share/turtlebot3_msgs/cmake/turtlebot3_msgs__rosidl_typesupport_cExport.cmake
[4.785s] -- Up-to-date: /home/gixstudent/Desktop/Final_lab/robotics_navigation/install/turtlebot3_msgs/share/turtlebot3_msgs/cmake/turtlebot3_msgs__rosidl_typesupport_cExport-noconfig.cmake
[4.785s] -- Up-to-date: /home/gixstudent/Desktop/Final_lab/robotics_navigation/install/turtlebot3_msgs/share/turtlebot3_msgs/cmake/turtlebot3_msgs__rosidl_typesupport_introspection_cppExport.cmake
[4.785s] -- Up-to-date: /home/gixstudent/Desktop/Final_lab/robotics_navigation/install/turtlebot3_msgs/share/turtlebot3_msgs/cmake/turtlebot3_msgs__rosidl_typesupport_introspection_cppExport-noconfig.cmake
[4.786s] -- Up-to-date: /home/gixstudent/Desktop/Final_lab/robotics_navigation/install/turtlebot3_msgs/share/turtlebot3_msgs/cmake/turtlebot3_msgs__rosidl_typesupport_cppExport.cmake
[4.786s] -- Up-to-date: /home/gixstudent/Desktop/Final_lab/robotics_navigation/install/turtlebot3_msgs/share/turtlebot3_msgs/cmake/turtlebot3_msgs__rosidl_typesupport_cppExport-noconfig.cmake
[4.786s] -- Up-to-date: /home/gixstudent/Desktop/Final_lab/robotics_navigation/install/turtlebot3_msgs/share/turtlebot3_msgs/cmake/export_turtlebot3_msgs__rosidl_generator_pyExport.cmake
[4.787s] -- Up-to-date: /home/gixstudent/Desktop/Final_lab/robotics_navigation/install/turtlebot3_msgs/share/turtlebot3_msgs/cmake/export_turtlebot3_msgs__rosidl_generator_pyExport-noconfig.cmake
[4.793s] Invoked command in '/home/gixstudent/Desktop/Final_lab/robotics_navigation/build/turtlebot3_msgs' returned '0': CMAKE_PREFIX_PATH=/opt/ros/humble /usr/bin/cmake --install /home/gixstudent/Desktop/Final_lab/robotics_navigation/build/turtlebot3_msgs
