[0.759s] Invoking command in '/home/gixadmin/robotics_navigation/nav_ws/c8nav': PYTHONPATH=/home/gixadmin/robotics_navigation/build/c8nav/prefix_override:/usr/lib/python3/dist-packages/colcon_core/task/python/colcon_distutils_commands:/home/gixadmin/robotics_navigation/install/c8nav/lib/python3.10/site-packages:${PYTHONPATH} /usr/bin/python3 -W ignore:setup.py install is deprecated -W ignore:easy_install command is deprecated setup.py egg_info --egg-base ../../build/c8nav build --build-base /home/gixadmin/robotics_navigation/build/c8nav/build install --record /home/gixadmin/robotics_navigation/build/c8nav/install.log --single-version-externally-managed install_data
[0.982s] running egg_info
[0.983s] creating ../../build/c8nav/c8nav.egg-info
[0.983s] writing ../../build/c8nav/c8nav.egg-info/PKG-INFO
[0.983s] writing dependency_links to ../../build/c8nav/c8nav.egg-info/dependency_links.txt
[0.983s] writing entry points to ../../build/c8nav/c8nav.egg-info/entry_points.txt
[0.983s] writing requirements to ../../build/c8nav/c8nav.egg-info/requires.txt
[0.983s] writing top-level names to ../../build/c8nav/c8nav.egg-info/top_level.txt
[0.983s] writing manifest file '../../build/c8nav/c8nav.egg-info/SOURCES.txt'
[0.985s] reading manifest file '../../build/c8nav/c8nav.egg-info/SOURCES.txt'
[0.985s] writing manifest file '../../build/c8nav/c8nav.egg-info/SOURCES.txt'
[0.985s] running build
[0.986s] running build_py
[0.986s] creating /home/gixadmin/robotics_navigation/build/c8nav/build
[0.986s] creating /home/gixadmin/robotics_navigation/build/c8nav/build/lib
[0.986s] creating /home/gixadmin/robotics_navigation/build/c8nav/build/lib/c8nav
[0.986s] copying c8nav/send_goal.py -> /home/gixadmin/robotics_navigation/build/c8nav/build/lib/c8nav
[0.986s] copying c8nav/__init__.py -> /home/gixadmin/robotics_navigation/build/c8nav/build/lib/c8nav
[0.986s] running install
[0.986s] running install_lib
[0.986s] creating /home/gixadmin/robotics_navigation/install/c8nav/lib/python3.10/site-packages/c8nav
[0.987s] copying /home/gixadmin/robotics_navigation/build/c8nav/build/lib/c8nav/send_goal.py -> /home/gixadmin/robotics_navigation/install/c8nav/lib/python3.10/site-packages/c8nav
[0.987s] copying /home/gixadmin/robotics_navigation/build/c8nav/build/lib/c8nav/__init__.py -> /home/gixadmin/robotics_navigation/install/c8nav/lib/python3.10/site-packages/c8nav
[0.987s] byte-compiling /home/gixadmin/robotics_navigation/install/c8nav/lib/python3.10/site-packages/c8nav/send_goal.py to send_goal.cpython-310.pyc
[0.987s] byte-compiling /home/gixadmin/robotics_navigation/install/c8nav/lib/python3.10/site-packages/c8nav/__init__.py to __init__.cpython-310.pyc
[0.988s] running install_data
[0.988s] creating /home/gixadmin/robotics_navigation/install/c8nav/share/ament_index
[0.988s] creating /home/gixadmin/robotics_navigation/install/c8nav/share/ament_index/resource_index
[0.988s] creating /home/gixadmin/robotics_navigation/install/c8nav/share/ament_index/resource_index/packages
[0.988s] copying resource/c8nav -> /home/gixadmin/robotics_navigation/install/c8nav/share/ament_index/resource_index/packages
[0.988s] copying package.xml -> /home/gixadmin/robotics_navigation/install/c8nav/share/c8nav
[0.988s] running install_egg_info
[0.989s] Copying ../../build/c8nav/c8nav.egg-info to /home/gixadmin/robotics_navigation/install/c8nav/lib/python3.10/site-packages/c8nav-0.0.0-py3.10.egg-info
[0.990s] running install_scripts
[1.007s] Installing send_goal script to /home/gixadmin/robotics_navigation/install/c8nav/lib/c8nav
[1.007s] writing list of installed files to '/home/gixadmin/robotics_navigation/build/c8nav/install.log'
[1.025s] Invoked command in '/home/gixadmin/robotics_navigation/nav_ws/c8nav' returned '0': PYTHONPATH=/home/gixadmin/robotics_navigation/build/c8nav/prefix_override:/usr/lib/python3/dist-packages/colcon_core/task/python/colcon_distutils_commands:/home/gixadmin/robotics_navigation/install/c8nav/lib/python3.10/site-packages:${PYTHONPATH} /usr/bin/python3 -W ignore:setup.py install is deprecated -W ignore:easy_install command is deprecated setup.py egg_info --egg-base ../../build/c8nav build --build-base /home/gixadmin/robotics_navigation/build/c8nav/build install --record /home/gixadmin/robotics_navigation/build/c8nav/install.log --single-version-externally-managed install_data
