[0.696s] Invoking command in '/home/gixstudent/Desktop/Final_lab/robotics_navigation/nav_ws/c8nav': PYTHONPATH=/home/gixstudent/Desktop/Final_lab/robotics_navigation/build/c8nav/prefix_override:/usr/lib/python3/dist-packages/colcon_core/task/python/colcon_distutils_commands:/home/gixstudent/Desktop/Final_lab/robotics_navigation/install/c8nav/lib/python3.10/site-packages:${PYTHONPATH} /usr/bin/python3 -W ignore:setup.py install is deprecated -W ignore:easy_install command is deprecated setup.py egg_info --egg-base ../../build/c8nav build --build-base /home/gixstudent/Desktop/Final_lab/robotics_navigation/build/c8nav/build install --record /home/gixstudent/Desktop/Final_lab/robotics_navigation/build/c8nav/install.log --single-version-externally-managed install_data
[0.961s] running egg_info
[0.961s] writing ../../build/c8nav/c8nav.egg-info/PKG-INFO
[0.961s] writing dependency_links to ../../build/c8nav/c8nav.egg-info/dependency_links.txt
[0.962s] writing entry points to ../../build/c8nav/c8nav.egg-info/entry_points.txt
[0.962s] writing requirements to ../../build/c8nav/c8nav.egg-info/requires.txt
[0.962s] writing top-level names to ../../build/c8nav/c8nav.egg-info/top_level.txt
[0.964s] reading manifest file '../../build/c8nav/c8nav.egg-info/SOURCES.txt'
[0.965s] writing manifest file '../../build/c8nav/c8nav.egg-info/SOURCES.txt'
[0.965s] running build
[0.965s] running build_py
[0.965s] copying c8nav/get_goal.py -> /home/gixstudent/Desktop/Final_lab/robotics_navigation/build/c8nav/build/lib/c8nav
[0.965s] running install
[0.966s] running install_lib
[0.967s] copying /home/gixstudent/Desktop/Final_lab/robotics_navigation/build/c8nav/build/lib/c8nav/get_goal.py -> /home/gixstudent/Desktop/Final_lab/robotics_navigation/install/c8nav/lib/python3.10/site-packages/c8nav
[0.968s] byte-compiling /home/gixstudent/Desktop/Final_lab/robotics_navigation/install/c8nav/lib/python3.10/site-packages/c8nav/get_goal.py to get_goal.cpython-310.pyc
[0.969s] running install_data
[0.969s] running install_egg_info
[0.970s] removing '/home/gixstudent/Desktop/Final_lab/robotics_navigation/install/c8nav/lib/python3.10/site-packages/c8nav-0.0.0-py3.10.egg-info' (and everything under it)
[0.971s] Copying ../../build/c8nav/c8nav.egg-info to /home/gixstudent/Desktop/Final_lab/robotics_navigation/install/c8nav/lib/python3.10/site-packages/c8nav-0.0.0-py3.10.egg-info
[0.971s] running install_scripts
[0.991s] Installing get_goal script to /home/gixstudent/Desktop/Final_lab/robotics_navigation/install/c8nav/lib/c8nav
[0.991s] Installing save_current_pose script to /home/gixstudent/Desktop/Final_lab/robotics_navigation/install/c8nav/lib/c8nav
[0.991s] Installing send_goal script to /home/gixstudent/Desktop/Final_lab/robotics_navigation/install/c8nav/lib/c8nav
[0.992s] Installing send_goal_qr_code script to /home/gixstudent/Desktop/Final_lab/robotics_navigation/install/c8nav/lib/c8nav
[0.992s] writing list of installed files to '/home/gixstudent/Desktop/Final_lab/robotics_navigation/build/c8nav/install.log'
[1.017s] Invoked command in '/home/gixstudent/Desktop/Final_lab/robotics_navigation/nav_ws/c8nav' returned '0': PYTHONPATH=/home/gixstudent/Desktop/Final_lab/robotics_navigation/build/c8nav/prefix_override:/usr/lib/python3/dist-packages/colcon_core/task/python/colcon_distutils_commands:/home/gixstudent/Desktop/Final_lab/robotics_navigation/install/c8nav/lib/python3.10/site-packages:${PYTHONPATH} /usr/bin/python3 -W ignore:setup.py install is deprecated -W ignore:easy_install command is deprecated setup.py egg_info --egg-base ../../build/c8nav build --build-base /home/gixstudent/Desktop/Final_lab/robotics_navigation/build/c8nav/build install --record /home/gixstudent/Desktop/Final_lab/robotics_navigation/build/c8nav/install.log --single-version-externally-managed install_data
