[0.015s] Invoking command in '/home/gixadmin/robotics_navigation/turtlebot_ws/build/turtlebot3_simulations': AMENT_PREFIX_PATH=/home/gixadmin/robotics_navigation/turtlebot_ws/install/turtlebot3_fake_node:/home/gixadmin/robotics_navigation/turtlebot_ws/install/turtlebot3_msgs:/home/gixadmin/robotics_navigation/turtlebot_ws/install/turtlebot3_gazebo:${AMENT_PREFIX_PATH} CMAKE_PREFIX_PATH=/home/gixadmin/robotics_navigation/turtlebot_ws/install/turtlebot3_fake_node:/home/gixadmin/robotics_navigation/turtlebot_ws/install/turtlebot3_msgs:/home/gixadmin/robotics_navigation/turtlebot_ws/install/turtlebot3_gazebo:/opt/ros/humble LD_LIBRARY_PATH=/home/gixadmin/robotics_navigation/turtlebot_ws/install/turtlebot3_msgs/lib:/usr/lib/x86_64-linux-gnu/gazebo-11/plugins:/opt/ros/humble/opt/rviz_ogre_vendor/lib:/opt/ros/humble/lib/x86_64-linux-gnu:/opt/ros/humble/lib:/usr/share/gazebo/../../lib/x86_64-linux-gnu/gazebo-11/plugins PYTHONPATH=/home/gixadmin/robotics_navigation/turtlebot_ws/install/turtlebot3_msgs/local/lib/python3.10/dist-packages:${PYTHONPATH} /usr/bin/cmake /home/gixadmin/robotics_navigation/turtlebot_ws/src/turtlebot3_simulations/turtlebot3_simulations -DAMENT_CMAKE_SYMLINK_INSTALL=1 -DCMAKE_INSTALL_PREFIX=/home/gixadmin/robotics_navigation/turtlebot_ws/install/turtlebot3_simulations
[0.089s] -- The C compiler identification is GNU 11.4.0
[0.167s] -- The CXX compiler identification is GNU 11.4.0
[0.176s] -- Detecting C compiler ABI info
[0.264s] -- Detecting C compiler ABI info - done
[0.275s] -- Check for working C compiler: /usr/bin/cc - skipped
[0.275s] -- Detecting C compile features
[0.275s] -- Detecting C compile features - done
[0.279s] -- Detecting CXX compiler ABI info
[0.381s] -- Detecting CXX compiler ABI info - done
[0.392s] -- Check for working CXX compiler: /usr/bin/c++ - skipped
[0.392s] -- Detecting CXX compile features
[0.393s] -- Detecting CXX compile features - done
[0.398s] -- Found ament_cmake: 1.3.11 (/opt/ros/humble/share/ament_cmake/cmake)
[0.610s] -- Found Python3: /usr/bin/python3 (found version "3.10.12") found components: Interpreter 
[0.706s] -- Override CMake install command with custom implementation using symlinks instead of copying resources
[0.843s] -- Configuring done
[0.847s] -- Generating done
[0.850s] -- Build files have been written to: /home/gixadmin/robotics_navigation/turtlebot_ws/build/turtlebot3_simulations
[0.858s] Invoked command in '/home/gixadmin/robotics_navigation/turtlebot_ws/build/turtlebot3_simulations' returned '0': AMENT_PREFIX_PATH=/home/gixadmin/robotics_navigation/turtlebot_ws/install/turtlebot3_fake_node:/home/gixadmin/robotics_navigation/turtlebot_ws/install/turtlebot3_msgs:/home/gixadmin/robotics_navigation/turtlebot_ws/install/turtlebot3_gazebo:${AMENT_PREFIX_PATH} CMAKE_PREFIX_PATH=/home/gixadmin/robotics_navigation/turtlebot_ws/install/turtlebot3_fake_node:/home/gixadmin/robotics_navigation/turtlebot_ws/install/turtlebot3_msgs:/home/gixadmin/robotics_navigation/turtlebot_ws/install/turtlebot3_gazebo:/opt/ros/humble LD_LIBRARY_PATH=/home/gixadmin/robotics_navigation/turtlebot_ws/install/turtlebot3_msgs/lib:/usr/lib/x86_64-linux-gnu/gazebo-11/plugins:/opt/ros/humble/opt/rviz_ogre_vendor/lib:/opt/ros/humble/lib/x86_64-linux-gnu:/opt/ros/humble/lib:/usr/share/gazebo/../../lib/x86_64-linux-gnu/gazebo-11/plugins PYTHONPATH=/home/gixadmin/robotics_navigation/turtlebot_ws/install/turtlebot3_msgs/local/lib/python3.10/dist-packages:${PYTHONPATH} /usr/bin/cmake /home/gixadmin/robotics_navigation/turtlebot_ws/src/turtlebot3_simulations/turtlebot3_simulations -DAMENT_CMAKE_SYMLINK_INSTALL=1 -DCMAKE_INSTALL_PREFIX=/home/gixadmin/robotics_navigation/turtlebot_ws/install/turtlebot3_simulations
[0.860s] Invoking command in '/home/gixadmin/robotics_navigation/turtlebot_ws/build/turtlebot3_simulations': AMENT_PREFIX_PATH=/home/gixadmin/robotics_navigation/turtlebot_ws/install/turtlebot3_fake_node:/home/gixadmin/robotics_navigation/turtlebot_ws/install/turtlebot3_msgs:/home/gixadmin/robotics_navigation/turtlebot_ws/install/turtlebot3_gazebo:${AMENT_PREFIX_PATH} CMAKE_PREFIX_PATH=/home/gixadmin/robotics_navigation/turtlebot_ws/install/turtlebot3_fake_node:/home/gixadmin/robotics_navigation/turtlebot_ws/install/turtlebot3_msgs:/home/gixadmin/robotics_navigation/turtlebot_ws/install/turtlebot3_gazebo:/opt/ros/humble LD_LIBRARY_PATH=/home/gixadmin/robotics_navigation/turtlebot_ws/install/turtlebot3_msgs/lib:/usr/lib/x86_64-linux-gnu/gazebo-11/plugins:/opt/ros/humble/opt/rviz_ogre_vendor/lib:/opt/ros/humble/lib/x86_64-linux-gnu:/opt/ros/humble/lib:/usr/share/gazebo/../../lib/x86_64-linux-gnu/gazebo-11/plugins PYTHONPATH=/home/gixadmin/robotics_navigation/turtlebot_ws/install/turtlebot3_msgs/local/lib/python3.10/dist-packages:${PYTHONPATH} /usr/bin/cmake --build /home/gixadmin/robotics_navigation/turtlebot_ws/build/turtlebot3_simulations -- -j8 -l8
[0.909s] Invoked command in '/home/gixadmin/robotics_navigation/turtlebot_ws/build/turtlebot3_simulations' returned '0': AMENT_PREFIX_PATH=/home/gixadmin/robotics_navigation/turtlebot_ws/install/turtlebot3_fake_node:/home/gixadmin/robotics_navigation/turtlebot_ws/install/turtlebot3_msgs:/home/gixadmin/robotics_navigation/turtlebot_ws/install/turtlebot3_gazebo:${AMENT_PREFIX_PATH} CMAKE_PREFIX_PATH=/home/gixadmin/robotics_navigation/turtlebot_ws/install/turtlebot3_fake_node:/home/gixadmin/robotics_navigation/turtlebot_ws/install/turtlebot3_msgs:/home/gixadmin/robotics_navigation/turtlebot_ws/install/turtlebot3_gazebo:/opt/ros/humble LD_LIBRARY_PATH=/home/gixadmin/robotics_navigation/turtlebot_ws/install/turtlebot3_msgs/lib:/usr/lib/x86_64-linux-gnu/gazebo-11/plugins:/opt/ros/humble/opt/rviz_ogre_vendor/lib:/opt/ros/humble/lib/x86_64-linux-gnu:/opt/ros/humble/lib:/usr/share/gazebo/../../lib/x86_64-linux-gnu/gazebo-11/plugins PYTHONPATH=/home/gixadmin/robotics_navigation/turtlebot_ws/install/turtlebot3_msgs/local/lib/python3.10/dist-packages:${PYTHONPATH} /usr/bin/cmake --build /home/gixadmin/robotics_navigation/turtlebot_ws/build/turtlebot3_simulations -- -j8 -l8
[0.911s] Invoking command in '/home/gixadmin/robotics_navigation/turtlebot_ws/build/turtlebot3_simulations': AMENT_PREFIX_PATH=/home/gixadmin/robotics_navigation/turtlebot_ws/install/turtlebot3_fake_node:/home/gixadmin/robotics_navigation/turtlebot_ws/install/turtlebot3_msgs:/home/gixadmin/robotics_navigation/turtlebot_ws/install/turtlebot3_gazebo:${AMENT_PREFIX_PATH} CMAKE_PREFIX_PATH=/home/gixadmin/robotics_navigation/turtlebot_ws/install/turtlebot3_fake_node:/home/gixadmin/robotics_navigation/turtlebot_ws/install/turtlebot3_msgs:/home/gixadmin/robotics_navigation/turtlebot_ws/install/turtlebot3_gazebo:/opt/ros/humble LD_LIBRARY_PATH=/home/gixadmin/robotics_navigation/turtlebot_ws/install/turtlebot3_msgs/lib:/usr/lib/x86_64-linux-gnu/gazebo-11/plugins:/opt/ros/humble/opt/rviz_ogre_vendor/lib:/opt/ros/humble/lib/x86_64-linux-gnu:/opt/ros/humble/lib:/usr/share/gazebo/../../lib/x86_64-linux-gnu/gazebo-11/plugins PYTHONPATH=/home/gixadmin/robotics_navigation/turtlebot_ws/install/turtlebot3_msgs/local/lib/python3.10/dist-packages:${PYTHONPATH} /usr/bin/cmake --install /home/gixadmin/robotics_navigation/turtlebot_ws/build/turtlebot3_simulations
[0.921s] -- Install configuration: ""
[0.921s] -- Execute custom install script
[0.922s] -- Symlinking: /home/gixadmin/robotics_navigation/turtlebot_ws/install/turtlebot3_simulations/share/ament_index/resource_index/package_run_dependencies/turtlebot3_simulations
[0.933s] -- Symlinking: /home/gixadmin/robotics_navigation/turtlebot_ws/install/turtlebot3_simulations/share/ament_index/resource_index/parent_prefix_path/turtlebot3_simulations
[0.945s] -- Symlinking: /home/gixadmin/robotics_navigation/turtlebot_ws/install/turtlebot3_simulations/share/turtlebot3_simulations/environment/ament_prefix_path.sh
[0.956s] -- Symlinking: /home/gixadmin/robotics_navigation/turtlebot_ws/install/turtlebot3_simulations/share/turtlebot3_simulations/environment/ament_prefix_path.dsv
[0.966s] -- Symlinking: /home/gixadmin/robotics_navigation/turtlebot_ws/install/turtlebot3_simulations/share/turtlebot3_simulations/environment/path.sh
[0.977s] -- Symlinking: /home/gixadmin/robotics_navigation/turtlebot_ws/install/turtlebot3_simulations/share/turtlebot3_simulations/environment/path.dsv
[0.988s] -- Symlinking: /home/gixadmin/robotics_navigation/turtlebot_ws/install/turtlebot3_simulations/share/turtlebot3_simulations/local_setup.bash
[0.999s] -- Symlinking: /home/gixadmin/robotics_navigation/turtlebot_ws/install/turtlebot3_simulations/share/turtlebot3_simulations/local_setup.sh
[1.011s] -- Symlinking: /home/gixadmin/robotics_navigation/turtlebot_ws/install/turtlebot3_simulations/share/turtlebot3_simulations/local_setup.zsh
[1.022s] -- Symlinking: /home/gixadmin/robotics_navigation/turtlebot_ws/install/turtlebot3_simulations/share/turtlebot3_simulations/local_setup.dsv
[1.033s] -- Symlinking: /home/gixadmin/robotics_navigation/turtlebot_ws/install/turtlebot3_simulations/share/turtlebot3_simulations/package.dsv
[1.044s] -- Symlinking: /home/gixadmin/robotics_navigation/turtlebot_ws/install/turtlebot3_simulations/share/ament_index/resource_index/packages/turtlebot3_simulations
[1.055s] -- Symlinking: /home/gixadmin/robotics_navigation/turtlebot_ws/install/turtlebot3_simulations/share/turtlebot3_simulations/cmake/turtlebot3_simulationsConfig.cmake
[1.066s] -- Symlinking: /home/gixadmin/robotics_navigation/turtlebot_ws/install/turtlebot3_simulations/share/turtlebot3_simulations/cmake/turtlebot3_simulationsConfig-version.cmake
[1.076s] -- Symlinking: /home/gixadmin/robotics_navigation/turtlebot_ws/install/turtlebot3_simulations/share/turtlebot3_simulations/package.xml
[1.090s] Invoked command in '/home/gixadmin/robotics_navigation/turtlebot_ws/build/turtlebot3_simulations' returned '0': AMENT_PREFIX_PATH=/home/gixadmin/robotics_navigation/turtlebot_ws/install/turtlebot3_fake_node:/home/gixadmin/robotics_navigation/turtlebot_ws/install/turtlebot3_msgs:/home/gixadmin/robotics_navigation/turtlebot_ws/install/turtlebot3_gazebo:${AMENT_PREFIX_PATH} CMAKE_PREFIX_PATH=/home/gixadmin/robotics_navigation/turtlebot_ws/install/turtlebot3_fake_node:/home/gixadmin/robotics_navigation/turtlebot_ws/install/turtlebot3_msgs:/home/gixadmin/robotics_navigation/turtlebot_ws/install/turtlebot3_gazebo:/opt/ros/humble LD_LIBRARY_PATH=/home/gixadmin/robotics_navigation/turtlebot_ws/install/turtlebot3_msgs/lib:/usr/lib/x86_64-linux-gnu/gazebo-11/plugins:/opt/ros/humble/opt/rviz_ogre_vendor/lib:/opt/ros/humble/lib/x86_64-linux-gnu:/opt/ros/humble/lib:/usr/share/gazebo/../../lib/x86_64-linux-gnu/gazebo-11/plugins PYTHONPATH=/home/gixadmin/robotics_navigation/turtlebot_ws/install/turtlebot3_msgs/local/lib/python3.10/dist-packages:${PYTHONPATH} /usr/bin/cmake --install /home/gixadmin/robotics_navigation/turtlebot_ws/build/turtlebot3_simulations
