[0.023s] Invoking command in '/home/gixadmin/robotics_navigation/turtlebot_ws/build/turtlebot3_cartographer': CMAKE_PREFIX_PATH=/opt/ros/humble /usr/bin/cmake /home/gixadmin/robotics_navigation/turtlebot_ws/src/turtlebot3/turtlebot3_cartographer -DAMENT_CMAKE_SYMLINK_INSTALL=1 -DCMAKE_INSTALL_PREFIX=/home/gixadmin/robotics_navigation/turtlebot_ws/install/turtlebot3_cartographer
[0.113s] -- The C compiler identification is GNU 11.4.0
[0.214s] -- The CXX compiler identification is GNU 11.4.0
[0.228s] -- Detecting C compiler ABI info
[0.349s] -- Detecting C compiler ABI info - done
[0.365s] -- Check for working C compiler: /usr/bin/cc - skipped
[0.367s] -- Detecting C compile features
[0.367s] -- Detecting C compile features - done
[0.373s] -- Detecting CXX compiler ABI info
[0.539s] -- Detecting CXX compiler ABI info - done
[0.558s] -- Check for working CXX compiler: /usr/bin/c++ - skipped
[0.558s] -- Detecting CXX compile features
[0.560s] -- Detecting CXX compile features - done
[0.564s] -- Found ament_cmake: 1.3.11 (/opt/ros/humble/share/ament_cmake/cmake)
[0.823s] -- Found Python3: /usr/bin/python3 (found version "3.10.12") found components: Interpreter 
[0.934s] -- Override CMake install command with custom implementation using symlinks instead of copying resources
[1.109s] -- Configuring done
[1.113s] -- Generating done
[1.116s] -- Build files have been written to: /home/gixadmin/robotics_navigation/turtlebot_ws/build/turtlebot3_cartographer
[1.126s] Invoked command in '/home/gixadmin/robotics_navigation/turtlebot_ws/build/turtlebot3_cartographer' returned '0': CMAKE_PREFIX_PATH=/opt/ros/humble /usr/bin/cmake /home/gixadmin/robotics_navigation/turtlebot_ws/src/turtlebot3/turtlebot3_cartographer -DAMENT_CMAKE_SYMLINK_INSTALL=1 -DCMAKE_INSTALL_PREFIX=/home/gixadmin/robotics_navigation/turtlebot_ws/install/turtlebot3_cartographer
[1.128s] Invoking command in '/home/gixadmin/robotics_navigation/turtlebot_ws/build/turtlebot3_cartographer': CMAKE_PREFIX_PATH=/opt/ros/humble /usr/bin/cmake --build /home/gixadmin/robotics_navigation/turtlebot_ws/build/turtlebot3_cartographer -- -j8 -l8
[1.187s] Invoked command in '/home/gixadmin/robotics_navigation/turtlebot_ws/build/turtlebot3_cartographer' returned '0': CMAKE_PREFIX_PATH=/opt/ros/humble /usr/bin/cmake --build /home/gixadmin/robotics_navigation/turtlebot_ws/build/turtlebot3_cartographer -- -j8 -l8
[1.203s] Invoking command in '/home/gixadmin/robotics_navigation/turtlebot_ws/build/turtlebot3_cartographer': CMAKE_PREFIX_PATH=/opt/ros/humble /usr/bin/cmake --install /home/gixadmin/robotics_navigation/turtlebot_ws/build/turtlebot3_cartographer
[1.214s] -- Install configuration: ""
[1.215s] -- Execute custom install script
[1.217s] -- Symlinking: /home/gixadmin/robotics_navigation/turtlebot_ws/install/turtlebot3_cartographer/share/turtlebot3_cartographer/config/turtlebot3_lds_2d.lua
[1.232s] -- Symlinking: /home/gixadmin/robotics_navigation/turtlebot_ws/install/turtlebot3_cartographer/share/turtlebot3_cartographer/launch/cartographer.launch.py
[1.248s] -- Symlinking: /home/gixadmin/robotics_navigation/turtlebot_ws/install/turtlebot3_cartographer/share/turtlebot3_cartographer/launch/occupancy_grid.launch.py
[1.266s] -- Symlinking: /home/gixadmin/robotics_navigation/turtlebot_ws/install/turtlebot3_cartographer/share/turtlebot3_cartographer/rviz/tb3_cartographer.rviz
[1.282s] -- Symlinking: /home/gixadmin/robotics_navigation/turtlebot_ws/install/turtlebot3_cartographer/share/ament_index/resource_index/package_run_dependencies/turtlebot3_cartographer
[1.297s] -- Symlinking: /home/gixadmin/robotics_navigation/turtlebot_ws/install/turtlebot3_cartographer/share/ament_index/resource_index/parent_prefix_path/turtlebot3_cartographer
[1.312s] -- Symlinking: /home/gixadmin/robotics_navigation/turtlebot_ws/install/turtlebot3_cartographer/share/turtlebot3_cartographer/environment/ament_prefix_path.sh
[1.328s] -- Symlinking: /home/gixadmin/robotics_navigation/turtlebot_ws/install/turtlebot3_cartographer/share/turtlebot3_cartographer/environment/ament_prefix_path.dsv
[1.344s] -- Symlinking: /home/gixadmin/robotics_navigation/turtlebot_ws/install/turtlebot3_cartographer/share/turtlebot3_cartographer/environment/path.sh
[1.359s] -- Symlinking: /home/gixadmin/robotics_navigation/turtlebot_ws/install/turtlebot3_cartographer/share/turtlebot3_cartographer/environment/path.dsv
[1.375s] -- Symlinking: /home/gixadmin/robotics_navigation/turtlebot_ws/install/turtlebot3_cartographer/share/turtlebot3_cartographer/local_setup.bash
[1.391s] -- Symlinking: /home/gixadmin/robotics_navigation/turtlebot_ws/install/turtlebot3_cartographer/share/turtlebot3_cartographer/local_setup.sh
[1.407s] -- Symlinking: /home/gixadmin/robotics_navigation/turtlebot_ws/install/turtlebot3_cartographer/share/turtlebot3_cartographer/local_setup.zsh
[1.422s] -- Symlinking: /home/gixadmin/robotics_navigation/turtlebot_ws/install/turtlebot3_cartographer/share/turtlebot3_cartographer/local_setup.dsv
[1.433s] -- Symlinking: /home/gixadmin/robotics_navigation/turtlebot_ws/install/turtlebot3_cartographer/share/turtlebot3_cartographer/package.dsv
[1.448s] -- Symlinking: /home/gixadmin/robotics_navigation/turtlebot_ws/install/turtlebot3_cartographer/share/ament_index/resource_index/packages/turtlebot3_cartographer
[1.464s] -- Symlinking: /home/gixadmin/robotics_navigation/turtlebot_ws/install/turtlebot3_cartographer/share/turtlebot3_cartographer/cmake/turtlebot3_cartographerConfig.cmake
[1.481s] -- Symlinking: /home/gixadmin/robotics_navigation/turtlebot_ws/install/turtlebot3_cartographer/share/turtlebot3_cartographer/cmake/turtlebot3_cartographerConfig-version.cmake
[1.496s] -- Symlinking: /home/gixadmin/robotics_navigation/turtlebot_ws/install/turtlebot3_cartographer/share/turtlebot3_cartographer/package.xml
[1.509s] Invoked command in '/home/gixadmin/robotics_navigation/turtlebot_ws/build/turtlebot3_cartographer' returned '0': CMAKE_PREFIX_PATH=/opt/ros/humble /usr/bin/cmake --install /home/gixadmin/robotics_navigation/turtlebot_ws/build/turtlebot3_cartographer
