[1.603s] Invoking command in '/home/gixstudent/Desktop/Final_lab/robotics_navigation/src/turtlebot3/turtlebot3_teleop': PYTHONPATH=/home/gixstudent/Desktop/Final_lab/robotics_navigation/build/turtlebot3_teleop/prefix_override:/usr/lib/python3/dist-packages/colcon_core/task/python/colcon_distutils_commands:/home/gixstudent/Desktop/Final_lab/robotics_navigation/install/turtlebot3_teleop/lib/python3.10/site-packages:${PYTHONPATH} /usr/bin/python3 -W ignore:setup.py install is deprecated -W ignore:easy_install command is deprecated setup.py egg_info --egg-base ../../../build/turtlebot3_teleop build --build-base /home/gixstudent/Desktop/Final_lab/robotics_navigation/build/turtlebot3_teleop/build install --record /home/gixstudent/Desktop/Final_lab/robotics_navigation/build/turtlebot3_teleop/install.log --single-version-externally-managed install_data
[1.882s] running egg_info
[1.882s] writing ../../../build/turtlebot3_teleop/turtlebot3_teleop.egg-info/PKG-INFO
[1.890s] writing dependency_links to ../../../build/turtlebot3_teleop/turtlebot3_teleop.egg-info/dependency_links.txt
[1.890s] writing entry points to ../../../build/turtlebot3_teleop/turtlebot3_teleop.egg-info/entry_points.txt
[1.890s] writing requirements to ../../../build/turtlebot3_teleop/turtlebot3_teleop.egg-info/requires.txt
[1.891s] writing top-level names to ../../../build/turtlebot3_teleop/turtlebot3_teleop.egg-info/top_level.txt
[1.893s] reading manifest file '../../../build/turtlebot3_teleop/turtlebot3_teleop.egg-info/SOURCES.txt'
[1.894s] writing manifest file '../../../build/turtlebot3_teleop/turtlebot3_teleop.egg-info/SOURCES.txt'
[1.894s] running build
[1.894s] running build_py
[1.895s] running install
[1.895s] running install_lib
[1.897s] running install_data
[1.897s] running install_egg_info
[1.899s] removing '/home/gixstudent/Desktop/Final_lab/robotics_navigation/install/turtlebot3_teleop/lib/python3.10/site-packages/turtlebot3_teleop-2.1.5-py3.10.egg-info' (and everything under it)
[1.900s] Copying ../../../build/turtlebot3_teleop/turtlebot3_teleop.egg-info to /home/gixstudent/Desktop/Final_lab/robotics_navigation/install/turtlebot3_teleop/lib/python3.10/site-packages/turtlebot3_teleop-2.1.5-py3.10.egg-info
[1.901s] running install_scripts
[1.922s] Installing teleop_keyboard script to /home/gixstudent/Desktop/Final_lab/robotics_navigation/install/turtlebot3_teleop/lib/turtlebot3_teleop
[1.923s] writing list of installed files to '/home/gixstudent/Desktop/Final_lab/robotics_navigation/build/turtlebot3_teleop/install.log'
[1.971s] Invoked command in '/home/gixstudent/Desktop/Final_lab/robotics_navigation/src/turtlebot3/turtlebot3_teleop' returned '0': PYTHONPATH=/home/gixstudent/Desktop/Final_lab/robotics_navigation/build/turtlebot3_teleop/prefix_override:/usr/lib/python3/dist-packages/colcon_core/task/python/colcon_distutils_commands:/home/gixstudent/Desktop/Final_lab/robotics_navigation/install/turtlebot3_teleop/lib/python3.10/site-packages:${PYTHONPATH} /usr/bin/python3 -W ignore:setup.py install is deprecated -W ignore:easy_install command is deprecated setup.py egg_info --egg-base ../../../build/turtlebot3_teleop build --build-base /home/gixstudent/Desktop/Final_lab/robotics_navigation/build/turtlebot3_teleop/build install --record /home/gixstudent/Desktop/Final_lab/robotics_navigation/build/turtlebot3_teleop/install.log --single-version-externally-managed install_data
