[0.023s] Invoking command in '/home/gixstudent/Desktop/Final lab/robotics_navigation/build/turtlebot3_node': AMENT_PREFIX_PATH=/home/gixstudent/Desktop/Final lab/robotics_navigation/install/turtlebot3_msgs:${AMENT_PREFIX_PATH} CMAKE_PREFIX_PATH=/home/gixstudent/Desktop/Final lab/robotics_navigation/install/turtlebot3_msgs:/opt/ros/humble LD_LIBRARY_PATH=/home/gixstudent/Desktop/Final lab/robotics_navigation/install/turtlebot3_msgs/lib:${LD_LIBRARY_PATH} PYTHONPATH=/home/gixstudent/Desktop/Final lab/robotics_navigation/install/turtlebot3_msgs/local/lib/python3.10/dist-packages:${PYTHONPATH} /usr/bin/cmake /home/gixstudent/Desktop/Final lab/robotics_navigation/src/turtlebot3/turtlebot3_node -DCMAKE_INSTALL_PREFIX=/home/gixstudent/Desktop/Final lab/robotics_navigation/install/turtlebot3_node
[0.521s] -- The C compiler identification is GNU 11.4.0
[0.521s] -- The CXX compiler identification is GNU 11.4.0
[0.521s] -- Detecting C compiler ABI info
[0.522s] -- Detecting C compiler ABI info - done
[0.522s] -- Check for working C compiler: /usr/bin/cc - skipped
[0.522s] -- Detecting C compile features
[0.522s] -- Detecting C compile features - done
[0.522s] -- Detecting CXX compiler ABI info
[0.564s] -- Detecting CXX compiler ABI info - done
[0.584s] -- Check for working CXX compiler: /usr/bin/c++ - skipped
[0.584s] -- Detecting CXX compile features
[0.585s] -- Detecting CXX compile features - done
[0.595s] -- Found ament_cmake: 1.3.11 (/opt/ros/humble/share/ament_cmake/cmake)
[0.905s] -- Found Python3: /usr/bin/python3 (found version "3.10.12") found components: Interpreter 
[1.101s] -- Found dynamixel_sdk: 3.8.2 (/opt/ros/humble/share/dynamixel_sdk/cmake)
[1.106s] -- Found geometry_msgs: 4.8.0 (/opt/ros/humble/share/geometry_msgs/cmake)
[1.185s] -- Found rosidl_generator_c: 3.1.6 (/opt/ros/humble/share/rosidl_generator_c/cmake)
[1.196s] -- Found rosidl_adapter: 3.1.6 (/opt/ros/humble/share/rosidl_adapter/cmake)
[1.214s] -- Found rosidl_generator_cpp: 3.1.6 (/opt/ros/humble/share/rosidl_generator_cpp/cmake)
[1.243s] -- Using all available rosidl_typesupport_c: rosidl_typesupport_fastrtps_c;rosidl_typesupport_introspection_c
[1.282s] -- Using all available rosidl_typesupport_cpp: rosidl_typesupport_fastrtps_cpp;rosidl_typesupport_introspection_cpp
[1.385s] -- Found message_filters: 4.3.6 (/opt/ros/humble/share/message_filters/cmake)
[1.481s] -- Found rmw_implementation_cmake: 6.1.2 (/opt/ros/humble/share/rmw_implementation_cmake/cmake)
[1.486s] -- Found rmw_fastrtps_cpp: 6.2.7 (/opt/ros/humble/share/rmw_fastrtps_cpp/cmake)
[1.668s] -- Found OpenSSL: /usr/lib/x86_64-linux-gnu/libcrypto.so (found version "3.0.2")  
[1.728s] -- Found FastRTPS: /opt/ros/humble/include  
[1.816s] -- Using RMW implementation 'rmw_fastrtps_cpp' as default
[1.835s] -- Looking for pthread.h
[1.977s] -- Looking for pthread.h - found
[1.978s] -- Performing Test CMAKE_HAVE_LIBC_PTHREAD
[2.115s] -- Performing Test CMAKE_HAVE_LIBC_PTHREAD - Success
[2.117s] -- Found Threads: TRUE  
[2.208s] -- Found nav_msgs: 4.8.0 (/opt/ros/humble/share/nav_msgs/cmake)
[2.249s] -- Found sensor_msgs: 4.8.0 (/opt/ros/humble/share/sensor_msgs/cmake)
[2.292s] -- Found std_srvs: 4.8.0 (/opt/ros/humble/share/std_srvs/cmake)
[2.316s] -- Found tf2: 0.25.12 (/opt/ros/humble/share/tf2/cmake)
[2.339s] -- Found tf2_ros: 0.25.12 (/opt/ros/humble/share/tf2_ros/cmake)
[2.533s] -- Found turtlebot3_msgs: 2.2.3 (/home/gixstudent/Desktop/Final lab/robotics_navigation/install/turtlebot3_msgs/share/turtlebot3_msgs/cmake)
[2.744s] -- Configuring done
[2.789s] -- Generating done
[2.803s] -- Build files have been written to: /home/gixstudent/Desktop/Final lab/robotics_navigation/build/turtlebot3_node
[2.832s] Invoked command in '/home/gixstudent/Desktop/Final lab/robotics_navigation/build/turtlebot3_node' returned '0': AMENT_PREFIX_PATH=/home/gixstudent/Desktop/Final lab/robotics_navigation/install/turtlebot3_msgs:${AMENT_PREFIX_PATH} CMAKE_PREFIX_PATH=/home/gixstudent/Desktop/Final lab/robotics_navigation/install/turtlebot3_msgs:/opt/ros/humble LD_LIBRARY_PATH=/home/gixstudent/Desktop/Final lab/robotics_navigation/install/turtlebot3_msgs/lib:${LD_LIBRARY_PATH} PYTHONPATH=/home/gixstudent/Desktop/Final lab/robotics_navigation/install/turtlebot3_msgs/local/lib/python3.10/dist-packages:${PYTHONPATH} /usr/bin/cmake /home/gixstudent/Desktop/Final lab/robotics_navigation/src/turtlebot3/turtlebot3_node -DCMAKE_INSTALL_PREFIX=/home/gixstudent/Desktop/Final lab/robotics_navigation/install/turtlebot3_node
[2.833s] Invoking command in '/home/gixstudent/Desktop/Final lab/robotics_navigation/build/turtlebot3_node': AMENT_PREFIX_PATH=/home/gixstudent/Desktop/Final lab/robotics_navigation/install/turtlebot3_msgs:${AMENT_PREFIX_PATH} CMAKE_PREFIX_PATH=/home/gixstudent/Desktop/Final lab/robotics_navigation/install/turtlebot3_msgs:/opt/ros/humble LD_LIBRARY_PATH=/home/gixstudent/Desktop/Final lab/robotics_navigation/install/turtlebot3_msgs/lib:${LD_LIBRARY_PATH} PYTHONPATH=/home/gixstudent/Desktop/Final lab/robotics_navigation/install/turtlebot3_msgs/local/lib/python3.10/dist-packages:${PYTHONPATH} /usr/bin/cmake --build /home/gixstudent/Desktop/Final lab/robotics_navigation/build/turtlebot3_node -- -j8 -l8
[2.935s] [  7%] [32mBuilding CXX object CMakeFiles/turtlebot3_node_lib.dir/src/devices/reset.cpp.o[0m
[2.938s] [ 14%] [32mBuilding CXX object CMakeFiles/turtlebot3_node_lib.dir/src/devices/sound.cpp.o[0m
[2.939s] [ 21%] [32mBuilding CXX object CMakeFiles/turtlebot3_node_lib.dir/src/devices/motor_power.cpp.o[0m
[2.953s] [ 28%] [32mBuilding CXX object CMakeFiles/turtlebot3_node_lib.dir/src/diff_drive_controller.cpp.o[0m
[2.953s] [ 42%] [32mBuilding CXX object CMakeFiles/turtlebot3_node_lib.dir/src/odometry.cpp.o[0m
[2.959s] [ 35%] [32mBuilding CXX object CMakeFiles/turtlebot3_node_lib.dir/src/turtlebot3.cpp.o[0m
[2.959s] [ 50%] [32mBuilding CXX object CMakeFiles/turtlebot3_node_lib.dir/src/dynamixel_sdk_wrapper.cpp.o[0m
[2.966s] [ 57%] [32mBuilding CXX object CMakeFiles/turtlebot3_node_lib.dir/src/sensors/battery_state.cpp.o[0m
[5.767s] [ 64%] [32mBuilding CXX object CMakeFiles/turtlebot3_node_lib.dir/src/sensors/imu.cpp.o[0m
[16.686s] [ 71%] [32mBuilding CXX object CMakeFiles/turtlebot3_node_lib.dir/src/sensors/joint_state.cpp.o[0m
[18.436s] [ 78%] [32mBuilding CXX object CMakeFiles/turtlebot3_node_lib.dir/src/sensors/sensor_state.cpp.o[0m
[33.873s] [ 85%] [32m[1mLinking CXX static library libturtlebot3_node_lib.a[0m
[34.623s] [ 85%] Built target turtlebot3_node_lib
[34.642s] [ 92%] [32mBuilding CXX object CMakeFiles/turtlebot3_ros.dir/src/node_main.cpp.o[0m
[37.907s] [100%] [32m[1mLinking CXX executable turtlebot3_ros[0m
[40.161s] [100%] Built target turtlebot3_ros
[40.173s] Invoked command in '/home/gixstudent/Desktop/Final lab/robotics_navigation/build/turtlebot3_node' returned '0': AMENT_PREFIX_PATH=/home/gixstudent/Desktop/Final lab/robotics_navigation/install/turtlebot3_msgs:${AMENT_PREFIX_PATH} CMAKE_PREFIX_PATH=/home/gixstudent/Desktop/Final lab/robotics_navigation/install/turtlebot3_msgs:/opt/ros/humble LD_LIBRARY_PATH=/home/gixstudent/Desktop/Final lab/robotics_navigation/install/turtlebot3_msgs/lib:${LD_LIBRARY_PATH} PYTHONPATH=/home/gixstudent/Desktop/Final lab/robotics_navigation/install/turtlebot3_msgs/local/lib/python3.10/dist-packages:${PYTHONPATH} /usr/bin/cmake --build /home/gixstudent/Desktop/Final lab/robotics_navigation/build/turtlebot3_node -- -j8 -l8
[40.174s] Invoking command in '/home/gixstudent/Desktop/Final lab/robotics_navigation/build/turtlebot3_node': AMENT_PREFIX_PATH=/home/gixstudent/Desktop/Final lab/robotics_navigation/install/turtlebot3_msgs:${AMENT_PREFIX_PATH} CMAKE_PREFIX_PATH=/home/gixstudent/Desktop/Final lab/robotics_navigation/install/turtlebot3_msgs:/opt/ros/humble LD_LIBRARY_PATH=/home/gixstudent/Desktop/Final lab/robotics_navigation/install/turtlebot3_msgs/lib:${LD_LIBRARY_PATH} PYTHONPATH=/home/gixstudent/Desktop/Final lab/robotics_navigation/install/turtlebot3_msgs/local/lib/python3.10/dist-packages:${PYTHONPATH} /usr/bin/cmake --install /home/gixstudent/Desktop/Final lab/robotics_navigation/build/turtlebot3_node
[40.181s] -- Install configuration: ""
[40.181s] -- Installing: /home/gixstudent/Desktop/Final lab/robotics_navigation/install/turtlebot3_node/share/turtlebot3_node/param
[40.181s] -- Installing: /home/gixstudent/Desktop/Final lab/robotics_navigation/install/turtlebot3_node/share/turtlebot3_node/param/waffle_pi.yaml
[40.181s] -- Installing: /home/gixstudent/Desktop/Final lab/robotics_navigation/install/turtlebot3_node/share/turtlebot3_node/param/burger.yaml
[40.182s] -- Installing: /home/gixstudent/Desktop/Final lab/robotics_navigation/install/turtlebot3_node/share/turtlebot3_node/param/waffle.yaml
[40.182s] -- Installing: /home/gixstudent/Desktop/Final lab/robotics_navigation/install/turtlebot3_node/lib/turtlebot3_node/turtlebot3_ros
[40.192s] -- Set runtime path of "/home/gixstudent/Desktop/Final lab/robotics_navigation/install/turtlebot3_node/lib/turtlebot3_node/turtlebot3_ros" to ""
[40.192s] -- Installing: /home/gixstudent/Desktop/Final lab/robotics_navigation/install/turtlebot3_node/share/ament_index/resource_index/package_run_dependencies/turtlebot3_node
[40.192s] -- Installing: /home/gixstudent/Desktop/Final lab/robotics_navigation/install/turtlebot3_node/share/ament_index/resource_index/parent_prefix_path/turtlebot3_node
[40.193s] -- Installing: /home/gixstudent/Desktop/Final lab/robotics_navigation/install/turtlebot3_node/share/turtlebot3_node/environment/ament_prefix_path.sh
[40.193s] -- Installing: /home/gixstudent/Desktop/Final lab/robotics_navigation/install/turtlebot3_node/share/turtlebot3_node/environment/ament_prefix_path.dsv
[40.193s] -- Installing: /home/gixstudent/Desktop/Final lab/robotics_navigation/install/turtlebot3_node/share/turtlebot3_node/environment/path.sh
[40.193s] -- Installing: /home/gixstudent/Desktop/Final lab/robotics_navigation/install/turtlebot3_node/share/turtlebot3_node/environment/path.dsv
[40.193s] -- Installing: /home/gixstudent/Desktop/Final lab/robotics_navigation/install/turtlebot3_node/share/turtlebot3_node/local_setup.bash
[40.193s] -- Installing: /home/gixstudent/Desktop/Final lab/robotics_navigation/install/turtlebot3_node/share/turtlebot3_node/local_setup.sh
[40.193s] -- Installing: /home/gixstudent/Desktop/Final lab/robotics_navigation/install/turtlebot3_node/share/turtlebot3_node/local_setup.zsh
[40.193s] -- Installing: /home/gixstudent/Desktop/Final lab/robotics_navigation/install/turtlebot3_node/share/turtlebot3_node/local_setup.dsv
[40.193s] -- Installing: /home/gixstudent/Desktop/Final lab/robotics_navigation/install/turtlebot3_node/share/turtlebot3_node/package.dsv
[40.194s] -- Installing: /home/gixstudent/Desktop/Final lab/robotics_navigation/install/turtlebot3_node/share/ament_index/resource_index/packages/turtlebot3_node
[40.194s] -- Installing: /home/gixstudent/Desktop/Final lab/robotics_navigation/install/turtlebot3_node/share/turtlebot3_node/cmake/ament_cmake_export_include_directories-extras.cmake
[40.194s] -- Installing: /home/gixstudent/Desktop/Final lab/robotics_navigation/install/turtlebot3_node/share/turtlebot3_node/cmake/turtlebot3_nodeConfig.cmake
[40.194s] -- Installing: /home/gixstudent/Desktop/Final lab/robotics_navigation/install/turtlebot3_node/share/turtlebot3_node/cmake/turtlebot3_nodeConfig-version.cmake
[40.194s] -- Installing: /home/gixstudent/Desktop/Final lab/robotics_navigation/install/turtlebot3_node/share/turtlebot3_node/package.xml
[40.196s] Invoked command in '/home/gixstudent/Desktop/Final lab/robotics_navigation/build/turtlebot3_node' returned '0': AMENT_PREFIX_PATH=/home/gixstudent/Desktop/Final lab/robotics_navigation/install/turtlebot3_msgs:${AMENT_PREFIX_PATH} CMAKE_PREFIX_PATH=/home/gixstudent/Desktop/Final lab/robotics_navigation/install/turtlebot3_msgs:/opt/ros/humble LD_LIBRARY_PATH=/home/gixstudent/Desktop/Final lab/robotics_navigation/install/turtlebot3_msgs/lib:${LD_LIBRARY_PATH} PYTHONPATH=/home/gixstudent/Desktop/Final lab/robotics_navigation/install/turtlebot3_msgs/local/lib/python3.10/dist-packages:${PYTHONPATH} /usr/bin/cmake --install /home/gixstudent/Desktop/Final lab/robotics_navigation/build/turtlebot3_node
