[0.045s] Invoking command in '/home/gixstudent/Desktop/Final_lab/robotics_navigation/build/turtlebot3_navigation2': CMAKE_PREFIX_PATH=/opt/ros/humble /usr/bin/cmake /home/gixstudent/Desktop/Final_lab/robotics_navigation/src/turtlebot3/turtlebot3_navigation2 -DCMAKE_INSTALL_PREFIX=/home/gixstudent/Desktop/Final_lab/robotics_navigation/install/turtlebot3_navigation2
[0.607s] -- Found ament_cmake: 1.3.11 (/opt/ros/humble/share/ament_cmake/cmake)
[0.608s] -- Override CMake install command with custom implementation using symlinks instead of copying resources
[0.608s] -- Configuring done
[0.608s] -- Generating done
[0.608s] -- Build files have been written to: /home/gixstudent/Desktop/Final_lab/robotics_navigation/build/turtlebot3_navigation2
[0.613s] Invoked command in '/home/gixstudent/Desktop/Final_lab/robotics_navigation/build/turtlebot3_navigation2' returned '0': CMAKE_PREFIX_PATH=/opt/ros/humble /usr/bin/cmake /home/gixstudent/Desktop/Final_lab/robotics_navigation/src/turtlebot3/turtlebot3_navigation2 -DCMAKE_INSTALL_PREFIX=/home/gixstudent/Desktop/Final_lab/robotics_navigation/install/turtlebot3_navigation2
[0.615s] Invoking command in '/home/gixstudent/Desktop/Final_lab/robotics_navigation/build/turtlebot3_navigation2': CMAKE_PREFIX_PATH=/opt/ros/humble /usr/bin/cmake --build /home/gixstudent/Desktop/Final_lab/robotics_navigation/build/turtlebot3_navigation2 -- -j8 -l8
[0.690s] Invoked command in '/home/gixstudent/Desktop/Final_lab/robotics_navigation/build/turtlebot3_navigation2' returned '0': CMAKE_PREFIX_PATH=/opt/ros/humble /usr/bin/cmake --build /home/gixstudent/Desktop/Final_lab/robotics_navigation/build/turtlebot3_navigation2 -- -j8 -l8
[0.696s] Invoking command in '/home/gixstudent/Desktop/Final_lab/robotics_navigation/build/turtlebot3_navigation2': CMAKE_PREFIX_PATH=/opt/ros/humble /usr/bin/cmake --install /home/gixstudent/Desktop/Final_lab/robotics_navigation/build/turtlebot3_navigation2
[0.777s] -- Install configuration: ""
[0.778s] -- Execute custom install script
[0.778s] -- Up-to-date symlink: /home/gixstudent/Desktop/Final_lab/robotics_navigation/install/turtlebot3_navigation2/share/turtlebot3_navigation2/launch/navigation2.launch.py
[0.778s] -- Up-to-date symlink: /home/gixstudent/Desktop/Final_lab/robotics_navigation/install/turtlebot3_navigation2/share/turtlebot3_navigation2/map/map.pgm
[0.778s] -- Up-to-date symlink: /home/gixstudent/Desktop/Final_lab/robotics_navigation/install/turtlebot3_navigation2/share/turtlebot3_navigation2/map/map.yaml
[0.778s] -- Up-to-date symlink: /home/gixstudent/Desktop/Final_lab/robotics_navigation/install/turtlebot3_navigation2/share/turtlebot3_navigation2/param/burger.yaml
[0.779s] -- Up-to-date symlink: /home/gixstudent/Desktop/Final_lab/robotics_navigation/install/turtlebot3_navigation2/share/turtlebot3_navigation2/param/waffle.yaml
[0.779s] -- Up-to-date symlink: /home/gixstudent/Desktop/Final_lab/robotics_navigation/install/turtlebot3_navigation2/share/turtlebot3_navigation2/param/waffle_pi.yaml
[0.779s] -- Up-to-date symlink: /home/gixstudent/Desktop/Final_lab/robotics_navigation/install/turtlebot3_navigation2/share/turtlebot3_navigation2/rviz/tb3_navigation2.rviz
[0.779s] -- Up-to-date symlink: /home/gixstudent/Desktop/Final_lab/robotics_navigation/install/turtlebot3_navigation2/share/ament_index/resource_index/package_run_dependencies/turtlebot3_navigation2
[0.780s] -- Up-to-date symlink: /home/gixstudent/Desktop/Final_lab/robotics_navigation/install/turtlebot3_navigation2/share/ament_index/resource_index/parent_prefix_path/turtlebot3_navigation2
[0.780s] -- Up-to-date symlink: /home/gixstudent/Desktop/Final_lab/robotics_navigation/install/turtlebot3_navigation2/share/turtlebot3_navigation2/environment/ament_prefix_path.sh
[0.780s] -- Up-to-date symlink: /home/gixstudent/Desktop/Final_lab/robotics_navigation/install/turtlebot3_navigation2/share/turtlebot3_navigation2/environment/ament_prefix_path.dsv
[0.780s] -- Up-to-date symlink: /home/gixstudent/Desktop/Final_lab/robotics_navigation/install/turtlebot3_navigation2/share/turtlebot3_navigation2/environment/path.sh
[0.782s] -- Up-to-date symlink: /home/gixstudent/Desktop/Final_lab/robotics_navigation/install/turtlebot3_navigation2/share/turtlebot3_navigation2/environment/path.dsv
[0.782s] -- Up-to-date symlink: /home/gixstudent/Desktop/Final_lab/robotics_navigation/install/turtlebot3_navigation2/share/turtlebot3_navigation2/local_setup.bash
[0.782s] -- Up-to-date symlink: /home/gixstudent/Desktop/Final_lab/robotics_navigation/install/turtlebot3_navigation2/share/turtlebot3_navigation2/local_setup.sh
[0.782s] -- Up-to-date symlink: /home/gixstudent/Desktop/Final_lab/robotics_navigation/install/turtlebot3_navigation2/share/turtlebot3_navigation2/local_setup.zsh
[0.782s] -- Up-to-date symlink: /home/gixstudent/Desktop/Final_lab/robotics_navigation/install/turtlebot3_navigation2/share/turtlebot3_navigation2/local_setup.dsv
[0.782s] -- Symlinking: /home/gixstudent/Desktop/Final_lab/robotics_navigation/install/turtlebot3_navigation2/share/turtlebot3_navigation2/package.dsv
[0.782s] -- Up-to-date symlink: /home/gixstudent/Desktop/Final_lab/robotics_navigation/install/turtlebot3_navigation2/share/ament_index/resource_index/packages/turtlebot3_navigation2
[0.782s] -- Up-to-date symlink: /home/gixstudent/Desktop/Final_lab/robotics_navigation/install/turtlebot3_navigation2/share/turtlebot3_navigation2/cmake/turtlebot3_navigation2Config.cmake
[0.783s] -- Up-to-date symlink: /home/gixstudent/Desktop/Final_lab/robotics_navigation/install/turtlebot3_navigation2/share/turtlebot3_navigation2/cmake/turtlebot3_navigation2Config-version.cmake
[0.783s] -- Up-to-date symlink: /home/gixstudent/Desktop/Final_lab/robotics_navigation/install/turtlebot3_navigation2/share/turtlebot3_navigation2/package.xml
[0.818s] Invoked command in '/home/gixstudent/Desktop/Final_lab/robotics_navigation/build/turtlebot3_navigation2' returned '0': CMAKE_PREFIX_PATH=/opt/ros/humble /usr/bin/cmake --install /home/gixstudent/Desktop/Final_lab/robotics_navigation/build/turtlebot3_navigation2
