-- Found action_msgs: 1.2.1 (/opt/ros/humble/share/action_msgs/cmake)
-- Found Python3: /usr/bin/python3 (found version "3.10.12") found components: Interpreter 
-- Found rosidl_generator_c: 3.1.6 (/opt/ros/humble/share/rosidl_generator_c/cmake)
-- Found rosidl_adapter: 3.1.6 (/opt/ros/humble/share/rosidl_adapter/cmake)
-- Found rosidl_generator_cpp: 3.1.6 (/opt/ros/humble/share/rosidl_generator_cpp/cmake)
-- Using all available rosidl_typesupport_c: rosidl_typesupport_fastrtps_c;rosidl_typesupport_introspection_c
-- Using all available rosidl_typesupport_cpp: rosidl_typesupport_fastrtps_cpp;rosidl_typesupport_introspection_cpp
-- Found rosidl_default_generators: 1.2.0 (/opt/ros/humble/share/rosidl_default_generators/cmake)
-- Found std_msgs: 4.8.0 (/opt/ros/humble/share/std_msgs/cmake)
-- Found ament_cmake_cppcheck: 0.12.12 (/opt/ros/humble/share/ament_cmake_cppcheck/cmake)
-- Found ament_cmake_cpplint: 0.12.12 (/opt/ros/humble/share/ament_cmake_cpplint/cmake)
[31mCMake Error at /opt/ros/humble/share/rosidl_generator_c/cmake/rosidl_generator_c_generate_interfaces.cmake:193 (find_package):
  By not providing "Findament_cmake_uncrustify.cmake" in CMAKE_MODULE_PATH
  this project has asked CMake to find a package configuration file provided
  by "ament_cmake_uncrustify", but CMake did not find one.

  Could not find a package configuration file provided by
  "ament_cmake_uncrustify" with any of the following names:

    ament_cmake_uncrustifyConfig.cmake
    ament_cmake_uncrustify-config.cmake

  Add the installation prefix of "ament_cmake_uncrustify" to
  CMAKE_PREFIX_PATH or set "ament_cmake_uncrustify_DIR" to a directory
  containing one of the above files.  If "ament_cmake_uncrustify" provides a
  separate development package or SDK, be sure it has been installed.
Call Stack (most recent call first):
  /opt/ros/humble/share/ament_cmake_core/cmake/core/ament_execute_extensions.cmake:48 (include)
  /opt/ros/humble/share/rosidl_cmake/cmake/rosidl_generate_interfaces.cmake:286 (ament_execute_extensions)
  CMakeLists.txt:45 (rosidl_generate_interfaces)

[0m
-- Configuring incomplete, errors occurred!
See also "/home/gixstudent/Desktop/Final lab/robotics_navigation/build/turtlebot3_msgs/CMakeFiles/CMakeOutput.log".
