[0.022s] Invoking command in '/home/gixstudent/Desktop/Final lab/robotics_navigation/build/turtlebot3_msgs': CMAKE_PREFIX_PATH=/opt/ros/humble /usr/bin/cmake /home/gixstudent/Desktop/Final lab/robotics_navigation/src/turtlebot3_msgs -DCMAKE_INSTALL_PREFIX=/home/gixstudent/Desktop/Final lab/robotics_navigation/install/turtlebot3_msgs
[0.044s] -- Found action_msgs: 1.2.1 (/opt/ros/humble/share/action_msgs/cmake)
[0.306s] -- Found Python3: /usr/bin/python3 (found version "3.10.12") found components: Interpreter 
[0.529s] -- Found rosidl_generator_c: 3.1.6 (/opt/ros/humble/share/rosidl_generator_c/cmake)
[0.539s] -- Found rosidl_adapter: 3.1.6 (/opt/ros/humble/share/rosidl_adapter/cmake)
[0.555s] -- Found rosidl_generator_cpp: 3.1.6 (/opt/ros/humble/share/rosidl_generator_cpp/cmake)
[0.579s] -- Using all available rosidl_typesupport_c: rosidl_typesupport_fastrtps_c;rosidl_typesupport_introspection_c
[0.611s] -- Using all available rosidl_typesupport_cpp: rosidl_typesupport_fastrtps_cpp;rosidl_typesupport_introspection_cpp
[0.686s] -- Found rosidl_default_generators: 1.2.0 (/opt/ros/humble/share/rosidl_default_generators/cmake)
[0.701s] -- Found std_msgs: 4.8.0 (/opt/ros/humble/share/std_msgs/cmake)
[1.088s] -- Found ament_cmake_cppcheck: 0.12.12 (/opt/ros/humble/share/ament_cmake_cppcheck/cmake)
[1.091s] -- Found ament_cmake_cpplint: 0.12.12 (/opt/ros/humble/share/ament_cmake_cpplint/cmake)
[1.103s] [31mCMake Error at /opt/ros/humble/share/rosidl_generator_c/cmake/rosidl_generator_c_generate_interfaces.cmake:193 (find_package):
[1.104s]   By not providing "Findament_cmake_uncrustify.cmake" in CMAKE_MODULE_PATH
[1.104s]   this project has asked CMake to find a package configuration file provided
[1.104s]   by "ament_cmake_uncrustify", but CMake did not find one.
[1.104s] 
[1.104s]   Could not find a package configuration file provided by
[1.104s]   "ament_cmake_uncrustify" with any of the following names:
[1.104s] 
[1.104s]     ament_cmake_uncrustifyConfig.cmake
[1.104s]     ament_cmake_uncrustify-config.cmake
[1.104s] 
[1.104s]   Add the installation prefix of "ament_cmake_uncrustify" to
[1.104s]   CMAKE_PREFIX_PATH or set "ament_cmake_uncrustify_DIR" to a directory
[1.104s]   containing one of the above files.  If "ament_cmake_uncrustify" provides a
[1.104s]   separate development package or SDK, be sure it has been installed.
[1.105s] Call Stack (most recent call first):
[1.105s]   /opt/ros/humble/share/ament_cmake_core/cmake/core/ament_execute_extensions.cmake:48 (include)
[1.105s]   /opt/ros/humble/share/rosidl_cmake/cmake/rosidl_generate_interfaces.cmake:286 (ament_execute_extensions)
[1.105s]   CMakeLists.txt:45 (rosidl_generate_interfaces)
[1.105s] 
[1.105s] [0m
[1.105s] -- Configuring incomplete, errors occurred!
[1.105s] See also "/home/gixstudent/Desktop/Final lab/robotics_navigation/build/turtlebot3_msgs/CMakeFiles/CMakeOutput.log".
[1.112s] Invoked command in '/home/gixstudent/Desktop/Final lab/robotics_navigation/build/turtlebot3_msgs' returned '1': CMAKE_PREFIX_PATH=/opt/ros/humble /usr/bin/cmake /home/gixstudent/Desktop/Final lab/robotics_navigation/src/turtlebot3_msgs -DCMAKE_INSTALL_PREFIX=/home/gixstudent/Desktop/Final lab/robotics_navigation/install/turtlebot3_msgs
