[0.035s] Invoking command in '/home/gixstudent/Desktop/Final_lab/robotics_navigation/build/create_msgs': CMAKE_PREFIX_PATH=/opt/ros/humble /usr/bin/cmake --build /home/gixstudent/Desktop/Final_lab/robotics_navigation/build/create_msgs -- -j8 -l8
[0.148s] [35m[1mConsolidate compiler generated dependencies of target create_msgs__rosidl_generator_c[0m
[0.157s] [  1%] Built target create_msgs__cpp
[0.211s] [ 12%] Built target create_msgs__rosidl_generator_c
[0.212s] [35m[1mConsolidate compiler generated dependencies of target create_msgs__rosidl_typesupport_introspection_cpp[0m
[0.212s] [35m[1mConsolidate compiler generated dependencies of target create_msgs__rosidl_typesupport_cpp[0m
[0.228s] [35m[1mConsolidate compiler generated dependencies of target create_msgs__rosidl_typesupport_fastrtps_cpp[0m
[0.238s] [ 12%] Built target ament_cmake_python_copy_create_msgs
[0.263s] [35m[1mConsolidate compiler generated dependencies of target create_msgs__rosidl_typesupport_introspection_c[0m
[0.265s] [35m[1mConsolidate compiler generated dependencies of target create_msgs__rosidl_typesupport_c[0m
[0.267s] [35m[1mConsolidate compiler generated dependencies of target create_msgs__rosidl_typesupport_fastrtps_c[0m
[0.267s] [ 24%] Built target create_msgs__rosidl_typesupport_introspection_cpp
[0.269s] [ 35%] Built target create_msgs__rosidl_typesupport_cpp
[0.294s] [ 46%] Built target create_msgs__rosidl_typesupport_c
[0.294s] [ 58%] Built target create_msgs__rosidl_typesupport_fastrtps_cpp
[0.305s] [ 69%] Built target create_msgs__rosidl_typesupport_fastrtps_c
[0.309s] [ 81%] Built target create_msgs__rosidl_typesupport_introspection_c
[0.361s] [ 81%] Built target create_msgs
[0.450s] [ 82%] Built target create_msgs__py
[0.498s] [35m[1mConsolidate compiler generated dependencies of target create_msgs__rosidl_generator_py[0m
[0.546s] [ 92%] Built target create_msgs__rosidl_generator_py
[0.567s] [35m[1mConsolidate compiler generated dependencies of target create_msgs__rosidl_typesupport_fastrtps_c__pyext[0m
[0.573s] [35m[1mConsolidate compiler generated dependencies of target create_msgs__rosidl_typesupport_introspection_c__pyext[0m
[0.573s] [35m[1mConsolidate compiler generated dependencies of target create_msgs__rosidl_typesupport_c__pyext[0m
[0.593s] [ 94%] Built target create_msgs__rosidl_typesupport_introspection_c__pyext
[0.598s] [ 97%] Built target create_msgs__rosidl_typesupport_c__pyext
[0.600s] [100%] Built target create_msgs__rosidl_typesupport_fastrtps_c__pyext
[0.751s] running egg_info
[0.752s] writing create_msgs.egg-info/PKG-INFO
[0.752s] writing dependency_links to create_msgs.egg-info/dependency_links.txt
[0.752s] writing top-level names to create_msgs.egg-info/top_level.txt
[0.755s] reading manifest file 'create_msgs.egg-info/SOURCES.txt'
[0.756s] writing manifest file 'create_msgs.egg-info/SOURCES.txt'
[0.788s] [100%] Built target ament_cmake_python_build_create_msgs_egg
[1.083s] Invoked command in '/home/gixstudent/Desktop/Final_lab/robotics_navigation/build/create_msgs' returned '0': CMAKE_PREFIX_PATH=/opt/ros/humble /usr/bin/cmake --build /home/gixstudent/Desktop/Final_lab/robotics_navigation/build/create_msgs -- -j8 -l8
[1.084s] Invoking command in '/home/gixstudent/Desktop/Final_lab/robotics_navigation/build/create_msgs': CMAKE_PREFIX_PATH=/opt/ros/humble /usr/bin/cmake --install /home/gixstudent/Desktop/Final_lab/robotics_navigation/build/create_msgs
[1.094s] -- Install configuration: ""
[1.095s] -- Up-to-date: /home/gixstudent/Desktop/Final_lab/robotics_navigation/install/create_msgs/share/ament_index/resource_index/rosidl_interfaces/create_msgs
[1.095s] -- Up-to-date: /home/gixstudent/Desktop/Final_lab/robotics_navigation/install/create_msgs/include/create_msgs/create_msgs
[1.096s] -- Up-to-date: /home/gixstudent/Desktop/Final_lab/robotics_navigation/install/create_msgs/include/create_msgs/create_msgs/msg
[1.096s] -- Up-to-date: /home/gixstudent/Desktop/Final_lab/robotics_navigation/install/create_msgs/include/create_msgs/create_msgs/msg/charging_state.h
[1.096s] -- Up-to-date: /home/gixstudent/Desktop/Final_lab/robotics_navigation/install/create_msgs/include/create_msgs/create_msgs/msg/define_song.h
[1.097s] -- Up-to-date: /home/gixstudent/Desktop/Final_lab/robotics_navigation/install/create_msgs/include/create_msgs/create_msgs/msg/play_song.h
[1.097s] -- Up-to-date: /home/gixstudent/Desktop/Final_lab/robotics_navigation/install/create_msgs/include/create_msgs/create_msgs/msg/mode.h
[1.097s] -- Up-to-date: /home/gixstudent/Desktop/Final_lab/robotics_navigation/install/create_msgs/include/create_msgs/create_msgs/msg/cliff.h
[1.097s] -- Up-to-date: /home/gixstudent/Desktop/Final_lab/robotics_navigation/install/create_msgs/include/create_msgs/create_msgs/msg/detail
[1.097s] -- Up-to-date: /home/gixstudent/Desktop/Final_lab/robotics_navigation/install/create_msgs/include/create_msgs/create_msgs/msg/detail/play_song__type_support.h
[1.098s] -- Up-to-date: /home/gixstudent/Desktop/Final_lab/robotics_navigation/install/create_msgs/include/create_msgs/create_msgs/msg/detail/mode__struct.h
[1.099s] -- Up-to-date: /home/gixstudent/Desktop/Final_lab/robotics_navigation/install/create_msgs/include/create_msgs/create_msgs/msg/detail/cliff__type_support.h
[1.100s] -- Up-to-date: /home/gixstudent/Desktop/Final_lab/robotics_navigation/install/create_msgs/include/create_msgs/create_msgs/msg/detail/mode__functions.h
[1.100s] -- Up-to-date: /home/gixstudent/Desktop/Final_lab/robotics_navigation/install/create_msgs/include/create_msgs/create_msgs/msg/detail/motor_setpoint__struct.h
[1.101s] -- Up-to-date: /home/gixstudent/Desktop/Final_lab/robotics_navigation/install/create_msgs/include/create_msgs/create_msgs/msg/detail/motor_setpoint__functions.h
[1.101s] -- Up-to-date: /home/gixstudent/Desktop/Final_lab/robotics_navigation/install/create_msgs/include/create_msgs/create_msgs/msg/detail/define_song__type_support.h
[1.101s] -- Up-to-date: /home/gixstudent/Desktop/Final_lab/robotics_navigation/install/create_msgs/include/create_msgs/create_msgs/msg/detail/play_song__struct.h
[1.102s] -- Up-to-date: /home/gixstudent/Desktop/Final_lab/robotics_navigation/install/create_msgs/include/create_msgs/create_msgs/msg/detail/play_song__functions.c
[1.102s] -- Up-to-date: /home/gixstudent/Desktop/Final_lab/robotics_navigation/install/create_msgs/include/create_msgs/create_msgs/msg/detail/mode__type_support.h
[1.102s] -- Up-to-date: /home/gixstudent/Desktop/Final_lab/robotics_navigation/install/create_msgs/include/create_msgs/create_msgs/msg/detail/cliff__functions.c
[1.103s] -- Up-to-date: /home/gixstudent/Desktop/Final_lab/robotics_navigation/install/create_msgs/include/create_msgs/create_msgs/msg/detail/play_song__functions.h
[1.103s] -- Up-to-date: /home/gixstudent/Desktop/Final_lab/robotics_navigation/install/create_msgs/include/create_msgs/create_msgs/msg/detail/define_song__struct.h
[1.104s] -- Up-to-date: /home/gixstudent/Desktop/Final_lab/robotics_navigation/install/create_msgs/include/create_msgs/create_msgs/msg/detail/motor_setpoint__functions.c
[1.104s] -- Up-to-date: /home/gixstudent/Desktop/Final_lab/robotics_navigation/install/create_msgs/include/create_msgs/create_msgs/msg/detail/bumper__functions.h
[1.104s] -- Up-to-date: /home/gixstudent/Desktop/Final_lab/robotics_navigation/install/create_msgs/include/create_msgs/create_msgs/msg/detail/bumper__struct.h
[1.104s] -- Up-to-date: /home/gixstudent/Desktop/Final_lab/robotics_navigation/install/create_msgs/include/create_msgs/create_msgs/msg/detail/charging_state__struct.h
[1.105s] -- Up-to-date: /home/gixstudent/Desktop/Final_lab/robotics_navigation/install/create_msgs/include/create_msgs/create_msgs/msg/detail/motor_setpoint__type_support.h
[1.105s] -- Up-to-date: /home/gixstudent/Desktop/Final_lab/robotics_navigation/install/create_msgs/include/create_msgs/create_msgs/msg/detail/cliff__functions.h
[1.106s] -- Up-to-date: /home/gixstudent/Desktop/Final_lab/robotics_navigation/install/create_msgs/include/create_msgs/create_msgs/msg/detail/mode__functions.c
[1.106s] -- Up-to-date: /home/gixstudent/Desktop/Final_lab/robotics_navigation/install/create_msgs/include/create_msgs/create_msgs/msg/detail/define_song__functions.h
[1.106s] -- Up-to-date: /home/gixstudent/Desktop/Final_lab/robotics_navigation/install/create_msgs/include/create_msgs/create_msgs/msg/detail/cliff__struct.h
[1.106s] -- Up-to-date: /home/gixstudent/Desktop/Final_lab/robotics_navigation/install/create_msgs/include/create_msgs/create_msgs/msg/detail/define_song__functions.c
[1.106s] -- Up-to-date: /home/gixstudent/Desktop/Final_lab/robotics_navigation/install/create_msgs/include/create_msgs/create_msgs/msg/detail/bumper__functions.c
[1.107s] -- Up-to-date: /home/gixstudent/Desktop/Final_lab/robotics_navigation/install/create_msgs/include/create_msgs/create_msgs/msg/detail/charging_state__type_support.h
[1.107s] -- Up-to-date: /home/gixstudent/Desktop/Final_lab/robotics_navigation/install/create_msgs/include/create_msgs/create_msgs/msg/detail/charging_state__functions.c
[1.107s] -- Up-to-date: /home/gixstudent/Desktop/Final_lab/robotics_navigation/install/create_msgs/include/create_msgs/create_msgs/msg/detail/bumper__type_support.h
[1.107s] -- Up-to-date: /home/gixstudent/Desktop/Final_lab/robotics_navigation/install/create_msgs/include/create_msgs/create_msgs/msg/detail/charging_state__functions.h
[1.108s] -- Up-to-date: /home/gixstudent/Desktop/Final_lab/robotics_navigation/install/create_msgs/include/create_msgs/create_msgs/msg/bumper.h
[1.108s] -- Up-to-date: /home/gixstudent/Desktop/Final_lab/robotics_navigation/install/create_msgs/include/create_msgs/create_msgs/msg/motor_setpoint.h
[1.108s] -- Up-to-date: /home/gixstudent/Desktop/Final_lab/robotics_navigation/install/create_msgs/include/create_msgs/create_msgs/msg/rosidl_generator_c__visibility_control.h
[1.108s] -- Up-to-date: /home/gixstudent/Desktop/Final_lab/robotics_navigation/install/create_msgs/share/create_msgs/environment/library_path.sh
[1.108s] -- Up-to-date: /home/gixstudent/Desktop/Final_lab/robotics_navigation/install/create_msgs/share/create_msgs/environment/library_path.dsv
[1.112s] -- Up-to-date: /home/gixstudent/Desktop/Final_lab/robotics_navigation/install/create_msgs/lib/libcreate_msgs__rosidl_generator_c.so
[1.112s] -- Up-to-date: /home/gixstudent/Desktop/Final_lab/robotics_navigation/install/create_msgs/include/create_msgs/create_msgs
[1.113s] -- Up-to-date: /home/gixstudent/Desktop/Final_lab/robotics_navigation/install/create_msgs/include/create_msgs/create_msgs/msg
[1.113s] -- Up-to-date: /home/gixstudent/Desktop/Final_lab/robotics_navigation/install/create_msgs/include/create_msgs/create_msgs/msg/rosidl_typesupport_fastrtps_c__visibility_control.h
[1.114s] -- Up-to-date: /home/gixstudent/Desktop/Final_lab/robotics_navigation/install/create_msgs/include/create_msgs/create_msgs/msg/detail
[1.114s] -- Up-to-date: /home/gixstudent/Desktop/Final_lab/robotics_navigation/install/create_msgs/include/create_msgs/create_msgs/msg/detail/cliff__rosidl_typesupport_fastrtps_c.h
[1.114s] -- Up-to-date: /home/gixstudent/Desktop/Final_lab/robotics_navigation/install/create_msgs/include/create_msgs/create_msgs/msg/detail/play_song__rosidl_typesupport_fastrtps_c.h
[1.114s] -- Up-to-date: /home/gixstudent/Desktop/Final_lab/robotics_navigation/install/create_msgs/include/create_msgs/create_msgs/msg/detail/charging_state__rosidl_typesupport_fastrtps_c.h
[1.114s] -- Up-to-date: /home/gixstudent/Desktop/Final_lab/robotics_navigation/install/create_msgs/include/create_msgs/create_msgs/msg/detail/mode__rosidl_typesupport_fastrtps_c.h
[1.114s] -- Up-to-date: /home/gixstudent/Desktop/Final_lab/robotics_navigation/install/create_msgs/include/create_msgs/create_msgs/msg/detail/bumper__rosidl_typesupport_fastrtps_c.h
[1.115s] -- Up-to-date: /home/gixstudent/Desktop/Final_lab/robotics_navigation/install/create_msgs/include/create_msgs/create_msgs/msg/detail/motor_setpoint__rosidl_typesupport_fastrtps_c.h
[1.115s] -- Up-to-date: /home/gixstudent/Desktop/Final_lab/robotics_navigation/install/create_msgs/include/create_msgs/create_msgs/msg/detail/define_song__rosidl_typesupport_fastrtps_c.h
[1.115s] -- Up-to-date: /home/gixstudent/Desktop/Final_lab/robotics_navigation/install/create_msgs/lib/libcreate_msgs__rosidl_typesupport_fastrtps_c.so
[1.116s] -- Up-to-date: /home/gixstudent/Desktop/Final_lab/robotics_navigation/install/create_msgs/include/create_msgs/create_msgs
[1.116s] -- Up-to-date: /home/gixstudent/Desktop/Final_lab/robotics_navigation/install/create_msgs/include/create_msgs/create_msgs/msg
[1.116s] -- Up-to-date: /home/gixstudent/Desktop/Final_lab/robotics_navigation/install/create_msgs/include/create_msgs/create_msgs/msg/rosidl_typesupport_introspection_c__visibility_control.h
[1.116s] -- Up-to-date: /home/gixstudent/Desktop/Final_lab/robotics_navigation/install/create_msgs/include/create_msgs/create_msgs/msg/detail
[1.116s] -- Up-to-date: /home/gixstudent/Desktop/Final_lab/robotics_navigation/install/create_msgs/include/create_msgs/create_msgs/msg/detail/cliff__type_support.c
[1.117s] -- Up-to-date: /home/gixstudent/Desktop/Final_lab/robotics_navigation/install/create_msgs/include/create_msgs/create_msgs/msg/detail/charging_state__type_support.c
[1.117s] -- Up-to-date: /home/gixstudent/Desktop/Final_lab/robotics_navigation/install/create_msgs/include/create_msgs/create_msgs/msg/detail/bumper__rosidl_typesupport_introspection_c.h
[1.117s] -- Up-to-date: /home/gixstudent/Desktop/Final_lab/robotics_navigation/install/create_msgs/include/create_msgs/create_msgs/msg/detail/charging_state__rosidl_typesupport_introspection_c.h
[1.117s] -- Up-to-date: /home/gixstudent/Desktop/Final_lab/robotics_navigation/install/create_msgs/include/create_msgs/create_msgs/msg/detail/define_song__rosidl_typesupport_introspection_c.h
[1.117s] -- Up-to-date: /home/gixstudent/Desktop/Final_lab/robotics_navigation/install/create_msgs/include/create_msgs/create_msgs/msg/detail/bumper__type_support.c
[1.117s] -- Up-to-date: /home/gixstudent/Desktop/Final_lab/robotics_navigation/install/create_msgs/include/create_msgs/create_msgs/msg/detail/cliff__rosidl_typesupport_introspection_c.h
[1.118s] -- Up-to-date: /home/gixstudent/Desktop/Final_lab/robotics_navigation/install/create_msgs/include/create_msgs/create_msgs/msg/detail/mode__type_support.c
[1.118s] -- Up-to-date: /home/gixstudent/Desktop/Final_lab/robotics_navigation/install/create_msgs/include/create_msgs/create_msgs/msg/detail/play_song__rosidl_typesupport_introspection_c.h
[1.118s] -- Up-to-date: /home/gixstudent/Desktop/Final_lab/robotics_navigation/install/create_msgs/include/create_msgs/create_msgs/msg/detail/motor_setpoint__rosidl_typesupport_introspection_c.h
[1.118s] -- Up-to-date: /home/gixstudent/Desktop/Final_lab/robotics_navigation/install/create_msgs/include/create_msgs/create_msgs/msg/detail/motor_setpoint__type_support.c
[1.118s] -- Up-to-date: /home/gixstudent/Desktop/Final_lab/robotics_navigation/install/create_msgs/include/create_msgs/create_msgs/msg/detail/define_song__type_support.c
[1.119s] -- Up-to-date: /home/gixstudent/Desktop/Final_lab/robotics_navigation/install/create_msgs/include/create_msgs/create_msgs/msg/detail/mode__rosidl_typesupport_introspection_c.h
[1.119s] -- Up-to-date: /home/gixstudent/Desktop/Final_lab/robotics_navigation/install/create_msgs/include/create_msgs/create_msgs/msg/detail/play_song__type_support.c
[1.119s] -- Up-to-date: /home/gixstudent/Desktop/Final_lab/robotics_navigation/install/create_msgs/lib/libcreate_msgs__rosidl_typesupport_introspection_c.so
[1.120s] -- Up-to-date: /home/gixstudent/Desktop/Final_lab/robotics_navigation/install/create_msgs/lib/libcreate_msgs__rosidl_typesupport_c.so
[1.120s] -- Up-to-date: /home/gixstudent/Desktop/Final_lab/robotics_navigation/install/create_msgs/include/create_msgs/create_msgs
[1.120s] -- Up-to-date: /home/gixstudent/Desktop/Final_lab/robotics_navigation/install/create_msgs/include/create_msgs/create_msgs/msg
[1.120s] -- Up-to-date: /home/gixstudent/Desktop/Final_lab/robotics_navigation/install/create_msgs/include/create_msgs/create_msgs/msg/bumper.hpp
[1.121s] -- Up-to-date: /home/gixstudent/Desktop/Final_lab/robotics_navigation/install/create_msgs/include/create_msgs/create_msgs/msg/cliff.hpp
[1.121s] -- Up-to-date: /home/gixstudent/Desktop/Final_lab/robotics_navigation/install/create_msgs/include/create_msgs/create_msgs/msg/detail
[1.121s] -- Up-to-date: /home/gixstudent/Desktop/Final_lab/robotics_navigation/install/create_msgs/include/create_msgs/create_msgs/msg/detail/mode__traits.hpp
[1.121s] -- Up-to-date: /home/gixstudent/Desktop/Final_lab/robotics_navigation/install/create_msgs/include/create_msgs/create_msgs/msg/detail/define_song__struct.hpp
[1.123s] -- Up-to-date: /home/gixstudent/Desktop/Final_lab/robotics_navigation/install/create_msgs/include/create_msgs/create_msgs/msg/detail/bumper__traits.hpp
[1.123s] -- Up-to-date: /home/gixstudent/Desktop/Final_lab/robotics_navigation/install/create_msgs/include/create_msgs/create_msgs/msg/detail/cliff__type_support.hpp
[1.123s] -- Up-to-date: /home/gixstudent/Desktop/Final_lab/robotics_navigation/install/create_msgs/include/create_msgs/create_msgs/msg/detail/bumper__builder.hpp
[1.123s] -- Up-to-date: /home/gixstudent/Desktop/Final_lab/robotics_navigation/install/create_msgs/include/create_msgs/create_msgs/msg/detail/cliff__builder.hpp
[1.123s] -- Up-to-date: /home/gixstudent/Desktop/Final_lab/robotics_navigation/install/create_msgs/include/create_msgs/create_msgs/msg/detail/motor_setpoint__struct.hpp
[1.123s] -- Up-to-date: /home/gixstudent/Desktop/Final_lab/robotics_navigation/install/create_msgs/include/create_msgs/create_msgs/msg/detail/charging_state__builder.hpp
[1.124s] -- Up-to-date: /home/gixstudent/Desktop/Final_lab/robotics_navigation/install/create_msgs/include/create_msgs/create_msgs/msg/detail/charging_state__type_support.hpp
[1.124s] -- Up-to-date: /home/gixstudent/Desktop/Final_lab/robotics_navigation/install/create_msgs/include/create_msgs/create_msgs/msg/detail/play_song__builder.hpp
[1.125s] -- Up-to-date: /home/gixstudent/Desktop/Final_lab/robotics_navigation/install/create_msgs/include/create_msgs/create_msgs/msg/detail/charging_state__struct.hpp
[1.125s] -- Up-to-date: /home/gixstudent/Desktop/Final_lab/robotics_navigation/install/create_msgs/include/create_msgs/create_msgs/msg/detail/play_song__traits.hpp
[1.125s] -- Up-to-date: /home/gixstudent/Desktop/Final_lab/robotics_navigation/install/create_msgs/include/create_msgs/create_msgs/msg/detail/define_song__type_support.hpp
[1.125s] -- Up-to-date: /home/gixstudent/Desktop/Final_lab/robotics_navigation/install/create_msgs/include/create_msgs/create_msgs/msg/detail/play_song__type_support.hpp
[1.125s] -- Up-to-date: /home/gixstudent/Desktop/Final_lab/robotics_navigation/install/create_msgs/include/create_msgs/create_msgs/msg/detail/define_song__builder.hpp
[1.126s] -- Up-to-date: /home/gixstudent/Desktop/Final_lab/robotics_navigation/install/create_msgs/include/create_msgs/create_msgs/msg/detail/cliff__traits.hpp
[1.126s] -- Up-to-date: /home/gixstudent/Desktop/Final_lab/robotics_navigation/install/create_msgs/include/create_msgs/create_msgs/msg/detail/motor_setpoint__type_support.hpp
[1.126s] -- Up-to-date: /home/gixstudent/Desktop/Final_lab/robotics_navigation/install/create_msgs/include/create_msgs/create_msgs/msg/detail/bumper__struct.hpp
[1.126s] -- Up-to-date: /home/gixstudent/Desktop/Final_lab/robotics_navigation/install/create_msgs/include/create_msgs/create_msgs/msg/detail/bumper__type_support.hpp
[1.127s] -- Up-to-date: /home/gixstudent/Desktop/Final_lab/robotics_navigation/install/create_msgs/include/create_msgs/create_msgs/msg/detail/mode__builder.hpp
[1.127s] -- Up-to-date: /home/gixstudent/Desktop/Final_lab/robotics_navigation/install/create_msgs/include/create_msgs/create_msgs/msg/detail/mode__type_support.hpp
[1.127s] -- Up-to-date: /home/gixstudent/Desktop/Final_lab/robotics_navigation/install/create_msgs/include/create_msgs/create_msgs/msg/detail/charging_state__traits.hpp
[1.127s] -- Up-to-date: /home/gixstudent/Desktop/Final_lab/robotics_navigation/install/create_msgs/include/create_msgs/create_msgs/msg/detail/define_song__traits.hpp
[1.127s] -- Up-to-date: /home/gixstudent/Desktop/Final_lab/robotics_navigation/install/create_msgs/include/create_msgs/create_msgs/msg/detail/motor_setpoint__traits.hpp
[1.128s] -- Up-to-date: /home/gixstudent/Desktop/Final_lab/robotics_navigation/install/create_msgs/include/create_msgs/create_msgs/msg/detail/play_song__struct.hpp
[1.128s] -- Up-to-date: /home/gixstudent/Desktop/Final_lab/robotics_navigation/install/create_msgs/include/create_msgs/create_msgs/msg/detail/cliff__struct.hpp
[1.128s] -- Up-to-date: /home/gixstudent/Desktop/Final_lab/robotics_navigation/install/create_msgs/include/create_msgs/create_msgs/msg/detail/mode__struct.hpp
[1.128s] -- Up-to-date: /home/gixstudent/Desktop/Final_lab/robotics_navigation/install/create_msgs/include/create_msgs/create_msgs/msg/detail/motor_setpoint__builder.hpp
[1.129s] -- Up-to-date: /home/gixstudent/Desktop/Final_lab/robotics_navigation/install/create_msgs/include/create_msgs/create_msgs/msg/mode.hpp
[1.129s] -- Up-to-date: /home/gixstudent/Desktop/Final_lab/robotics_navigation/install/create_msgs/include/create_msgs/create_msgs/msg/charging_state.hpp
[1.129s] -- Up-to-date: /home/gixstudent/Desktop/Final_lab/robotics_navigation/install/create_msgs/include/create_msgs/create_msgs/msg/define_song.hpp
[1.129s] -- Up-to-date: /home/gixstudent/Desktop/Final_lab/robotics_navigation/install/create_msgs/include/create_msgs/create_msgs/msg/rosidl_generator_cpp__visibility_control.hpp
[1.130s] -- Up-to-date: /home/gixstudent/Desktop/Final_lab/robotics_navigation/install/create_msgs/include/create_msgs/create_msgs/msg/motor_setpoint.hpp
[1.130s] -- Up-to-date: /home/gixstudent/Desktop/Final_lab/robotics_navigation/install/create_msgs/include/create_msgs/create_msgs/msg/play_song.hpp
[1.130s] -- Up-to-date: /home/gixstudent/Desktop/Final_lab/robotics_navigation/install/create_msgs/include/create_msgs/create_msgs
[1.130s] -- Up-to-date: /home/gixstudent/Desktop/Final_lab/robotics_navigation/install/create_msgs/include/create_msgs/create_msgs/msg
[1.131s] -- Up-to-date: /home/gixstudent/Desktop/Final_lab/robotics_navigation/install/create_msgs/include/create_msgs/create_msgs/msg/rosidl_typesupport_fastrtps_cpp__visibility_control.h
[1.131s] -- Up-to-date: /home/gixstudent/Desktop/Final_lab/robotics_navigation/install/create_msgs/include/create_msgs/create_msgs/msg/detail
[1.132s] -- Up-to-date: /home/gixstudent/Desktop/Final_lab/robotics_navigation/install/create_msgs/include/create_msgs/create_msgs/msg/detail/dds_fastrtps
[1.132s] -- Up-to-date: /home/gixstudent/Desktop/Final_lab/robotics_navigation/install/create_msgs/include/create_msgs/create_msgs/msg/detail/play_song__rosidl_typesupport_fastrtps_cpp.hpp
[1.132s] -- Up-to-date: /home/gixstudent/Desktop/Final_lab/robotics_navigation/install/create_msgs/include/create_msgs/create_msgs/msg/detail/charging_state__rosidl_typesupport_fastrtps_cpp.hpp
[1.132s] -- Up-to-date: /home/gixstudent/Desktop/Final_lab/robotics_navigation/install/create_msgs/include/create_msgs/create_msgs/msg/detail/cliff__rosidl_typesupport_fastrtps_cpp.hpp
[1.133s] -- Up-to-date: /home/gixstudent/Desktop/Final_lab/robotics_navigation/install/create_msgs/include/create_msgs/create_msgs/msg/detail/bumper__rosidl_typesupport_fastrtps_cpp.hpp
[1.133s] -- Up-to-date: /home/gixstudent/Desktop/Final_lab/robotics_navigation/install/create_msgs/include/create_msgs/create_msgs/msg/detail/motor_setpoint__rosidl_typesupport_fastrtps_cpp.hpp
[1.133s] -- Up-to-date: /home/gixstudent/Desktop/Final_lab/robotics_navigation/install/create_msgs/include/create_msgs/create_msgs/msg/detail/define_song__rosidl_typesupport_fastrtps_cpp.hpp
[1.133s] -- Up-to-date: /home/gixstudent/Desktop/Final_lab/robotics_navigation/install/create_msgs/include/create_msgs/create_msgs/msg/detail/mode__rosidl_typesupport_fastrtps_cpp.hpp
[1.134s] -- Up-to-date: /home/gixstudent/Desktop/Final_lab/robotics_navigation/install/create_msgs/lib/libcreate_msgs__rosidl_typesupport_fastrtps_cpp.so
[1.135s] -- Up-to-date: /home/gixstudent/Desktop/Final_lab/robotics_navigation/install/create_msgs/include/create_msgs/create_msgs
[1.135s] -- Up-to-date: /home/gixstudent/Desktop/Final_lab/robotics_navigation/install/create_msgs/include/create_msgs/create_msgs/msg
[1.135s] -- Up-to-date: /home/gixstudent/Desktop/Final_lab/robotics_navigation/install/create_msgs/include/create_msgs/create_msgs/msg/detail
[1.135s] -- Up-to-date: /home/gixstudent/Desktop/Final_lab/robotics_navigation/install/create_msgs/include/create_msgs/create_msgs/msg/detail/define_song__rosidl_typesupport_introspection_cpp.hpp
[1.135s] -- Up-to-date: /home/gixstudent/Desktop/Final_lab/robotics_navigation/install/create_msgs/include/create_msgs/create_msgs/msg/detail/mode__rosidl_typesupport_introspection_cpp.hpp
[1.136s] -- Up-to-date: /home/gixstudent/Desktop/Final_lab/robotics_navigation/install/create_msgs/include/create_msgs/create_msgs/msg/detail/cliff__rosidl_typesupport_introspection_cpp.hpp
[1.136s] -- Up-to-date: /home/gixstudent/Desktop/Final_lab/robotics_navigation/install/create_msgs/include/create_msgs/create_msgs/msg/detail/mode__type_support.cpp
[1.136s] -- Up-to-date: /home/gixstudent/Desktop/Final_lab/robotics_navigation/install/create_msgs/include/create_msgs/create_msgs/msg/detail/motor_setpoint__rosidl_typesupport_introspection_cpp.hpp
[1.137s] -- Up-to-date: /home/gixstudent/Desktop/Final_lab/robotics_navigation/install/create_msgs/include/create_msgs/create_msgs/msg/detail/define_song__type_support.cpp
[1.137s] -- Up-to-date: /home/gixstudent/Desktop/Final_lab/robotics_navigation/install/create_msgs/include/create_msgs/create_msgs/msg/detail/cliff__type_support.cpp
[1.137s] -- Up-to-date: /home/gixstudent/Desktop/Final_lab/robotics_navigation/install/create_msgs/include/create_msgs/create_msgs/msg/detail/bumper__type_support.cpp
[1.138s] -- Up-to-date: /home/gixstudent/Desktop/Final_lab/robotics_navigation/install/create_msgs/include/create_msgs/create_msgs/msg/detail/motor_setpoint__type_support.cpp
[1.138s] -- Up-to-date: /home/gixstudent/Desktop/Final_lab/robotics_navigation/install/create_msgs/include/create_msgs/create_msgs/msg/detail/bumper__rosidl_typesupport_introspection_cpp.hpp
[1.138s] -- Up-to-date: /home/gixstudent/Desktop/Final_lab/robotics_navigation/install/create_msgs/include/create_msgs/create_msgs/msg/detail/play_song__rosidl_typesupport_introspection_cpp.hpp
[1.138s] -- Up-to-date: /home/gixstudent/Desktop/Final_lab/robotics_navigation/install/create_msgs/include/create_msgs/create_msgs/msg/detail/charging_state__rosidl_typesupport_introspection_cpp.hpp
[1.138s] -- Up-to-date: /home/gixstudent/Desktop/Final_lab/robotics_navigation/install/create_msgs/include/create_msgs/create_msgs/msg/detail/charging_state__type_support.cpp
[1.138s] -- Up-to-date: /home/gixstudent/Desktop/Final_lab/robotics_navigation/install/create_msgs/include/create_msgs/create_msgs/msg/detail/play_song__type_support.cpp
[1.139s] -- Up-to-date: /home/gixstudent/Desktop/Final_lab/robotics_navigation/install/create_msgs/lib/libcreate_msgs__rosidl_typesupport_introspection_cpp.so
[1.140s] -- Up-to-date: /home/gixstudent/Desktop/Final_lab/robotics_navigation/install/create_msgs/lib/libcreate_msgs__rosidl_typesupport_cpp.so
[1.142s] -- Up-to-date: /home/gixstudent/Desktop/Final_lab/robotics_navigation/install/create_msgs/share/create_msgs/environment/pythonpath.sh
[1.143s] -- Up-to-date: /home/gixstudent/Desktop/Final_lab/robotics_navigation/install/create_msgs/share/create_msgs/environment/pythonpath.dsv
[1.143s] -- Up-to-date: /home/gixstudent/Desktop/Final_lab/robotics_navigation/install/create_msgs/local/lib/python3.10/dist-packages/create_msgs-3.1.0-py3.10.egg-info
[1.144s] -- Installing: /home/gixstudent/Desktop/Final_lab/robotics_navigation/install/create_msgs/local/lib/python3.10/dist-packages/create_msgs-3.1.0-py3.10.egg-info/dependency_links.txt
[1.144s] -- Installing: /home/gixstudent/Desktop/Final_lab/robotics_navigation/install/create_msgs/local/lib/python3.10/dist-packages/create_msgs-3.1.0-py3.10.egg-info/SOURCES.txt
[1.144s] -- Installing: /home/gixstudent/Desktop/Final_lab/robotics_navigation/install/create_msgs/local/lib/python3.10/dist-packages/create_msgs-3.1.0-py3.10.egg-info/top_level.txt
[1.144s] -- Installing: /home/gixstudent/Desktop/Final_lab/robotics_navigation/install/create_msgs/local/lib/python3.10/dist-packages/create_msgs-3.1.0-py3.10.egg-info/PKG-INFO
[1.144s] -- Up-to-date: /home/gixstudent/Desktop/Final_lab/robotics_navigation/install/create_msgs/local/lib/python3.10/dist-packages/create_msgs
[1.145s] -- Up-to-date: /home/gixstudent/Desktop/Final_lab/robotics_navigation/install/create_msgs/local/lib/python3.10/dist-packages/create_msgs/__init__.py
[1.145s] -- Up-to-date: /home/gixstudent/Desktop/Final_lab/robotics_navigation/install/create_msgs/local/lib/python3.10/dist-packages/create_msgs/create_msgs_s__rosidl_typesupport_c.cpython-310-x86_64-linux-gnu.so
[1.145s] -- Up-to-date: /home/gixstudent/Desktop/Final_lab/robotics_navigation/install/create_msgs/local/lib/python3.10/dist-packages/create_msgs/libcreate_msgs__rosidl_generator_py.so
[1.145s] -- Up-to-date: /home/gixstudent/Desktop/Final_lab/robotics_navigation/install/create_msgs/local/lib/python3.10/dist-packages/create_msgs/msg
[1.145s] -- Up-to-date: /home/gixstudent/Desktop/Final_lab/robotics_navigation/install/create_msgs/local/lib/python3.10/dist-packages/create_msgs/msg/_charging_state_s.c
[1.148s] -- Up-to-date: /home/gixstudent/Desktop/Final_lab/robotics_navigation/install/create_msgs/local/lib/python3.10/dist-packages/create_msgs/msg/_mode_s.c
[1.149s] -- Up-to-date: /home/gixstudent/Desktop/Final_lab/robotics_navigation/install/create_msgs/local/lib/python3.10/dist-packages/create_msgs/msg/_mode.py
[1.149s] -- Up-to-date: /home/gixstudent/Desktop/Final_lab/robotics_navigation/install/create_msgs/local/lib/python3.10/dist-packages/create_msgs/msg/_define_song_s.c
[1.149s] -- Up-to-date: /home/gixstudent/Desktop/Final_lab/robotics_navigation/install/create_msgs/local/lib/python3.10/dist-packages/create_msgs/msg/__init__.py
[1.149s] -- Up-to-date: /home/gixstudent/Desktop/Final_lab/robotics_navigation/install/create_msgs/local/lib/python3.10/dist-packages/create_msgs/msg/_motor_setpoint.py
[1.149s] -- Up-to-date: /home/gixstudent/Desktop/Final_lab/robotics_navigation/install/create_msgs/local/lib/python3.10/dist-packages/create_msgs/msg/_cliff.py
[1.149s] -- Up-to-date: /home/gixstudent/Desktop/Final_lab/robotics_navigation/install/create_msgs/local/lib/python3.10/dist-packages/create_msgs/msg/_motor_setpoint_s.c
[1.150s] -- Up-to-date: /home/gixstudent/Desktop/Final_lab/robotics_navigation/install/create_msgs/local/lib/python3.10/dist-packages/create_msgs/msg/_cliff_s.c
[1.150s] -- Up-to-date: /home/gixstudent/Desktop/Final_lab/robotics_navigation/install/create_msgs/local/lib/python3.10/dist-packages/create_msgs/msg/_define_song.py
[1.150s] -- Up-to-date: /home/gixstudent/Desktop/Final_lab/robotics_navigation/install/create_msgs/local/lib/python3.10/dist-packages/create_msgs/msg/_bumper_s.c
[1.150s] -- Up-to-date: /home/gixstudent/Desktop/Final_lab/robotics_navigation/install/create_msgs/local/lib/python3.10/dist-packages/create_msgs/msg/_play_song.py
[1.150s] -- Up-to-date: /home/gixstudent/Desktop/Final_lab/robotics_navigation/install/create_msgs/local/lib/python3.10/dist-packages/create_msgs/msg/_charging_state.py
[1.150s] -- Up-to-date: /home/gixstudent/Desktop/Final_lab/robotics_navigation/install/create_msgs/local/lib/python3.10/dist-packages/create_msgs/msg/_play_song_s.c
[1.150s] -- Up-to-date: /home/gixstudent/Desktop/Final_lab/robotics_navigation/install/create_msgs/local/lib/python3.10/dist-packages/create_msgs/msg/_bumper.py
[1.150s] -- Up-to-date: /home/gixstudent/Desktop/Final_lab/robotics_navigation/install/create_msgs/local/lib/python3.10/dist-packages/create_msgs/create_msgs_s__rosidl_typesupport_fastrtps_c.cpython-310-x86_64-linux-gnu.so
[1.150s] -- Up-to-date: /home/gixstudent/Desktop/Final_lab/robotics_navigation/install/create_msgs/local/lib/python3.10/dist-packages/create_msgs/_create_msgs_s.ep.rosidl_typesupport_c.c
[1.150s] -- Up-to-date: /home/gixstudent/Desktop/Final_lab/robotics_navigation/install/create_msgs/local/lib/python3.10/dist-packages/create_msgs/_create_msgs_s.ep.rosidl_typesupport_fastrtps_c.c
[1.150s] -- Up-to-date: /home/gixstudent/Desktop/Final_lab/robotics_navigation/install/create_msgs/local/lib/python3.10/dist-packages/create_msgs/create_msgs_s__rosidl_typesupport_introspection_c.cpython-310-x86_64-linux-gnu.so
[1.151s] -- Up-to-date: /home/gixstudent/Desktop/Final_lab/robotics_navigation/install/create_msgs/local/lib/python3.10/dist-packages/create_msgs/_create_msgs_s.ep.rosidl_typesupport_introspection_c.c
[1.166s] Listing '/home/gixstudent/Desktop/Final_lab/robotics_navigation/install/create_msgs/local/lib/python3.10/dist-packages/create_msgs'...
[1.166s] Listing '/home/gixstudent/Desktop/Final_lab/robotics_navigation/install/create_msgs/local/lib/python3.10/dist-packages/create_msgs/msg'...
[1.173s] -- Up-to-date: /home/gixstudent/Desktop/Final_lab/robotics_navigation/install/create_msgs/local/lib/python3.10/dist-packages/create_msgs/create_msgs_s__rosidl_typesupport_fastrtps_c.cpython-310-x86_64-linux-gnu.so
[1.173s] -- Up-to-date: /home/gixstudent/Desktop/Final_lab/robotics_navigation/install/create_msgs/local/lib/python3.10/dist-packages/create_msgs/create_msgs_s__rosidl_typesupport_introspection_c.cpython-310-x86_64-linux-gnu.so
[1.175s] -- Up-to-date: /home/gixstudent/Desktop/Final_lab/robotics_navigation/install/create_msgs/local/lib/python3.10/dist-packages/create_msgs/create_msgs_s__rosidl_typesupport_c.cpython-310-x86_64-linux-gnu.so
[1.176s] -- Up-to-date: /home/gixstudent/Desktop/Final_lab/robotics_navigation/install/create_msgs/lib/libcreate_msgs__rosidl_generator_py.so
[1.176s] -- Up-to-date: /home/gixstudent/Desktop/Final_lab/robotics_navigation/install/create_msgs/share/create_msgs/msg/Bumper.idl
[1.176s] -- Up-to-date: /home/gixstudent/Desktop/Final_lab/robotics_navigation/install/create_msgs/share/create_msgs/msg/ChargingState.idl
[1.176s] -- Up-to-date: /home/gixstudent/Desktop/Final_lab/robotics_navigation/install/create_msgs/share/create_msgs/msg/DefineSong.idl
[1.176s] -- Up-to-date: /home/gixstudent/Desktop/Final_lab/robotics_navigation/install/create_msgs/share/create_msgs/msg/Mode.idl
[1.177s] -- Up-to-date: /home/gixstudent/Desktop/Final_lab/robotics_navigation/install/create_msgs/share/create_msgs/msg/PlaySong.idl
[1.177s] -- Up-to-date: /home/gixstudent/Desktop/Final_lab/robotics_navigation/install/create_msgs/share/create_msgs/msg/MotorSetpoint.idl
[1.177s] -- Up-to-date: /home/gixstudent/Desktop/Final_lab/robotics_navigation/install/create_msgs/share/create_msgs/msg/Cliff.idl
[1.178s] -- Up-to-date: /home/gixstudent/Desktop/Final_lab/robotics_navigation/install/create_msgs/share/create_msgs/msg/Bumper.msg
[1.178s] -- Up-to-date: /home/gixstudent/Desktop/Final_lab/robotics_navigation/install/create_msgs/share/create_msgs/msg/ChargingState.msg
[1.178s] -- Up-to-date: /home/gixstudent/Desktop/Final_lab/robotics_navigation/install/create_msgs/share/create_msgs/msg/DefineSong.msg
[1.179s] -- Up-to-date: /home/gixstudent/Desktop/Final_lab/robotics_navigation/install/create_msgs/share/create_msgs/msg/Mode.msg
[1.179s] -- Up-to-date: /home/gixstudent/Desktop/Final_lab/robotics_navigation/install/create_msgs/share/create_msgs/msg/PlaySong.msg
[1.179s] -- Up-to-date: /home/gixstudent/Desktop/Final_lab/robotics_navigation/install/create_msgs/share/create_msgs/msg/MotorSetpoint.msg
[1.179s] -- Up-to-date: /home/gixstudent/Desktop/Final_lab/robotics_navigation/install/create_msgs/share/create_msgs/msg/Cliff.msg
[1.180s] -- Up-to-date: /home/gixstudent/Desktop/Final_lab/robotics_navigation/install/create_msgs/share/ament_index/resource_index/package_run_dependencies/create_msgs
[1.180s] -- Up-to-date: /home/gixstudent/Desktop/Final_lab/robotics_navigation/install/create_msgs/share/ament_index/resource_index/parent_prefix_path/create_msgs
[1.180s] -- Up-to-date: /home/gixstudent/Desktop/Final_lab/robotics_navigation/install/create_msgs/share/create_msgs/environment/ament_prefix_path.sh
[1.180s] -- Up-to-date: /home/gixstudent/Desktop/Final_lab/robotics_navigation/install/create_msgs/share/create_msgs/environment/ament_prefix_path.dsv
[1.180s] -- Up-to-date: /home/gixstudent/Desktop/Final_lab/robotics_navigation/install/create_msgs/share/create_msgs/environment/path.sh
[1.180s] -- Up-to-date: /home/gixstudent/Desktop/Final_lab/robotics_navigation/install/create_msgs/share/create_msgs/environment/path.dsv
[1.181s] -- Up-to-date: /home/gixstudent/Desktop/Final_lab/robotics_navigation/install/create_msgs/share/create_msgs/local_setup.bash
[1.181s] -- Up-to-date: /home/gixstudent/Desktop/Final_lab/robotics_navigation/install/create_msgs/share/create_msgs/local_setup.sh
[1.181s] -- Up-to-date: /home/gixstudent/Desktop/Final_lab/robotics_navigation/install/create_msgs/share/create_msgs/local_setup.zsh
[1.181s] -- Up-to-date: /home/gixstudent/Desktop/Final_lab/robotics_navigation/install/create_msgs/share/create_msgs/local_setup.dsv
[1.181s] -- Installing: /home/gixstudent/Desktop/Final_lab/robotics_navigation/install/create_msgs/share/create_msgs/package.dsv
[1.181s] -- Up-to-date: /home/gixstudent/Desktop/Final_lab/robotics_navigation/install/create_msgs/share/ament_index/resource_index/packages/create_msgs
[1.181s] -- Up-to-date: /home/gixstudent/Desktop/Final_lab/robotics_navigation/install/create_msgs/share/create_msgs/cmake/export_create_msgs__rosidl_generator_cExport.cmake
[1.181s] -- Up-to-date: /home/gixstudent/Desktop/Final_lab/robotics_navigation/install/create_msgs/share/create_msgs/cmake/export_create_msgs__rosidl_generator_cExport-noconfig.cmake
[1.182s] -- Up-to-date: /home/gixstudent/Desktop/Final_lab/robotics_navigation/install/create_msgs/share/create_msgs/cmake/export_create_msgs__rosidl_typesupport_fastrtps_cExport.cmake
[1.182s] -- Up-to-date: /home/gixstudent/Desktop/Final_lab/robotics_navigation/install/create_msgs/share/create_msgs/cmake/export_create_msgs__rosidl_typesupport_fastrtps_cExport-noconfig.cmake
[1.182s] -- Up-to-date: /home/gixstudent/Desktop/Final_lab/robotics_navigation/install/create_msgs/share/create_msgs/cmake/create_msgs__rosidl_typesupport_introspection_cExport.cmake
[1.182s] -- Up-to-date: /home/gixstudent/Desktop/Final_lab/robotics_navigation/install/create_msgs/share/create_msgs/cmake/create_msgs__rosidl_typesupport_introspection_cExport-noconfig.cmake
[1.182s] -- Up-to-date: /home/gixstudent/Desktop/Final_lab/robotics_navigation/install/create_msgs/share/create_msgs/cmake/create_msgs__rosidl_typesupport_cExport.cmake
[1.182s] -- Up-to-date: /home/gixstudent/Desktop/Final_lab/robotics_navigation/install/create_msgs/share/create_msgs/cmake/create_msgs__rosidl_typesupport_cExport-noconfig.cmake
[1.182s] -- Up-to-date: /home/gixstudent/Desktop/Final_lab/robotics_navigation/install/create_msgs/share/create_msgs/cmake/export_create_msgs__rosidl_generator_cppExport.cmake
[1.182s] -- Up-to-date: /home/gixstudent/Desktop/Final_lab/robotics_navigation/install/create_msgs/share/create_msgs/cmake/export_create_msgs__rosidl_typesupport_fastrtps_cppExport.cmake
[1.183s] -- Up-to-date: /home/gixstudent/Desktop/Final_lab/robotics_navigation/install/create_msgs/share/create_msgs/cmake/export_create_msgs__rosidl_typesupport_fastrtps_cppExport-noconfig.cmake
[1.184s] -- Up-to-date: /home/gixstudent/Desktop/Final_lab/robotics_navigation/install/create_msgs/share/create_msgs/cmake/create_msgs__rosidl_typesupport_introspection_cppExport.cmake
[1.184s] -- Up-to-date: /home/gixstudent/Desktop/Final_lab/robotics_navigation/install/create_msgs/share/create_msgs/cmake/create_msgs__rosidl_typesupport_introspection_cppExport-noconfig.cmake
[1.185s] -- Up-to-date: /home/gixstudent/Desktop/Final_lab/robotics_navigation/install/create_msgs/share/create_msgs/cmake/create_msgs__rosidl_typesupport_cppExport.cmake
[1.185s] -- Up-to-date: /home/gixstudent/Desktop/Final_lab/robotics_navigation/install/create_msgs/share/create_msgs/cmake/create_msgs__rosidl_typesupport_cppExport-noconfig.cmake
[1.185s] -- Up-to-date: /home/gixstudent/Desktop/Final_lab/robotics_navigation/install/create_msgs/share/create_msgs/cmake/export_create_msgs__rosidl_generator_pyExport.cmake
[1.185s] -- Up-to-date: /home/gixstudent/Desktop/Final_lab/robotics_navigation/install/create_msgs/share/create_msgs/cmake/export_create_msgs__rosidl_generator_pyExport-noconfig.cmake
[1.185s] -- Up-to-date: /home/gixstudent/Desktop/Final_lab/robotics_navigation/install/create_msgs/share/create_msgs/cmake/rosidl_cmake-extras.cmake
[1.185s] -- Up-to-date: /home/gixstudent/Desktop/Final_lab/robotics_navigation/install/create_msgs/share/create_msgs/cmake/ament_cmake_export_dependencies-extras.cmake
[1.185s] -- Up-to-date: /home/gixstudent/Desktop/Final_lab/robotics_navigation/install/create_msgs/share/create_msgs/cmake/ament_cmake_export_include_directories-extras.cmake
[1.185s] -- Up-to-date: /home/gixstudent/Desktop/Final_lab/robotics_navigation/install/create_msgs/share/create_msgs/cmake/ament_cmake_export_libraries-extras.cmake
[1.185s] -- Up-to-date: /home/gixstudent/Desktop/Final_lab/robotics_navigation/install/create_msgs/share/create_msgs/cmake/ament_cmake_export_targets-extras.cmake
[1.185s] -- Up-to-date: /home/gixstudent/Desktop/Final_lab/robotics_navigation/install/create_msgs/share/create_msgs/cmake/rosidl_cmake_export_typesupport_targets-extras.cmake
[1.185s] -- Up-to-date: /home/gixstudent/Desktop/Final_lab/robotics_navigation/install/create_msgs/share/create_msgs/cmake/rosidl_cmake_export_typesupport_libraries-extras.cmake
[1.185s] -- Up-to-date: /home/gixstudent/Desktop/Final_lab/robotics_navigation/install/create_msgs/share/create_msgs/cmake/create_msgsConfig.cmake
[1.186s] -- Up-to-date: /home/gixstudent/Desktop/Final_lab/robotics_navigation/install/create_msgs/share/create_msgs/cmake/create_msgsConfig-version.cmake
[1.186s] -- Up-to-date: /home/gixstudent/Desktop/Final_lab/robotics_navigation/install/create_msgs/share/create_msgs/package.xml
[1.190s] Invoked command in '/home/gixstudent/Desktop/Final_lab/robotics_navigation/build/create_msgs' returned '0': CMAKE_PREFIX_PATH=/opt/ros/humble /usr/bin/cmake --install /home/gixstudent/Desktop/Final_lab/robotics_navigation/build/create_msgs
