[0.027s] Invoking command in '/home/gixadmin/robotics_navigation/turtlebot_ws/build/turtlebot3_node': AMENT_PREFIX_PATH=/home/gixadmin/robotics_navigation/turtlebot_ws/install/turtlebot3_msgs:${AMENT_PREFIX_PATH} CMAKE_PREFIX_PATH=/home/gixadmin/robotics_navigation/turtlebot_ws/install/turtlebot3_msgs:/opt/ros/humble LD_LIBRARY_PATH=/home/gixadmin/robotics_navigation/turtlebot_ws/install/turtlebot3_msgs/lib:/usr/lib/x86_64-linux-gnu/gazebo-11/plugins:/opt/ros/humble/opt/rviz_ogre_vendor/lib:/opt/ros/humble/lib/x86_64-linux-gnu:/opt/ros/humble/lib:/usr/share/gazebo/../../lib/x86_64-linux-gnu/gazebo-11/plugins PYTHONPATH=/home/gixadmin/robotics_navigation/turtlebot_ws/install/turtlebot3_msgs/local/lib/python3.10/dist-packages:${PYTHONPATH} /usr/bin/cmake /home/gixadmin/robotics_navigation/turtlebot_ws/src/turtlebot3/turtlebot3_node -DAMENT_CMAKE_SYMLINK_INSTALL=1 -DCMAKE_INSTALL_PREFIX=/home/gixadmin/robotics_navigation/turtlebot_ws/install/turtlebot3_node
[0.610s] -- The C compiler identification is GNU 11.4.0
[0.610s] -- The CXX compiler identification is GNU 11.4.0
[0.611s] -- Detecting C compiler ABI info
[0.611s] -- Detecting C compiler ABI info - done
[0.611s] -- Check for working C compiler: /usr/bin/cc - skipped
[0.611s] -- Detecting C compile features
[0.611s] -- Detecting C compile features - done
[0.611s] -- Detecting CXX compiler ABI info
[0.612s] -- Detecting CXX compiler ABI info - done
[0.612s] -- Check for working CXX compiler: /usr/bin/c++ - skipped
[0.612s] -- Detecting CXX compile features
[0.612s] -- Detecting CXX compile features - done
[0.612s] -- Found ament_cmake: 1.3.11 (/opt/ros/humble/share/ament_cmake/cmake)
[0.862s] -- Found Python3: /usr/bin/python3 (found version "3.10.12") found components: Interpreter 
[0.996s] -- Override CMake install command with custom implementation using symlinks instead of copying resources
[1.065s] -- Found dynamixel_sdk: 3.8.2 (/opt/ros/humble/share/dynamixel_sdk/cmake)
[1.074s] -- Found geometry_msgs: 4.8.0 (/opt/ros/humble/share/geometry_msgs/cmake)
[1.150s] -- Found rosidl_generator_c: 3.1.6 (/opt/ros/humble/share/rosidl_generator_c/cmake)
[1.161s] -- Found rosidl_adapter: 3.1.6 (/opt/ros/humble/share/rosidl_adapter/cmake)
[1.179s] -- Found rosidl_generator_cpp: 3.1.6 (/opt/ros/humble/share/rosidl_generator_cpp/cmake)
[1.206s] -- Using all available rosidl_typesupport_c: rosidl_typesupport_fastrtps_c;rosidl_typesupport_introspection_c
[1.241s] -- Using all available rosidl_typesupport_cpp: rosidl_typesupport_fastrtps_cpp;rosidl_typesupport_introspection_cpp
[1.333s] -- Found message_filters: 4.3.6 (/opt/ros/humble/share/message_filters/cmake)
[1.422s] -- Found rmw_implementation_cmake: 6.1.2 (/opt/ros/humble/share/rmw_implementation_cmake/cmake)
[1.427s] -- Found rmw_fastrtps_cpp: 6.2.7 (/opt/ros/humble/share/rmw_fastrtps_cpp/cmake)
[1.597s] -- Found OpenSSL: /usr/lib/x86_64-linux-gnu/libcrypto.so (found version "3.0.2")  
[1.654s] -- Found FastRTPS: /opt/ros/humble/include  
[1.733s] -- Using RMW implementation 'rmw_fastrtps_cpp' as default
[1.754s] -- Looking for pthread.h
[1.894s] -- Looking for pthread.h - found
[1.894s] -- Performing Test CMAKE_HAVE_LIBC_PTHREAD
[2.040s] -- Performing Test CMAKE_HAVE_LIBC_PTHREAD - Success
[2.044s] -- Found Threads: TRUE  
[2.141s] -- Found nav_msgs: 4.8.0 (/opt/ros/humble/share/nav_msgs/cmake)
[2.185s] -- Found sensor_msgs: 4.8.0 (/opt/ros/humble/share/sensor_msgs/cmake)
[2.230s] -- Found std_srvs: 4.8.0 (/opt/ros/humble/share/std_srvs/cmake)
[2.255s] -- Found tf2: 0.25.12 (/opt/ros/humble/share/tf2/cmake)
[2.275s] -- Found tf2_ros: 0.25.12 (/opt/ros/humble/share/tf2_ros/cmake)
[2.413s] -- Found turtlebot3_msgs: 2.2.3 (/home/gixadmin/robotics_navigation/turtlebot_ws/install/turtlebot3_msgs/share/turtlebot3_msgs/cmake)
[2.552s] -- Configuring done
[2.595s] -- Generating done
[2.609s] -- Build files have been written to: /home/gixadmin/robotics_navigation/turtlebot_ws/build/turtlebot3_node
[2.627s] Invoked command in '/home/gixadmin/robotics_navigation/turtlebot_ws/build/turtlebot3_node' returned '0': AMENT_PREFIX_PATH=/home/gixadmin/robotics_navigation/turtlebot_ws/install/turtlebot3_msgs:${AMENT_PREFIX_PATH} CMAKE_PREFIX_PATH=/home/gixadmin/robotics_navigation/turtlebot_ws/install/turtlebot3_msgs:/opt/ros/humble LD_LIBRARY_PATH=/home/gixadmin/robotics_navigation/turtlebot_ws/install/turtlebot3_msgs/lib:/usr/lib/x86_64-linux-gnu/gazebo-11/plugins:/opt/ros/humble/opt/rviz_ogre_vendor/lib:/opt/ros/humble/lib/x86_64-linux-gnu:/opt/ros/humble/lib:/usr/share/gazebo/../../lib/x86_64-linux-gnu/gazebo-11/plugins PYTHONPATH=/home/gixadmin/robotics_navigation/turtlebot_ws/install/turtlebot3_msgs/local/lib/python3.10/dist-packages:${PYTHONPATH} /usr/bin/cmake /home/gixadmin/robotics_navigation/turtlebot_ws/src/turtlebot3/turtlebot3_node -DAMENT_CMAKE_SYMLINK_INSTALL=1 -DCMAKE_INSTALL_PREFIX=/home/gixadmin/robotics_navigation/turtlebot_ws/install/turtlebot3_node
[2.629s] Invoking command in '/home/gixadmin/robotics_navigation/turtlebot_ws/build/turtlebot3_node': AMENT_PREFIX_PATH=/home/gixadmin/robotics_navigation/turtlebot_ws/install/turtlebot3_msgs:${AMENT_PREFIX_PATH} CMAKE_PREFIX_PATH=/home/gixadmin/robotics_navigation/turtlebot_ws/install/turtlebot3_msgs:/opt/ros/humble LD_LIBRARY_PATH=/home/gixadmin/robotics_navigation/turtlebot_ws/install/turtlebot3_msgs/lib:/usr/lib/x86_64-linux-gnu/gazebo-11/plugins:/opt/ros/humble/opt/rviz_ogre_vendor/lib:/opt/ros/humble/lib/x86_64-linux-gnu:/opt/ros/humble/lib:/usr/share/gazebo/../../lib/x86_64-linux-gnu/gazebo-11/plugins PYTHONPATH=/home/gixadmin/robotics_navigation/turtlebot_ws/install/turtlebot3_msgs/local/lib/python3.10/dist-packages:${PYTHONPATH} /usr/bin/cmake --build /home/gixadmin/robotics_navigation/turtlebot_ws/build/turtlebot3_node -- -j8 -l8
[2.716s] [  7%] [32mBuilding CXX object CMakeFiles/turtlebot3_node_lib.dir/src/devices/sound.cpp.o[0m
[2.716s] [ 14%] [32mBuilding CXX object CMakeFiles/turtlebot3_node_lib.dir/src/devices/motor_power.cpp.o[0m
[2.717s] [ 21%] [32mBuilding CXX object CMakeFiles/turtlebot3_node_lib.dir/src/devices/reset.cpp.o[0m
[2.733s] [ 28%] [32mBuilding CXX object CMakeFiles/turtlebot3_node_lib.dir/src/diff_drive_controller.cpp.o[0m
[2.734s] [ 35%] [32mBuilding CXX object CMakeFiles/turtlebot3_node_lib.dir/src/dynamixel_sdk_wrapper.cpp.o[0m
[2.743s] [ 42%] [32mBuilding CXX object CMakeFiles/turtlebot3_node_lib.dir/src/odometry.cpp.o[0m
[2.749s] [ 50%] [32mBuilding CXX object CMakeFiles/turtlebot3_node_lib.dir/src/turtlebot3.cpp.o[0m
[2.749s] [ 57%] [32mBuilding CXX object CMakeFiles/turtlebot3_node_lib.dir/src/sensors/battery_state.cpp.o[0m
[5.129s] [ 64%] [32mBuilding CXX object CMakeFiles/turtlebot3_node_lib.dir/src/sensors/imu.cpp.o[0m
[14.550s] [ 71%] [32mBuilding CXX object CMakeFiles/turtlebot3_node_lib.dir/src/sensors/joint_state.cpp.o[0m
[16.219s] [ 78%] [32mBuilding CXX object CMakeFiles/turtlebot3_node_lib.dir/src/sensors/sensor_state.cpp.o[0m
[31.918s] [ 85%] [32m[1mLinking CXX static library libturtlebot3_node_lib.a[0m
[32.701s] [ 85%] Built target turtlebot3_node_lib
[32.719s] [ 92%] [32mBuilding CXX object CMakeFiles/turtlebot3_ros.dir/src/node_main.cpp.o[0m
[35.733s] [100%] [32m[1mLinking CXX executable turtlebot3_ros[0m
[37.642s] [100%] Built target turtlebot3_ros
[37.652s] Invoked command in '/home/gixadmin/robotics_navigation/turtlebot_ws/build/turtlebot3_node' returned '0': AMENT_PREFIX_PATH=/home/gixadmin/robotics_navigation/turtlebot_ws/install/turtlebot3_msgs:${AMENT_PREFIX_PATH} CMAKE_PREFIX_PATH=/home/gixadmin/robotics_navigation/turtlebot_ws/install/turtlebot3_msgs:/opt/ros/humble LD_LIBRARY_PATH=/home/gixadmin/robotics_navigation/turtlebot_ws/install/turtlebot3_msgs/lib:/usr/lib/x86_64-linux-gnu/gazebo-11/plugins:/opt/ros/humble/opt/rviz_ogre_vendor/lib:/opt/ros/humble/lib/x86_64-linux-gnu:/opt/ros/humble/lib:/usr/share/gazebo/../../lib/x86_64-linux-gnu/gazebo-11/plugins PYTHONPATH=/home/gixadmin/robotics_navigation/turtlebot_ws/install/turtlebot3_msgs/local/lib/python3.10/dist-packages:${PYTHONPATH} /usr/bin/cmake --build /home/gixadmin/robotics_navigation/turtlebot_ws/build/turtlebot3_node -- -j8 -l8
[37.653s] Invoking command in '/home/gixadmin/robotics_navigation/turtlebot_ws/build/turtlebot3_node': AMENT_PREFIX_PATH=/home/gixadmin/robotics_navigation/turtlebot_ws/install/turtlebot3_msgs:${AMENT_PREFIX_PATH} CMAKE_PREFIX_PATH=/home/gixadmin/robotics_navigation/turtlebot_ws/install/turtlebot3_msgs:/opt/ros/humble LD_LIBRARY_PATH=/home/gixadmin/robotics_navigation/turtlebot_ws/install/turtlebot3_msgs/lib:/usr/lib/x86_64-linux-gnu/gazebo-11/plugins:/opt/ros/humble/opt/rviz_ogre_vendor/lib:/opt/ros/humble/lib/x86_64-linux-gnu:/opt/ros/humble/lib:/usr/share/gazebo/../../lib/x86_64-linux-gnu/gazebo-11/plugins PYTHONPATH=/home/gixadmin/robotics_navigation/turtlebot_ws/install/turtlebot3_msgs/local/lib/python3.10/dist-packages:${PYTHONPATH} /usr/bin/cmake --install /home/gixadmin/robotics_navigation/turtlebot_ws/build/turtlebot3_node
[37.659s] -- Install configuration: ""
[37.659s] -- Execute custom install script
[37.660s] -- Symlinking: /home/gixadmin/robotics_navigation/turtlebot_ws/install/turtlebot3_node/share/turtlebot3_node/param/burger.yaml
[37.667s] -- Symlinking: /home/gixadmin/robotics_navigation/turtlebot_ws/install/turtlebot3_node/share/turtlebot3_node/param/waffle.yaml
[37.675s] -- Symlinking: /home/gixadmin/robotics_navigation/turtlebot_ws/install/turtlebot3_node/share/turtlebot3_node/param/waffle_pi.yaml
[37.683s] -- Symlinking: /home/gixadmin/robotics_navigation/turtlebot_ws/install/turtlebot3_node/lib/turtlebot3_node/turtlebot3_ros
[37.691s] -- Symlinking: /home/gixadmin/robotics_navigation/turtlebot_ws/install/turtlebot3_node/share/ament_index/resource_index/package_run_dependencies/turtlebot3_node
[37.698s] -- Symlinking: /home/gixadmin/robotics_navigation/turtlebot_ws/install/turtlebot3_node/share/ament_index/resource_index/parent_prefix_path/turtlebot3_node
[37.706s] -- Symlinking: /home/gixadmin/robotics_navigation/turtlebot_ws/install/turtlebot3_node/share/turtlebot3_node/environment/ament_prefix_path.sh
[37.713s] -- Symlinking: /home/gixadmin/robotics_navigation/turtlebot_ws/install/turtlebot3_node/share/turtlebot3_node/environment/ament_prefix_path.dsv
[37.721s] -- Symlinking: /home/gixadmin/robotics_navigation/turtlebot_ws/install/turtlebot3_node/share/turtlebot3_node/environment/path.sh
[37.728s] -- Symlinking: /home/gixadmin/robotics_navigation/turtlebot_ws/install/turtlebot3_node/share/turtlebot3_node/environment/path.dsv
[37.735s] -- Symlinking: /home/gixadmin/robotics_navigation/turtlebot_ws/install/turtlebot3_node/share/turtlebot3_node/local_setup.bash
[37.742s] -- Symlinking: /home/gixadmin/robotics_navigation/turtlebot_ws/install/turtlebot3_node/share/turtlebot3_node/local_setup.sh
[37.749s] -- Symlinking: /home/gixadmin/robotics_navigation/turtlebot_ws/install/turtlebot3_node/share/turtlebot3_node/local_setup.zsh
[37.756s] -- Symlinking: /home/gixadmin/robotics_navigation/turtlebot_ws/install/turtlebot3_node/share/turtlebot3_node/local_setup.dsv
[37.763s] -- Symlinking: /home/gixadmin/robotics_navigation/turtlebot_ws/install/turtlebot3_node/share/turtlebot3_node/package.dsv
[37.770s] -- Symlinking: /home/gixadmin/robotics_navigation/turtlebot_ws/install/turtlebot3_node/share/ament_index/resource_index/packages/turtlebot3_node
[37.778s] -- Symlinking: /home/gixadmin/robotics_navigation/turtlebot_ws/install/turtlebot3_node/share/turtlebot3_node/cmake/ament_cmake_export_include_directories-extras.cmake
[37.785s] -- Symlinking: /home/gixadmin/robotics_navigation/turtlebot_ws/install/turtlebot3_node/share/turtlebot3_node/cmake/turtlebot3_nodeConfig.cmake
[37.792s] -- Symlinking: /home/gixadmin/robotics_navigation/turtlebot_ws/install/turtlebot3_node/share/turtlebot3_node/cmake/turtlebot3_nodeConfig-version.cmake
[37.800s] -- Symlinking: /home/gixadmin/robotics_navigation/turtlebot_ws/install/turtlebot3_node/share/turtlebot3_node/package.xml
[37.809s] Invoked command in '/home/gixadmin/robotics_navigation/turtlebot_ws/build/turtlebot3_node' returned '0': AMENT_PREFIX_PATH=/home/gixadmin/robotics_navigation/turtlebot_ws/install/turtlebot3_msgs:${AMENT_PREFIX_PATH} CMAKE_PREFIX_PATH=/home/gixadmin/robotics_navigation/turtlebot_ws/install/turtlebot3_msgs:/opt/ros/humble LD_LIBRARY_PATH=/home/gixadmin/robotics_navigation/turtlebot_ws/install/turtlebot3_msgs/lib:/usr/lib/x86_64-linux-gnu/gazebo-11/plugins:/opt/ros/humble/opt/rviz_ogre_vendor/lib:/opt/ros/humble/lib/x86_64-linux-gnu:/opt/ros/humble/lib:/usr/share/gazebo/../../lib/x86_64-linux-gnu/gazebo-11/plugins PYTHONPATH=/home/gixadmin/robotics_navigation/turtlebot_ws/install/turtlebot3_msgs/local/lib/python3.10/dist-packages:${PYTHONPATH} /usr/bin/cmake --install /home/gixadmin/robotics_navigation/turtlebot_ws/build/turtlebot3_node
