[2.391s] Invoking command in '/home/gixstudent/Desktop/Final_lab/robotics_navigation/build/turtlebot3_example': AMENT_PREFIX_PATH=/home/gixstudent/Desktop/Final_lab/robotics_navigation/install/turtlebot3_msgs:${AMENT_PREFIX_PATH} CMAKE_PREFIX_PATH=/home/gixstudent/Desktop/Final_lab/robotics_navigation/install/turtlebot3_msgs LD_LIBRARY_PATH=/home/gixstudent/Desktop/Final_lab/robotics_navigation/install/turtlebot3_msgs/lib:/usr/lib/x86_64-linux-gnu/gazebo-11/plugins:/opt/ros/humble/opt/rviz_ogre_vendor/lib:/opt/ros/humble/lib/x86_64-linux-gnu:/opt/ros/humble/lib:/usr/share/gazebo/../../lib/x86_64-linux-gnu/gazebo-11/plugins:/usr/share/gazebo/../../lib/x86_64-linux-gnu/gazebo-11/plugins:/usr/share/gazebo/../../lib/x86_64-linux-gnu/gazebo-11/plugins:/usr/share/gazebo/../../lib/x86_64-linux-gnu/gazebo-11/plugins:/usr/share/gazebo/../../lib/x86_64-linux-gnu/gazebo-11/plugins:/usr/share/gazebo/../../lib/x86_64-linux-gnu/gazebo-11/plugins PYTHONPATH=/home/gixstudent/Desktop/Final_lab/robotics_navigation/build/turtlebot3_example/prefix_override:/usr/lib/python3/dist-packages/colcon_core/task/python/colcon_distutils_commands:/home/gixstudent/Desktop/Final_lab/robotics_navigation/install/turtlebot3_example/lib/python3.10/site-packages:/home/gixstudent/Desktop/Final_lab/robotics_navigation/install/turtlebot3_msgs/local/lib/python3.10/dist-packages:${PYTHONPATH} /usr/bin/python3 -W ignore:setup.py install is deprecated -W ignore:easy_install command is deprecated setup.py develop --editable --build-directory /home/gixstudent/Desktop/Final_lab/robotics_navigation/build/turtlebot3_example/build --no-deps symlink_data
[3.261s] running develop
[3.768s] running egg_info
[3.768s] creating turtlebot3_example.egg-info
[3.769s] writing turtlebot3_example.egg-info/PKG-INFO
[3.769s] writing dependency_links to turtlebot3_example.egg-info/dependency_links.txt
[3.769s] writing entry points to turtlebot3_example.egg-info/entry_points.txt
[3.770s] writing requirements to turtlebot3_example.egg-info/requires.txt
[3.770s] writing top-level names to turtlebot3_example.egg-info/top_level.txt
[3.770s] writing manifest file 'turtlebot3_example.egg-info/SOURCES.txt'
[3.776s] reading manifest file 'turtlebot3_example.egg-info/SOURCES.txt'
[3.778s] writing manifest file 'turtlebot3_example.egg-info/SOURCES.txt'
[3.782s] running build_ext
[3.783s] Creating /home/gixstudent/Desktop/Final_lab/robotics_navigation/install/turtlebot3_example/lib/python3.10/site-packages/turtlebot3-example.egg-link (link to .)
[3.785s] Installing turtlebot3_obstacle_detection script to /home/gixstudent/Desktop/Final_lab/robotics_navigation/install/turtlebot3_example/lib/turtlebot3_example
[3.785s] Installing turtlebot3_patrol_client script to /home/gixstudent/Desktop/Final_lab/robotics_navigation/install/turtlebot3_example/lib/turtlebot3_example
[3.785s] Installing turtlebot3_patrol_server script to /home/gixstudent/Desktop/Final_lab/robotics_navigation/install/turtlebot3_example/lib/turtlebot3_example
[3.786s] Installing turtlebot3_position_control script to /home/gixstudent/Desktop/Final_lab/robotics_navigation/install/turtlebot3_example/lib/turtlebot3_example
[3.786s] 
[3.786s] Installed /home/gixstudent/Desktop/Final_lab/robotics_navigation/build/turtlebot3_example
[3.787s] running symlink_data
[3.787s] creating /home/gixstudent/Desktop/Final_lab/robotics_navigation/install/turtlebot3_example/share/ament_index
[3.787s] creating /home/gixstudent/Desktop/Final_lab/robotics_navigation/install/turtlebot3_example/share/ament_index/resource_index
[3.787s] creating /home/gixstudent/Desktop/Final_lab/robotics_navigation/install/turtlebot3_example/share/ament_index/resource_index/packages
[3.788s] symbolically linking /home/gixstudent/Desktop/Final_lab/robotics_navigation/build/turtlebot3_example/resource/turtlebot3_example -> /home/gixstudent/Desktop/Final_lab/robotics_navigation/install/turtlebot3_example/share/ament_index/resource_index/packages
[3.789s] symbolically linking /home/gixstudent/Desktop/Final_lab/robotics_navigation/build/turtlebot3_example/package.xml -> /home/gixstudent/Desktop/Final_lab/robotics_navigation/install/turtlebot3_example/share/turtlebot3_example
[3.855s] Invoked command in '/home/gixstudent/Desktop/Final_lab/robotics_navigation/build/turtlebot3_example' returned '0': AMENT_PREFIX_PATH=/home/gixstudent/Desktop/Final_lab/robotics_navigation/install/turtlebot3_msgs:${AMENT_PREFIX_PATH} CMAKE_PREFIX_PATH=/home/gixstudent/Desktop/Final_lab/robotics_navigation/install/turtlebot3_msgs LD_LIBRARY_PATH=/home/gixstudent/Desktop/Final_lab/robotics_navigation/install/turtlebot3_msgs/lib:/usr/lib/x86_64-linux-gnu/gazebo-11/plugins:/opt/ros/humble/opt/rviz_ogre_vendor/lib:/opt/ros/humble/lib/x86_64-linux-gnu:/opt/ros/humble/lib:/usr/share/gazebo/../../lib/x86_64-linux-gnu/gazebo-11/plugins:/usr/share/gazebo/../../lib/x86_64-linux-gnu/gazebo-11/plugins:/usr/share/gazebo/../../lib/x86_64-linux-gnu/gazebo-11/plugins:/usr/share/gazebo/../../lib/x86_64-linux-gnu/gazebo-11/plugins:/usr/share/gazebo/../../lib/x86_64-linux-gnu/gazebo-11/plugins:/usr/share/gazebo/../../lib/x86_64-linux-gnu/gazebo-11/plugins PYTHONPATH=/home/gixstudent/Desktop/Final_lab/robotics_navigation/build/turtlebot3_example/prefix_override:/usr/lib/python3/dist-packages/colcon_core/task/python/colcon_distutils_commands:/home/gixstudent/Desktop/Final_lab/robotics_navigation/install/turtlebot3_example/lib/python3.10/site-packages:/home/gixstudent/Desktop/Final_lab/robotics_navigation/install/turtlebot3_msgs/local/lib/python3.10/dist-packages:${PYTHONPATH} /usr/bin/python3 -W ignore:setup.py install is deprecated -W ignore:easy_install command is deprecated setup.py develop --editable --build-directory /home/gixstudent/Desktop/Final_lab/robotics_navigation/build/turtlebot3_example/build --no-deps symlink_data
