[0.018s] Invoking command in '/home/gixstudent/Desktop/Final lab/robotics_navigation/build/turtlebot3_node': AMENT_PREFIX_PATH=/home/gixstudent/Desktop/Final lab/robotics_navigation/install/turtlebot3_msgs:${AMENT_PREFIX_PATH} CMAKE_PREFIX_PATH=/home/gixstudent/Desktop/Final lab/robotics_navigation/install/turtlebot3_msgs:/opt/ros/humble LD_LIBRARY_PATH=/home/gixstudent/Desktop/Final lab/robotics_navigation/install/turtlebot3_msgs/lib:${LD_LIBRARY_PATH} PYTHONPATH=/home/gixstudent/Desktop/Final lab/robotics_navigation/install/turtlebot3_msgs/local/lib/python3.10/dist-packages:${PYTHONPATH} /usr/bin/cmake --build /home/gixstudent/Desktop/Final lab/robotics_navigation/build/turtlebot3_node -- -j8 -l8
[0.322s] [35m[1mConsolidate compiler generated dependencies of target turtlebot3_node_lib[0m
[0.322s] [ 85%] Built target turtlebot3_node_lib
[0.322s] [35m[1mConsolidate compiler generated dependencies of target turtlebot3_ros[0m
[0.323s] [100%] Built target turtlebot3_ros
[0.329s] Invoked command in '/home/gixstudent/Desktop/Final lab/robotics_navigation/build/turtlebot3_node' returned '0': AMENT_PREFIX_PATH=/home/gixstudent/Desktop/Final lab/robotics_navigation/install/turtlebot3_msgs:${AMENT_PREFIX_PATH} CMAKE_PREFIX_PATH=/home/gixstudent/Desktop/Final lab/robotics_navigation/install/turtlebot3_msgs:/opt/ros/humble LD_LIBRARY_PATH=/home/gixstudent/Desktop/Final lab/robotics_navigation/install/turtlebot3_msgs/lib:${LD_LIBRARY_PATH} PYTHONPATH=/home/gixstudent/Desktop/Final lab/robotics_navigation/install/turtlebot3_msgs/local/lib/python3.10/dist-packages:${PYTHONPATH} /usr/bin/cmake --build /home/gixstudent/Desktop/Final lab/robotics_navigation/build/turtlebot3_node -- -j8 -l8
[0.331s] Invoking command in '/home/gixstudent/Desktop/Final lab/robotics_navigation/build/turtlebot3_node': AMENT_PREFIX_PATH=/home/gixstudent/Desktop/Final lab/robotics_navigation/install/turtlebot3_msgs:${AMENT_PREFIX_PATH} CMAKE_PREFIX_PATH=/home/gixstudent/Desktop/Final lab/robotics_navigation/install/turtlebot3_msgs:/opt/ros/humble LD_LIBRARY_PATH=/home/gixstudent/Desktop/Final lab/robotics_navigation/install/turtlebot3_msgs/lib:${LD_LIBRARY_PATH} PYTHONPATH=/home/gixstudent/Desktop/Final lab/robotics_navigation/install/turtlebot3_msgs/local/lib/python3.10/dist-packages:${PYTHONPATH} /usr/bin/cmake --install /home/gixstudent/Desktop/Final lab/robotics_navigation/build/turtlebot3_node
[0.339s] -- Install configuration: ""
[0.340s] -- Up-to-date: /home/gixstudent/Desktop/Final lab/robotics_navigation/install/turtlebot3_node/share/turtlebot3_node/param
[0.340s] -- Up-to-date: /home/gixstudent/Desktop/Final lab/robotics_navigation/install/turtlebot3_node/share/turtlebot3_node/param/waffle_pi.yaml
[0.340s] -- Up-to-date: /home/gixstudent/Desktop/Final lab/robotics_navigation/install/turtlebot3_node/share/turtlebot3_node/param/burger.yaml
[0.340s] -- Up-to-date: /home/gixstudent/Desktop/Final lab/robotics_navigation/install/turtlebot3_node/share/turtlebot3_node/param/waffle.yaml
[0.340s] -- Up-to-date: /home/gixstudent/Desktop/Final lab/robotics_navigation/install/turtlebot3_node/lib/turtlebot3_node/turtlebot3_ros
[0.340s] -- Up-to-date: /home/gixstudent/Desktop/Final lab/robotics_navigation/install/turtlebot3_node/share/ament_index/resource_index/package_run_dependencies/turtlebot3_node
[0.341s] -- Up-to-date: /home/gixstudent/Desktop/Final lab/robotics_navigation/install/turtlebot3_node/share/ament_index/resource_index/parent_prefix_path/turtlebot3_node
[0.341s] -- Up-to-date: /home/gixstudent/Desktop/Final lab/robotics_navigation/install/turtlebot3_node/share/turtlebot3_node/environment/ament_prefix_path.sh
[0.341s] -- Up-to-date: /home/gixstudent/Desktop/Final lab/robotics_navigation/install/turtlebot3_node/share/turtlebot3_node/environment/ament_prefix_path.dsv
[0.341s] -- Up-to-date: /home/gixstudent/Desktop/Final lab/robotics_navigation/install/turtlebot3_node/share/turtlebot3_node/environment/path.sh
[0.341s] -- Up-to-date: /home/gixstudent/Desktop/Final lab/robotics_navigation/install/turtlebot3_node/share/turtlebot3_node/environment/path.dsv
[0.342s] -- Up-to-date: /home/gixstudent/Desktop/Final lab/robotics_navigation/install/turtlebot3_node/share/turtlebot3_node/local_setup.bash
[0.342s] -- Up-to-date: /home/gixstudent/Desktop/Final lab/robotics_navigation/install/turtlebot3_node/share/turtlebot3_node/local_setup.sh
[0.342s] -- Up-to-date: /home/gixstudent/Desktop/Final lab/robotics_navigation/install/turtlebot3_node/share/turtlebot3_node/local_setup.zsh
[0.342s] -- Up-to-date: /home/gixstudent/Desktop/Final lab/robotics_navigation/install/turtlebot3_node/share/turtlebot3_node/local_setup.dsv
[0.342s] -- Installing: /home/gixstudent/Desktop/Final lab/robotics_navigation/install/turtlebot3_node/share/turtlebot3_node/package.dsv
[0.342s] -- Up-to-date: /home/gixstudent/Desktop/Final lab/robotics_navigation/install/turtlebot3_node/share/ament_index/resource_index/packages/turtlebot3_node
[0.342s] -- Up-to-date: /home/gixstudent/Desktop/Final lab/robotics_navigation/install/turtlebot3_node/share/turtlebot3_node/cmake/ament_cmake_export_include_directories-extras.cmake
[0.343s] -- Up-to-date: /home/gixstudent/Desktop/Final lab/robotics_navigation/install/turtlebot3_node/share/turtlebot3_node/cmake/turtlebot3_nodeConfig.cmake
[0.343s] -- Up-to-date: /home/gixstudent/Desktop/Final lab/robotics_navigation/install/turtlebot3_node/share/turtlebot3_node/cmake/turtlebot3_nodeConfig-version.cmake
[0.343s] -- Up-to-date: /home/gixstudent/Desktop/Final lab/robotics_navigation/install/turtlebot3_node/share/turtlebot3_node/package.xml
[0.345s] Invoked command in '/home/gixstudent/Desktop/Final lab/robotics_navigation/build/turtlebot3_node' returned '0': AMENT_PREFIX_PATH=/home/gixstudent/Desktop/Final lab/robotics_navigation/install/turtlebot3_msgs:${AMENT_PREFIX_PATH} CMAKE_PREFIX_PATH=/home/gixstudent/Desktop/Final lab/robotics_navigation/install/turtlebot3_msgs:/opt/ros/humble LD_LIBRARY_PATH=/home/gixstudent/Desktop/Final lab/robotics_navigation/install/turtlebot3_msgs/lib:${LD_LIBRARY_PATH} PYTHONPATH=/home/gixstudent/Desktop/Final lab/robotics_navigation/install/turtlebot3_msgs/local/lib/python3.10/dist-packages:${PYTHONPATH} /usr/bin/cmake --install /home/gixstudent/Desktop/Final lab/robotics_navigation/build/turtlebot3_node
