[0.011s] Invoking command in '/home/gixstudent/Desktop/Final_lab/robotics_navigation/build/create_driver': AMENT_PREFIX_PATH=/home/gixstudent/Desktop/Final_lab/robotics_navigation/install/create_msgs:${AMENT_PREFIX_PATH} CMAKE_PREFIX_PATH=/home/gixstudent/Desktop/Final_lab/robotics_navigation/install/libcreate:/home/gixstudent/Desktop/Final_lab/robotics_navigation/install/create_msgs:/opt/ros/humble LD_LIBRARY_PATH=/home/gixstudent/Desktop/Final_lab/robotics_navigation/install/libcreate/lib:/home/gixstudent/Desktop/Final_lab/robotics_navigation/install/create_msgs/lib:/usr/lib/x86_64-linux-gnu/gazebo-11/plugins:/opt/ros/humble/opt/rviz_ogre_vendor/lib:/opt/ros/humble/lib/x86_64-linux-gnu:/opt/ros/humble/lib:/usr/share/gazebo/../../lib/x86_64-linux-gnu/gazebo-11/plugins PKG_CONFIG_PATH=/home/gixstudent/Desktop/Final_lab/robotics_navigation/install/libcreate/lib/x86_64-linux-gnu/pkgconfig:/home/gixstudent/Desktop/Final_lab/robotics_navigation/install/libcreate/lib/pkgconfig PYTHONPATH=/home/gixstudent/Desktop/Final_lab/robotics_navigation/install/create_msgs/local/lib/python3.10/dist-packages:${PYTHONPATH} /usr/bin/cmake /home/gixstudent/Desktop/Final_lab/robotics_navigation/src/create_robot/create_driver -DCMAKE_INSTALL_PREFIX=/home/gixstudent/Desktop/Final_lab/robotics_navigation/install/create_driver
[0.063s] -- The C compiler identification is GNU 11.4.0
[0.117s] -- The CXX compiler identification is GNU 11.4.0
[0.123s] -- Detecting C compiler ABI info
[0.183s] -- Detecting C compiler ABI info - done
[0.191s] -- Check for working C compiler: /usr/bin/cc - skipped
[0.191s] -- Detecting C compile features
[0.191s] -- Detecting C compile features - done
[0.194s] -- Detecting CXX compiler ABI info
[0.270s] -- Detecting CXX compiler ABI info - done
[0.277s] -- Check for working CXX compiler: /usr/bin/c++ - skipped
[0.277s] -- Detecting CXX compile features
[0.278s] -- Detecting CXX compile features - done
[0.439s] -- Found Boost: /usr/lib/x86_64-linux-gnu/cmake/Boost-1.74.0/BoostConfig.cmake (found version "1.74.0") found components: system thread 
[0.441s] -- Found Threads: TRUE  
[0.444s] -- Found ament_cmake: 1.3.11 (/opt/ros/humble/share/ament_cmake/cmake)
[0.593s] -- Found Python3: /usr/bin/python3 (found version "3.10.12") found components: Interpreter 
[0.680s] -- Found create_msgs: 3.1.0 (/home/gixstudent/Desktop/Final_lab/robotics_navigation/install/create_msgs/share/create_msgs/cmake)
[0.718s] -- Found rosidl_generator_c: 3.1.6 (/opt/ros/humble/share/rosidl_generator_c/cmake)
[0.723s] -- Found rosidl_adapter: 3.1.6 (/opt/ros/humble/share/rosidl_adapter/cmake)
[0.732s] -- Found rosidl_generator_cpp: 3.1.6 (/opt/ros/humble/share/rosidl_generator_cpp/cmake)
[0.745s] -- Using all available rosidl_typesupport_c: rosidl_typesupport_fastrtps_c;rosidl_typesupport_introspection_c
[0.761s] -- Using all available rosidl_typesupport_cpp: rosidl_typesupport_fastrtps_cpp;rosidl_typesupport_introspection_cpp
[0.808s] -- Found diagnostic_msgs: 4.8.0 (/opt/ros/humble/share/diagnostic_msgs/cmake)
[0.844s] -- Found diagnostic_updater: 4.0.2 (/opt/ros/humble/share/diagnostic_updater/cmake)
[0.890s] -- Found rmw_implementation_cmake: 6.1.2 (/opt/ros/humble/share/rmw_implementation_cmake/cmake)
[0.893s] -- Found rmw_fastrtps_cpp: 6.2.7 (/opt/ros/humble/share/rmw_fastrtps_cpp/cmake)
[0.974s] -- Found OpenSSL: /usr/lib/x86_64-linux-gnu/libcrypto.so (found version "3.0.2")  
[0.998s] -- Found FastRTPS: /opt/ros/humble/include  
[1.038s] -- Using RMW implementation 'rmw_fastrtps_cpp' as default
[1.087s] -- Found geometry_msgs: 4.8.0 (/opt/ros/humble/share/geometry_msgs/cmake)
[1.099s] -- Found nav_msgs: 4.8.0 (/opt/ros/humble/share/nav_msgs/cmake)
[1.115s] -- Found sensor_msgs: 4.8.0 (/opt/ros/humble/share/sensor_msgs/cmake)
[1.133s] -- Found tf2_geometry_msgs: 0.25.12 (/opt/ros/humble/share/tf2_geometry_msgs/cmake)
[1.149s] -- Found eigen3_cmake_module: 0.1.1 (/opt/ros/humble/share/eigen3_cmake_module/cmake)
[1.150s] -- Found Eigen3: TRUE (found version "3.4.0") 
[1.150s] -- Ensuring Eigen3 include directory is part of orocos-kdl CMake target
[1.252s] -- Found ament_lint_auto: 0.12.12 (/opt/ros/humble/share/ament_lint_auto/cmake)
[1.325s] -- Added test 'cppcheck' to perform static code analysis on C / C++ code
[1.325s] -- Configured cppcheck language: c++
[1.325s] -- Configured cppcheck include dirs: /home/gixstudent/Desktop/Final_lab/robotics_navigation/src/create_robot/create_driver/include
[1.325s] -- Configured cppcheck exclude dirs and/or files: 
[1.327s] -- Added test 'cpplint' to check C / C++ code against the Google style
[1.327s] -- Configured cpplint exclude dirs and/or files: 
[1.327s] -- Added test 'lint_cmake' to check CMake code style
[1.328s] -- Added test 'xmllint' to check XML markup files
[1.329s] -- Configuring done
[1.343s] -- Generating done
[1.348s] -- Build files have been written to: /home/gixstudent/Desktop/Final_lab/robotics_navigation/build/create_driver
[1.357s] Invoked command in '/home/gixstudent/Desktop/Final_lab/robotics_navigation/build/create_driver' returned '0': AMENT_PREFIX_PATH=/home/gixstudent/Desktop/Final_lab/robotics_navigation/install/create_msgs:${AMENT_PREFIX_PATH} CMAKE_PREFIX_PATH=/home/gixstudent/Desktop/Final_lab/robotics_navigation/install/libcreate:/home/gixstudent/Desktop/Final_lab/robotics_navigation/install/create_msgs:/opt/ros/humble LD_LIBRARY_PATH=/home/gixstudent/Desktop/Final_lab/robotics_navigation/install/libcreate/lib:/home/gixstudent/Desktop/Final_lab/robotics_navigation/install/create_msgs/lib:/usr/lib/x86_64-linux-gnu/gazebo-11/plugins:/opt/ros/humble/opt/rviz_ogre_vendor/lib:/opt/ros/humble/lib/x86_64-linux-gnu:/opt/ros/humble/lib:/usr/share/gazebo/../../lib/x86_64-linux-gnu/gazebo-11/plugins PKG_CONFIG_PATH=/home/gixstudent/Desktop/Final_lab/robotics_navigation/install/libcreate/lib/x86_64-linux-gnu/pkgconfig:/home/gixstudent/Desktop/Final_lab/robotics_navigation/install/libcreate/lib/pkgconfig PYTHONPATH=/home/gixstudent/Desktop/Final_lab/robotics_navigation/install/create_msgs/local/lib/python3.10/dist-packages:${PYTHONPATH} /usr/bin/cmake /home/gixstudent/Desktop/Final_lab/robotics_navigation/src/create_robot/create_driver -DCMAKE_INSTALL_PREFIX=/home/gixstudent/Desktop/Final_lab/robotics_navigation/install/create_driver
[1.357s] Invoking command in '/home/gixstudent/Desktop/Final_lab/robotics_navigation/build/create_driver': AMENT_PREFIX_PATH=/home/gixstudent/Desktop/Final_lab/robotics_navigation/install/create_msgs:${AMENT_PREFIX_PATH} CMAKE_PREFIX_PATH=/home/gixstudent/Desktop/Final_lab/robotics_navigation/install/libcreate:/home/gixstudent/Desktop/Final_lab/robotics_navigation/install/create_msgs:/opt/ros/humble LD_LIBRARY_PATH=/home/gixstudent/Desktop/Final_lab/robotics_navigation/install/libcreate/lib:/home/gixstudent/Desktop/Final_lab/robotics_navigation/install/create_msgs/lib:/usr/lib/x86_64-linux-gnu/gazebo-11/plugins:/opt/ros/humble/opt/rviz_ogre_vendor/lib:/opt/ros/humble/lib/x86_64-linux-gnu:/opt/ros/humble/lib:/usr/share/gazebo/../../lib/x86_64-linux-gnu/gazebo-11/plugins PKG_CONFIG_PATH=/home/gixstudent/Desktop/Final_lab/robotics_navigation/install/libcreate/lib/x86_64-linux-gnu/pkgconfig:/home/gixstudent/Desktop/Final_lab/robotics_navigation/install/libcreate/lib/pkgconfig PYTHONPATH=/home/gixstudent/Desktop/Final_lab/robotics_navigation/install/create_msgs/local/lib/python3.10/dist-packages:${PYTHONPATH} /usr/bin/cmake --build /home/gixstudent/Desktop/Final_lab/robotics_navigation/build/create_driver -- -j8 -l8
[1.404s] [ 50%] [32mBuilding CXX object CMakeFiles/create_driver.dir/src/create_driver.cpp.o[0m
[30.893s] [100%] [32m[1mLinking CXX executable create_driver[0m
[33.391s] [100%] Built target create_driver
[33.401s] Invoked command in '/home/gixstudent/Desktop/Final_lab/robotics_navigation/build/create_driver' returned '0': AMENT_PREFIX_PATH=/home/gixstudent/Desktop/Final_lab/robotics_navigation/install/create_msgs:${AMENT_PREFIX_PATH} CMAKE_PREFIX_PATH=/home/gixstudent/Desktop/Final_lab/robotics_navigation/install/libcreate:/home/gixstudent/Desktop/Final_lab/robotics_navigation/install/create_msgs:/opt/ros/humble LD_LIBRARY_PATH=/home/gixstudent/Desktop/Final_lab/robotics_navigation/install/libcreate/lib:/home/gixstudent/Desktop/Final_lab/robotics_navigation/install/create_msgs/lib:/usr/lib/x86_64-linux-gnu/gazebo-11/plugins:/opt/ros/humble/opt/rviz_ogre_vendor/lib:/opt/ros/humble/lib/x86_64-linux-gnu:/opt/ros/humble/lib:/usr/share/gazebo/../../lib/x86_64-linux-gnu/gazebo-11/plugins PKG_CONFIG_PATH=/home/gixstudent/Desktop/Final_lab/robotics_navigation/install/libcreate/lib/x86_64-linux-gnu/pkgconfig:/home/gixstudent/Desktop/Final_lab/robotics_navigation/install/libcreate/lib/pkgconfig PYTHONPATH=/home/gixstudent/Desktop/Final_lab/robotics_navigation/install/create_msgs/local/lib/python3.10/dist-packages:${PYTHONPATH} /usr/bin/cmake --build /home/gixstudent/Desktop/Final_lab/robotics_navigation/build/create_driver -- -j8 -l8
[33.403s] Invoking command in '/home/gixstudent/Desktop/Final_lab/robotics_navigation/build/create_driver': AMENT_PREFIX_PATH=/home/gixstudent/Desktop/Final_lab/robotics_navigation/install/create_msgs:${AMENT_PREFIX_PATH} CMAKE_PREFIX_PATH=/home/gixstudent/Desktop/Final_lab/robotics_navigation/install/libcreate:/home/gixstudent/Desktop/Final_lab/robotics_navigation/install/create_msgs:/opt/ros/humble LD_LIBRARY_PATH=/home/gixstudent/Desktop/Final_lab/robotics_navigation/install/libcreate/lib:/home/gixstudent/Desktop/Final_lab/robotics_navigation/install/create_msgs/lib:/usr/lib/x86_64-linux-gnu/gazebo-11/plugins:/opt/ros/humble/opt/rviz_ogre_vendor/lib:/opt/ros/humble/lib/x86_64-linux-gnu:/opt/ros/humble/lib:/usr/share/gazebo/../../lib/x86_64-linux-gnu/gazebo-11/plugins PKG_CONFIG_PATH=/home/gixstudent/Desktop/Final_lab/robotics_navigation/install/libcreate/lib/x86_64-linux-gnu/pkgconfig:/home/gixstudent/Desktop/Final_lab/robotics_navigation/install/libcreate/lib/pkgconfig PYTHONPATH=/home/gixstudent/Desktop/Final_lab/robotics_navigation/install/create_msgs/local/lib/python3.10/dist-packages:${PYTHONPATH} /usr/bin/cmake --install /home/gixstudent/Desktop/Final_lab/robotics_navigation/build/create_driver
[33.409s] -- Install configuration: ""
[33.409s] -- Installing: /home/gixstudent/Desktop/Final_lab/robotics_navigation/install/create_driver/lib/create_driver/create_driver
[33.421s] -- Set runtime path of "/home/gixstudent/Desktop/Final_lab/robotics_navigation/install/create_driver/lib/create_driver/create_driver" to ""
[33.421s] -- Installing: /home/gixstudent/Desktop/Final_lab/robotics_navigation/install/create_driver/include
[33.421s] -- Installing: /home/gixstudent/Desktop/Final_lab/robotics_navigation/install/create_driver/include/create_driver
[33.421s] -- Installing: /home/gixstudent/Desktop/Final_lab/robotics_navigation/install/create_driver/include/create_driver/create_driver.h
[33.422s] -- Installing: /home/gixstudent/Desktop/Final_lab/robotics_navigation/install/create_driver/share/ament_index/resource_index/package_run_dependencies/create_driver
[33.422s] -- Installing: /home/gixstudent/Desktop/Final_lab/robotics_navigation/install/create_driver/share/ament_index/resource_index/parent_prefix_path/create_driver
[33.422s] -- Installing: /home/gixstudent/Desktop/Final_lab/robotics_navigation/install/create_driver/share/create_driver/environment/ament_prefix_path.sh
[33.422s] -- Installing: /home/gixstudent/Desktop/Final_lab/robotics_navigation/install/create_driver/share/create_driver/environment/ament_prefix_path.dsv
[33.422s] -- Installing: /home/gixstudent/Desktop/Final_lab/robotics_navigation/install/create_driver/share/create_driver/environment/path.sh
[33.422s] -- Installing: /home/gixstudent/Desktop/Final_lab/robotics_navigation/install/create_driver/share/create_driver/environment/path.dsv
[33.422s] -- Installing: /home/gixstudent/Desktop/Final_lab/robotics_navigation/install/create_driver/share/create_driver/local_setup.bash
[33.422s] -- Installing: /home/gixstudent/Desktop/Final_lab/robotics_navigation/install/create_driver/share/create_driver/local_setup.sh
[33.422s] -- Installing: /home/gixstudent/Desktop/Final_lab/robotics_navigation/install/create_driver/share/create_driver/local_setup.zsh
[33.423s] -- Installing: /home/gixstudent/Desktop/Final_lab/robotics_navigation/install/create_driver/share/create_driver/local_setup.dsv
[33.423s] -- Installing: /home/gixstudent/Desktop/Final_lab/robotics_navigation/install/create_driver/share/create_driver/package.dsv
[33.423s] -- Installing: /home/gixstudent/Desktop/Final_lab/robotics_navigation/install/create_driver/share/ament_index/resource_index/packages/create_driver
[33.423s] -- Installing: /home/gixstudent/Desktop/Final_lab/robotics_navigation/install/create_driver/share/create_driver/cmake/create_driverConfig.cmake
[33.423s] -- Installing: /home/gixstudent/Desktop/Final_lab/robotics_navigation/install/create_driver/share/create_driver/cmake/create_driverConfig-version.cmake
[33.423s] -- Installing: /home/gixstudent/Desktop/Final_lab/robotics_navigation/install/create_driver/share/create_driver/package.xml
[33.425s] Invoked command in '/home/gixstudent/Desktop/Final_lab/robotics_navigation/build/create_driver' returned '0': AMENT_PREFIX_PATH=/home/gixstudent/Desktop/Final_lab/robotics_navigation/install/create_msgs:${AMENT_PREFIX_PATH} CMAKE_PREFIX_PATH=/home/gixstudent/Desktop/Final_lab/robotics_navigation/install/libcreate:/home/gixstudent/Desktop/Final_lab/robotics_navigation/install/create_msgs:/opt/ros/humble LD_LIBRARY_PATH=/home/gixstudent/Desktop/Final_lab/robotics_navigation/install/libcreate/lib:/home/gixstudent/Desktop/Final_lab/robotics_navigation/install/create_msgs/lib:/usr/lib/x86_64-linux-gnu/gazebo-11/plugins:/opt/ros/humble/opt/rviz_ogre_vendor/lib:/opt/ros/humble/lib/x86_64-linux-gnu:/opt/ros/humble/lib:/usr/share/gazebo/../../lib/x86_64-linux-gnu/gazebo-11/plugins PKG_CONFIG_PATH=/home/gixstudent/Desktop/Final_lab/robotics_navigation/install/libcreate/lib/x86_64-linux-gnu/pkgconfig:/home/gixstudent/Desktop/Final_lab/robotics_navigation/install/libcreate/lib/pkgconfig PYTHONPATH=/home/gixstudent/Desktop/Final_lab/robotics_navigation/install/create_msgs/local/lib/python3.10/dist-packages:${PYTHONPATH} /usr/bin/cmake --install /home/gixstudent/Desktop/Final_lab/robotics_navigation/build/create_driver
