[0.029s] Invoking command in '/home/gixstudent/Desktop/Final lab/robotics_navigation/build/turtlebot3_description': /usr/bin/cmake /home/gixstudent/Desktop/Final lab/robotics_navigation/src/turtlebot3/turtlebot3_description -DCMAKE_INSTALL_PREFIX=/home/gixstudent/Desktop/Final lab/robotics_navigation/install/turtlebot3_description
[0.439s] -- The C compiler identification is GNU 11.4.0
[0.615s] -- The CXX compiler identification is GNU 11.4.0
[0.627s] -- Detecting C compiler ABI info
[0.743s] -- Detecting C compiler ABI info - done
[0.760s] -- Check for working C compiler: /usr/bin/cc - skipped
[0.760s] -- Detecting C compile features
[0.761s] -- Detecting C compile features - done
[0.764s] -- Detecting CXX compiler ABI info
[0.926s] -- Detecting CXX compiler ABI info - done
[0.951s] -- Check for working CXX compiler: /usr/bin/c++ - skipped
[0.956s] -- Detecting CXX compile features
[0.956s] -- Detecting CXX compile features - done
[0.974s] [31mCMake Error at CMakeLists.txt:18 (find_package):
[0.974s]   By not providing "Findament_cmake.cmake" in CMAKE_MODULE_PATH this project
[0.974s]   has asked CMake to find a package configuration file provided by
[0.974s]   "ament_cmake", but CMake did not find one.
[0.974s] 
[0.974s]   Could not find a package configuration file provided by "ament_cmake" with
[0.974s]   any of the following names:
[0.974s] 
[0.974s]     ament_cmakeConfig.cmake
[0.974s]     ament_cmake-config.cmake
[0.974s] 
[0.975s]   Add the installation prefix of "ament_cmake" to CMAKE_PREFIX_PATH or set
[0.975s]   "ament_cmake_DIR" to a directory containing one of the above files.  If
[0.975s]   "ament_cmake" provides a separate development package or SDK, be sure it
[0.975s]   has been installed.
[0.975s] 
[0.975s] [0m
[0.975s] -- Configuring incomplete, errors occurred!
[0.975s] See also "/home/gixstudent/Desktop/Final lab/robotics_navigation/build/turtlebot3_description/CMakeFiles/CMakeOutput.log".
