[0.713s] Invoking command in '/home/gixstudent/Desktop/Final_lab/robotics_navigation/nav_ws/c8nav': PYTHONPATH=/home/gixstudent/Desktop/Final_lab/robotics_navigation/build/c8nav/prefix_override:/usr/lib/python3/dist-packages/colcon_core/task/python/colcon_distutils_commands:/home/gixstudent/Desktop/Final_lab/robotics_navigation/install/c8nav/lib/python3.10/site-packages:${PYTHONPATH} /usr/bin/python3 -W ignore:setup.py install is deprecated -W ignore:easy_install command is deprecated setup.py egg_info --egg-base ../../build/c8nav build --build-base /home/gixstudent/Desktop/Final_lab/robotics_navigation/build/c8nav/build install --record /home/gixstudent/Desktop/Final_lab/robotics_navigation/build/c8nav/install.log --single-version-externally-managed install_data
[0.977s] running egg_info
[0.978s] writing ../../build/c8nav/c8nav.egg-info/PKG-INFO
[0.978s] writing dependency_links to ../../build/c8nav/c8nav.egg-info/dependency_links.txt
[0.978s] writing entry points to ../../build/c8nav/c8nav.egg-info/entry_points.txt
[0.978s] writing requirements to ../../build/c8nav/c8nav.egg-info/requires.txt
[0.978s] writing top-level names to ../../build/c8nav/c8nav.egg-info/top_level.txt
[0.980s] reading manifest file '../../build/c8nav/c8nav.egg-info/SOURCES.txt'
[0.981s] writing manifest file '../../build/c8nav/c8nav.egg-info/SOURCES.txt'
[0.982s] running build
[0.982s] running build_py
[0.982s] running install
[0.983s] running install_lib
[0.984s] byte-compiling /home/gixstudent/Desktop/Final_lab/robotics_navigation/install/c8nav/lib/python3.10/site-packages/c8nav/get_goal.py to get_goal.cpython-310.pyc
[0.985s] byte-compiling /home/gixstudent/Desktop/Final_lab/robotics_navigation/install/c8nav/lib/python3.10/site-packages/c8nav/pose_estimate.py to pose_estimate.cpython-310.pyc
[0.986s] running install_data
[0.986s] running install_egg_info
[0.987s] removing '/home/gixstudent/Desktop/Final_lab/robotics_navigation/install/c8nav/lib/python3.10/site-packages/c8nav-0.0.0-py3.10.egg-info' (and everything under it)
[0.988s] Copying ../../build/c8nav/c8nav.egg-info to /home/gixstudent/Desktop/Final_lab/robotics_navigation/install/c8nav/lib/python3.10/site-packages/c8nav-0.0.0-py3.10.egg-info
[0.988s] running install_scripts
[1.009s] Installing get_goal script to /home/gixstudent/Desktop/Final_lab/robotics_navigation/install/c8nav/lib/c8nav
[1.009s] Installing save_current_pose script to /home/gixstudent/Desktop/Final_lab/robotics_navigation/install/c8nav/lib/c8nav
[1.009s] Installing send_goal script to /home/gixstudent/Desktop/Final_lab/robotics_navigation/install/c8nav/lib/c8nav
[1.009s] Installing send_goal_qr_code script to /home/gixstudent/Desktop/Final_lab/robotics_navigation/install/c8nav/lib/c8nav
[1.009s] writing list of installed files to '/home/gixstudent/Desktop/Final_lab/robotics_navigation/build/c8nav/install.log'
[1.038s] Invoked command in '/home/gixstudent/Desktop/Final_lab/robotics_navigation/nav_ws/c8nav' returned '0': PYTHONPATH=/home/gixstudent/Desktop/Final_lab/robotics_navigation/build/c8nav/prefix_override:/usr/lib/python3/dist-packages/colcon_core/task/python/colcon_distutils_commands:/home/gixstudent/Desktop/Final_lab/robotics_navigation/install/c8nav/lib/python3.10/site-packages:${PYTHONPATH} /usr/bin/python3 -W ignore:setup.py install is deprecated -W ignore:easy_install command is deprecated setup.py egg_info --egg-base ../../build/c8nav build --build-base /home/gixstudent/Desktop/Final_lab/robotics_navigation/build/c8nav/build install --record /home/gixstudent/Desktop/Final_lab/robotics_navigation/build/c8nav/install.log --single-version-externally-managed install_data
