[0.009s] Invoking command in '/home/gixadmin/robotics_navigation/turtlebot_ws/build/turtlebot3_bringup': AMENT_PREFIX_PATH=/home/gixadmin/robotics_navigation/turtlebot_ws/install/turtlebot3_node:/home/gixadmin/robotics_navigation/turtlebot_ws/install/turtlebot3_msgs:/home/gixadmin/robotics_navigation/turtlebot_ws/install/turtlebot3_description:${AMENT_PREFIX_PATH} CMAKE_PREFIX_PATH=/home/gixadmin/robotics_navigation/turtlebot_ws/install/turtlebot3_node:/home/gixadmin/robotics_navigation/turtlebot_ws/install/turtlebot3_msgs:/home/gixadmin/robotics_navigation/turtlebot_ws/install/turtlebot3_description:/opt/ros/humble LD_LIBRARY_PATH=/home/gixadmin/robotics_navigation/turtlebot_ws/install/turtlebot3_msgs/lib:/usr/lib/x86_64-linux-gnu/gazebo-11/plugins:/opt/ros/humble/opt/rviz_ogre_vendor/lib:/opt/ros/humble/lib/x86_64-linux-gnu:/opt/ros/humble/lib:/usr/share/gazebo/../../lib/x86_64-linux-gnu/gazebo-11/plugins PYTHONPATH=/home/gixadmin/robotics_navigation/turtlebot_ws/install/turtlebot3_msgs/local/lib/python3.10/dist-packages:${PYTHONPATH} /usr/bin/cmake /home/gixadmin/robotics_navigation/turtlebot_ws/src/turtlebot3/turtlebot3_bringup -DAMENT_CMAKE_SYMLINK_INSTALL=1 -DCMAKE_INSTALL_PREFIX=/home/gixadmin/robotics_navigation/turtlebot_ws/install/turtlebot3_bringup
[0.055s] -- The C compiler identification is GNU 11.4.0
[0.104s] -- The CXX compiler identification is GNU 11.4.0
[0.110s] -- Detecting C compiler ABI info
[0.168s] -- Detecting C compiler ABI info - done
[0.176s] -- Check for working C compiler: /usr/bin/cc - skipped
[0.176s] -- Detecting C compile features
[0.177s] -- Detecting C compile features - done
[0.180s] -- Detecting CXX compiler ABI info
[0.249s] -- Detecting CXX compiler ABI info - done
[0.256s] -- Check for working CXX compiler: /usr/bin/c++ - skipped
[0.256s] -- Detecting CXX compile features
[0.257s] -- Detecting CXX compile features - done
[0.259s] -- Found ament_cmake: 1.3.11 (/opt/ros/humble/share/ament_cmake/cmake)
[0.386s] -- Found Python3: /usr/bin/python3 (found version "3.10.12") found components: Interpreter 
[0.439s] -- Override CMake install command with custom implementation using symlinks instead of copying resources
[0.526s] -- Configuring done
[0.529s] -- Generating done
[0.531s] -- Build files have been written to: /home/gixadmin/robotics_navigation/turtlebot_ws/build/turtlebot3_bringup
[0.535s] Invoked command in '/home/gixadmin/robotics_navigation/turtlebot_ws/build/turtlebot3_bringup' returned '0': AMENT_PREFIX_PATH=/home/gixadmin/robotics_navigation/turtlebot_ws/install/turtlebot3_node:/home/gixadmin/robotics_navigation/turtlebot_ws/install/turtlebot3_msgs:/home/gixadmin/robotics_navigation/turtlebot_ws/install/turtlebot3_description:${AMENT_PREFIX_PATH} CMAKE_PREFIX_PATH=/home/gixadmin/robotics_navigation/turtlebot_ws/install/turtlebot3_node:/home/gixadmin/robotics_navigation/turtlebot_ws/install/turtlebot3_msgs:/home/gixadmin/robotics_navigation/turtlebot_ws/install/turtlebot3_description:/opt/ros/humble LD_LIBRARY_PATH=/home/gixadmin/robotics_navigation/turtlebot_ws/install/turtlebot3_msgs/lib:/usr/lib/x86_64-linux-gnu/gazebo-11/plugins:/opt/ros/humble/opt/rviz_ogre_vendor/lib:/opt/ros/humble/lib/x86_64-linux-gnu:/opt/ros/humble/lib:/usr/share/gazebo/../../lib/x86_64-linux-gnu/gazebo-11/plugins PYTHONPATH=/home/gixadmin/robotics_navigation/turtlebot_ws/install/turtlebot3_msgs/local/lib/python3.10/dist-packages:${PYTHONPATH} /usr/bin/cmake /home/gixadmin/robotics_navigation/turtlebot_ws/src/turtlebot3/turtlebot3_bringup -DAMENT_CMAKE_SYMLINK_INSTALL=1 -DCMAKE_INSTALL_PREFIX=/home/gixadmin/robotics_navigation/turtlebot_ws/install/turtlebot3_bringup
[0.537s] Invoking command in '/home/gixadmin/robotics_navigation/turtlebot_ws/build/turtlebot3_bringup': AMENT_PREFIX_PATH=/home/gixadmin/robotics_navigation/turtlebot_ws/install/turtlebot3_node:/home/gixadmin/robotics_navigation/turtlebot_ws/install/turtlebot3_msgs:/home/gixadmin/robotics_navigation/turtlebot_ws/install/turtlebot3_description:${AMENT_PREFIX_PATH} CMAKE_PREFIX_PATH=/home/gixadmin/robotics_navigation/turtlebot_ws/install/turtlebot3_node:/home/gixadmin/robotics_navigation/turtlebot_ws/install/turtlebot3_msgs:/home/gixadmin/robotics_navigation/turtlebot_ws/install/turtlebot3_description:/opt/ros/humble LD_LIBRARY_PATH=/home/gixadmin/robotics_navigation/turtlebot_ws/install/turtlebot3_msgs/lib:/usr/lib/x86_64-linux-gnu/gazebo-11/plugins:/opt/ros/humble/opt/rviz_ogre_vendor/lib:/opt/ros/humble/lib/x86_64-linux-gnu:/opt/ros/humble/lib:/usr/share/gazebo/../../lib/x86_64-linux-gnu/gazebo-11/plugins PYTHONPATH=/home/gixadmin/robotics_navigation/turtlebot_ws/install/turtlebot3_msgs/local/lib/python3.10/dist-packages:${PYTHONPATH} /usr/bin/cmake --build /home/gixadmin/robotics_navigation/turtlebot_ws/build/turtlebot3_bringup -- -j8 -l8
[0.567s] Invoked command in '/home/gixadmin/robotics_navigation/turtlebot_ws/build/turtlebot3_bringup' returned '0': AMENT_PREFIX_PATH=/home/gixadmin/robotics_navigation/turtlebot_ws/install/turtlebot3_node:/home/gixadmin/robotics_navigation/turtlebot_ws/install/turtlebot3_msgs:/home/gixadmin/robotics_navigation/turtlebot_ws/install/turtlebot3_description:${AMENT_PREFIX_PATH} CMAKE_PREFIX_PATH=/home/gixadmin/robotics_navigation/turtlebot_ws/install/turtlebot3_node:/home/gixadmin/robotics_navigation/turtlebot_ws/install/turtlebot3_msgs:/home/gixadmin/robotics_navigation/turtlebot_ws/install/turtlebot3_description:/opt/ros/humble LD_LIBRARY_PATH=/home/gixadmin/robotics_navigation/turtlebot_ws/install/turtlebot3_msgs/lib:/usr/lib/x86_64-linux-gnu/gazebo-11/plugins:/opt/ros/humble/opt/rviz_ogre_vendor/lib:/opt/ros/humble/lib/x86_64-linux-gnu:/opt/ros/humble/lib:/usr/share/gazebo/../../lib/x86_64-linux-gnu/gazebo-11/plugins PYTHONPATH=/home/gixadmin/robotics_navigation/turtlebot_ws/install/turtlebot3_msgs/local/lib/python3.10/dist-packages:${PYTHONPATH} /usr/bin/cmake --build /home/gixadmin/robotics_navigation/turtlebot_ws/build/turtlebot3_bringup -- -j8 -l8
[0.569s] Invoking command in '/home/gixadmin/robotics_navigation/turtlebot_ws/build/turtlebot3_bringup': AMENT_PREFIX_PATH=/home/gixadmin/robotics_navigation/turtlebot_ws/install/turtlebot3_node:/home/gixadmin/robotics_navigation/turtlebot_ws/install/turtlebot3_msgs:/home/gixadmin/robotics_navigation/turtlebot_ws/install/turtlebot3_description:${AMENT_PREFIX_PATH} CMAKE_PREFIX_PATH=/home/gixadmin/robotics_navigation/turtlebot_ws/install/turtlebot3_node:/home/gixadmin/robotics_navigation/turtlebot_ws/install/turtlebot3_msgs:/home/gixadmin/robotics_navigation/turtlebot_ws/install/turtlebot3_description:/opt/ros/humble LD_LIBRARY_PATH=/home/gixadmin/robotics_navigation/turtlebot_ws/install/turtlebot3_msgs/lib:/usr/lib/x86_64-linux-gnu/gazebo-11/plugins:/opt/ros/humble/opt/rviz_ogre_vendor/lib:/opt/ros/humble/lib/x86_64-linux-gnu:/opt/ros/humble/lib:/usr/share/gazebo/../../lib/x86_64-linux-gnu/gazebo-11/plugins PYTHONPATH=/home/gixadmin/robotics_navigation/turtlebot_ws/install/turtlebot3_msgs/local/lib/python3.10/dist-packages:${PYTHONPATH} /usr/bin/cmake --install /home/gixadmin/robotics_navigation/turtlebot_ws/build/turtlebot3_bringup
[0.575s] -- Install configuration: ""
[0.575s] -- Execute custom install script
[0.576s] -- Symlinking: /home/gixadmin/robotics_navigation/turtlebot_ws/install/turtlebot3_bringup/share/turtlebot3_bringup/launch/robot.launch.py
[0.584s] -- Symlinking: /home/gixadmin/robotics_navigation/turtlebot_ws/install/turtlebot3_bringup/share/turtlebot3_bringup/launch/rviz2.launch.py
[0.591s] -- Symlinking: /home/gixadmin/robotics_navigation/turtlebot_ws/install/turtlebot3_bringup/share/turtlebot3_bringup/launch/turtlebot3_state_publisher.launch.py
[0.598s] -- Symlinking: /home/gixadmin/robotics_navigation/turtlebot_ws/install/turtlebot3_bringup/share/turtlebot3_bringup/param/burger.yaml
[0.605s] -- Symlinking: /home/gixadmin/robotics_navigation/turtlebot_ws/install/turtlebot3_bringup/share/turtlebot3_bringup/param/waffle.yaml
[0.612s] -- Symlinking: /home/gixadmin/robotics_navigation/turtlebot_ws/install/turtlebot3_bringup/share/turtlebot3_bringup/param/waffle_pi.yaml
[0.620s] -- Symlinking: /home/gixadmin/robotics_navigation/turtlebot_ws/install/turtlebot3_bringup/share/turtlebot3_bringup/script/99-turtlebot3-cdc.rules
[0.627s] -- Symlinking: /home/gixadmin/robotics_navigation/turtlebot_ws/install/turtlebot3_bringup/share/turtlebot3_bringup/script/create_udev_rules
[0.635s] -- Symlinking: /home/gixadmin/robotics_navigation/turtlebot_ws/install/turtlebot3_bringup/share/ament_index/resource_index/package_run_dependencies/turtlebot3_bringup
[0.643s] -- Symlinking: /home/gixadmin/robotics_navigation/turtlebot_ws/install/turtlebot3_bringup/share/ament_index/resource_index/parent_prefix_path/turtlebot3_bringup
[0.651s] -- Symlinking: /home/gixadmin/robotics_navigation/turtlebot_ws/install/turtlebot3_bringup/share/turtlebot3_bringup/environment/ament_prefix_path.sh
[0.658s] -- Symlinking: /home/gixadmin/robotics_navigation/turtlebot_ws/install/turtlebot3_bringup/share/turtlebot3_bringup/environment/ament_prefix_path.dsv
[0.665s] -- Symlinking: /home/gixadmin/robotics_navigation/turtlebot_ws/install/turtlebot3_bringup/share/turtlebot3_bringup/environment/path.sh
[0.673s] -- Symlinking: /home/gixadmin/robotics_navigation/turtlebot_ws/install/turtlebot3_bringup/share/turtlebot3_bringup/environment/path.dsv
[0.681s] -- Symlinking: /home/gixadmin/robotics_navigation/turtlebot_ws/install/turtlebot3_bringup/share/turtlebot3_bringup/local_setup.bash
[0.688s] -- Symlinking: /home/gixadmin/robotics_navigation/turtlebot_ws/install/turtlebot3_bringup/share/turtlebot3_bringup/local_setup.sh
[0.695s] -- Symlinking: /home/gixadmin/robotics_navigation/turtlebot_ws/install/turtlebot3_bringup/share/turtlebot3_bringup/local_setup.zsh
[0.703s] -- Symlinking: /home/gixadmin/robotics_navigation/turtlebot_ws/install/turtlebot3_bringup/share/turtlebot3_bringup/local_setup.dsv
[0.710s] -- Symlinking: /home/gixadmin/robotics_navigation/turtlebot_ws/install/turtlebot3_bringup/share/turtlebot3_bringup/package.dsv
[0.717s] -- Symlinking: /home/gixadmin/robotics_navigation/turtlebot_ws/install/turtlebot3_bringup/share/ament_index/resource_index/packages/turtlebot3_bringup
[0.724s] -- Symlinking: /home/gixadmin/robotics_navigation/turtlebot_ws/install/turtlebot3_bringup/share/turtlebot3_bringup/cmake/turtlebot3_bringupConfig.cmake
[0.731s] -- Symlinking: /home/gixadmin/robotics_navigation/turtlebot_ws/install/turtlebot3_bringup/share/turtlebot3_bringup/cmake/turtlebot3_bringupConfig-version.cmake
[0.739s] -- Symlinking: /home/gixadmin/robotics_navigation/turtlebot_ws/install/turtlebot3_bringup/share/turtlebot3_bringup/package.xml
[0.748s] Invoked command in '/home/gixadmin/robotics_navigation/turtlebot_ws/build/turtlebot3_bringup' returned '0': AMENT_PREFIX_PATH=/home/gixadmin/robotics_navigation/turtlebot_ws/install/turtlebot3_node:/home/gixadmin/robotics_navigation/turtlebot_ws/install/turtlebot3_msgs:/home/gixadmin/robotics_navigation/turtlebot_ws/install/turtlebot3_description:${AMENT_PREFIX_PATH} CMAKE_PREFIX_PATH=/home/gixadmin/robotics_navigation/turtlebot_ws/install/turtlebot3_node:/home/gixadmin/robotics_navigation/turtlebot_ws/install/turtlebot3_msgs:/home/gixadmin/robotics_navigation/turtlebot_ws/install/turtlebot3_description:/opt/ros/humble LD_LIBRARY_PATH=/home/gixadmin/robotics_navigation/turtlebot_ws/install/turtlebot3_msgs/lib:/usr/lib/x86_64-linux-gnu/gazebo-11/plugins:/opt/ros/humble/opt/rviz_ogre_vendor/lib:/opt/ros/humble/lib/x86_64-linux-gnu:/opt/ros/humble/lib:/usr/share/gazebo/../../lib/x86_64-linux-gnu/gazebo-11/plugins PYTHONPATH=/home/gixadmin/robotics_navigation/turtlebot_ws/install/turtlebot3_msgs/local/lib/python3.10/dist-packages:${PYTHONPATH} /usr/bin/cmake --install /home/gixadmin/robotics_navigation/turtlebot_ws/build/turtlebot3_bringup
