[0.952s] Invoking command in '/home/gixstudent/Desktop/Final lab/robotics_navigation/src/turtlebot3/turtlebot3_teleop': PYTHONPATH=/home/gixstudent/Desktop/Final lab/robotics_navigation/build/turtlebot3_teleop/prefix_override:/usr/lib/python3/dist-packages/colcon_core/task/python/colcon_distutils_commands:/home/gixstudent/Desktop/Final lab/robotics_navigation/install/turtlebot3_teleop/lib/python3.10/site-packages: /usr/bin/python3 -W ignore:setup.py install is deprecated -W ignore:easy_install command is deprecated setup.py egg_info --egg-base ../../../build/turtlebot3_teleop build --build-base /home/gixstudent/Desktop/Final lab/robotics_navigation/build/turtlebot3_teleop/build install --record /home/gixstudent/Desktop/Final lab/robotics_navigation/build/turtlebot3_teleop/install.log --single-version-externally-managed install_data
[1.137s] running egg_info
[1.138s] creating ../../../build/turtlebot3_teleop/turtlebot3_teleop.egg-info
[1.138s] writing ../../../build/turtlebot3_teleop/turtlebot3_teleop.egg-info/PKG-INFO
[1.138s] writing dependency_links to ../../../build/turtlebot3_teleop/turtlebot3_teleop.egg-info/dependency_links.txt
[1.138s] writing entry points to ../../../build/turtlebot3_teleop/turtlebot3_teleop.egg-info/entry_points.txt
[1.138s] writing requirements to ../../../build/turtlebot3_teleop/turtlebot3_teleop.egg-info/requires.txt
[1.138s] writing top-level names to ../../../build/turtlebot3_teleop/turtlebot3_teleop.egg-info/top_level.txt
[1.138s] writing manifest file '../../../build/turtlebot3_teleop/turtlebot3_teleop.egg-info/SOURCES.txt'
[1.140s] reading manifest file '../../../build/turtlebot3_teleop/turtlebot3_teleop.egg-info/SOURCES.txt'
[1.140s] writing manifest file '../../../build/turtlebot3_teleop/turtlebot3_teleop.egg-info/SOURCES.txt'
[1.141s] running build
[1.141s] running build_py
[1.141s] creating /home/gixstudent/Desktop/Final lab/robotics_navigation/build/turtlebot3_teleop/build
[1.141s] creating /home/gixstudent/Desktop/Final lab/robotics_navigation/build/turtlebot3_teleop/build/lib
[1.141s] creating /home/gixstudent/Desktop/Final lab/robotics_navigation/build/turtlebot3_teleop/build/lib/turtlebot3_teleop
[1.141s] copying turtlebot3_teleop/__init__.py -> /home/gixstudent/Desktop/Final lab/robotics_navigation/build/turtlebot3_teleop/build/lib/turtlebot3_teleop
[1.141s] creating /home/gixstudent/Desktop/Final lab/robotics_navigation/build/turtlebot3_teleop/build/lib/turtlebot3_teleop/script
[1.141s] copying turtlebot3_teleop/script/__init__.py -> /home/gixstudent/Desktop/Final lab/robotics_navigation/build/turtlebot3_teleop/build/lib/turtlebot3_teleop/script
[1.141s] copying turtlebot3_teleop/script/teleop_keyboard.py -> /home/gixstudent/Desktop/Final lab/robotics_navigation/build/turtlebot3_teleop/build/lib/turtlebot3_teleop/script
[1.141s] running install
[1.141s] running install_lib
[1.142s] creating /home/gixstudent/Desktop/Final lab/robotics_navigation/install/turtlebot3_teleop/lib/python3.10/site-packages/turtlebot3_teleop
[1.142s] copying /home/gixstudent/Desktop/Final lab/robotics_navigation/build/turtlebot3_teleop/build/lib/turtlebot3_teleop/__init__.py -> /home/gixstudent/Desktop/Final lab/robotics_navigation/install/turtlebot3_teleop/lib/python3.10/site-packages/turtlebot3_teleop
[1.142s] creating /home/gixstudent/Desktop/Final lab/robotics_navigation/install/turtlebot3_teleop/lib/python3.10/site-packages/turtlebot3_teleop/script
[1.142s] copying /home/gixstudent/Desktop/Final lab/robotics_navigation/build/turtlebot3_teleop/build/lib/turtlebot3_teleop/script/__init__.py -> /home/gixstudent/Desktop/Final lab/robotics_navigation/install/turtlebot3_teleop/lib/python3.10/site-packages/turtlebot3_teleop/script
[1.142s] copying /home/gixstudent/Desktop/Final lab/robotics_navigation/build/turtlebot3_teleop/build/lib/turtlebot3_teleop/script/teleop_keyboard.py -> /home/gixstudent/Desktop/Final lab/robotics_navigation/install/turtlebot3_teleop/lib/python3.10/site-packages/turtlebot3_teleop/script
[1.143s] byte-compiling /home/gixstudent/Desktop/Final lab/robotics_navigation/install/turtlebot3_teleop/lib/python3.10/site-packages/turtlebot3_teleop/__init__.py to __init__.cpython-310.pyc
[1.143s] byte-compiling /home/gixstudent/Desktop/Final lab/robotics_navigation/install/turtlebot3_teleop/lib/python3.10/site-packages/turtlebot3_teleop/script/__init__.py to __init__.cpython-310.pyc
[1.143s] byte-compiling /home/gixstudent/Desktop/Final lab/robotics_navigation/install/turtlebot3_teleop/lib/python3.10/site-packages/turtlebot3_teleop/script/teleop_keyboard.py to teleop_keyboard.cpython-310.pyc
[1.144s] running install_data
[1.145s] creating /home/gixstudent/Desktop/Final lab/robotics_navigation/install/turtlebot3_teleop/share/ament_index
[1.145s] creating /home/gixstudent/Desktop/Final lab/robotics_navigation/install/turtlebot3_teleop/share/ament_index/resource_index
[1.145s] creating /home/gixstudent/Desktop/Final lab/robotics_navigation/install/turtlebot3_teleop/share/ament_index/resource_index/packages
[1.145s] copying resource/turtlebot3_teleop -> /home/gixstudent/Desktop/Final lab/robotics_navigation/install/turtlebot3_teleop/share/ament_index/resource_index/packages
[1.145s] copying package.xml -> /home/gixstudent/Desktop/Final lab/robotics_navigation/install/turtlebot3_teleop/share/turtlebot3_teleop
[1.145s] running install_egg_info
[1.146s] Copying ../../../build/turtlebot3_teleop/turtlebot3_teleop.egg-info to /home/gixstudent/Desktop/Final lab/robotics_navigation/install/turtlebot3_teleop/lib/python3.10/site-packages/turtlebot3_teleop-2.1.5-py3.10.egg-info
[1.147s] running install_scripts
[1.164s] Installing teleop_keyboard script to /home/gixstudent/Desktop/Final lab/robotics_navigation/install/turtlebot3_teleop/lib/turtlebot3_teleop
[1.164s] writing list of installed files to '/home/gixstudent/Desktop/Final lab/robotics_navigation/build/turtlebot3_teleop/install.log'
