[0.475s] Invoking command in '/home/gixstudent/Desktop/Final_lab/robotics_navigation/build/turtlebot3_fake_node': AMENT_PREFIX_PATH=/home/gixstudent/Desktop/Final_lab/robotics_navigation/install/turtlebot3_msgs:${AMENT_PREFIX_PATH} CMAKE_PREFIX_PATH=/home/gixstudent/Desktop/Final_lab/robotics_navigation/install/turtlebot3_msgs:/opt/ros/humble LD_LIBRARY_PATH=/home/gixstudent/Desktop/Final_lab/robotics_navigation/install/turtlebot3_msgs/lib:/usr/lib/x86_64-linux-gnu/gazebo-11/plugins:/opt/ros/humble/opt/rviz_ogre_vendor/lib:/opt/ros/humble/lib/x86_64-linux-gnu:/opt/ros/humble/lib:/usr/share/gazebo/../../lib/x86_64-linux-gnu/gazebo-11/plugins:/usr/share/gazebo/../../lib/x86_64-linux-gnu/gazebo-11/plugins:/usr/share/gazebo/../../lib/x86_64-linux-gnu/gazebo-11/plugins PYTHONPATH=/home/gixstudent/Desktop/Final_lab/robotics_navigation/install/turtlebot3_msgs/local/lib/python3.10/dist-packages:${PYTHONPATH} /usr/bin/cmake --build /home/gixstudent/Desktop/Final_lab/robotics_navigation/build/turtlebot3_fake_node -- -j8 -l8
[0.585s] [100%] Built target turtlebot3_fake_node
[0.630s] Invoked command in '/home/gixstudent/Desktop/Final_lab/robotics_navigation/build/turtlebot3_fake_node' returned '0': AMENT_PREFIX_PATH=/home/gixstudent/Desktop/Final_lab/robotics_navigation/install/turtlebot3_msgs:${AMENT_PREFIX_PATH} CMAKE_PREFIX_PATH=/home/gixstudent/Desktop/Final_lab/robotics_navigation/install/turtlebot3_msgs:/opt/ros/humble LD_LIBRARY_PATH=/home/gixstudent/Desktop/Final_lab/robotics_navigation/install/turtlebot3_msgs/lib:/usr/lib/x86_64-linux-gnu/gazebo-11/plugins:/opt/ros/humble/opt/rviz_ogre_vendor/lib:/opt/ros/humble/lib/x86_64-linux-gnu:/opt/ros/humble/lib:/usr/share/gazebo/../../lib/x86_64-linux-gnu/gazebo-11/plugins:/usr/share/gazebo/../../lib/x86_64-linux-gnu/gazebo-11/plugins:/usr/share/gazebo/../../lib/x86_64-linux-gnu/gazebo-11/plugins PYTHONPATH=/home/gixstudent/Desktop/Final_lab/robotics_navigation/install/turtlebot3_msgs/local/lib/python3.10/dist-packages:${PYTHONPATH} /usr/bin/cmake --build /home/gixstudent/Desktop/Final_lab/robotics_navigation/build/turtlebot3_fake_node -- -j8 -l8
[0.643s] Invoking command in '/home/gixstudent/Desktop/Final_lab/robotics_navigation/build/turtlebot3_fake_node': AMENT_PREFIX_PATH=/home/gixstudent/Desktop/Final_lab/robotics_navigation/install/turtlebot3_msgs:${AMENT_PREFIX_PATH} CMAKE_PREFIX_PATH=/home/gixstudent/Desktop/Final_lab/robotics_navigation/install/turtlebot3_msgs:/opt/ros/humble LD_LIBRARY_PATH=/home/gixstudent/Desktop/Final_lab/robotics_navigation/install/turtlebot3_msgs/lib:/usr/lib/x86_64-linux-gnu/gazebo-11/plugins:/opt/ros/humble/opt/rviz_ogre_vendor/lib:/opt/ros/humble/lib/x86_64-linux-gnu:/opt/ros/humble/lib:/usr/share/gazebo/../../lib/x86_64-linux-gnu/gazebo-11/plugins:/usr/share/gazebo/../../lib/x86_64-linux-gnu/gazebo-11/plugins:/usr/share/gazebo/../../lib/x86_64-linux-gnu/gazebo-11/plugins PYTHONPATH=/home/gixstudent/Desktop/Final_lab/robotics_navigation/install/turtlebot3_msgs/local/lib/python3.10/dist-packages:${PYTHONPATH} /usr/bin/cmake --install /home/gixstudent/Desktop/Final_lab/robotics_navigation/build/turtlebot3_fake_node
[0.662s] -- Install configuration: ""
[0.664s] -- Execute custom install script
[0.665s] -- Up-to-date symlink: /home/gixstudent/Desktop/Final_lab/robotics_navigation/install/turtlebot3_fake_node/lib/turtlebot3_fake_node/turtlebot3_fake_node
[0.665s] -- Up-to-date symlink: /home/gixstudent/Desktop/Final_lab/robotics_navigation/install/turtlebot3_fake_node/share/turtlebot3_fake_node/launch/rviz2.launch.py
[0.666s] -- Up-to-date symlink: /home/gixstudent/Desktop/Final_lab/robotics_navigation/install/turtlebot3_fake_node/share/turtlebot3_fake_node/launch/turtlebot3_fake_node.launch.py
[0.666s] -- Up-to-date symlink: /home/gixstudent/Desktop/Final_lab/robotics_navigation/install/turtlebot3_fake_node/share/turtlebot3_fake_node/param/burger.yaml
[0.667s] -- Up-to-date symlink: /home/gixstudent/Desktop/Final_lab/robotics_navigation/install/turtlebot3_fake_node/share/turtlebot3_fake_node/param/waffle.yaml
[0.667s] -- Up-to-date symlink: /home/gixstudent/Desktop/Final_lab/robotics_navigation/install/turtlebot3_fake_node/share/turtlebot3_fake_node/param/waffle_pi.yaml
[0.669s] -- Up-to-date symlink: /home/gixstudent/Desktop/Final_lab/robotics_navigation/install/turtlebot3_fake_node/include//turtlebot3_fake_node/turtlebot3_fake_node.hpp
[0.669s] -- Up-to-date symlink: /home/gixstudent/Desktop/Final_lab/robotics_navigation/install/turtlebot3_fake_node/share/ament_index/resource_index/package_run_dependencies/turtlebot3_fake_node
[0.671s] -- Up-to-date symlink: /home/gixstudent/Desktop/Final_lab/robotics_navigation/install/turtlebot3_fake_node/share/ament_index/resource_index/parent_prefix_path/turtlebot3_fake_node
[0.672s] -- Up-to-date symlink: /home/gixstudent/Desktop/Final_lab/robotics_navigation/install/turtlebot3_fake_node/share/turtlebot3_fake_node/environment/ament_prefix_path.sh
[0.672s] -- Up-to-date symlink: /home/gixstudent/Desktop/Final_lab/robotics_navigation/install/turtlebot3_fake_node/share/turtlebot3_fake_node/environment/ament_prefix_path.dsv
[0.673s] -- Up-to-date symlink: /home/gixstudent/Desktop/Final_lab/robotics_navigation/install/turtlebot3_fake_node/share/turtlebot3_fake_node/environment/path.sh
[0.677s] -- Up-to-date symlink: /home/gixstudent/Desktop/Final_lab/robotics_navigation/install/turtlebot3_fake_node/share/turtlebot3_fake_node/environment/path.dsv
[0.677s] -- Up-to-date symlink: /home/gixstudent/Desktop/Final_lab/robotics_navigation/install/turtlebot3_fake_node/share/turtlebot3_fake_node/local_setup.bash
[0.678s] -- Up-to-date symlink: /home/gixstudent/Desktop/Final_lab/robotics_navigation/install/turtlebot3_fake_node/share/turtlebot3_fake_node/local_setup.sh
[0.678s] -- Up-to-date symlink: /home/gixstudent/Desktop/Final_lab/robotics_navigation/install/turtlebot3_fake_node/share/turtlebot3_fake_node/local_setup.zsh
[0.678s] -- Up-to-date symlink: /home/gixstudent/Desktop/Final_lab/robotics_navigation/install/turtlebot3_fake_node/share/turtlebot3_fake_node/local_setup.dsv
[0.678s] -- Symlinking: /home/gixstudent/Desktop/Final_lab/robotics_navigation/install/turtlebot3_fake_node/share/turtlebot3_fake_node/package.dsv
[0.698s] -- Up-to-date symlink: /home/gixstudent/Desktop/Final_lab/robotics_navigation/install/turtlebot3_fake_node/share/ament_index/resource_index/packages/turtlebot3_fake_node
[0.701s] -- Up-to-date symlink: /home/gixstudent/Desktop/Final_lab/robotics_navigation/install/turtlebot3_fake_node/share/turtlebot3_fake_node/cmake/ament_cmake_export_include_directories-extras.cmake
[0.701s] -- Up-to-date symlink: /home/gixstudent/Desktop/Final_lab/robotics_navigation/install/turtlebot3_fake_node/share/turtlebot3_fake_node/cmake/ament_cmake_export_dependencies-extras.cmake
[0.701s] -- Up-to-date symlink: /home/gixstudent/Desktop/Final_lab/robotics_navigation/install/turtlebot3_fake_node/share/turtlebot3_fake_node/cmake/turtlebot3_fake_nodeConfig.cmake
[0.701s] -- Up-to-date symlink: /home/gixstudent/Desktop/Final_lab/robotics_navigation/install/turtlebot3_fake_node/share/turtlebot3_fake_node/cmake/turtlebot3_fake_nodeConfig-version.cmake
[0.701s] -- Up-to-date symlink: /home/gixstudent/Desktop/Final_lab/robotics_navigation/install/turtlebot3_fake_node/share/turtlebot3_fake_node/package.xml
[0.706s] Invoked command in '/home/gixstudent/Desktop/Final_lab/robotics_navigation/build/turtlebot3_fake_node' returned '0': AMENT_PREFIX_PATH=/home/gixstudent/Desktop/Final_lab/robotics_navigation/install/turtlebot3_msgs:${AMENT_PREFIX_PATH} CMAKE_PREFIX_PATH=/home/gixstudent/Desktop/Final_lab/robotics_navigation/install/turtlebot3_msgs:/opt/ros/humble LD_LIBRARY_PATH=/home/gixstudent/Desktop/Final_lab/robotics_navigation/install/turtlebot3_msgs/lib:/usr/lib/x86_64-linux-gnu/gazebo-11/plugins:/opt/ros/humble/opt/rviz_ogre_vendor/lib:/opt/ros/humble/lib/x86_64-linux-gnu:/opt/ros/humble/lib:/usr/share/gazebo/../../lib/x86_64-linux-gnu/gazebo-11/plugins:/usr/share/gazebo/../../lib/x86_64-linux-gnu/gazebo-11/plugins:/usr/share/gazebo/../../lib/x86_64-linux-gnu/gazebo-11/plugins PYTHONPATH=/home/gixstudent/Desktop/Final_lab/robotics_navigation/install/turtlebot3_msgs/local/lib/python3.10/dist-packages:${PYTHONPATH} /usr/bin/cmake --install /home/gixstudent/Desktop/Final_lab/robotics_navigation/build/turtlebot3_fake_node
