[1.302s] Invoking command in '/home/gixadmin/robotics_navigation/turtlebot_ws/build/turtlebot3_teleop': PYTHONPATH=/home/gixadmin/robotics_navigation/turtlebot_ws/build/turtlebot3_teleop/prefix_override:/usr/lib/python3/dist-packages/colcon_core/task/python/colcon_distutils_commands:/home/gixadmin/robotics_navigation/turtlebot_ws/install/turtlebot3_teleop/lib/python3.10/site-packages:${PYTHONPATH} /usr/bin/python3 -W ignore:setup.py install is deprecated -W ignore:easy_install command is deprecated setup.py develop --editable --build-directory /home/gixadmin/robotics_navigation/turtlebot_ws/build/turtlebot3_teleop/build --no-deps symlink_data
[1.796s] running develop
[2.021s] running egg_info
[2.021s] creating turtlebot3_teleop.egg-info
[2.021s] writing turtlebot3_teleop.egg-info/PKG-INFO
[2.021s] writing dependency_links to turtlebot3_teleop.egg-info/dependency_links.txt
[2.021s] writing entry points to turtlebot3_teleop.egg-info/entry_points.txt
[2.021s] writing requirements to turtlebot3_teleop.egg-info/requires.txt
[2.022s] writing top-level names to turtlebot3_teleop.egg-info/top_level.txt
[2.022s] writing manifest file 'turtlebot3_teleop.egg-info/SOURCES.txt'
[2.024s] reading manifest file 'turtlebot3_teleop.egg-info/SOURCES.txt'
[2.025s] writing manifest file 'turtlebot3_teleop.egg-info/SOURCES.txt'
[2.026s] running build_ext
[2.026s] Creating /home/gixadmin/robotics_navigation/turtlebot_ws/install/turtlebot3_teleop/lib/python3.10/site-packages/turtlebot3-teleop.egg-link (link to .)
[2.027s] Installing teleop_keyboard script to /home/gixadmin/robotics_navigation/turtlebot_ws/install/turtlebot3_teleop/lib/turtlebot3_teleop
[2.027s] 
[2.027s] Installed /home/gixadmin/robotics_navigation/turtlebot_ws/build/turtlebot3_teleop
[2.028s] running symlink_data
[2.028s] creating /home/gixadmin/robotics_navigation/turtlebot_ws/install/turtlebot3_teleop/share/ament_index
[2.028s] creating /home/gixadmin/robotics_navigation/turtlebot_ws/install/turtlebot3_teleop/share/ament_index/resource_index
[2.028s] creating /home/gixadmin/robotics_navigation/turtlebot_ws/install/turtlebot3_teleop/share/ament_index/resource_index/packages
[2.028s] symbolically linking /home/gixadmin/robotics_navigation/turtlebot_ws/build/turtlebot3_teleop/resource/turtlebot3_teleop -> /home/gixadmin/robotics_navigation/turtlebot_ws/install/turtlebot3_teleop/share/ament_index/resource_index/packages
[2.028s] symbolically linking /home/gixadmin/robotics_navigation/turtlebot_ws/build/turtlebot3_teleop/package.xml -> /home/gixadmin/robotics_navigation/turtlebot_ws/install/turtlebot3_teleop/share/turtlebot3_teleop
[2.063s] Invoked command in '/home/gixadmin/robotics_navigation/turtlebot_ws/build/turtlebot3_teleop' returned '0': PYTHONPATH=/home/gixadmin/robotics_navigation/turtlebot_ws/build/turtlebot3_teleop/prefix_override:/usr/lib/python3/dist-packages/colcon_core/task/python/colcon_distutils_commands:/home/gixadmin/robotics_navigation/turtlebot_ws/install/turtlebot3_teleop/lib/python3.10/site-packages:${PYTHONPATH} /usr/bin/python3 -W ignore:setup.py install is deprecated -W ignore:easy_install command is deprecated setup.py develop --editable --build-directory /home/gixadmin/robotics_navigation/turtlebot_ws/build/turtlebot3_teleop/build --no-deps symlink_data
