[0.013s] Invoking command in '/home/gixstudent/Desktop/Final lab/robotics_navigation/build/turtlebot3_simulations': AMENT_PREFIX_PATH=/home/gixstudent/Desktop/Final lab/robotics_navigation/install/turtlebot3_fake_node:/home/gixstudent/Desktop/Final lab/robotics_navigation/install/turtlebot3_msgs:/home/gixstudent/Desktop/Final lab/robotics_navigation/install/turtlebot3_gazebo:${AMENT_PREFIX_PATH} CMAKE_PREFIX_PATH=/home/gixstudent/Desktop/Final lab/robotics_navigation/install/turtlebot3_fake_node:/home/gixstudent/Desktop/Final lab/robotics_navigation/install/turtlebot3_msgs:/home/gixstudent/Desktop/Final lab/robotics_navigation/install/turtlebot3_gazebo:/opt/ros/humble LD_LIBRARY_PATH=/home/gixstudent/Desktop/Final lab/robotics_navigation/install/turtlebot3_msgs/lib:${LD_LIBRARY_PATH} PYTHONPATH=/home/gixstudent/Desktop/Final lab/robotics_navigation/install/turtlebot3_msgs/local/lib/python3.10/dist-packages:${PYTHONPATH} /usr/bin/cmake /home/gixstudent/Desktop/Final lab/robotics_navigation/src/turtlebot3_simulations/turtlebot3_simulations -DCMAKE_INSTALL_PREFIX=/home/gixstudent/Desktop/Final lab/robotics_navigation/install/turtlebot3_simulations
[0.081s] -- The C compiler identification is GNU 11.4.0
[0.153s] -- The CXX compiler identification is GNU 11.4.0
[0.162s] -- Detecting C compiler ABI info
[0.249s] -- Detecting C compiler ABI info - done
[0.267s] -- Check for working C compiler: /usr/bin/cc - skipped
[0.267s] -- Detecting C compile features
[0.268s] -- Detecting C compile features - done
[0.274s] -- Detecting CXX compiler ABI info
[0.377s] -- Detecting CXX compiler ABI info - done
[0.390s] -- Check for working CXX compiler: /usr/bin/c++ - skipped
[0.390s] -- Detecting CXX compile features
[0.391s] -- Detecting CXX compile features - done
[0.394s] -- Found ament_cmake: 1.3.11 (/opt/ros/humble/share/ament_cmake/cmake)
[0.596s] -- Found Python3: /usr/bin/python3 (found version "3.10.12") found components: Interpreter 
[0.821s] -- Configuring done
[0.824s] -- Generating done
[0.826s] -- Build files have been written to: /home/gixstudent/Desktop/Final lab/robotics_navigation/build/turtlebot3_simulations
[0.831s] Invoked command in '/home/gixstudent/Desktop/Final lab/robotics_navigation/build/turtlebot3_simulations' returned '0': AMENT_PREFIX_PATH=/home/gixstudent/Desktop/Final lab/robotics_navigation/install/turtlebot3_fake_node:/home/gixstudent/Desktop/Final lab/robotics_navigation/install/turtlebot3_msgs:/home/gixstudent/Desktop/Final lab/robotics_navigation/install/turtlebot3_gazebo:${AMENT_PREFIX_PATH} CMAKE_PREFIX_PATH=/home/gixstudent/Desktop/Final lab/robotics_navigation/install/turtlebot3_fake_node:/home/gixstudent/Desktop/Final lab/robotics_navigation/install/turtlebot3_msgs:/home/gixstudent/Desktop/Final lab/robotics_navigation/install/turtlebot3_gazebo:/opt/ros/humble LD_LIBRARY_PATH=/home/gixstudent/Desktop/Final lab/robotics_navigation/install/turtlebot3_msgs/lib:${LD_LIBRARY_PATH} PYTHONPATH=/home/gixstudent/Desktop/Final lab/robotics_navigation/install/turtlebot3_msgs/local/lib/python3.10/dist-packages:${PYTHONPATH} /usr/bin/cmake /home/gixstudent/Desktop/Final lab/robotics_navigation/src/turtlebot3_simulations/turtlebot3_simulations -DCMAKE_INSTALL_PREFIX=/home/gixstudent/Desktop/Final lab/robotics_navigation/install/turtlebot3_simulations
[0.834s] Invoking command in '/home/gixstudent/Desktop/Final lab/robotics_navigation/build/turtlebot3_simulations': AMENT_PREFIX_PATH=/home/gixstudent/Desktop/Final lab/robotics_navigation/install/turtlebot3_fake_node:/home/gixstudent/Desktop/Final lab/robotics_navigation/install/turtlebot3_msgs:/home/gixstudent/Desktop/Final lab/robotics_navigation/install/turtlebot3_gazebo:${AMENT_PREFIX_PATH} CMAKE_PREFIX_PATH=/home/gixstudent/Desktop/Final lab/robotics_navigation/install/turtlebot3_fake_node:/home/gixstudent/Desktop/Final lab/robotics_navigation/install/turtlebot3_msgs:/home/gixstudent/Desktop/Final lab/robotics_navigation/install/turtlebot3_gazebo:/opt/ros/humble LD_LIBRARY_PATH=/home/gixstudent/Desktop/Final lab/robotics_navigation/install/turtlebot3_msgs/lib:${LD_LIBRARY_PATH} PYTHONPATH=/home/gixstudent/Desktop/Final lab/robotics_navigation/install/turtlebot3_msgs/local/lib/python3.10/dist-packages:${PYTHONPATH} /usr/bin/cmake --build /home/gixstudent/Desktop/Final lab/robotics_navigation/build/turtlebot3_simulations -- -j8 -l8
[0.881s] Invoked command in '/home/gixstudent/Desktop/Final lab/robotics_navigation/build/turtlebot3_simulations' returned '0': AMENT_PREFIX_PATH=/home/gixstudent/Desktop/Final lab/robotics_navigation/install/turtlebot3_fake_node:/home/gixstudent/Desktop/Final lab/robotics_navigation/install/turtlebot3_msgs:/home/gixstudent/Desktop/Final lab/robotics_navigation/install/turtlebot3_gazebo:${AMENT_PREFIX_PATH} CMAKE_PREFIX_PATH=/home/gixstudent/Desktop/Final lab/robotics_navigation/install/turtlebot3_fake_node:/home/gixstudent/Desktop/Final lab/robotics_navigation/install/turtlebot3_msgs:/home/gixstudent/Desktop/Final lab/robotics_navigation/install/turtlebot3_gazebo:/opt/ros/humble LD_LIBRARY_PATH=/home/gixstudent/Desktop/Final lab/robotics_navigation/install/turtlebot3_msgs/lib:${LD_LIBRARY_PATH} PYTHONPATH=/home/gixstudent/Desktop/Final lab/robotics_navigation/install/turtlebot3_msgs/local/lib/python3.10/dist-packages:${PYTHONPATH} /usr/bin/cmake --build /home/gixstudent/Desktop/Final lab/robotics_navigation/build/turtlebot3_simulations -- -j8 -l8
[0.883s] Invoking command in '/home/gixstudent/Desktop/Final lab/robotics_navigation/build/turtlebot3_simulations': AMENT_PREFIX_PATH=/home/gixstudent/Desktop/Final lab/robotics_navigation/install/turtlebot3_fake_node:/home/gixstudent/Desktop/Final lab/robotics_navigation/install/turtlebot3_msgs:/home/gixstudent/Desktop/Final lab/robotics_navigation/install/turtlebot3_gazebo:${AMENT_PREFIX_PATH} CMAKE_PREFIX_PATH=/home/gixstudent/Desktop/Final lab/robotics_navigation/install/turtlebot3_fake_node:/home/gixstudent/Desktop/Final lab/robotics_navigation/install/turtlebot3_msgs:/home/gixstudent/Desktop/Final lab/robotics_navigation/install/turtlebot3_gazebo:/opt/ros/humble LD_LIBRARY_PATH=/home/gixstudent/Desktop/Final lab/robotics_navigation/install/turtlebot3_msgs/lib:${LD_LIBRARY_PATH} PYTHONPATH=/home/gixstudent/Desktop/Final lab/robotics_navigation/install/turtlebot3_msgs/local/lib/python3.10/dist-packages:${PYTHONPATH} /usr/bin/cmake --install /home/gixstudent/Desktop/Final lab/robotics_navigation/build/turtlebot3_simulations
[0.892s] -- Install configuration: ""
[0.892s] -- Installing: /home/gixstudent/Desktop/Final lab/robotics_navigation/install/turtlebot3_simulations/share/ament_index/resource_index/package_run_dependencies/turtlebot3_simulations
[0.892s] -- Installing: /home/gixstudent/Desktop/Final lab/robotics_navigation/install/turtlebot3_simulations/share/ament_index/resource_index/parent_prefix_path/turtlebot3_simulations
[0.892s] -- Installing: /home/gixstudent/Desktop/Final lab/robotics_navigation/install/turtlebot3_simulations/share/turtlebot3_simulations/environment/ament_prefix_path.sh
[0.893s] -- Installing: /home/gixstudent/Desktop/Final lab/robotics_navigation/install/turtlebot3_simulations/share/turtlebot3_simulations/environment/ament_prefix_path.dsv
[0.893s] -- Installing: /home/gixstudent/Desktop/Final lab/robotics_navigation/install/turtlebot3_simulations/share/turtlebot3_simulations/environment/path.sh
[0.893s] -- Installing: /home/gixstudent/Desktop/Final lab/robotics_navigation/install/turtlebot3_simulations/share/turtlebot3_simulations/environment/path.dsv
[0.893s] -- Installing: /home/gixstudent/Desktop/Final lab/robotics_navigation/install/turtlebot3_simulations/share/turtlebot3_simulations/local_setup.bash
[0.894s] -- Installing: /home/gixstudent/Desktop/Final lab/robotics_navigation/install/turtlebot3_simulations/share/turtlebot3_simulations/local_setup.sh
[0.894s] -- Installing: /home/gixstudent/Desktop/Final lab/robotics_navigation/install/turtlebot3_simulations/share/turtlebot3_simulations/local_setup.zsh
[0.894s] -- Installing: /home/gixstudent/Desktop/Final lab/robotics_navigation/install/turtlebot3_simulations/share/turtlebot3_simulations/local_setup.dsv
[0.894s] -- Installing: /home/gixstudent/Desktop/Final lab/robotics_navigation/install/turtlebot3_simulations/share/turtlebot3_simulations/package.dsv
[0.895s] -- Installing: /home/gixstudent/Desktop/Final lab/robotics_navigation/install/turtlebot3_simulations/share/ament_index/resource_index/packages/turtlebot3_simulations
[0.895s] -- Installing: /home/gixstudent/Desktop/Final lab/robotics_navigation/install/turtlebot3_simulations/share/turtlebot3_simulations/cmake/turtlebot3_simulationsConfig.cmake
[0.895s] -- Installing: /home/gixstudent/Desktop/Final lab/robotics_navigation/install/turtlebot3_simulations/share/turtlebot3_simulations/cmake/turtlebot3_simulationsConfig-version.cmake
[0.895s] -- Installing: /home/gixstudent/Desktop/Final lab/robotics_navigation/install/turtlebot3_simulations/share/turtlebot3_simulations/package.xml
[0.898s] Invoked command in '/home/gixstudent/Desktop/Final lab/robotics_navigation/build/turtlebot3_simulations' returned '0': AMENT_PREFIX_PATH=/home/gixstudent/Desktop/Final lab/robotics_navigation/install/turtlebot3_fake_node:/home/gixstudent/Desktop/Final lab/robotics_navigation/install/turtlebot3_msgs:/home/gixstudent/Desktop/Final lab/robotics_navigation/install/turtlebot3_gazebo:${AMENT_PREFIX_PATH} CMAKE_PREFIX_PATH=/home/gixstudent/Desktop/Final lab/robotics_navigation/install/turtlebot3_fake_node:/home/gixstudent/Desktop/Final lab/robotics_navigation/install/turtlebot3_msgs:/home/gixstudent/Desktop/Final lab/robotics_navigation/install/turtlebot3_gazebo:/opt/ros/humble LD_LIBRARY_PATH=/home/gixstudent/Desktop/Final lab/robotics_navigation/install/turtlebot3_msgs/lib:${LD_LIBRARY_PATH} PYTHONPATH=/home/gixstudent/Desktop/Final lab/robotics_navigation/install/turtlebot3_msgs/local/lib/python3.10/dist-packages:${PYTHONPATH} /usr/bin/cmake --install /home/gixstudent/Desktop/Final lab/robotics_navigation/build/turtlebot3_simulations
