running develop
running egg_info
creating c8nav.egg-info
writing c8nav.egg-info/PKG-INFO
writing dependency_links to c8nav.egg-info/dependency_links.txt
writing entry points to c8nav.egg-info/entry_points.txt
writing requirements to c8nav.egg-info/requires.txt
writing top-level names to c8nav.egg-info/top_level.txt
writing manifest file 'c8nav.egg-info/SOURCES.txt'
reading manifest file 'c8nav.egg-info/SOURCES.txt'
writing manifest file 'c8nav.egg-info/SOURCES.txt'
running build_ext
Creating /home/gixstudent/Desktop/Final_lab/robotics_navigation/install/c8nav/lib/python3.10/site-packages/c8nav.egg-link (link to .)
Installing get_goal script to /home/gixstudent/Desktop/Final_lab/robotics_navigation/install/c8nav/lib/c8nav
Installing save_current_pose script to /home/gixstudent/Desktop/Final_lab/robotics_navigation/install/c8nav/lib/c8nav
Installing send_goal script to /home/gixstudent/Desktop/Final_lab/robotics_navigation/install/c8nav/lib/c8nav

Installed /home/gixstudent/Desktop/Final_lab/robotics_navigation/build/c8nav
running symlink_data
creating /home/gixstudent/Desktop/Final_lab/robotics_navigation/install/c8nav/share/ament_index
creating /home/gixstudent/Desktop/Final_lab/robotics_navigation/install/c8nav/share/ament_index/resource_index
creating /home/gixstudent/Desktop/Final_lab/robotics_navigation/install/c8nav/share/ament_index/resource_index/packages
symbolically linking /home/gixstudent/Desktop/Final_lab/robotics_navigation/build/c8nav/resource/c8nav -> /home/gixstudent/Desktop/Final_lab/robotics_navigation/install/c8nav/share/ament_index/resource_index/packages
symbolically linking /home/gixstudent/Desktop/Final_lab/robotics_navigation/build/c8nav/package.xml -> /home/gixstudent/Desktop/Final_lab/robotics_navigation/install/c8nav/share/c8nav
