[2.809s] Invoking command in '/home/gixstudent/Desktop/Final_lab/robotics_navigation/build/c8nav': PYTHONPATH=/home/gixstudent/Desktop/Final_lab/robotics_navigation/build/c8nav/prefix_override:/usr/lib/python3/dist-packages/colcon_core/task/python/colcon_distutils_commands:/home/gixstudent/Desktop/Final_lab/robotics_navigation/install/c8nav/lib/python3.10/site-packages:${PYTHONPATH} /usr/bin/python3 -W ignore:setup.py install is deprecated -W ignore:easy_install command is deprecated setup.py develop --editable --build-directory /home/gixstudent/Desktop/Final_lab/robotics_navigation/build/c8nav/build --no-deps symlink_data
[3.352s] running develop
[3.795s] running egg_info
[3.795s] creating c8nav.egg-info
[3.796s] writing c8nav.egg-info/PKG-INFO
[3.796s] writing dependency_links to c8nav.egg-info/dependency_links.txt
[3.797s] writing entry points to c8nav.egg-info/entry_points.txt
[3.798s] writing requirements to c8nav.egg-info/requires.txt
[3.798s] writing top-level names to c8nav.egg-info/top_level.txt
[3.798s] writing manifest file 'c8nav.egg-info/SOURCES.txt'
[3.803s] reading manifest file 'c8nav.egg-info/SOURCES.txt'
[3.804s] writing manifest file 'c8nav.egg-info/SOURCES.txt'
[3.808s] running build_ext
[3.808s] Creating /home/gixstudent/Desktop/Final_lab/robotics_navigation/install/c8nav/lib/python3.10/site-packages/c8nav.egg-link (link to .)
[3.810s] Installing get_goal script to /home/gixstudent/Desktop/Final_lab/robotics_navigation/install/c8nav/lib/c8nav
[3.811s] Installing save_current_pose script to /home/gixstudent/Desktop/Final_lab/robotics_navigation/install/c8nav/lib/c8nav
[3.811s] Installing send_goal script to /home/gixstudent/Desktop/Final_lab/robotics_navigation/install/c8nav/lib/c8nav
[3.812s] 
[3.812s] Installed /home/gixstudent/Desktop/Final_lab/robotics_navigation/build/c8nav
[3.813s] running symlink_data
[3.813s] creating /home/gixstudent/Desktop/Final_lab/robotics_navigation/install/c8nav/share/ament_index
[3.813s] creating /home/gixstudent/Desktop/Final_lab/robotics_navigation/install/c8nav/share/ament_index/resource_index
[3.813s] creating /home/gixstudent/Desktop/Final_lab/robotics_navigation/install/c8nav/share/ament_index/resource_index/packages
[3.814s] symbolically linking /home/gixstudent/Desktop/Final_lab/robotics_navigation/build/c8nav/resource/c8nav -> /home/gixstudent/Desktop/Final_lab/robotics_navigation/install/c8nav/share/ament_index/resource_index/packages
[3.814s] symbolically linking /home/gixstudent/Desktop/Final_lab/robotics_navigation/build/c8nav/package.xml -> /home/gixstudent/Desktop/Final_lab/robotics_navigation/install/c8nav/share/c8nav
[3.885s] Invoked command in '/home/gixstudent/Desktop/Final_lab/robotics_navigation/build/c8nav' returned '0': PYTHONPATH=/home/gixstudent/Desktop/Final_lab/robotics_navigation/build/c8nav/prefix_override:/usr/lib/python3/dist-packages/colcon_core/task/python/colcon_distutils_commands:/home/gixstudent/Desktop/Final_lab/robotics_navigation/install/c8nav/lib/python3.10/site-packages:${PYTHONPATH} /usr/bin/python3 -W ignore:setup.py install is deprecated -W ignore:easy_install command is deprecated setup.py develop --editable --build-directory /home/gixstudent/Desktop/Final_lab/robotics_navigation/build/c8nav/build --no-deps symlink_data
