[0.011s] Invoking command in '/home/gixstudent/Desktop/Final_lab/robotics_navigation/build/create_bringup': AMENT_PREFIX_PATH=/home/gixstudent/Desktop/Final_lab/robotics_navigation/install/create_driver:/home/gixstudent/Desktop/Final_lab/robotics_navigation/install/create_msgs:/home/gixstudent/Desktop/Final_lab/robotics_navigation/install/create_description:${AMENT_PREFIX_PATH} CMAKE_PREFIX_PATH=/home/gixstudent/Desktop/Final_lab/robotics_navigation/install/create_driver:/home/gixstudent/Desktop/Final_lab/robotics_navigation/install/libcreate:/home/gixstudent/Desktop/Final_lab/robotics_navigation/install/create_msgs:/home/gixstudent/Desktop/Final_lab/robotics_navigation/install/create_description:/opt/ros/humble LD_LIBRARY_PATH=/home/gixstudent/Desktop/Final_lab/robotics_navigation/install/libcreate/lib:/home/gixstudent/Desktop/Final_lab/robotics_navigation/install/create_msgs/lib:/usr/lib/x86_64-linux-gnu/gazebo-11/plugins:/opt/ros/humble/opt/rviz_ogre_vendor/lib:/opt/ros/humble/lib/x86_64-linux-gnu:/opt/ros/humble/lib:/usr/share/gazebo/../../lib/x86_64-linux-gnu/gazebo-11/plugins PKG_CONFIG_PATH=/home/gixstudent/Desktop/Final_lab/robotics_navigation/install/libcreate/lib/x86_64-linux-gnu/pkgconfig:/home/gixstudent/Desktop/Final_lab/robotics_navigation/install/libcreate/lib/pkgconfig PYTHONPATH=/home/gixstudent/Desktop/Final_lab/robotics_navigation/install/create_msgs/local/lib/python3.10/dist-packages:${PYTHONPATH} /usr/bin/cmake /home/gixstudent/Desktop/Final_lab/robotics_navigation/src/create_robot/create_bringup -DCMAKE_INSTALL_PREFIX=/home/gixstudent/Desktop/Final_lab/robotics_navigation/install/create_bringup
[0.058s] -- The C compiler identification is GNU 11.4.0
[0.108s] -- The CXX compiler identification is GNU 11.4.0
[0.114s] -- Detecting C compiler ABI info
[0.176s] -- Detecting C compiler ABI info - done
[0.183s] -- Check for working C compiler: /usr/bin/cc - skipped
[0.183s] -- Detecting C compile features
[0.183s] -- Detecting C compile features - done
[0.186s] -- Detecting CXX compiler ABI info
[0.257s] -- Detecting CXX compiler ABI info - done
[0.264s] -- Check for working CXX compiler: /usr/bin/c++ - skipped
[0.264s] -- Detecting CXX compile features
[0.264s] -- Detecting CXX compile features - done
[0.267s] -- Found ament_cmake: 1.3.11 (/opt/ros/humble/share/ament_cmake/cmake)
[0.400s] -- Found Python3: /usr/bin/python3 (found version "3.10.12") found components: Interpreter 
[0.537s] -- Configuring done
[0.539s] -- Generating done
[0.541s] -- Build files have been written to: /home/gixstudent/Desktop/Final_lab/robotics_navigation/build/create_bringup
[0.545s] Invoked command in '/home/gixstudent/Desktop/Final_lab/robotics_navigation/build/create_bringup' returned '0': AMENT_PREFIX_PATH=/home/gixstudent/Desktop/Final_lab/robotics_navigation/install/create_driver:/home/gixstudent/Desktop/Final_lab/robotics_navigation/install/create_msgs:/home/gixstudent/Desktop/Final_lab/robotics_navigation/install/create_description:${AMENT_PREFIX_PATH} CMAKE_PREFIX_PATH=/home/gixstudent/Desktop/Final_lab/robotics_navigation/install/create_driver:/home/gixstudent/Desktop/Final_lab/robotics_navigation/install/libcreate:/home/gixstudent/Desktop/Final_lab/robotics_navigation/install/create_msgs:/home/gixstudent/Desktop/Final_lab/robotics_navigation/install/create_description:/opt/ros/humble LD_LIBRARY_PATH=/home/gixstudent/Desktop/Final_lab/robotics_navigation/install/libcreate/lib:/home/gixstudent/Desktop/Final_lab/robotics_navigation/install/create_msgs/lib:/usr/lib/x86_64-linux-gnu/gazebo-11/plugins:/opt/ros/humble/opt/rviz_ogre_vendor/lib:/opt/ros/humble/lib/x86_64-linux-gnu:/opt/ros/humble/lib:/usr/share/gazebo/../../lib/x86_64-linux-gnu/gazebo-11/plugins PKG_CONFIG_PATH=/home/gixstudent/Desktop/Final_lab/robotics_navigation/install/libcreate/lib/x86_64-linux-gnu/pkgconfig:/home/gixstudent/Desktop/Final_lab/robotics_navigation/install/libcreate/lib/pkgconfig PYTHONPATH=/home/gixstudent/Desktop/Final_lab/robotics_navigation/install/create_msgs/local/lib/python3.10/dist-packages:${PYTHONPATH} /usr/bin/cmake /home/gixstudent/Desktop/Final_lab/robotics_navigation/src/create_robot/create_bringup -DCMAKE_INSTALL_PREFIX=/home/gixstudent/Desktop/Final_lab/robotics_navigation/install/create_bringup
[0.546s] Invoking command in '/home/gixstudent/Desktop/Final_lab/robotics_navigation/build/create_bringup': AMENT_PREFIX_PATH=/home/gixstudent/Desktop/Final_lab/robotics_navigation/install/create_driver:/home/gixstudent/Desktop/Final_lab/robotics_navigation/install/create_msgs:/home/gixstudent/Desktop/Final_lab/robotics_navigation/install/create_description:${AMENT_PREFIX_PATH} CMAKE_PREFIX_PATH=/home/gixstudent/Desktop/Final_lab/robotics_navigation/install/create_driver:/home/gixstudent/Desktop/Final_lab/robotics_navigation/install/libcreate:/home/gixstudent/Desktop/Final_lab/robotics_navigation/install/create_msgs:/home/gixstudent/Desktop/Final_lab/robotics_navigation/install/create_description:/opt/ros/humble LD_LIBRARY_PATH=/home/gixstudent/Desktop/Final_lab/robotics_navigation/install/libcreate/lib:/home/gixstudent/Desktop/Final_lab/robotics_navigation/install/create_msgs/lib:/usr/lib/x86_64-linux-gnu/gazebo-11/plugins:/opt/ros/humble/opt/rviz_ogre_vendor/lib:/opt/ros/humble/lib/x86_64-linux-gnu:/opt/ros/humble/lib:/usr/share/gazebo/../../lib/x86_64-linux-gnu/gazebo-11/plugins PKG_CONFIG_PATH=/home/gixstudent/Desktop/Final_lab/robotics_navigation/install/libcreate/lib/x86_64-linux-gnu/pkgconfig:/home/gixstudent/Desktop/Final_lab/robotics_navigation/install/libcreate/lib/pkgconfig PYTHONPATH=/home/gixstudent/Desktop/Final_lab/robotics_navigation/install/create_msgs/local/lib/python3.10/dist-packages:${PYTHONPATH} /usr/bin/cmake --build /home/gixstudent/Desktop/Final_lab/robotics_navigation/build/create_bringup -- -j8 -l8
[0.580s] Invoked command in '/home/gixstudent/Desktop/Final_lab/robotics_navigation/build/create_bringup' returned '0': AMENT_PREFIX_PATH=/home/gixstudent/Desktop/Final_lab/robotics_navigation/install/create_driver:/home/gixstudent/Desktop/Final_lab/robotics_navigation/install/create_msgs:/home/gixstudent/Desktop/Final_lab/robotics_navigation/install/create_description:${AMENT_PREFIX_PATH} CMAKE_PREFIX_PATH=/home/gixstudent/Desktop/Final_lab/robotics_navigation/install/create_driver:/home/gixstudent/Desktop/Final_lab/robotics_navigation/install/libcreate:/home/gixstudent/Desktop/Final_lab/robotics_navigation/install/create_msgs:/home/gixstudent/Desktop/Final_lab/robotics_navigation/install/create_description:/opt/ros/humble LD_LIBRARY_PATH=/home/gixstudent/Desktop/Final_lab/robotics_navigation/install/libcreate/lib:/home/gixstudent/Desktop/Final_lab/robotics_navigation/install/create_msgs/lib:/usr/lib/x86_64-linux-gnu/gazebo-11/plugins:/opt/ros/humble/opt/rviz_ogre_vendor/lib:/opt/ros/humble/lib/x86_64-linux-gnu:/opt/ros/humble/lib:/usr/share/gazebo/../../lib/x86_64-linux-gnu/gazebo-11/plugins PKG_CONFIG_PATH=/home/gixstudent/Desktop/Final_lab/robotics_navigation/install/libcreate/lib/x86_64-linux-gnu/pkgconfig:/home/gixstudent/Desktop/Final_lab/robotics_navigation/install/libcreate/lib/pkgconfig PYTHONPATH=/home/gixstudent/Desktop/Final_lab/robotics_navigation/install/create_msgs/local/lib/python3.10/dist-packages:${PYTHONPATH} /usr/bin/cmake --build /home/gixstudent/Desktop/Final_lab/robotics_navigation/build/create_bringup -- -j8 -l8
[0.582s] Invoking command in '/home/gixstudent/Desktop/Final_lab/robotics_navigation/build/create_bringup': AMENT_PREFIX_PATH=/home/gixstudent/Desktop/Final_lab/robotics_navigation/install/create_driver:/home/gixstudent/Desktop/Final_lab/robotics_navigation/install/create_msgs:/home/gixstudent/Desktop/Final_lab/robotics_navigation/install/create_description:${AMENT_PREFIX_PATH} CMAKE_PREFIX_PATH=/home/gixstudent/Desktop/Final_lab/robotics_navigation/install/create_driver:/home/gixstudent/Desktop/Final_lab/robotics_navigation/install/libcreate:/home/gixstudent/Desktop/Final_lab/robotics_navigation/install/create_msgs:/home/gixstudent/Desktop/Final_lab/robotics_navigation/install/create_description:/opt/ros/humble LD_LIBRARY_PATH=/home/gixstudent/Desktop/Final_lab/robotics_navigation/install/libcreate/lib:/home/gixstudent/Desktop/Final_lab/robotics_navigation/install/create_msgs/lib:/usr/lib/x86_64-linux-gnu/gazebo-11/plugins:/opt/ros/humble/opt/rviz_ogre_vendor/lib:/opt/ros/humble/lib/x86_64-linux-gnu:/opt/ros/humble/lib:/usr/share/gazebo/../../lib/x86_64-linux-gnu/gazebo-11/plugins PKG_CONFIG_PATH=/home/gixstudent/Desktop/Final_lab/robotics_navigation/install/libcreate/lib/x86_64-linux-gnu/pkgconfig:/home/gixstudent/Desktop/Final_lab/robotics_navigation/install/libcreate/lib/pkgconfig PYTHONPATH=/home/gixstudent/Desktop/Final_lab/robotics_navigation/install/create_msgs/local/lib/python3.10/dist-packages:${PYTHONPATH} /usr/bin/cmake --install /home/gixstudent/Desktop/Final_lab/robotics_navigation/build/create_bringup
[0.588s] -- Install configuration: ""
[0.588s] -- Installing: /home/gixstudent/Desktop/Final_lab/robotics_navigation/install/create_bringup/share/create_bringup/config
[0.588s] -- Installing: /home/gixstudent/Desktop/Final_lab/robotics_navigation/install/create_bringup/share/create_bringup/config/dualshock4.yaml
[0.589s] -- Installing: /home/gixstudent/Desktop/Final_lab/robotics_navigation/install/create_bringup/share/create_bringup/config/default.yaml
[0.589s] -- Installing: /home/gixstudent/Desktop/Final_lab/robotics_navigation/install/create_bringup/share/create_bringup/config/log710.yaml
[0.589s] -- Installing: /home/gixstudent/Desktop/Final_lab/robotics_navigation/install/create_bringup/share/create_bringup/config/xbox360.yaml
[0.589s] -- Installing: /home/gixstudent/Desktop/Final_lab/robotics_navigation/install/create_bringup/share/create_bringup/launch
[0.589s] -- Installing: /home/gixstudent/Desktop/Final_lab/robotics_navigation/install/create_bringup/share/create_bringup/launch/create_1.launch
[0.589s] -- Installing: /home/gixstudent/Desktop/Final_lab/robotics_navigation/install/create_bringup/share/create_bringup/launch/joy_teleop.launch
[0.589s] -- Installing: /home/gixstudent/Desktop/Final_lab/robotics_navigation/install/create_bringup/share/create_bringup/launch/roomba_400.launch
[0.589s] -- Installing: /home/gixstudent/Desktop/Final_lab/robotics_navigation/install/create_bringup/share/create_bringup/launch/create_2.launch
[0.589s] -- Installing: /home/gixstudent/Desktop/Final_lab/robotics_navigation/install/create_bringup/share/ament_index/resource_index/package_run_dependencies/create_bringup
[0.590s] -- Installing: /home/gixstudent/Desktop/Final_lab/robotics_navigation/install/create_bringup/share/ament_index/resource_index/parent_prefix_path/create_bringup
[0.590s] -- Installing: /home/gixstudent/Desktop/Final_lab/robotics_navigation/install/create_bringup/share/create_bringup/environment/ament_prefix_path.sh
[0.590s] -- Installing: /home/gixstudent/Desktop/Final_lab/robotics_navigation/install/create_bringup/share/create_bringup/environment/ament_prefix_path.dsv
[0.590s] -- Installing: /home/gixstudent/Desktop/Final_lab/robotics_navigation/install/create_bringup/share/create_bringup/environment/path.sh
[0.590s] -- Installing: /home/gixstudent/Desktop/Final_lab/robotics_navigation/install/create_bringup/share/create_bringup/environment/path.dsv
[0.590s] -- Installing: /home/gixstudent/Desktop/Final_lab/robotics_navigation/install/create_bringup/share/create_bringup/local_setup.bash
[0.590s] -- Installing: /home/gixstudent/Desktop/Final_lab/robotics_navigation/install/create_bringup/share/create_bringup/local_setup.sh
[0.591s] -- Installing: /home/gixstudent/Desktop/Final_lab/robotics_navigation/install/create_bringup/share/create_bringup/local_setup.zsh
[0.591s] -- Installing: /home/gixstudent/Desktop/Final_lab/robotics_navigation/install/create_bringup/share/create_bringup/local_setup.dsv
[0.591s] -- Installing: /home/gixstudent/Desktop/Final_lab/robotics_navigation/install/create_bringup/share/create_bringup/package.dsv
[0.591s] -- Installing: /home/gixstudent/Desktop/Final_lab/robotics_navigation/install/create_bringup/share/ament_index/resource_index/packages/create_bringup
[0.591s] -- Installing: /home/gixstudent/Desktop/Final_lab/robotics_navigation/install/create_bringup/share/create_bringup/cmake/create_bringupConfig.cmake
[0.591s] -- Installing: /home/gixstudent/Desktop/Final_lab/robotics_navigation/install/create_bringup/share/create_bringup/cmake/create_bringupConfig-version.cmake
[0.592s] -- Installing: /home/gixstudent/Desktop/Final_lab/robotics_navigation/install/create_bringup/share/create_bringup/package.xml
[0.594s] Invoked command in '/home/gixstudent/Desktop/Final_lab/robotics_navigation/build/create_bringup' returned '0': AMENT_PREFIX_PATH=/home/gixstudent/Desktop/Final_lab/robotics_navigation/install/create_driver:/home/gixstudent/Desktop/Final_lab/robotics_navigation/install/create_msgs:/home/gixstudent/Desktop/Final_lab/robotics_navigation/install/create_description:${AMENT_PREFIX_PATH} CMAKE_PREFIX_PATH=/home/gixstudent/Desktop/Final_lab/robotics_navigation/install/create_driver:/home/gixstudent/Desktop/Final_lab/robotics_navigation/install/libcreate:/home/gixstudent/Desktop/Final_lab/robotics_navigation/install/create_msgs:/home/gixstudent/Desktop/Final_lab/robotics_navigation/install/create_description:/opt/ros/humble LD_LIBRARY_PATH=/home/gixstudent/Desktop/Final_lab/robotics_navigation/install/libcreate/lib:/home/gixstudent/Desktop/Final_lab/robotics_navigation/install/create_msgs/lib:/usr/lib/x86_64-linux-gnu/gazebo-11/plugins:/opt/ros/humble/opt/rviz_ogre_vendor/lib:/opt/ros/humble/lib/x86_64-linux-gnu:/opt/ros/humble/lib:/usr/share/gazebo/../../lib/x86_64-linux-gnu/gazebo-11/plugins PKG_CONFIG_PATH=/home/gixstudent/Desktop/Final_lab/robotics_navigation/install/libcreate/lib/x86_64-linux-gnu/pkgconfig:/home/gixstudent/Desktop/Final_lab/robotics_navigation/install/libcreate/lib/pkgconfig PYTHONPATH=/home/gixstudent/Desktop/Final_lab/robotics_navigation/install/create_msgs/local/lib/python3.10/dist-packages:${PYTHONPATH} /usr/bin/cmake --install /home/gixstudent/Desktop/Final_lab/robotics_navigation/build/create_bringup
