[0.030s] Invoking command in '/home/gixstudent/Desktop/Final lab/robotics_navigation/build/turtlebot3_msgs': CMAKE_PREFIX_PATH=/opt/ros/humble /usr/bin/cmake --build /home/gixstudent/Desktop/Final lab/robotics_navigation/build/turtlebot3_msgs -- -j8 -l8
[0.107s] [35m[1mConsolidate compiler generated dependencies of target turtlebot3_msgs__rosidl_generator_c[0m
[0.129s] [  1%] Built target turtlebot3_msgs__cpp
[0.131s] [ 12%] Built target turtlebot3_msgs__rosidl_generator_c
[0.156s] [35m[1mConsolidate compiler generated dependencies of target turtlebot3_msgs__rosidl_typesupport_fastrtps_c[0m
[0.156s] [ 12%] Built target ament_cmake_python_copy_turtlebot3_msgs
[0.167s] [35m[1mConsolidate compiler generated dependencies of target turtlebot3_msgs__rosidl_typesupport_c[0m
[0.168s] [35m[1mConsolidate compiler generated dependencies of target turtlebot3_msgs__rosidl_typesupport_introspection_c[0m
[0.172s] [35m[1mConsolidate compiler generated dependencies of target turtlebot3_msgs__rosidl_typesupport_introspection_cpp[0m
[0.187s] [35m[1mConsolidate compiler generated dependencies of target turtlebot3_msgs__rosidl_typesupport_cpp[0m
[0.193s] [35m[1mConsolidate compiler generated dependencies of target turtlebot3_msgs__rosidl_typesupport_fastrtps_cpp[0m
[0.202s] [ 23%] Built target turtlebot3_msgs__rosidl_typesupport_c
[0.211s] [ 35%] Built target turtlebot3_msgs__rosidl_typesupport_fastrtps_c
[0.214s] [ 46%] Built target turtlebot3_msgs__rosidl_typesupport_introspection_cpp
[0.215s] [ 69%] Built target turtlebot3_msgs__rosidl_typesupport_cpp
[0.215s] [ 69%] Built target turtlebot3_msgs__rosidl_typesupport_introspection_c
[0.225s] [ 80%] Built target turtlebot3_msgs__rosidl_typesupport_fastrtps_cpp
[0.247s] [ 80%] Built target turtlebot3_msgs
[0.268s] [ 81%] Built target turtlebot3_msgs__py
[0.279s] [35m[1mConsolidate compiler generated dependencies of target turtlebot3_msgs__rosidl_generator_py[0m
[0.296s] [ 91%] Built target turtlebot3_msgs__rosidl_generator_py
[0.308s] [35m[1mConsolidate compiler generated dependencies of target turtlebot3_msgs__rosidl_typesupport_c__pyext[0m
[0.308s] [35m[1mConsolidate compiler generated dependencies of target turtlebot3_msgs__rosidl_typesupport_introspection_c__pyext[0m
[0.312s] [35m[1mConsolidate compiler generated dependencies of target turtlebot3_msgs__rosidl_typesupport_fastrtps_c__pyext[0m
[0.325s] [ 94%] Built target turtlebot3_msgs__rosidl_typesupport_c__pyext
[0.325s] [ 97%] Built target turtlebot3_msgs__rosidl_typesupport_introspection_c__pyext
[0.333s] [100%] Built target turtlebot3_msgs__rosidl_typesupport_fastrtps_c__pyext
[0.517s] running egg_info
[0.517s] writing turtlebot3_msgs.egg-info/PKG-INFO
[0.517s] writing dependency_links to turtlebot3_msgs.egg-info/dependency_links.txt
[0.517s] writing top-level names to turtlebot3_msgs.egg-info/top_level.txt
[0.517s] reading manifest file 'turtlebot3_msgs.egg-info/SOURCES.txt'
[0.517s] writing manifest file 'turtlebot3_msgs.egg-info/SOURCES.txt'
[0.553s] [100%] Built target ament_cmake_python_build_turtlebot3_msgs_egg
[0.583s] Invoked command in '/home/gixstudent/Desktop/Final lab/robotics_navigation/build/turtlebot3_msgs' returned '0': CMAKE_PREFIX_PATH=/opt/ros/humble /usr/bin/cmake --build /home/gixstudent/Desktop/Final lab/robotics_navigation/build/turtlebot3_msgs -- -j8 -l8
[0.584s] Invoking command in '/home/gixstudent/Desktop/Final lab/robotics_navigation/build/turtlebot3_msgs': CMAKE_PREFIX_PATH=/opt/ros/humble /usr/bin/cmake --install /home/gixstudent/Desktop/Final lab/robotics_navigation/build/turtlebot3_msgs
[0.595s] -- Install configuration: ""
[0.595s] -- Up-to-date: /home/gixstudent/Desktop/Final lab/robotics_navigation/install/turtlebot3_msgs/share/ament_index/resource_index/rosidl_interfaces/turtlebot3_msgs
[0.595s] -- Up-to-date: /home/gixstudent/Desktop/Final lab/robotics_navigation/install/turtlebot3_msgs/include/turtlebot3_msgs/turtlebot3_msgs
[0.595s] -- Up-to-date: /home/gixstudent/Desktop/Final lab/robotics_navigation/install/turtlebot3_msgs/include/turtlebot3_msgs/turtlebot3_msgs/action
[0.595s] -- Up-to-date: /home/gixstudent/Desktop/Final lab/robotics_navigation/install/turtlebot3_msgs/include/turtlebot3_msgs/turtlebot3_msgs/action/detail
[0.595s] -- Up-to-date: /home/gixstudent/Desktop/Final lab/robotics_navigation/install/turtlebot3_msgs/include/turtlebot3_msgs/turtlebot3_msgs/action/detail/patrol__struct.h
[0.595s] -- Up-to-date: /home/gixstudent/Desktop/Final lab/robotics_navigation/install/turtlebot3_msgs/include/turtlebot3_msgs/turtlebot3_msgs/action/detail/patrol__functions.h
[0.596s] -- Up-to-date: /home/gixstudent/Desktop/Final lab/robotics_navigation/install/turtlebot3_msgs/include/turtlebot3_msgs/turtlebot3_msgs/action/detail/patrol__type_support.h
[0.596s] -- Up-to-date: /home/gixstudent/Desktop/Final lab/robotics_navigation/install/turtlebot3_msgs/include/turtlebot3_msgs/turtlebot3_msgs/action/detail/patrol__functions.c
[0.596s] -- Up-to-date: /home/gixstudent/Desktop/Final lab/robotics_navigation/install/turtlebot3_msgs/include/turtlebot3_msgs/turtlebot3_msgs/action/patrol.h
[0.596s] -- Up-to-date: /home/gixstudent/Desktop/Final lab/robotics_navigation/install/turtlebot3_msgs/include/turtlebot3_msgs/turtlebot3_msgs/msg
[0.596s] -- Up-to-date: /home/gixstudent/Desktop/Final lab/robotics_navigation/install/turtlebot3_msgs/include/turtlebot3_msgs/turtlebot3_msgs/msg/sound.h
[0.596s] -- Up-to-date: /home/gixstudent/Desktop/Final lab/robotics_navigation/install/turtlebot3_msgs/include/turtlebot3_msgs/turtlebot3_msgs/msg/detail
[0.596s] -- Up-to-date: /home/gixstudent/Desktop/Final lab/robotics_navigation/install/turtlebot3_msgs/include/turtlebot3_msgs/turtlebot3_msgs/msg/detail/sensor_state__functions.c
[0.597s] -- Up-to-date: /home/gixstudent/Desktop/Final lab/robotics_navigation/install/turtlebot3_msgs/include/turtlebot3_msgs/turtlebot3_msgs/msg/detail/version_info__functions.h
[0.597s] -- Up-to-date: /home/gixstudent/Desktop/Final lab/robotics_navigation/install/turtlebot3_msgs/include/turtlebot3_msgs/turtlebot3_msgs/msg/detail/version_info__struct.h
[0.597s] -- Up-to-date: /home/gixstudent/Desktop/Final lab/robotics_navigation/install/turtlebot3_msgs/include/turtlebot3_msgs/turtlebot3_msgs/msg/detail/version_info__functions.c
[0.597s] -- Up-to-date: /home/gixstudent/Desktop/Final lab/robotics_navigation/install/turtlebot3_msgs/include/turtlebot3_msgs/turtlebot3_msgs/msg/detail/sound__functions.h
[0.597s] -- Up-to-date: /home/gixstudent/Desktop/Final lab/robotics_navigation/install/turtlebot3_msgs/include/turtlebot3_msgs/turtlebot3_msgs/msg/detail/sensor_state__functions.h
[0.597s] -- Up-to-date: /home/gixstudent/Desktop/Final lab/robotics_navigation/install/turtlebot3_msgs/include/turtlebot3_msgs/turtlebot3_msgs/msg/detail/sound__struct.h
[0.597s] -- Up-to-date: /home/gixstudent/Desktop/Final lab/robotics_navigation/install/turtlebot3_msgs/include/turtlebot3_msgs/turtlebot3_msgs/msg/detail/version_info__type_support.h
[0.597s] -- Up-to-date: /home/gixstudent/Desktop/Final lab/robotics_navigation/install/turtlebot3_msgs/include/turtlebot3_msgs/turtlebot3_msgs/msg/detail/sound__functions.c
[0.597s] -- Up-to-date: /home/gixstudent/Desktop/Final lab/robotics_navigation/install/turtlebot3_msgs/include/turtlebot3_msgs/turtlebot3_msgs/msg/detail/sound__type_support.h
[0.598s] -- Up-to-date: /home/gixstudent/Desktop/Final lab/robotics_navigation/install/turtlebot3_msgs/include/turtlebot3_msgs/turtlebot3_msgs/msg/detail/sensor_state__struct.h
[0.598s] -- Up-to-date: /home/gixstudent/Desktop/Final lab/robotics_navigation/install/turtlebot3_msgs/include/turtlebot3_msgs/turtlebot3_msgs/msg/detail/sensor_state__type_support.h
[0.598s] -- Up-to-date: /home/gixstudent/Desktop/Final lab/robotics_navigation/install/turtlebot3_msgs/include/turtlebot3_msgs/turtlebot3_msgs/msg/version_info.h
[0.598s] -- Up-to-date: /home/gixstudent/Desktop/Final lab/robotics_navigation/install/turtlebot3_msgs/include/turtlebot3_msgs/turtlebot3_msgs/msg/sensor_state.h
[0.598s] -- Up-to-date: /home/gixstudent/Desktop/Final lab/robotics_navigation/install/turtlebot3_msgs/include/turtlebot3_msgs/turtlebot3_msgs/msg/rosidl_generator_c__visibility_control.h
[0.598s] -- Up-to-date: /home/gixstudent/Desktop/Final lab/robotics_navigation/install/turtlebot3_msgs/include/turtlebot3_msgs/turtlebot3_msgs/srv
[0.598s] -- Up-to-date: /home/gixstudent/Desktop/Final lab/robotics_navigation/install/turtlebot3_msgs/include/turtlebot3_msgs/turtlebot3_msgs/srv/sound.h
[0.598s] -- Up-to-date: /home/gixstudent/Desktop/Final lab/robotics_navigation/install/turtlebot3_msgs/include/turtlebot3_msgs/turtlebot3_msgs/srv/detail
[0.598s] -- Up-to-date: /home/gixstudent/Desktop/Final lab/robotics_navigation/install/turtlebot3_msgs/include/turtlebot3_msgs/turtlebot3_msgs/srv/detail/dqn__functions.h
[0.598s] -- Up-to-date: /home/gixstudent/Desktop/Final lab/robotics_navigation/install/turtlebot3_msgs/include/turtlebot3_msgs/turtlebot3_msgs/srv/detail/sound__functions.h
[0.598s] -- Up-to-date: /home/gixstudent/Desktop/Final lab/robotics_navigation/install/turtlebot3_msgs/include/turtlebot3_msgs/turtlebot3_msgs/srv/detail/dqn__functions.c
[0.598s] -- Up-to-date: /home/gixstudent/Desktop/Final lab/robotics_navigation/install/turtlebot3_msgs/include/turtlebot3_msgs/turtlebot3_msgs/srv/detail/sound__struct.h
[0.599s] -- Up-to-date: /home/gixstudent/Desktop/Final lab/robotics_navigation/install/turtlebot3_msgs/include/turtlebot3_msgs/turtlebot3_msgs/srv/detail/sound__functions.c
[0.599s] -- Up-to-date: /home/gixstudent/Desktop/Final lab/robotics_navigation/install/turtlebot3_msgs/include/turtlebot3_msgs/turtlebot3_msgs/srv/detail/sound__type_support.h
[0.599s] -- Up-to-date: /home/gixstudent/Desktop/Final lab/robotics_navigation/install/turtlebot3_msgs/include/turtlebot3_msgs/turtlebot3_msgs/srv/detail/dqn__type_support.h
[0.599s] -- Up-to-date: /home/gixstudent/Desktop/Final lab/robotics_navigation/install/turtlebot3_msgs/include/turtlebot3_msgs/turtlebot3_msgs/srv/detail/dqn__struct.h
[0.599s] -- Up-to-date: /home/gixstudent/Desktop/Final lab/robotics_navigation/install/turtlebot3_msgs/include/turtlebot3_msgs/turtlebot3_msgs/srv/dqn.h
[0.599s] -- Up-to-date: /home/gixstudent/Desktop/Final lab/robotics_navigation/install/turtlebot3_msgs/share/turtlebot3_msgs/environment/library_path.sh
[0.599s] -- Up-to-date: /home/gixstudent/Desktop/Final lab/robotics_navigation/install/turtlebot3_msgs/share/turtlebot3_msgs/environment/library_path.dsv
[0.599s] -- Up-to-date: /home/gixstudent/Desktop/Final lab/robotics_navigation/install/turtlebot3_msgs/lib/libturtlebot3_msgs__rosidl_generator_c.so
[0.599s] -- Up-to-date: /home/gixstudent/Desktop/Final lab/robotics_navigation/install/turtlebot3_msgs/include/turtlebot3_msgs/turtlebot3_msgs
[0.599s] -- Up-to-date: /home/gixstudent/Desktop/Final lab/robotics_navigation/install/turtlebot3_msgs/include/turtlebot3_msgs/turtlebot3_msgs/action
[0.600s] -- Up-to-date: /home/gixstudent/Desktop/Final lab/robotics_navigation/install/turtlebot3_msgs/include/turtlebot3_msgs/turtlebot3_msgs/action/detail
[0.600s] -- Up-to-date: /home/gixstudent/Desktop/Final lab/robotics_navigation/install/turtlebot3_msgs/include/turtlebot3_msgs/turtlebot3_msgs/action/detail/patrol__rosidl_typesupport_fastrtps_c.h
[0.600s] -- Up-to-date: /home/gixstudent/Desktop/Final lab/robotics_navigation/install/turtlebot3_msgs/include/turtlebot3_msgs/turtlebot3_msgs/msg
[0.600s] -- Up-to-date: /home/gixstudent/Desktop/Final lab/robotics_navigation/install/turtlebot3_msgs/include/turtlebot3_msgs/turtlebot3_msgs/msg/rosidl_typesupport_fastrtps_c__visibility_control.h
[0.600s] -- Up-to-date: /home/gixstudent/Desktop/Final lab/robotics_navigation/install/turtlebot3_msgs/include/turtlebot3_msgs/turtlebot3_msgs/msg/detail
[0.600s] -- Up-to-date: /home/gixstudent/Desktop/Final lab/robotics_navigation/install/turtlebot3_msgs/include/turtlebot3_msgs/turtlebot3_msgs/msg/detail/sensor_state__rosidl_typesupport_fastrtps_c.h
[0.600s] -- Up-to-date: /home/gixstudent/Desktop/Final lab/robotics_navigation/install/turtlebot3_msgs/include/turtlebot3_msgs/turtlebot3_msgs/msg/detail/version_info__rosidl_typesupport_fastrtps_c.h
[0.600s] -- Up-to-date: /home/gixstudent/Desktop/Final lab/robotics_navigation/install/turtlebot3_msgs/include/turtlebot3_msgs/turtlebot3_msgs/msg/detail/sound__rosidl_typesupport_fastrtps_c.h
[0.600s] -- Up-to-date: /home/gixstudent/Desktop/Final lab/robotics_navigation/install/turtlebot3_msgs/include/turtlebot3_msgs/turtlebot3_msgs/srv
[0.600s] -- Up-to-date: /home/gixstudent/Desktop/Final lab/robotics_navigation/install/turtlebot3_msgs/include/turtlebot3_msgs/turtlebot3_msgs/srv/detail
[0.600s] -- Up-to-date: /home/gixstudent/Desktop/Final lab/robotics_navigation/install/turtlebot3_msgs/include/turtlebot3_msgs/turtlebot3_msgs/srv/detail/dqn__rosidl_typesupport_fastrtps_c.h
[0.600s] -- Up-to-date: /home/gixstudent/Desktop/Final lab/robotics_navigation/install/turtlebot3_msgs/include/turtlebot3_msgs/turtlebot3_msgs/srv/detail/sound__rosidl_typesupport_fastrtps_c.h
[0.601s] -- Up-to-date: /home/gixstudent/Desktop/Final lab/robotics_navigation/install/turtlebot3_msgs/lib/libturtlebot3_msgs__rosidl_typesupport_fastrtps_c.so
[0.601s] -- Up-to-date: /home/gixstudent/Desktop/Final lab/robotics_navigation/install/turtlebot3_msgs/include/turtlebot3_msgs/turtlebot3_msgs
[0.601s] -- Up-to-date: /home/gixstudent/Desktop/Final lab/robotics_navigation/install/turtlebot3_msgs/include/turtlebot3_msgs/turtlebot3_msgs/action
[0.601s] -- Up-to-date: /home/gixstudent/Desktop/Final lab/robotics_navigation/install/turtlebot3_msgs/include/turtlebot3_msgs/turtlebot3_msgs/action/detail
[0.601s] -- Up-to-date: /home/gixstudent/Desktop/Final lab/robotics_navigation/install/turtlebot3_msgs/include/turtlebot3_msgs/turtlebot3_msgs/action/detail/patrol__traits.hpp
[0.601s] -- Up-to-date: /home/gixstudent/Desktop/Final lab/robotics_navigation/install/turtlebot3_msgs/include/turtlebot3_msgs/turtlebot3_msgs/action/detail/patrol__type_support.hpp
[0.602s] -- Up-to-date: /home/gixstudent/Desktop/Final lab/robotics_navigation/install/turtlebot3_msgs/include/turtlebot3_msgs/turtlebot3_msgs/action/detail/patrol__builder.hpp
[0.602s] -- Up-to-date: /home/gixstudent/Desktop/Final lab/robotics_navigation/install/turtlebot3_msgs/include/turtlebot3_msgs/turtlebot3_msgs/action/detail/patrol__struct.hpp
[0.602s] -- Up-to-date: /home/gixstudent/Desktop/Final lab/robotics_navigation/install/turtlebot3_msgs/include/turtlebot3_msgs/turtlebot3_msgs/action/patrol.hpp
[0.602s] -- Up-to-date: /home/gixstudent/Desktop/Final lab/robotics_navigation/install/turtlebot3_msgs/include/turtlebot3_msgs/turtlebot3_msgs/msg
[0.602s] -- Up-to-date: /home/gixstudent/Desktop/Final lab/robotics_navigation/install/turtlebot3_msgs/include/turtlebot3_msgs/turtlebot3_msgs/msg/detail
[0.602s] -- Up-to-date: /home/gixstudent/Desktop/Final lab/robotics_navigation/install/turtlebot3_msgs/include/turtlebot3_msgs/turtlebot3_msgs/msg/detail/sound__type_support.hpp
[0.602s] -- Up-to-date: /home/gixstudent/Desktop/Final lab/robotics_navigation/install/turtlebot3_msgs/include/turtlebot3_msgs/turtlebot3_msgs/msg/detail/sound__traits.hpp
[0.603s] -- Up-to-date: /home/gixstudent/Desktop/Final lab/robotics_navigation/install/turtlebot3_msgs/include/turtlebot3_msgs/turtlebot3_msgs/msg/detail/sensor_state__builder.hpp
[0.603s] -- Up-to-date: /home/gixstudent/Desktop/Final lab/robotics_navigation/install/turtlebot3_msgs/include/turtlebot3_msgs/turtlebot3_msgs/msg/detail/version_info__traits.hpp
[0.603s] -- Up-to-date: /home/gixstudent/Desktop/Final lab/robotics_navigation/install/turtlebot3_msgs/include/turtlebot3_msgs/turtlebot3_msgs/msg/detail/sensor_state__type_support.hpp
[0.603s] -- Up-to-date: /home/gixstudent/Desktop/Final lab/robotics_navigation/install/turtlebot3_msgs/include/turtlebot3_msgs/turtlebot3_msgs/msg/detail/version_info__struct.hpp
[0.603s] -- Up-to-date: /home/gixstudent/Desktop/Final lab/robotics_navigation/install/turtlebot3_msgs/include/turtlebot3_msgs/turtlebot3_msgs/msg/detail/sensor_state__struct.hpp
[0.603s] -- Up-to-date: /home/gixstudent/Desktop/Final lab/robotics_navigation/install/turtlebot3_msgs/include/turtlebot3_msgs/turtlebot3_msgs/msg/detail/sound__struct.hpp
[0.603s] -- Up-to-date: /home/gixstudent/Desktop/Final lab/robotics_navigation/install/turtlebot3_msgs/include/turtlebot3_msgs/turtlebot3_msgs/msg/detail/sound__builder.hpp
[0.604s] -- Up-to-date: /home/gixstudent/Desktop/Final lab/robotics_navigation/install/turtlebot3_msgs/include/turtlebot3_msgs/turtlebot3_msgs/msg/detail/version_info__type_support.hpp
[0.604s] -- Up-to-date: /home/gixstudent/Desktop/Final lab/robotics_navigation/install/turtlebot3_msgs/include/turtlebot3_msgs/turtlebot3_msgs/msg/detail/version_info__builder.hpp
[0.604s] -- Up-to-date: /home/gixstudent/Desktop/Final lab/robotics_navigation/install/turtlebot3_msgs/include/turtlebot3_msgs/turtlebot3_msgs/msg/detail/sensor_state__traits.hpp
[0.604s] -- Up-to-date: /home/gixstudent/Desktop/Final lab/robotics_navigation/install/turtlebot3_msgs/include/turtlebot3_msgs/turtlebot3_msgs/msg/version_info.hpp
[0.604s] -- Up-to-date: /home/gixstudent/Desktop/Final lab/robotics_navigation/install/turtlebot3_msgs/include/turtlebot3_msgs/turtlebot3_msgs/msg/rosidl_generator_cpp__visibility_control.hpp
[0.604s] -- Up-to-date: /home/gixstudent/Desktop/Final lab/robotics_navigation/install/turtlebot3_msgs/include/turtlebot3_msgs/turtlebot3_msgs/msg/sensor_state.hpp
[0.604s] -- Up-to-date: /home/gixstudent/Desktop/Final lab/robotics_navigation/install/turtlebot3_msgs/include/turtlebot3_msgs/turtlebot3_msgs/msg/sound.hpp
[0.604s] -- Up-to-date: /home/gixstudent/Desktop/Final lab/robotics_navigation/install/turtlebot3_msgs/include/turtlebot3_msgs/turtlebot3_msgs/srv
[0.604s] -- Up-to-date: /home/gixstudent/Desktop/Final lab/robotics_navigation/install/turtlebot3_msgs/include/turtlebot3_msgs/turtlebot3_msgs/srv/detail
[0.604s] -- Up-to-date: /home/gixstudent/Desktop/Final lab/robotics_navigation/install/turtlebot3_msgs/include/turtlebot3_msgs/turtlebot3_msgs/srv/detail/sound__type_support.hpp
[0.605s] -- Up-to-date: /home/gixstudent/Desktop/Final lab/robotics_navigation/install/turtlebot3_msgs/include/turtlebot3_msgs/turtlebot3_msgs/srv/detail/dqn__builder.hpp
[0.605s] -- Up-to-date: /home/gixstudent/Desktop/Final lab/robotics_navigation/install/turtlebot3_msgs/include/turtlebot3_msgs/turtlebot3_msgs/srv/detail/sound__traits.hpp
[0.605s] -- Up-to-date: /home/gixstudent/Desktop/Final lab/robotics_navigation/install/turtlebot3_msgs/include/turtlebot3_msgs/turtlebot3_msgs/srv/detail/dqn__traits.hpp
[0.605s] -- Up-to-date: /home/gixstudent/Desktop/Final lab/robotics_navigation/install/turtlebot3_msgs/include/turtlebot3_msgs/turtlebot3_msgs/srv/detail/dqn__type_support.hpp
[0.605s] -- Up-to-date: /home/gixstudent/Desktop/Final lab/robotics_navigation/install/turtlebot3_msgs/include/turtlebot3_msgs/turtlebot3_msgs/srv/detail/sound__struct.hpp
[0.605s] -- Up-to-date: /home/gixstudent/Desktop/Final lab/robotics_navigation/install/turtlebot3_msgs/include/turtlebot3_msgs/turtlebot3_msgs/srv/detail/sound__builder.hpp
[0.605s] -- Up-to-date: /home/gixstudent/Desktop/Final lab/robotics_navigation/install/turtlebot3_msgs/include/turtlebot3_msgs/turtlebot3_msgs/srv/detail/dqn__struct.hpp
[0.605s] -- Up-to-date: /home/gixstudent/Desktop/Final lab/robotics_navigation/install/turtlebot3_msgs/include/turtlebot3_msgs/turtlebot3_msgs/srv/dqn.hpp
[0.606s] -- Up-to-date: /home/gixstudent/Desktop/Final lab/robotics_navigation/install/turtlebot3_msgs/include/turtlebot3_msgs/turtlebot3_msgs/srv/sound.hpp
[0.606s] -- Up-to-date: /home/gixstudent/Desktop/Final lab/robotics_navigation/install/turtlebot3_msgs/include/turtlebot3_msgs/turtlebot3_msgs
[0.606s] -- Up-to-date: /home/gixstudent/Desktop/Final lab/robotics_navigation/install/turtlebot3_msgs/include/turtlebot3_msgs/turtlebot3_msgs/action
[0.606s] -- Up-to-date: /home/gixstudent/Desktop/Final lab/robotics_navigation/install/turtlebot3_msgs/include/turtlebot3_msgs/turtlebot3_msgs/action/detail
[0.606s] -- Up-to-date: /home/gixstudent/Desktop/Final lab/robotics_navigation/install/turtlebot3_msgs/include/turtlebot3_msgs/turtlebot3_msgs/action/detail/dds_fastrtps
[0.606s] -- Up-to-date: /home/gixstudent/Desktop/Final lab/robotics_navigation/install/turtlebot3_msgs/include/turtlebot3_msgs/turtlebot3_msgs/action/detail/patrol__rosidl_typesupport_fastrtps_cpp.hpp
[0.606s] -- Up-to-date: /home/gixstudent/Desktop/Final lab/robotics_navigation/install/turtlebot3_msgs/include/turtlebot3_msgs/turtlebot3_msgs/msg
[0.606s] -- Up-to-date: /home/gixstudent/Desktop/Final lab/robotics_navigation/install/turtlebot3_msgs/include/turtlebot3_msgs/turtlebot3_msgs/msg/rosidl_typesupport_fastrtps_cpp__visibility_control.h
[0.606s] -- Up-to-date: /home/gixstudent/Desktop/Final lab/robotics_navigation/install/turtlebot3_msgs/include/turtlebot3_msgs/turtlebot3_msgs/msg/detail
[0.606s] -- Up-to-date: /home/gixstudent/Desktop/Final lab/robotics_navigation/install/turtlebot3_msgs/include/turtlebot3_msgs/turtlebot3_msgs/msg/detail/dds_fastrtps
[0.607s] -- Up-to-date: /home/gixstudent/Desktop/Final lab/robotics_navigation/install/turtlebot3_msgs/include/turtlebot3_msgs/turtlebot3_msgs/msg/detail/version_info__rosidl_typesupport_fastrtps_cpp.hpp
[0.607s] -- Up-to-date: /home/gixstudent/Desktop/Final lab/robotics_navigation/install/turtlebot3_msgs/include/turtlebot3_msgs/turtlebot3_msgs/msg/detail/sensor_state__rosidl_typesupport_fastrtps_cpp.hpp
[0.607s] -- Up-to-date: /home/gixstudent/Desktop/Final lab/robotics_navigation/install/turtlebot3_msgs/include/turtlebot3_msgs/turtlebot3_msgs/msg/detail/sound__rosidl_typesupport_fastrtps_cpp.hpp
[0.607s] -- Up-to-date: /home/gixstudent/Desktop/Final lab/robotics_navigation/install/turtlebot3_msgs/include/turtlebot3_msgs/turtlebot3_msgs/srv
[0.607s] -- Up-to-date: /home/gixstudent/Desktop/Final lab/robotics_navigation/install/turtlebot3_msgs/include/turtlebot3_msgs/turtlebot3_msgs/srv/detail
[0.607s] -- Up-to-date: /home/gixstudent/Desktop/Final lab/robotics_navigation/install/turtlebot3_msgs/include/turtlebot3_msgs/turtlebot3_msgs/srv/detail/dds_fastrtps
[0.607s] -- Up-to-date: /home/gixstudent/Desktop/Final lab/robotics_navigation/install/turtlebot3_msgs/include/turtlebot3_msgs/turtlebot3_msgs/srv/detail/dqn__rosidl_typesupport_fastrtps_cpp.hpp
[0.607s] -- Up-to-date: /home/gixstudent/Desktop/Final lab/robotics_navigation/install/turtlebot3_msgs/include/turtlebot3_msgs/turtlebot3_msgs/srv/detail/sound__rosidl_typesupport_fastrtps_cpp.hpp
[0.607s] -- Up-to-date: /home/gixstudent/Desktop/Final lab/robotics_navigation/install/turtlebot3_msgs/lib/libturtlebot3_msgs__rosidl_typesupport_fastrtps_cpp.so
[0.608s] -- Up-to-date: /home/gixstudent/Desktop/Final lab/robotics_navigation/install/turtlebot3_msgs/include/turtlebot3_msgs/turtlebot3_msgs
[0.608s] -- Up-to-date: /home/gixstudent/Desktop/Final lab/robotics_navigation/install/turtlebot3_msgs/include/turtlebot3_msgs/turtlebot3_msgs/action
[0.608s] -- Up-to-date: /home/gixstudent/Desktop/Final lab/robotics_navigation/install/turtlebot3_msgs/include/turtlebot3_msgs/turtlebot3_msgs/action/detail
[0.608s] -- Up-to-date: /home/gixstudent/Desktop/Final lab/robotics_navigation/install/turtlebot3_msgs/include/turtlebot3_msgs/turtlebot3_msgs/action/detail/patrol__rosidl_typesupport_introspection_c.h
[0.608s] -- Up-to-date: /home/gixstudent/Desktop/Final lab/robotics_navigation/install/turtlebot3_msgs/include/turtlebot3_msgs/turtlebot3_msgs/action/detail/patrol__type_support.c
[0.608s] -- Up-to-date: /home/gixstudent/Desktop/Final lab/robotics_navigation/install/turtlebot3_msgs/include/turtlebot3_msgs/turtlebot3_msgs/msg
[0.608s] -- Up-to-date: /home/gixstudent/Desktop/Final lab/robotics_navigation/install/turtlebot3_msgs/include/turtlebot3_msgs/turtlebot3_msgs/msg/rosidl_typesupport_introspection_c__visibility_control.h
[0.608s] -- Up-to-date: /home/gixstudent/Desktop/Final lab/robotics_navigation/install/turtlebot3_msgs/include/turtlebot3_msgs/turtlebot3_msgs/msg/detail
[0.608s] -- Up-to-date: /home/gixstudent/Desktop/Final lab/robotics_navigation/install/turtlebot3_msgs/include/turtlebot3_msgs/turtlebot3_msgs/msg/detail/version_info__rosidl_typesupport_introspection_c.h
[0.608s] -- Up-to-date: /home/gixstudent/Desktop/Final lab/robotics_navigation/install/turtlebot3_msgs/include/turtlebot3_msgs/turtlebot3_msgs/msg/detail/version_info__type_support.c
[0.608s] -- Up-to-date: /home/gixstudent/Desktop/Final lab/robotics_navigation/install/turtlebot3_msgs/include/turtlebot3_msgs/turtlebot3_msgs/msg/detail/sound__rosidl_typesupport_introspection_c.h
[0.609s] -- Up-to-date: /home/gixstudent/Desktop/Final lab/robotics_navigation/install/turtlebot3_msgs/include/turtlebot3_msgs/turtlebot3_msgs/msg/detail/sensor_state__rosidl_typesupport_introspection_c.h
[0.609s] -- Up-to-date: /home/gixstudent/Desktop/Final lab/robotics_navigation/install/turtlebot3_msgs/include/turtlebot3_msgs/turtlebot3_msgs/msg/detail/sound__type_support.c
[0.609s] -- Up-to-date: /home/gixstudent/Desktop/Final lab/robotics_navigation/install/turtlebot3_msgs/include/turtlebot3_msgs/turtlebot3_msgs/msg/detail/sensor_state__type_support.c
[0.609s] -- Up-to-date: /home/gixstudent/Desktop/Final lab/robotics_navigation/install/turtlebot3_msgs/include/turtlebot3_msgs/turtlebot3_msgs/srv
[0.609s] -- Up-to-date: /home/gixstudent/Desktop/Final lab/robotics_navigation/install/turtlebot3_msgs/include/turtlebot3_msgs/turtlebot3_msgs/srv/detail
[0.609s] -- Up-to-date: /home/gixstudent/Desktop/Final lab/robotics_navigation/install/turtlebot3_msgs/include/turtlebot3_msgs/turtlebot3_msgs/srv/detail/dqn__rosidl_typesupport_introspection_c.h
[0.609s] -- Up-to-date: /home/gixstudent/Desktop/Final lab/robotics_navigation/install/turtlebot3_msgs/include/turtlebot3_msgs/turtlebot3_msgs/srv/detail/dqn__type_support.c
[0.609s] -- Up-to-date: /home/gixstudent/Desktop/Final lab/robotics_navigation/install/turtlebot3_msgs/include/turtlebot3_msgs/turtlebot3_msgs/srv/detail/sound__rosidl_typesupport_introspection_c.h
[0.609s] -- Up-to-date: /home/gixstudent/Desktop/Final lab/robotics_navigation/install/turtlebot3_msgs/include/turtlebot3_msgs/turtlebot3_msgs/srv/detail/sound__type_support.c
[0.609s] -- Up-to-date: /home/gixstudent/Desktop/Final lab/robotics_navigation/install/turtlebot3_msgs/lib/libturtlebot3_msgs__rosidl_typesupport_introspection_c.so
[0.610s] -- Up-to-date: /home/gixstudent/Desktop/Final lab/robotics_navigation/install/turtlebot3_msgs/lib/libturtlebot3_msgs__rosidl_typesupport_c.so
[0.610s] -- Up-to-date: /home/gixstudent/Desktop/Final lab/robotics_navigation/install/turtlebot3_msgs/include/turtlebot3_msgs/turtlebot3_msgs
[0.610s] -- Up-to-date: /home/gixstudent/Desktop/Final lab/robotics_navigation/install/turtlebot3_msgs/include/turtlebot3_msgs/turtlebot3_msgs/action
[0.610s] -- Up-to-date: /home/gixstudent/Desktop/Final lab/robotics_navigation/install/turtlebot3_msgs/include/turtlebot3_msgs/turtlebot3_msgs/action/detail
[0.610s] -- Up-to-date: /home/gixstudent/Desktop/Final lab/robotics_navigation/install/turtlebot3_msgs/include/turtlebot3_msgs/turtlebot3_msgs/action/detail/patrol__type_support.cpp
[0.610s] -- Up-to-date: /home/gixstudent/Desktop/Final lab/robotics_navigation/install/turtlebot3_msgs/include/turtlebot3_msgs/turtlebot3_msgs/action/detail/patrol__rosidl_typesupport_introspection_cpp.hpp
[0.610s] -- Up-to-date: /home/gixstudent/Desktop/Final lab/robotics_navigation/install/turtlebot3_msgs/include/turtlebot3_msgs/turtlebot3_msgs/msg
[0.610s] -- Up-to-date: /home/gixstudent/Desktop/Final lab/robotics_navigation/install/turtlebot3_msgs/include/turtlebot3_msgs/turtlebot3_msgs/msg/detail
[0.610s] -- Up-to-date: /home/gixstudent/Desktop/Final lab/robotics_navigation/install/turtlebot3_msgs/include/turtlebot3_msgs/turtlebot3_msgs/msg/detail/sound__type_support.cpp
[0.610s] -- Up-to-date: /home/gixstudent/Desktop/Final lab/robotics_navigation/install/turtlebot3_msgs/include/turtlebot3_msgs/turtlebot3_msgs/msg/detail/sound__rosidl_typesupport_introspection_cpp.hpp
[0.610s] -- Up-to-date: /home/gixstudent/Desktop/Final lab/robotics_navigation/install/turtlebot3_msgs/include/turtlebot3_msgs/turtlebot3_msgs/msg/detail/version_info__rosidl_typesupport_introspection_cpp.hpp
[0.611s] -- Up-to-date: /home/gixstudent/Desktop/Final lab/robotics_navigation/install/turtlebot3_msgs/include/turtlebot3_msgs/turtlebot3_msgs/msg/detail/version_info__type_support.cpp
[0.611s] -- Up-to-date: /home/gixstudent/Desktop/Final lab/robotics_navigation/install/turtlebot3_msgs/include/turtlebot3_msgs/turtlebot3_msgs/msg/detail/sensor_state__type_support.cpp
[0.611s] -- Up-to-date: /home/gixstudent/Desktop/Final lab/robotics_navigation/install/turtlebot3_msgs/include/turtlebot3_msgs/turtlebot3_msgs/msg/detail/sensor_state__rosidl_typesupport_introspection_cpp.hpp
[0.611s] -- Up-to-date: /home/gixstudent/Desktop/Final lab/robotics_navigation/install/turtlebot3_msgs/include/turtlebot3_msgs/turtlebot3_msgs/srv
[0.611s] -- Up-to-date: /home/gixstudent/Desktop/Final lab/robotics_navigation/install/turtlebot3_msgs/include/turtlebot3_msgs/turtlebot3_msgs/srv/detail
[0.611s] -- Up-to-date: /home/gixstudent/Desktop/Final lab/robotics_navigation/install/turtlebot3_msgs/include/turtlebot3_msgs/turtlebot3_msgs/srv/detail/sound__type_support.cpp
[0.611s] -- Up-to-date: /home/gixstudent/Desktop/Final lab/robotics_navigation/install/turtlebot3_msgs/include/turtlebot3_msgs/turtlebot3_msgs/srv/detail/sound__rosidl_typesupport_introspection_cpp.hpp
[0.611s] -- Up-to-date: /home/gixstudent/Desktop/Final lab/robotics_navigation/install/turtlebot3_msgs/include/turtlebot3_msgs/turtlebot3_msgs/srv/detail/dqn__rosidl_typesupport_introspection_cpp.hpp
[0.611s] -- Up-to-date: /home/gixstudent/Desktop/Final lab/robotics_navigation/install/turtlebot3_msgs/include/turtlebot3_msgs/turtlebot3_msgs/srv/detail/dqn__type_support.cpp
[0.611s] -- Up-to-date: /home/gixstudent/Desktop/Final lab/robotics_navigation/install/turtlebot3_msgs/lib/libturtlebot3_msgs__rosidl_typesupport_introspection_cpp.so
[0.612s] -- Up-to-date: /home/gixstudent/Desktop/Final lab/robotics_navigation/install/turtlebot3_msgs/lib/libturtlebot3_msgs__rosidl_typesupport_cpp.so
[0.612s] -- Up-to-date: /home/gixstudent/Desktop/Final lab/robotics_navigation/install/turtlebot3_msgs/share/turtlebot3_msgs/environment/pythonpath.sh
[0.612s] -- Up-to-date: /home/gixstudent/Desktop/Final lab/robotics_navigation/install/turtlebot3_msgs/share/turtlebot3_msgs/environment/pythonpath.dsv
[0.612s] -- Up-to-date: /home/gixstudent/Desktop/Final lab/robotics_navigation/install/turtlebot3_msgs/local/lib/python3.10/dist-packages/turtlebot3_msgs-2.2.3-py3.10.egg-info
[0.612s] -- Installing: /home/gixstudent/Desktop/Final lab/robotics_navigation/install/turtlebot3_msgs/local/lib/python3.10/dist-packages/turtlebot3_msgs-2.2.3-py3.10.egg-info/dependency_links.txt
[0.612s] -- Installing: /home/gixstudent/Desktop/Final lab/robotics_navigation/install/turtlebot3_msgs/local/lib/python3.10/dist-packages/turtlebot3_msgs-2.2.3-py3.10.egg-info/SOURCES.txt
[0.612s] -- Installing: /home/gixstudent/Desktop/Final lab/robotics_navigation/install/turtlebot3_msgs/local/lib/python3.10/dist-packages/turtlebot3_msgs-2.2.3-py3.10.egg-info/top_level.txt
[0.612s] -- Installing: /home/gixstudent/Desktop/Final lab/robotics_navigation/install/turtlebot3_msgs/local/lib/python3.10/dist-packages/turtlebot3_msgs-2.2.3-py3.10.egg-info/PKG-INFO
[0.612s] -- Up-to-date: /home/gixstudent/Desktop/Final lab/robotics_navigation/install/turtlebot3_msgs/local/lib/python3.10/dist-packages/turtlebot3_msgs
[0.612s] -- Up-to-date: /home/gixstudent/Desktop/Final lab/robotics_navigation/install/turtlebot3_msgs/local/lib/python3.10/dist-packages/turtlebot3_msgs/_turtlebot3_msgs_s.ep.rosidl_typesupport_introspection_c.c
[0.612s] -- Up-to-date: /home/gixstudent/Desktop/Final lab/robotics_navigation/install/turtlebot3_msgs/local/lib/python3.10/dist-packages/turtlebot3_msgs/libturtlebot3_msgs__rosidl_generator_py.so
[0.613s] -- Up-to-date: /home/gixstudent/Desktop/Final lab/robotics_navigation/install/turtlebot3_msgs/local/lib/python3.10/dist-packages/turtlebot3_msgs/action
[0.613s] -- Up-to-date: /home/gixstudent/Desktop/Final lab/robotics_navigation/install/turtlebot3_msgs/local/lib/python3.10/dist-packages/turtlebot3_msgs/action/_patrol_s.c
[0.613s] -- Up-to-date: /home/gixstudent/Desktop/Final lab/robotics_navigation/install/turtlebot3_msgs/local/lib/python3.10/dist-packages/turtlebot3_msgs/action/__init__.py
[0.613s] -- Up-to-date: /home/gixstudent/Desktop/Final lab/robotics_navigation/install/turtlebot3_msgs/local/lib/python3.10/dist-packages/turtlebot3_msgs/action/_patrol.py
[0.613s] -- Up-to-date: /home/gixstudent/Desktop/Final lab/robotics_navigation/install/turtlebot3_msgs/local/lib/python3.10/dist-packages/turtlebot3_msgs/turtlebot3_msgs_s__rosidl_typesupport_c.cpython-310-x86_64-linux-gnu.so
[0.613s] -- Up-to-date: /home/gixstudent/Desktop/Final lab/robotics_navigation/install/turtlebot3_msgs/local/lib/python3.10/dist-packages/turtlebot3_msgs/__init__.py
[0.613s] -- Up-to-date: /home/gixstudent/Desktop/Final lab/robotics_navigation/install/turtlebot3_msgs/local/lib/python3.10/dist-packages/turtlebot3_msgs/turtlebot3_msgs_s__rosidl_typesupport_fastrtps_c.cpython-310-x86_64-linux-gnu.so
[0.613s] -- Up-to-date: /home/gixstudent/Desktop/Final lab/robotics_navigation/install/turtlebot3_msgs/local/lib/python3.10/dist-packages/turtlebot3_msgs/_turtlebot3_msgs_s.ep.rosidl_typesupport_c.c
[0.613s] -- Up-to-date: /home/gixstudent/Desktop/Final lab/robotics_navigation/install/turtlebot3_msgs/local/lib/python3.10/dist-packages/turtlebot3_msgs/msg
[0.613s] -- Up-to-date: /home/gixstudent/Desktop/Final lab/robotics_navigation/install/turtlebot3_msgs/local/lib/python3.10/dist-packages/turtlebot3_msgs/msg/_sensor_state.py
[0.614s] -- Up-to-date: /home/gixstudent/Desktop/Final lab/robotics_navigation/install/turtlebot3_msgs/local/lib/python3.10/dist-packages/turtlebot3_msgs/msg/__init__.py
[0.614s] -- Up-to-date: /home/gixstudent/Desktop/Final lab/robotics_navigation/install/turtlebot3_msgs/local/lib/python3.10/dist-packages/turtlebot3_msgs/msg/_sensor_state_s.c
[0.614s] -- Up-to-date: /home/gixstudent/Desktop/Final lab/robotics_navigation/install/turtlebot3_msgs/local/lib/python3.10/dist-packages/turtlebot3_msgs/msg/_sound.py
[0.614s] -- Up-to-date: /home/gixstudent/Desktop/Final lab/robotics_navigation/install/turtlebot3_msgs/local/lib/python3.10/dist-packages/turtlebot3_msgs/msg/_version_info_s.c
[0.614s] -- Up-to-date: /home/gixstudent/Desktop/Final lab/robotics_navigation/install/turtlebot3_msgs/local/lib/python3.10/dist-packages/turtlebot3_msgs/msg/_version_info.py
[0.614s] -- Up-to-date: /home/gixstudent/Desktop/Final lab/robotics_navigation/install/turtlebot3_msgs/local/lib/python3.10/dist-packages/turtlebot3_msgs/msg/_sound_s.c
[0.614s] -- Up-to-date: /home/gixstudent/Desktop/Final lab/robotics_navigation/install/turtlebot3_msgs/local/lib/python3.10/dist-packages/turtlebot3_msgs/srv
[0.614s] -- Up-to-date: /home/gixstudent/Desktop/Final lab/robotics_navigation/install/turtlebot3_msgs/local/lib/python3.10/dist-packages/turtlebot3_msgs/srv/_dqn_s.c
[0.614s] -- Up-to-date: /home/gixstudent/Desktop/Final lab/robotics_navigation/install/turtlebot3_msgs/local/lib/python3.10/dist-packages/turtlebot3_msgs/srv/_dqn.py
[0.614s] -- Up-to-date: /home/gixstudent/Desktop/Final lab/robotics_navigation/install/turtlebot3_msgs/local/lib/python3.10/dist-packages/turtlebot3_msgs/srv/__init__.py
[0.614s] -- Up-to-date: /home/gixstudent/Desktop/Final lab/robotics_navigation/install/turtlebot3_msgs/local/lib/python3.10/dist-packages/turtlebot3_msgs/srv/_sound.py
[0.615s] -- Up-to-date: /home/gixstudent/Desktop/Final lab/robotics_navigation/install/turtlebot3_msgs/local/lib/python3.10/dist-packages/turtlebot3_msgs/srv/_sound_s.c
[0.615s] -- Up-to-date: /home/gixstudent/Desktop/Final lab/robotics_navigation/install/turtlebot3_msgs/local/lib/python3.10/dist-packages/turtlebot3_msgs/_turtlebot3_msgs_s.ep.rosidl_typesupport_fastrtps_c.c
[0.615s] -- Up-to-date: /home/gixstudent/Desktop/Final lab/robotics_navigation/install/turtlebot3_msgs/local/lib/python3.10/dist-packages/turtlebot3_msgs/turtlebot3_msgs_s__rosidl_typesupport_introspection_c.cpython-310-x86_64-linux-gnu.so
[0.642s] Listing '/home/gixstudent/Desktop/Final lab/robotics_navigation/install/turtlebot3_msgs/local/lib/python3.10/dist-packages/turtlebot3_msgs'...
[0.642s] Listing '/home/gixstudent/Desktop/Final lab/robotics_navigation/install/turtlebot3_msgs/local/lib/python3.10/dist-packages/turtlebot3_msgs/action'...
[0.642s] Listing '/home/gixstudent/Desktop/Final lab/robotics_navigation/install/turtlebot3_msgs/local/lib/python3.10/dist-packages/turtlebot3_msgs/msg'...
[0.643s] Listing '/home/gixstudent/Desktop/Final lab/robotics_navigation/install/turtlebot3_msgs/local/lib/python3.10/dist-packages/turtlebot3_msgs/srv'...
[0.647s] -- Up-to-date: /home/gixstudent/Desktop/Final lab/robotics_navigation/install/turtlebot3_msgs/local/lib/python3.10/dist-packages/turtlebot3_msgs/turtlebot3_msgs_s__rosidl_typesupport_fastrtps_c.cpython-310-x86_64-linux-gnu.so
[0.647s] -- Up-to-date: /home/gixstudent/Desktop/Final lab/robotics_navigation/install/turtlebot3_msgs/local/lib/python3.10/dist-packages/turtlebot3_msgs/turtlebot3_msgs_s__rosidl_typesupport_introspection_c.cpython-310-x86_64-linux-gnu.so
[0.647s] -- Up-to-date: /home/gixstudent/Desktop/Final lab/robotics_navigation/install/turtlebot3_msgs/local/lib/python3.10/dist-packages/turtlebot3_msgs/turtlebot3_msgs_s__rosidl_typesupport_c.cpython-310-x86_64-linux-gnu.so
[0.647s] -- Up-to-date: /home/gixstudent/Desktop/Final lab/robotics_navigation/install/turtlebot3_msgs/lib/libturtlebot3_msgs__rosidl_generator_py.so
[0.648s] -- Up-to-date: /home/gixstudent/Desktop/Final lab/robotics_navigation/install/turtlebot3_msgs/share/turtlebot3_msgs/msg/SensorState.idl
[0.648s] -- Up-to-date: /home/gixstudent/Desktop/Final lab/robotics_navigation/install/turtlebot3_msgs/share/turtlebot3_msgs/msg/Sound.idl
[0.648s] -- Up-to-date: /home/gixstudent/Desktop/Final lab/robotics_navigation/install/turtlebot3_msgs/share/turtlebot3_msgs/msg/VersionInfo.idl
[0.648s] -- Up-to-date: /home/gixstudent/Desktop/Final lab/robotics_navigation/install/turtlebot3_msgs/share/turtlebot3_msgs/srv/Sound.idl
[0.648s] -- Up-to-date: /home/gixstudent/Desktop/Final lab/robotics_navigation/install/turtlebot3_msgs/share/turtlebot3_msgs/srv/Dqn.idl
[0.648s] -- Up-to-date: /home/gixstudent/Desktop/Final lab/robotics_navigation/install/turtlebot3_msgs/share/turtlebot3_msgs/action/Patrol.idl
[0.648s] -- Up-to-date: /home/gixstudent/Desktop/Final lab/robotics_navigation/install/turtlebot3_msgs/share/turtlebot3_msgs/msg/SensorState.msg
[0.648s] -- Up-to-date: /home/gixstudent/Desktop/Final lab/robotics_navigation/install/turtlebot3_msgs/share/turtlebot3_msgs/msg/Sound.msg
[0.648s] -- Up-to-date: /home/gixstudent/Desktop/Final lab/robotics_navigation/install/turtlebot3_msgs/share/turtlebot3_msgs/msg/VersionInfo.msg
[0.649s] -- Up-to-date: /home/gixstudent/Desktop/Final lab/robotics_navigation/install/turtlebot3_msgs/share/turtlebot3_msgs/srv/Sound.srv
[0.649s] -- Up-to-date: /home/gixstudent/Desktop/Final lab/robotics_navigation/install/turtlebot3_msgs/share/turtlebot3_msgs/srv/Sound_Request.msg
[0.649s] -- Up-to-date: /home/gixstudent/Desktop/Final lab/robotics_navigation/install/turtlebot3_msgs/share/turtlebot3_msgs/srv/Sound_Response.msg
[0.649s] -- Up-to-date: /home/gixstudent/Desktop/Final lab/robotics_navigation/install/turtlebot3_msgs/share/turtlebot3_msgs/srv/Dqn.srv
[0.649s] -- Up-to-date: /home/gixstudent/Desktop/Final lab/robotics_navigation/install/turtlebot3_msgs/share/turtlebot3_msgs/srv/Dqn_Request.msg
[0.649s] -- Up-to-date: /home/gixstudent/Desktop/Final lab/robotics_navigation/install/turtlebot3_msgs/share/turtlebot3_msgs/srv/Dqn_Response.msg
[0.649s] -- Up-to-date: /home/gixstudent/Desktop/Final lab/robotics_navigation/install/turtlebot3_msgs/share/turtlebot3_msgs/action/Patrol.action
[0.649s] -- Up-to-date: /home/gixstudent/Desktop/Final lab/robotics_navigation/install/turtlebot3_msgs/share/ament_index/resource_index/package_run_dependencies/turtlebot3_msgs
[0.649s] -- Up-to-date: /home/gixstudent/Desktop/Final lab/robotics_navigation/install/turtlebot3_msgs/share/ament_index/resource_index/parent_prefix_path/turtlebot3_msgs
[0.649s] -- Up-to-date: /home/gixstudent/Desktop/Final lab/robotics_navigation/install/turtlebot3_msgs/share/turtlebot3_msgs/environment/ament_prefix_path.sh
[0.649s] -- Up-to-date: /home/gixstudent/Desktop/Final lab/robotics_navigation/install/turtlebot3_msgs/share/turtlebot3_msgs/environment/ament_prefix_path.dsv
[0.649s] -- Up-to-date: /home/gixstudent/Desktop/Final lab/robotics_navigation/install/turtlebot3_msgs/share/turtlebot3_msgs/environment/path.sh
[0.650s] -- Up-to-date: /home/gixstudent/Desktop/Final lab/robotics_navigation/install/turtlebot3_msgs/share/turtlebot3_msgs/environment/path.dsv
[0.650s] -- Up-to-date: /home/gixstudent/Desktop/Final lab/robotics_navigation/install/turtlebot3_msgs/share/turtlebot3_msgs/local_setup.bash
[0.650s] -- Up-to-date: /home/gixstudent/Desktop/Final lab/robotics_navigation/install/turtlebot3_msgs/share/turtlebot3_msgs/local_setup.sh
[0.650s] -- Up-to-date: /home/gixstudent/Desktop/Final lab/robotics_navigation/install/turtlebot3_msgs/share/turtlebot3_msgs/local_setup.zsh
[0.650s] -- Up-to-date: /home/gixstudent/Desktop/Final lab/robotics_navigation/install/turtlebot3_msgs/share/turtlebot3_msgs/local_setup.dsv
[0.650s] -- Installing: /home/gixstudent/Desktop/Final lab/robotics_navigation/install/turtlebot3_msgs/share/turtlebot3_msgs/package.dsv
[0.650s] -- Up-to-date: /home/gixstudent/Desktop/Final lab/robotics_navigation/install/turtlebot3_msgs/share/ament_index/resource_index/packages/turtlebot3_msgs
[0.650s] -- Up-to-date: /home/gixstudent/Desktop/Final lab/robotics_navigation/install/turtlebot3_msgs/share/turtlebot3_msgs/cmake/export_turtlebot3_msgs__rosidl_generator_cExport.cmake
[0.650s] -- Up-to-date: /home/gixstudent/Desktop/Final lab/robotics_navigation/install/turtlebot3_msgs/share/turtlebot3_msgs/cmake/export_turtlebot3_msgs__rosidl_generator_cExport-noconfig.cmake
[0.650s] -- Up-to-date: /home/gixstudent/Desktop/Final lab/robotics_navigation/install/turtlebot3_msgs/share/turtlebot3_msgs/cmake/export_turtlebot3_msgs__rosidl_typesupport_fastrtps_cExport.cmake
[0.650s] -- Up-to-date: /home/gixstudent/Desktop/Final lab/robotics_navigation/install/turtlebot3_msgs/share/turtlebot3_msgs/cmake/export_turtlebot3_msgs__rosidl_typesupport_fastrtps_cExport-noconfig.cmake
[0.650s] -- Up-to-date: /home/gixstudent/Desktop/Final lab/robotics_navigation/install/turtlebot3_msgs/share/turtlebot3_msgs/cmake/export_turtlebot3_msgs__rosidl_generator_cppExport.cmake
[0.650s] -- Up-to-date: /home/gixstudent/Desktop/Final lab/robotics_navigation/install/turtlebot3_msgs/share/turtlebot3_msgs/cmake/export_turtlebot3_msgs__rosidl_typesupport_fastrtps_cppExport.cmake
[0.650s] -- Up-to-date: /home/gixstudent/Desktop/Final lab/robotics_navigation/install/turtlebot3_msgs/share/turtlebot3_msgs/cmake/export_turtlebot3_msgs__rosidl_typesupport_fastrtps_cppExport-noconfig.cmake
[0.650s] -- Up-to-date: /home/gixstudent/Desktop/Final lab/robotics_navigation/install/turtlebot3_msgs/share/turtlebot3_msgs/cmake/turtlebot3_msgs__rosidl_typesupport_introspection_cExport.cmake
[0.651s] -- Up-to-date: /home/gixstudent/Desktop/Final lab/robotics_navigation/install/turtlebot3_msgs/share/turtlebot3_msgs/cmake/turtlebot3_msgs__rosidl_typesupport_introspection_cExport-noconfig.cmake
[0.651s] -- Up-to-date: /home/gixstudent/Desktop/Final lab/robotics_navigation/install/turtlebot3_msgs/share/turtlebot3_msgs/cmake/turtlebot3_msgs__rosidl_typesupport_cExport.cmake
[0.651s] -- Up-to-date: /home/gixstudent/Desktop/Final lab/robotics_navigation/install/turtlebot3_msgs/share/turtlebot3_msgs/cmake/turtlebot3_msgs__rosidl_typesupport_cExport-noconfig.cmake
[0.651s] -- Up-to-date: /home/gixstudent/Desktop/Final lab/robotics_navigation/install/turtlebot3_msgs/share/turtlebot3_msgs/cmake/turtlebot3_msgs__rosidl_typesupport_introspection_cppExport.cmake
[0.651s] -- Up-to-date: /home/gixstudent/Desktop/Final lab/robotics_navigation/install/turtlebot3_msgs/share/turtlebot3_msgs/cmake/turtlebot3_msgs__rosidl_typesupport_introspection_cppExport-noconfig.cmake
[0.651s] -- Up-to-date: /home/gixstudent/Desktop/Final lab/robotics_navigation/install/turtlebot3_msgs/share/turtlebot3_msgs/cmake/turtlebot3_msgs__rosidl_typesupport_cppExport.cmake
[0.651s] -- Up-to-date: /home/gixstudent/Desktop/Final lab/robotics_navigation/install/turtlebot3_msgs/share/turtlebot3_msgs/cmake/turtlebot3_msgs__rosidl_typesupport_cppExport-noconfig.cmake
[0.651s] -- Up-to-date: /home/gixstudent/Desktop/Final lab/robotics_navigation/install/turtlebot3_msgs/share/turtlebot3_msgs/cmake/export_turtlebot3_msgs__rosidl_generator_pyExport.cmake
[0.651s] -- Up-to-date: /home/gixstudent/Desktop/Final lab/robotics_navigation/install/turtlebot3_msgs/share/turtlebot3_msgs/cmake/export_turtlebot3_msgs__rosidl_generator_pyExport-noconfig.cmake
[0.651s] -- Up-to-date: /home/gixstudent/Desktop/Final lab/robotics_navigation/install/turtlebot3_msgs/share/turtlebot3_msgs/cmake/rosidl_cmake-extras.cmake
[0.651s] -- Up-to-date: /home/gixstudent/Desktop/Final lab/robotics_navigation/install/turtlebot3_msgs/share/turtlebot3_msgs/cmake/ament_cmake_export_dependencies-extras.cmake
[0.652s] -- Up-to-date: /home/gixstudent/Desktop/Final lab/robotics_navigation/install/turtlebot3_msgs/share/turtlebot3_msgs/cmake/ament_cmake_export_include_directories-extras.cmake
[0.652s] -- Up-to-date: /home/gixstudent/Desktop/Final lab/robotics_navigation/install/turtlebot3_msgs/share/turtlebot3_msgs/cmake/ament_cmake_export_libraries-extras.cmake
[0.652s] -- Up-to-date: /home/gixstudent/Desktop/Final lab/robotics_navigation/install/turtlebot3_msgs/share/turtlebot3_msgs/cmake/ament_cmake_export_targets-extras.cmake
[0.652s] -- Up-to-date: /home/gixstudent/Desktop/Final lab/robotics_navigation/install/turtlebot3_msgs/share/turtlebot3_msgs/cmake/rosidl_cmake_export_typesupport_targets-extras.cmake
[0.652s] -- Up-to-date: /home/gixstudent/Desktop/Final lab/robotics_navigation/install/turtlebot3_msgs/share/turtlebot3_msgs/cmake/rosidl_cmake_export_typesupport_libraries-extras.cmake
[0.652s] -- Up-to-date: /home/gixstudent/Desktop/Final lab/robotics_navigation/install/turtlebot3_msgs/share/turtlebot3_msgs/cmake/turtlebot3_msgsConfig.cmake
[0.652s] -- Up-to-date: /home/gixstudent/Desktop/Final lab/robotics_navigation/install/turtlebot3_msgs/share/turtlebot3_msgs/cmake/turtlebot3_msgsConfig-version.cmake
[0.652s] -- Up-to-date: /home/gixstudent/Desktop/Final lab/robotics_navigation/install/turtlebot3_msgs/share/turtlebot3_msgs/package.xml
[0.656s] Invoked command in '/home/gixstudent/Desktop/Final lab/robotics_navigation/build/turtlebot3_msgs' returned '0': CMAKE_PREFIX_PATH=/opt/ros/humble /usr/bin/cmake --install /home/gixstudent/Desktop/Final lab/robotics_navigation/build/turtlebot3_msgs
