[0.799s] Invoking command in '/home/gixstudent/Desktop/Final lab/robotics_navigation/src/turtlebot3/turtlebot3_example': AMENT_PREFIX_PATH=/home/gixstudent/Desktop/Final lab/robotics_navigation/install/turtlebot3_msgs:${AMENT_PREFIX_PATH} CMAKE_PREFIX_PATH=/home/gixstudent/Desktop/Final lab/robotics_navigation/install/turtlebot3_msgs LD_LIBRARY_PATH=/home/gixstudent/Desktop/Final lab/robotics_navigation/install/turtlebot3_msgs/lib:${LD_LIBRARY_PATH} PYTHONPATH=/home/gixstudent/Desktop/Final lab/robotics_navigation/build/turtlebot3_example/prefix_override:/usr/lib/python3/dist-packages/colcon_core/task/python/colcon_distutils_commands:/home/gixstudent/Desktop/Final lab/robotics_navigation/install/turtlebot3_example/lib/python3.10/site-packages:/home/gixstudent/Desktop/Final lab/robotics_navigation/install/turtlebot3_msgs/local/lib/python3.10/dist-packages:${PYTHONPATH} /usr/bin/python3 -W ignore:setup.py install is deprecated -W ignore:easy_install command is deprecated setup.py egg_info --egg-base ../../../build/turtlebot3_example build --build-base /home/gixstudent/Desktop/Final lab/robotics_navigation/build/turtlebot3_example/build install --record /home/gixstudent/Desktop/Final lab/robotics_navigation/build/turtlebot3_example/install.log --single-version-externally-managed install_data
[1.029s] running egg_info
[1.030s] writing ../../../build/turtlebot3_example/turtlebot3_example.egg-info/PKG-INFO
[1.030s] writing dependency_links to ../../../build/turtlebot3_example/turtlebot3_example.egg-info/dependency_links.txt
[1.030s] writing entry points to ../../../build/turtlebot3_example/turtlebot3_example.egg-info/entry_points.txt
[1.030s] writing requirements to ../../../build/turtlebot3_example/turtlebot3_example.egg-info/requires.txt
[1.030s] writing top-level names to ../../../build/turtlebot3_example/turtlebot3_example.egg-info/top_level.txt
[1.033s] reading manifest file '../../../build/turtlebot3_example/turtlebot3_example.egg-info/SOURCES.txt'
[1.034s] writing manifest file '../../../build/turtlebot3_example/turtlebot3_example.egg-info/SOURCES.txt'
[1.034s] running build
[1.034s] running build_py
[1.035s] running install
[1.035s] running install_lib
[1.037s] running install_data
[1.037s] running install_egg_info
[1.039s] removing '/home/gixstudent/Desktop/Final lab/robotics_navigation/install/turtlebot3_example/lib/python3.10/site-packages/turtlebot3_example-2.1.5-py3.10.egg-info' (and everything under it)
[1.039s] Copying ../../../build/turtlebot3_example/turtlebot3_example.egg-info to /home/gixstudent/Desktop/Final lab/robotics_navigation/install/turtlebot3_example/lib/python3.10/site-packages/turtlebot3_example-2.1.5-py3.10.egg-info
[1.040s] running install_scripts
[1.057s] Installing turtlebot3_obstacle_detection script to /home/gixstudent/Desktop/Final lab/robotics_navigation/install/turtlebot3_example/lib/turtlebot3_example
[1.057s] Installing turtlebot3_patrol_client script to /home/gixstudent/Desktop/Final lab/robotics_navigation/install/turtlebot3_example/lib/turtlebot3_example
[1.057s] Installing turtlebot3_patrol_server script to /home/gixstudent/Desktop/Final lab/robotics_navigation/install/turtlebot3_example/lib/turtlebot3_example
[1.057s] Installing turtlebot3_position_control script to /home/gixstudent/Desktop/Final lab/robotics_navigation/install/turtlebot3_example/lib/turtlebot3_example
[1.058s] writing list of installed files to '/home/gixstudent/Desktop/Final lab/robotics_navigation/build/turtlebot3_example/install.log'
[1.088s] Invoked command in '/home/gixstudent/Desktop/Final lab/robotics_navigation/src/turtlebot3/turtlebot3_example' returned '0': AMENT_PREFIX_PATH=/home/gixstudent/Desktop/Final lab/robotics_navigation/install/turtlebot3_msgs:${AMENT_PREFIX_PATH} CMAKE_PREFIX_PATH=/home/gixstudent/Desktop/Final lab/robotics_navigation/install/turtlebot3_msgs LD_LIBRARY_PATH=/home/gixstudent/Desktop/Final lab/robotics_navigation/install/turtlebot3_msgs/lib:${LD_LIBRARY_PATH} PYTHONPATH=/home/gixstudent/Desktop/Final lab/robotics_navigation/build/turtlebot3_example/prefix_override:/usr/lib/python3/dist-packages/colcon_core/task/python/colcon_distutils_commands:/home/gixstudent/Desktop/Final lab/robotics_navigation/install/turtlebot3_example/lib/python3.10/site-packages:/home/gixstudent/Desktop/Final lab/robotics_navigation/install/turtlebot3_msgs/local/lib/python3.10/dist-packages:${PYTHONPATH} /usr/bin/python3 -W ignore:setup.py install is deprecated -W ignore:easy_install command is deprecated setup.py egg_info --egg-base ../../../build/turtlebot3_example build --build-base /home/gixstudent/Desktop/Final lab/robotics_navigation/build/turtlebot3_example/build install --record /home/gixstudent/Desktop/Final lab/robotics_navigation/build/turtlebot3_example/install.log --single-version-externally-managed install_data
