[1.432s] Invoking command in '/home/jason/robotics_navigation/nav_ws/c8nav': PYTHONPATH=/home/jason/robotics_navigation/build/c8nav/prefix_override:/usr/lib/python3/dist-packages/colcon_core/task/python/colcon_distutils_commands:/home/jason/robotics_navigation/install/c8nav/lib/python3.10/site-packages:${PYTHONPATH} /usr/bin/python3 -W ignore:setup.py install is deprecated -W ignore:easy_install command is deprecated setup.py egg_info --egg-base ../../build/c8nav build --build-base /home/jason/robotics_navigation/build/c8nav/build install --record /home/jason/robotics_navigation/build/c8nav/install.log --single-version-externally-managed install_data
[1.926s] running egg_info
[1.927s] writing ../../build/c8nav/c8nav.egg-info/PKG-INFO
[1.928s] writing dependency_links to ../../build/c8nav/c8nav.egg-info/dependency_links.txt
[1.928s] writing entry points to ../../build/c8nav/c8nav.egg-info/entry_points.txt
[1.929s] writing requirements to ../../build/c8nav/c8nav.egg-info/requires.txt
[1.929s] writing top-level names to ../../build/c8nav/c8nav.egg-info/top_level.txt
[1.933s] reading manifest file '../../build/c8nav/c8nav.egg-info/SOURCES.txt'
[1.935s] writing manifest file '../../build/c8nav/c8nav.egg-info/SOURCES.txt'
[1.935s] running build
[1.935s] running build_py
[1.937s] running install
[1.937s] running install_lib
[1.942s] running install_data
[1.942s] running install_egg_info
[1.953s] removing '/home/jason/robotics_navigation/install/c8nav/lib/python3.10/site-packages/c8nav-0.0.0-py3.10.egg-info' (and everything under it)
[1.953s] Copying ../../build/c8nav/c8nav.egg-info to /home/jason/robotics_navigation/install/c8nav/lib/python3.10/site-packages/c8nav-0.0.0-py3.10.egg-info
[1.956s] running install_scripts
[1.997s] Installing get_goal script to /home/jason/robotics_navigation/install/c8nav/lib/c8nav
[1.997s] Installing save_current_pose script to /home/jason/robotics_navigation/install/c8nav/lib/c8nav
[1.998s] Installing send_goal script to /home/jason/robotics_navigation/install/c8nav/lib/c8nav
[1.998s] writing list of installed files to '/home/jason/robotics_navigation/build/c8nav/install.log'
[2.073s] Invoked command in '/home/jason/robotics_navigation/nav_ws/c8nav' returned '0': PYTHONPATH=/home/jason/robotics_navigation/build/c8nav/prefix_override:/usr/lib/python3/dist-packages/colcon_core/task/python/colcon_distutils_commands:/home/jason/robotics_navigation/install/c8nav/lib/python3.10/site-packages:${PYTHONPATH} /usr/bin/python3 -W ignore:setup.py install is deprecated -W ignore:easy_install command is deprecated setup.py egg_info --egg-base ../../build/c8nav build --build-base /home/jason/robotics_navigation/build/c8nav/build install --record /home/jason/robotics_navigation/build/c8nav/install.log --single-version-externally-managed install_data
