[0.201s] DEBUG:colcon:Command line arguments: ['/usr/bin/colcon', 'build', '--packages-select', 'c8nav']
[0.201s] DEBUG:colcon:Parsed command line arguments: Namespace(log_base=None, log_level=None, verb_name='build', build_base='build', install_base='install', merge_install=False, symlink_install=False, test_result_base=None, continue_on_error=False, executor='parallel', parallel_workers=8, event_handlers=None, ignore_user_meta=False, metas=['./colcon.meta'], base_paths=['.'], packages_ignore=None, packages_ignore_regex=None, paths=None, packages_up_to=None, packages_up_to_regex=None, packages_above=None, packages_above_and_dependencies=None, packages_above_depth=None, packages_select_by_dep=None, packages_skip_by_dep=None, packages_skip_up_to=None, packages_select_build_failed=False, packages_skip_build_finished=False, packages_select_test_failures=False, packages_skip_test_passed=False, packages_select=['c8nav'], packages_skip=None, packages_select_regex=None, packages_skip_regex=None, packages_start=None, packages_end=None, allow_overriding=[], cmake_args=None, cmake_target=None, cmake_target_skip_unavailable=False, cmake_clean_cache=False, cmake_clean_first=False, cmake_force_configure=False, ament_cmake_args=None, catkin_cmake_args=None, catkin_skip_building_tests=False, mixin_files=None, mixin=None, verb_parser=<colcon_mixin.mixin.mixin_argument.MixinArgumentDecorator object at 0x7a7072c84310>, verb_extension=<colcon_core.verb.build.BuildVerb object at 0x7a7072c5bcd0>, main=<bound method BuildVerb.main of <colcon_core.verb.build.BuildVerb object at 0x7a7072c5bcd0>>, mixin_verb=('build',))
[0.505s] Level 1:colcon.colcon_core.package_discovery:discover_packages(colcon_meta) check parameters
[0.506s] Level 1:colcon.colcon_core.package_discovery:discover_packages(recursive) check parameters
[0.506s] Level 1:colcon.colcon_core.package_discovery:discover_packages(ignore) check parameters
[0.506s] Level 1:colcon.colcon_core.package_discovery:discover_packages(path) check parameters
[0.506s] Level 1:colcon.colcon_core.package_discovery:discover_packages(colcon_meta) discover
[0.506s] Level 1:colcon.colcon_core.package_discovery:discover_packages(recursive) discover
[0.506s] INFO:colcon.colcon_core.package_discovery:Crawling recursively for packages in '/home/gixstudent/Desktop/Final_lab/robotics_navigation'
[0.506s] Level 1:colcon.colcon_core.package_identification:_identify(.) by extensions ['ignore', 'ignore_ament_install']
[0.506s] Level 1:colcon.colcon_core.package_identification:_identify(.) by extension 'ignore'
[0.506s] Level 1:colcon.colcon_core.package_identification:_identify(.) by extension 'ignore_ament_install'
[0.506s] Level 1:colcon.colcon_core.package_identification:_identify(.) by extensions ['colcon_pkg']
[0.506s] Level 1:colcon.colcon_core.package_identification:_identify(.) by extension 'colcon_pkg'
[0.506s] Level 1:colcon.colcon_core.package_identification:_identify(.) by extensions ['colcon_meta']
[0.506s] Level 1:colcon.colcon_core.package_identification:_identify(.) by extension 'colcon_meta'
[0.506s] Level 1:colcon.colcon_core.package_identification:_identify(.) by extensions ['ros']
[0.506s] Level 1:colcon.colcon_core.package_identification:_identify(.) by extension 'ros'
[0.520s] Level 1:colcon.colcon_core.package_identification:_identify(.) by extensions ['cmake', 'python']
[0.520s] Level 1:colcon.colcon_core.package_identification:_identify(.) by extension 'cmake'
[0.520s] Level 1:colcon.colcon_core.package_identification:_identify(.) by extension 'python'
[0.520s] Level 1:colcon.colcon_core.package_identification:_identify(.) by extensions ['python_setup_py']
[0.520s] Level 1:colcon.colcon_core.package_identification:_identify(.) by extension 'python_setup_py'
[0.521s] Level 1:colcon.colcon_core.package_identification:_identify(build) by extensions ['ignore', 'ignore_ament_install']
[0.521s] Level 1:colcon.colcon_core.package_identification:_identify(build) by extension 'ignore'
[0.521s] Level 1:colcon.colcon_core.package_identification:_identify(build) ignored
[0.521s] Level 1:colcon.colcon_core.package_identification:_identify(install) by extensions ['ignore', 'ignore_ament_install']
[0.521s] Level 1:colcon.colcon_core.package_identification:_identify(install) by extension 'ignore'
[0.521s] Level 1:colcon.colcon_core.package_identification:_identify(install) ignored
[0.521s] Level 1:colcon.colcon_core.package_identification:_identify(log) by extensions ['ignore', 'ignore_ament_install']
[0.521s] Level 1:colcon.colcon_core.package_identification:_identify(log) by extension 'ignore'
[0.521s] Level 1:colcon.colcon_core.package_identification:_identify(log) ignored
[0.522s] Level 1:colcon.colcon_core.package_identification:_identify(maps) by extensions ['ignore', 'ignore_ament_install']
[0.522s] Level 1:colcon.colcon_core.package_identification:_identify(maps) by extension 'ignore'
[0.522s] Level 1:colcon.colcon_core.package_identification:_identify(maps) by extension 'ignore_ament_install'
[0.522s] Level 1:colcon.colcon_core.package_identification:_identify(maps) by extensions ['colcon_pkg']
[0.522s] Level 1:colcon.colcon_core.package_identification:_identify(maps) by extension 'colcon_pkg'
[0.522s] Level 1:colcon.colcon_core.package_identification:_identify(maps) by extensions ['colcon_meta']
[0.522s] Level 1:colcon.colcon_core.package_identification:_identify(maps) by extension 'colcon_meta'
[0.522s] Level 1:colcon.colcon_core.package_identification:_identify(maps) by extensions ['ros']
[0.522s] Level 1:colcon.colcon_core.package_identification:_identify(maps) by extension 'ros'
[0.522s] Level 1:colcon.colcon_core.package_identification:_identify(maps) by extensions ['cmake', 'python']
[0.522s] Level 1:colcon.colcon_core.package_identification:_identify(maps) by extension 'cmake'
[0.522s] Level 1:colcon.colcon_core.package_identification:_identify(maps) by extension 'python'
[0.522s] Level 1:colcon.colcon_core.package_identification:_identify(maps) by extensions ['python_setup_py']
[0.522s] Level 1:colcon.colcon_core.package_identification:_identify(maps) by extension 'python_setup_py'
[0.522s] Level 1:colcon.colcon_core.package_identification:_identify(maps/history) by extensions ['ignore', 'ignore_ament_install']
[0.523s] Level 1:colcon.colcon_core.package_identification:_identify(maps/history) by extension 'ignore'
[0.523s] Level 1:colcon.colcon_core.package_identification:_identify(maps/history) by extension 'ignore_ament_install'
[0.523s] Level 1:colcon.colcon_core.package_identification:_identify(maps/history) by extensions ['colcon_pkg']
[0.523s] Level 1:colcon.colcon_core.package_identification:_identify(maps/history) by extension 'colcon_pkg'
[0.523s] Level 1:colcon.colcon_core.package_identification:_identify(maps/history) by extensions ['colcon_meta']
[0.523s] Level 1:colcon.colcon_core.package_identification:_identify(maps/history) by extension 'colcon_meta'
[0.523s] Level 1:colcon.colcon_core.package_identification:_identify(maps/history) by extensions ['ros']
[0.523s] Level 1:colcon.colcon_core.package_identification:_identify(maps/history) by extension 'ros'
[0.523s] Level 1:colcon.colcon_core.package_identification:_identify(maps/history) by extensions ['cmake', 'python']
[0.523s] Level 1:colcon.colcon_core.package_identification:_identify(maps/history) by extension 'cmake'
[0.523s] Level 1:colcon.colcon_core.package_identification:_identify(maps/history) by extension 'python'
[0.523s] Level 1:colcon.colcon_core.package_identification:_identify(maps/history) by extensions ['python_setup_py']
[0.523s] Level 1:colcon.colcon_core.package_identification:_identify(maps/history) by extension 'python_setup_py'
[0.523s] Level 1:colcon.colcon_core.package_identification:_identify(maps/positions) by extensions ['ignore', 'ignore_ament_install']
[0.523s] Level 1:colcon.colcon_core.package_identification:_identify(maps/positions) by extension 'ignore'
[0.523s] Level 1:colcon.colcon_core.package_identification:_identify(maps/positions) by extension 'ignore_ament_install'
[0.524s] Level 1:colcon.colcon_core.package_identification:_identify(maps/positions) by extensions ['colcon_pkg']
[0.524s] Level 1:colcon.colcon_core.package_identification:_identify(maps/positions) by extension 'colcon_pkg'
[0.524s] Level 1:colcon.colcon_core.package_identification:_identify(maps/positions) by extensions ['colcon_meta']
[0.524s] Level 1:colcon.colcon_core.package_identification:_identify(maps/positions) by extension 'colcon_meta'
[0.524s] Level 1:colcon.colcon_core.package_identification:_identify(maps/positions) by extensions ['ros']
[0.524s] Level 1:colcon.colcon_core.package_identification:_identify(maps/positions) by extension 'ros'
[0.524s] Level 1:colcon.colcon_core.package_identification:_identify(maps/positions) by extensions ['cmake', 'python']
[0.524s] Level 1:colcon.colcon_core.package_identification:_identify(maps/positions) by extension 'cmake'
[0.524s] Level 1:colcon.colcon_core.package_identification:_identify(maps/positions) by extension 'python'
[0.524s] Level 1:colcon.colcon_core.package_identification:_identify(maps/positions) by extensions ['python_setup_py']
[0.524s] Level 1:colcon.colcon_core.package_identification:_identify(maps/positions) by extension 'python_setup_py'
[0.524s] Level 1:colcon.colcon_core.package_identification:_identify(nav_ws) by extensions ['ignore', 'ignore_ament_install']
[0.524s] Level 1:colcon.colcon_core.package_identification:_identify(nav_ws) by extension 'ignore'
[0.524s] Level 1:colcon.colcon_core.package_identification:_identify(nav_ws) by extension 'ignore_ament_install'
[0.524s] Level 1:colcon.colcon_core.package_identification:_identify(nav_ws) by extensions ['colcon_pkg']
[0.524s] Level 1:colcon.colcon_core.package_identification:_identify(nav_ws) by extension 'colcon_pkg'
[0.524s] Level 1:colcon.colcon_core.package_identification:_identify(nav_ws) by extensions ['colcon_meta']
[0.524s] Level 1:colcon.colcon_core.package_identification:_identify(nav_ws) by extension 'colcon_meta'
[0.525s] Level 1:colcon.colcon_core.package_identification:_identify(nav_ws) by extensions ['ros']
[0.525s] Level 1:colcon.colcon_core.package_identification:_identify(nav_ws) by extension 'ros'
[0.525s] Level 1:colcon.colcon_core.package_identification:_identify(nav_ws) by extensions ['cmake', 'python']
[0.525s] Level 1:colcon.colcon_core.package_identification:_identify(nav_ws) by extension 'cmake'
[0.525s] Level 1:colcon.colcon_core.package_identification:_identify(nav_ws) by extension 'python'
[0.525s] Level 1:colcon.colcon_core.package_identification:_identify(nav_ws) by extensions ['python_setup_py']
[0.525s] Level 1:colcon.colcon_core.package_identification:_identify(nav_ws) by extension 'python_setup_py'
[0.525s] Level 1:colcon.colcon_core.package_identification:_identify(nav_ws/c8nav) by extensions ['ignore', 'ignore_ament_install']
[0.525s] Level 1:colcon.colcon_core.package_identification:_identify(nav_ws/c8nav) by extension 'ignore'
[0.525s] Level 1:colcon.colcon_core.package_identification:_identify(nav_ws/c8nav) by extension 'ignore_ament_install'
[0.525s] Level 1:colcon.colcon_core.package_identification:_identify(nav_ws/c8nav) by extensions ['colcon_pkg']
[0.525s] Level 1:colcon.colcon_core.package_identification:_identify(nav_ws/c8nav) by extension 'colcon_pkg'
[0.525s] Level 1:colcon.colcon_core.package_identification:_identify(nav_ws/c8nav) by extensions ['colcon_meta']
[0.525s] Level 1:colcon.colcon_core.package_identification:_identify(nav_ws/c8nav) by extension 'colcon_meta'
[0.525s] Level 1:colcon.colcon_core.package_identification:_identify(nav_ws/c8nav) by extensions ['ros']
[0.525s] Level 1:colcon.colcon_core.package_identification:_identify(nav_ws/c8nav) by extension 'ros'
[0.528s] DEBUG:colcon.colcon_core.package_identification:Package 'nav_ws/c8nav' with type 'ros.ament_python' and name 'c8nav'
[0.528s] Level 1:colcon.colcon_core.package_identification:_identify(nav_ws/qr_code) by extensions ['ignore', 'ignore_ament_install']
[0.528s] Level 1:colcon.colcon_core.package_identification:_identify(nav_ws/qr_code) by extension 'ignore'
[0.528s] Level 1:colcon.colcon_core.package_identification:_identify(nav_ws/qr_code) by extension 'ignore_ament_install'
[0.529s] Level 1:colcon.colcon_core.package_identification:_identify(nav_ws/qr_code) by extensions ['colcon_pkg']
[0.529s] Level 1:colcon.colcon_core.package_identification:_identify(nav_ws/qr_code) by extension 'colcon_pkg'
[0.529s] Level 1:colcon.colcon_core.package_identification:_identify(nav_ws/qr_code) by extensions ['colcon_meta']
[0.529s] Level 1:colcon.colcon_core.package_identification:_identify(nav_ws/qr_code) by extension 'colcon_meta'
[0.529s] Level 1:colcon.colcon_core.package_identification:_identify(nav_ws/qr_code) by extensions ['ros']
[0.529s] Level 1:colcon.colcon_core.package_identification:_identify(nav_ws/qr_code) by extension 'ros'
[0.529s] Level 1:colcon.colcon_core.package_identification:_identify(nav_ws/qr_code) by extensions ['cmake', 'python']
[0.529s] Level 1:colcon.colcon_core.package_identification:_identify(nav_ws/qr_code) by extension 'cmake'
[0.529s] Level 1:colcon.colcon_core.package_identification:_identify(nav_ws/qr_code) by extension 'python'
[0.529s] Level 1:colcon.colcon_core.package_identification:_identify(nav_ws/qr_code) by extensions ['python_setup_py']
[0.529s] Level 1:colcon.colcon_core.package_identification:_identify(nav_ws/qr_code) by extension 'python_setup_py'
[0.529s] Level 1:colcon.colcon_core.package_identification:_identify(src) by extensions ['ignore', 'ignore_ament_install']
[0.529s] Level 1:colcon.colcon_core.package_identification:_identify(src) by extension 'ignore'
[0.529s] Level 1:colcon.colcon_core.package_identification:_identify(src) by extension 'ignore_ament_install'
[0.529s] Level 1:colcon.colcon_core.package_identification:_identify(src) by extensions ['colcon_pkg']
[0.529s] Level 1:colcon.colcon_core.package_identification:_identify(src) by extension 'colcon_pkg'
[0.529s] Level 1:colcon.colcon_core.package_identification:_identify(src) by extensions ['colcon_meta']
[0.529s] Level 1:colcon.colcon_core.package_identification:_identify(src) by extension 'colcon_meta'
[0.529s] Level 1:colcon.colcon_core.package_identification:_identify(src) by extensions ['ros']
[0.530s] Level 1:colcon.colcon_core.package_identification:_identify(src) by extension 'ros'
[0.530s] Level 1:colcon.colcon_core.package_identification:_identify(src) by extensions ['cmake', 'python']
[0.530s] Level 1:colcon.colcon_core.package_identification:_identify(src) by extension 'cmake'
[0.530s] Level 1:colcon.colcon_core.package_identification:_identify(src) by extension 'python'
[0.530s] Level 1:colcon.colcon_core.package_identification:_identify(src) by extensions ['python_setup_py']
[0.530s] Level 1:colcon.colcon_core.package_identification:_identify(src) by extension 'python_setup_py'
[0.530s] Level 1:colcon.colcon_core.package_identification:_identify(src/create_robot) by extensions ['ignore', 'ignore_ament_install']
[0.530s] Level 1:colcon.colcon_core.package_identification:_identify(src/create_robot) by extension 'ignore'
[0.530s] Level 1:colcon.colcon_core.package_identification:_identify(src/create_robot) by extension 'ignore_ament_install'
[0.530s] Level 1:colcon.colcon_core.package_identification:_identify(src/create_robot) by extensions ['colcon_pkg']
[0.530s] Level 1:colcon.colcon_core.package_identification:_identify(src/create_robot) by extension 'colcon_pkg'
[0.530s] Level 1:colcon.colcon_core.package_identification:_identify(src/create_robot) by extensions ['colcon_meta']
[0.530s] Level 1:colcon.colcon_core.package_identification:_identify(src/create_robot) by extension 'colcon_meta'
[0.530s] Level 1:colcon.colcon_core.package_identification:_identify(src/create_robot) by extensions ['ros']
[0.530s] Level 1:colcon.colcon_core.package_identification:_identify(src/create_robot) by extension 'ros'
[0.530s] Level 1:colcon.colcon_core.package_identification:_identify(src/create_robot) by extensions ['cmake', 'python']
[0.530s] Level 1:colcon.colcon_core.package_identification:_identify(src/create_robot) by extension 'cmake'
[0.530s] Level 1:colcon.colcon_core.package_identification:_identify(src/create_robot) by extension 'python'
[0.530s] Level 1:colcon.colcon_core.package_identification:_identify(src/create_robot) by extensions ['python_setup_py']
[0.530s] Level 1:colcon.colcon_core.package_identification:_identify(src/create_robot) by extension 'python_setup_py'
[0.531s] Level 1:colcon.colcon_core.package_identification:_identify(src/create_robot/create_bringup) by extensions ['ignore', 'ignore_ament_install']
[0.531s] Level 1:colcon.colcon_core.package_identification:_identify(src/create_robot/create_bringup) by extension 'ignore'
[0.531s] Level 1:colcon.colcon_core.package_identification:_identify(src/create_robot/create_bringup) by extension 'ignore_ament_install'
[0.531s] Level 1:colcon.colcon_core.package_identification:_identify(src/create_robot/create_bringup) by extensions ['colcon_pkg']
[0.531s] Level 1:colcon.colcon_core.package_identification:_identify(src/create_robot/create_bringup) by extension 'colcon_pkg'
[0.531s] Level 1:colcon.colcon_core.package_identification:_identify(src/create_robot/create_bringup) by extensions ['colcon_meta']
[0.531s] Level 1:colcon.colcon_core.package_identification:_identify(src/create_robot/create_bringup) by extension 'colcon_meta'
[0.531s] Level 1:colcon.colcon_core.package_identification:_identify(src/create_robot/create_bringup) by extensions ['ros']
[0.531s] Level 1:colcon.colcon_core.package_identification:_identify(src/create_robot/create_bringup) by extension 'ros'
[0.533s] DEBUG:colcon.colcon_core.package_identification:Package 'src/create_robot/create_bringup' with type 'ros.ament_cmake' and name 'create_bringup'
[0.533s] Level 1:colcon.colcon_core.package_identification:_identify(src/create_robot/create_description) by extensions ['ignore', 'ignore_ament_install']
[0.533s] Level 1:colcon.colcon_core.package_identification:_identify(src/create_robot/create_description) by extension 'ignore'
[0.533s] Level 1:colcon.colcon_core.package_identification:_identify(src/create_robot/create_description) by extension 'ignore_ament_install'
[0.533s] Level 1:colcon.colcon_core.package_identification:_identify(src/create_robot/create_description) by extensions ['colcon_pkg']
[0.533s] Level 1:colcon.colcon_core.package_identification:_identify(src/create_robot/create_description) by extension 'colcon_pkg'
[0.533s] Level 1:colcon.colcon_core.package_identification:_identify(src/create_robot/create_description) by extensions ['colcon_meta']
[0.533s] Level 1:colcon.colcon_core.package_identification:_identify(src/create_robot/create_description) by extension 'colcon_meta'
[0.533s] Level 1:colcon.colcon_core.package_identification:_identify(src/create_robot/create_description) by extensions ['ros']
[0.533s] Level 1:colcon.colcon_core.package_identification:_identify(src/create_robot/create_description) by extension 'ros'
[0.534s] DEBUG:colcon.colcon_core.package_identification:Package 'src/create_robot/create_description' with type 'ros.ament_cmake' and name 'create_description'
[0.534s] Level 1:colcon.colcon_core.package_identification:_identify(src/create_robot/create_driver) by extensions ['ignore', 'ignore_ament_install']
[0.534s] Level 1:colcon.colcon_core.package_identification:_identify(src/create_robot/create_driver) by extension 'ignore'
[0.534s] Level 1:colcon.colcon_core.package_identification:_identify(src/create_robot/create_driver) by extension 'ignore_ament_install'
[0.534s] Level 1:colcon.colcon_core.package_identification:_identify(src/create_robot/create_driver) by extensions ['colcon_pkg']
[0.534s] Level 1:colcon.colcon_core.package_identification:_identify(src/create_robot/create_driver) by extension 'colcon_pkg'
[0.534s] Level 1:colcon.colcon_core.package_identification:_identify(src/create_robot/create_driver) by extensions ['colcon_meta']
[0.534s] Level 1:colcon.colcon_core.package_identification:_identify(src/create_robot/create_driver) by extension 'colcon_meta'
[0.534s] Level 1:colcon.colcon_core.package_identification:_identify(src/create_robot/create_driver) by extensions ['ros']
[0.534s] Level 1:colcon.colcon_core.package_identification:_identify(src/create_robot/create_driver) by extension 'ros'
[0.536s] DEBUG:colcon.colcon_core.package_identification:Package 'src/create_robot/create_driver' with type 'ros.ament_cmake' and name 'create_driver'
[0.536s] Level 1:colcon.colcon_core.package_identification:_identify(src/create_robot/create_msgs) by extensions ['ignore', 'ignore_ament_install']
[0.536s] Level 1:colcon.colcon_core.package_identification:_identify(src/create_robot/create_msgs) by extension 'ignore'
[0.536s] Level 1:colcon.colcon_core.package_identification:_identify(src/create_robot/create_msgs) by extension 'ignore_ament_install'
[0.536s] Level 1:colcon.colcon_core.package_identification:_identify(src/create_robot/create_msgs) by extensions ['colcon_pkg']
[0.536s] Level 1:colcon.colcon_core.package_identification:_identify(src/create_robot/create_msgs) by extension 'colcon_pkg'
[0.536s] Level 1:colcon.colcon_core.package_identification:_identify(src/create_robot/create_msgs) by extensions ['colcon_meta']
[0.536s] Level 1:colcon.colcon_core.package_identification:_identify(src/create_robot/create_msgs) by extension 'colcon_meta'
[0.536s] Level 1:colcon.colcon_core.package_identification:_identify(src/create_robot/create_msgs) by extensions ['ros']
[0.536s] Level 1:colcon.colcon_core.package_identification:_identify(src/create_robot/create_msgs) by extension 'ros'
[0.537s] DEBUG:colcon.colcon_core.package_identification:Package 'src/create_robot/create_msgs' with type 'ros.ament_cmake' and name 'create_msgs'
[0.537s] Level 1:colcon.colcon_core.package_identification:_identify(src/create_robot/create_robot) by extensions ['ignore', 'ignore_ament_install']
[0.537s] Level 1:colcon.colcon_core.package_identification:_identify(src/create_robot/create_robot) by extension 'ignore'
[0.537s] Level 1:colcon.colcon_core.package_identification:_identify(src/create_robot/create_robot) by extension 'ignore_ament_install'
[0.537s] Level 1:colcon.colcon_core.package_identification:_identify(src/create_robot/create_robot) by extensions ['colcon_pkg']
[0.537s] Level 1:colcon.colcon_core.package_identification:_identify(src/create_robot/create_robot) by extension 'colcon_pkg'
[0.537s] Level 1:colcon.colcon_core.package_identification:_identify(src/create_robot/create_robot) by extensions ['colcon_meta']
[0.537s] Level 1:colcon.colcon_core.package_identification:_identify(src/create_robot/create_robot) by extension 'colcon_meta'
[0.537s] Level 1:colcon.colcon_core.package_identification:_identify(src/create_robot/create_robot) by extensions ['ros']
[0.537s] Level 1:colcon.colcon_core.package_identification:_identify(src/create_robot/create_robot) by extension 'ros'
[0.538s] DEBUG:colcon.colcon_core.package_identification:Package 'src/create_robot/create_robot' with type 'ros.ament_cmake' and name 'create_robot'
[0.538s] Level 1:colcon.colcon_core.package_identification:_identify(src/libcreate) by extensions ['ignore', 'ignore_ament_install']
[0.538s] Level 1:colcon.colcon_core.package_identification:_identify(src/libcreate) by extension 'ignore'
[0.538s] Level 1:colcon.colcon_core.package_identification:_identify(src/libcreate) by extension 'ignore_ament_install'
[0.538s] Level 1:colcon.colcon_core.package_identification:_identify(src/libcreate) by extensions ['colcon_pkg']
[0.538s] Level 1:colcon.colcon_core.package_identification:_identify(src/libcreate) by extension 'colcon_pkg'
[0.538s] Level 1:colcon.colcon_core.package_identification:_identify(src/libcreate) by extensions ['colcon_meta']
[0.538s] Level 1:colcon.colcon_core.package_identification:_identify(src/libcreate) by extension 'colcon_meta'
[0.538s] Level 1:colcon.colcon_core.package_identification:_identify(src/libcreate) by extensions ['ros']
[0.538s] Level 1:colcon.colcon_core.package_identification:_identify(src/libcreate) by extension 'ros'
[0.552s] DEBUG:colcon.colcon_core.package_identification:Package 'src/libcreate' with type 'ros.cmake' and name 'libcreate'
[0.552s] Level 1:colcon.colcon_core.package_identification:_identify(src/turtlebot3) by extensions ['ignore', 'ignore_ament_install']
[0.552s] Level 1:colcon.colcon_core.package_identification:_identify(src/turtlebot3) by extension 'ignore'
[0.552s] Level 1:colcon.colcon_core.package_identification:_identify(src/turtlebot3) by extension 'ignore_ament_install'
[0.552s] Level 1:colcon.colcon_core.package_identification:_identify(src/turtlebot3) by extensions ['colcon_pkg']
[0.552s] Level 1:colcon.colcon_core.package_identification:_identify(src/turtlebot3) by extension 'colcon_pkg'
[0.552s] Level 1:colcon.colcon_core.package_identification:_identify(src/turtlebot3) by extensions ['colcon_meta']
[0.552s] Level 1:colcon.colcon_core.package_identification:_identify(src/turtlebot3) by extension 'colcon_meta'
[0.552s] Level 1:colcon.colcon_core.package_identification:_identify(src/turtlebot3) by extensions ['ros']
[0.552s] Level 1:colcon.colcon_core.package_identification:_identify(src/turtlebot3) by extension 'ros'
[0.552s] Level 1:colcon.colcon_core.package_identification:_identify(src/turtlebot3) by extensions ['cmake', 'python']
[0.552s] Level 1:colcon.colcon_core.package_identification:_identify(src/turtlebot3) by extension 'cmake'
[0.553s] Level 1:colcon.colcon_core.package_identification:_identify(src/turtlebot3) by extension 'python'
[0.553s] Level 1:colcon.colcon_core.package_identification:_identify(src/turtlebot3) by extensions ['python_setup_py']
[0.553s] Level 1:colcon.colcon_core.package_identification:_identify(src/turtlebot3) by extension 'python_setup_py'
[0.553s] Level 1:colcon.colcon_core.package_identification:_identify(src/turtlebot3/turtlebot3) by extensions ['ignore', 'ignore_ament_install']
[0.553s] Level 1:colcon.colcon_core.package_identification:_identify(src/turtlebot3/turtlebot3) by extension 'ignore'
[0.553s] Level 1:colcon.colcon_core.package_identification:_identify(src/turtlebot3/turtlebot3) by extension 'ignore_ament_install'
[0.553s] Level 1:colcon.colcon_core.package_identification:_identify(src/turtlebot3/turtlebot3) by extensions ['colcon_pkg']
[0.553s] Level 1:colcon.colcon_core.package_identification:_identify(src/turtlebot3/turtlebot3) by extension 'colcon_pkg'
[0.553s] Level 1:colcon.colcon_core.package_identification:_identify(src/turtlebot3/turtlebot3) by extensions ['colcon_meta']
[0.553s] Level 1:colcon.colcon_core.package_identification:_identify(src/turtlebot3/turtlebot3) by extension 'colcon_meta'
[0.553s] Level 1:colcon.colcon_core.package_identification:_identify(src/turtlebot3/turtlebot3) by extensions ['ros']
[0.553s] Level 1:colcon.colcon_core.package_identification:_identify(src/turtlebot3/turtlebot3) by extension 'ros'
[0.554s] DEBUG:colcon.colcon_core.package_identification:Package 'src/turtlebot3/turtlebot3' with type 'ros.ament_cmake' and name 'turtlebot3'
[0.554s] Level 1:colcon.colcon_core.package_identification:_identify(src/turtlebot3/turtlebot3_bringup) by extensions ['ignore', 'ignore_ament_install']
[0.554s] Level 1:colcon.colcon_core.package_identification:_identify(src/turtlebot3/turtlebot3_bringup) by extension 'ignore'
[0.554s] Level 1:colcon.colcon_core.package_identification:_identify(src/turtlebot3/turtlebot3_bringup) by extension 'ignore_ament_install'
[0.554s] Level 1:colcon.colcon_core.package_identification:_identify(src/turtlebot3/turtlebot3_bringup) by extensions ['colcon_pkg']
[0.555s] Level 1:colcon.colcon_core.package_identification:_identify(src/turtlebot3/turtlebot3_bringup) by extension 'colcon_pkg'
[0.555s] Level 1:colcon.colcon_core.package_identification:_identify(src/turtlebot3/turtlebot3_bringup) by extensions ['colcon_meta']
[0.555s] Level 1:colcon.colcon_core.package_identification:_identify(src/turtlebot3/turtlebot3_bringup) by extension 'colcon_meta'
[0.555s] Level 1:colcon.colcon_core.package_identification:_identify(src/turtlebot3/turtlebot3_bringup) by extensions ['ros']
[0.555s] Level 1:colcon.colcon_core.package_identification:_identify(src/turtlebot3/turtlebot3_bringup) by extension 'ros'
[0.556s] DEBUG:colcon.colcon_core.package_identification:Package 'src/turtlebot3/turtlebot3_bringup' with type 'ros.ament_cmake' and name 'turtlebot3_bringup'
[0.557s] Level 1:colcon.colcon_core.package_identification:_identify(src/turtlebot3/turtlebot3_cartographer) by extensions ['ignore', 'ignore_ament_install']
[0.558s] Level 1:colcon.colcon_core.package_identification:_identify(src/turtlebot3/turtlebot3_cartographer) by extension 'ignore'
[0.558s] Level 1:colcon.colcon_core.package_identification:_identify(src/turtlebot3/turtlebot3_cartographer) by extension 'ignore_ament_install'
[0.558s] Level 1:colcon.colcon_core.package_identification:_identify(src/turtlebot3/turtlebot3_cartographer) by extensions ['colcon_pkg']
[0.558s] Level 1:colcon.colcon_core.package_identification:_identify(src/turtlebot3/turtlebot3_cartographer) by extension 'colcon_pkg'
[0.558s] Level 1:colcon.colcon_core.package_identification:_identify(src/turtlebot3/turtlebot3_cartographer) by extensions ['colcon_meta']
[0.559s] Level 1:colcon.colcon_core.package_identification:_identify(src/turtlebot3/turtlebot3_cartographer) by extension 'colcon_meta'
[0.559s] Level 1:colcon.colcon_core.package_identification:_identify(src/turtlebot3/turtlebot3_cartographer) by extensions ['ros']
[0.559s] Level 1:colcon.colcon_core.package_identification:_identify(src/turtlebot3/turtlebot3_cartographer) by extension 'ros'
[0.560s] DEBUG:colcon.colcon_core.package_identification:Package 'src/turtlebot3/turtlebot3_cartographer' with type 'ros.ament_cmake' and name 'turtlebot3_cartographer'
[0.560s] Level 1:colcon.colcon_core.package_identification:_identify(src/turtlebot3/turtlebot3_description) by extensions ['ignore', 'ignore_ament_install']
[0.560s] Level 1:colcon.colcon_core.package_identification:_identify(src/turtlebot3/turtlebot3_description) by extension 'ignore'
[0.560s] Level 1:colcon.colcon_core.package_identification:_identify(src/turtlebot3/turtlebot3_description) by extension 'ignore_ament_install'
[0.560s] Level 1:colcon.colcon_core.package_identification:_identify(src/turtlebot3/turtlebot3_description) by extensions ['colcon_pkg']
[0.560s] Level 1:colcon.colcon_core.package_identification:_identify(src/turtlebot3/turtlebot3_description) by extension 'colcon_pkg'
[0.560s] Level 1:colcon.colcon_core.package_identification:_identify(src/turtlebot3/turtlebot3_description) by extensions ['colcon_meta']
[0.560s] Level 1:colcon.colcon_core.package_identification:_identify(src/turtlebot3/turtlebot3_description) by extension 'colcon_meta'
[0.560s] Level 1:colcon.colcon_core.package_identification:_identify(src/turtlebot3/turtlebot3_description) by extensions ['ros']
[0.561s] Level 1:colcon.colcon_core.package_identification:_identify(src/turtlebot3/turtlebot3_description) by extension 'ros'
[0.561s] DEBUG:colcon.colcon_core.package_identification:Package 'src/turtlebot3/turtlebot3_description' with type 'ros.ament_cmake' and name 'turtlebot3_description'
[0.562s] Level 1:colcon.colcon_core.package_identification:_identify(src/turtlebot3/turtlebot3_example) by extensions ['ignore', 'ignore_ament_install']
[0.562s] Level 1:colcon.colcon_core.package_identification:_identify(src/turtlebot3/turtlebot3_example) by extension 'ignore'
[0.562s] Level 1:colcon.colcon_core.package_identification:_identify(src/turtlebot3/turtlebot3_example) by extension 'ignore_ament_install'
[0.562s] Level 1:colcon.colcon_core.package_identification:_identify(src/turtlebot3/turtlebot3_example) by extensions ['colcon_pkg']
[0.562s] Level 1:colcon.colcon_core.package_identification:_identify(src/turtlebot3/turtlebot3_example) by extension 'colcon_pkg'
[0.562s] Level 1:colcon.colcon_core.package_identification:_identify(src/turtlebot3/turtlebot3_example) by extensions ['colcon_meta']
[0.562s] Level 1:colcon.colcon_core.package_identification:_identify(src/turtlebot3/turtlebot3_example) by extension 'colcon_meta'
[0.562s] Level 1:colcon.colcon_core.package_identification:_identify(src/turtlebot3/turtlebot3_example) by extensions ['ros']
[0.562s] Level 1:colcon.colcon_core.package_identification:_identify(src/turtlebot3/turtlebot3_example) by extension 'ros'
[0.564s] DEBUG:colcon.colcon_core.package_identification:Package 'src/turtlebot3/turtlebot3_example' with type 'ros.ament_python' and name 'turtlebot3_example'
[0.564s] Level 1:colcon.colcon_core.package_identification:_identify(src/turtlebot3/turtlebot3_navigation2) by extensions ['ignore', 'ignore_ament_install']
[0.565s] Level 1:colcon.colcon_core.package_identification:_identify(src/turtlebot3/turtlebot3_navigation2) by extension 'ignore'
[0.565s] Level 1:colcon.colcon_core.package_identification:_identify(src/turtlebot3/turtlebot3_navigation2) by extension 'ignore_ament_install'
[0.565s] Level 1:colcon.colcon_core.package_identification:_identify(src/turtlebot3/turtlebot3_navigation2) by extensions ['colcon_pkg']
[0.565s] Level 1:colcon.colcon_core.package_identification:_identify(src/turtlebot3/turtlebot3_navigation2) by extension 'colcon_pkg'
[0.565s] Level 1:colcon.colcon_core.package_identification:_identify(src/turtlebot3/turtlebot3_navigation2) by extensions ['colcon_meta']
[0.565s] Level 1:colcon.colcon_core.package_identification:_identify(src/turtlebot3/turtlebot3_navigation2) by extension 'colcon_meta'
[0.565s] Level 1:colcon.colcon_core.package_identification:_identify(src/turtlebot3/turtlebot3_navigation2) by extensions ['ros']
[0.565s] Level 1:colcon.colcon_core.package_identification:_identify(src/turtlebot3/turtlebot3_navigation2) by extension 'ros'
[0.566s] DEBUG:colcon.colcon_core.package_identification:Package 'src/turtlebot3/turtlebot3_navigation2' with type 'ros.ament_cmake' and name 'turtlebot3_navigation2'
[0.566s] Level 1:colcon.colcon_core.package_identification:_identify(src/turtlebot3/turtlebot3_node) by extensions ['ignore', 'ignore_ament_install']
[0.566s] Level 1:colcon.colcon_core.package_identification:_identify(src/turtlebot3/turtlebot3_node) by extension 'ignore'
[0.566s] Level 1:colcon.colcon_core.package_identification:_identify(src/turtlebot3/turtlebot3_node) by extension 'ignore_ament_install'
[0.567s] Level 1:colcon.colcon_core.package_identification:_identify(src/turtlebot3/turtlebot3_node) by extensions ['colcon_pkg']
[0.567s] Level 1:colcon.colcon_core.package_identification:_identify(src/turtlebot3/turtlebot3_node) by extension 'colcon_pkg'
[0.567s] Level 1:colcon.colcon_core.package_identification:_identify(src/turtlebot3/turtlebot3_node) by extensions ['colcon_meta']
[0.567s] Level 1:colcon.colcon_core.package_identification:_identify(src/turtlebot3/turtlebot3_node) by extension 'colcon_meta'
[0.567s] Level 1:colcon.colcon_core.package_identification:_identify(src/turtlebot3/turtlebot3_node) by extensions ['ros']
[0.567s] Level 1:colcon.colcon_core.package_identification:_identify(src/turtlebot3/turtlebot3_node) by extension 'ros'
[0.569s] DEBUG:colcon.colcon_core.package_identification:Package 'src/turtlebot3/turtlebot3_node' with type 'ros.ament_cmake' and name 'turtlebot3_node'
[0.569s] Level 1:colcon.colcon_core.package_identification:_identify(src/turtlebot3/turtlebot3_teleop) by extensions ['ignore', 'ignore_ament_install']
[0.569s] Level 1:colcon.colcon_core.package_identification:_identify(src/turtlebot3/turtlebot3_teleop) by extension 'ignore'
[0.569s] Level 1:colcon.colcon_core.package_identification:_identify(src/turtlebot3/turtlebot3_teleop) by extension 'ignore_ament_install'
[0.569s] Level 1:colcon.colcon_core.package_identification:_identify(src/turtlebot3/turtlebot3_teleop) by extensions ['colcon_pkg']
[0.569s] Level 1:colcon.colcon_core.package_identification:_identify(src/turtlebot3/turtlebot3_teleop) by extension 'colcon_pkg'
[0.569s] Level 1:colcon.colcon_core.package_identification:_identify(src/turtlebot3/turtlebot3_teleop) by extensions ['colcon_meta']
[0.569s] Level 1:colcon.colcon_core.package_identification:_identify(src/turtlebot3/turtlebot3_teleop) by extension 'colcon_meta'
[0.569s] Level 1:colcon.colcon_core.package_identification:_identify(src/turtlebot3/turtlebot3_teleop) by extensions ['ros']
[0.569s] Level 1:colcon.colcon_core.package_identification:_identify(src/turtlebot3/turtlebot3_teleop) by extension 'ros'
[0.570s] DEBUG:colcon.colcon_core.package_identification:Package 'src/turtlebot3/turtlebot3_teleop' with type 'ros.ament_python' and name 'turtlebot3_teleop'
[0.570s] Level 1:colcon.colcon_core.package_identification:_identify(src/turtlebot3_msgs) by extensions ['ignore', 'ignore_ament_install']
[0.571s] Level 1:colcon.colcon_core.package_identification:_identify(src/turtlebot3_msgs) by extension 'ignore'
[0.571s] Level 1:colcon.colcon_core.package_identification:_identify(src/turtlebot3_msgs) by extension 'ignore_ament_install'
[0.571s] Level 1:colcon.colcon_core.package_identification:_identify(src/turtlebot3_msgs) by extensions ['colcon_pkg']
[0.571s] Level 1:colcon.colcon_core.package_identification:_identify(src/turtlebot3_msgs) by extension 'colcon_pkg'
[0.571s] Level 1:colcon.colcon_core.package_identification:_identify(src/turtlebot3_msgs) by extensions ['colcon_meta']
[0.571s] Level 1:colcon.colcon_core.package_identification:_identify(src/turtlebot3_msgs) by extension 'colcon_meta'
[0.571s] Level 1:colcon.colcon_core.package_identification:_identify(src/turtlebot3_msgs) by extensions ['ros']
[0.571s] Level 1:colcon.colcon_core.package_identification:_identify(src/turtlebot3_msgs) by extension 'ros'
[0.572s] DEBUG:colcon.colcon_core.package_identification:Package 'src/turtlebot3_msgs' with type 'ros.ament_cmake' and name 'turtlebot3_msgs'
[0.572s] Level 1:colcon.colcon_core.package_identification:_identify(src/turtlebot3_simulations) by extensions ['ignore', 'ignore_ament_install']
[0.572s] Level 1:colcon.colcon_core.package_identification:_identify(src/turtlebot3_simulations) by extension 'ignore'
[0.572s] Level 1:colcon.colcon_core.package_identification:_identify(src/turtlebot3_simulations) by extension 'ignore_ament_install'
[0.573s] Level 1:colcon.colcon_core.package_identification:_identify(src/turtlebot3_simulations) by extensions ['colcon_pkg']
[0.573s] Level 1:colcon.colcon_core.package_identification:_identify(src/turtlebot3_simulations) by extension 'colcon_pkg'
[0.573s] Level 1:colcon.colcon_core.package_identification:_identify(src/turtlebot3_simulations) by extensions ['colcon_meta']
[0.573s] Level 1:colcon.colcon_core.package_identification:_identify(src/turtlebot3_simulations) by extension 'colcon_meta'
[0.573s] Level 1:colcon.colcon_core.package_identification:_identify(src/turtlebot3_simulations) by extensions ['ros']
[0.573s] Level 1:colcon.colcon_core.package_identification:_identify(src/turtlebot3_simulations) by extension 'ros'
[0.573s] Level 1:colcon.colcon_core.package_identification:_identify(src/turtlebot3_simulations) by extensions ['cmake', 'python']
[0.573s] Level 1:colcon.colcon_core.package_identification:_identify(src/turtlebot3_simulations) by extension 'cmake'
[0.573s] Level 1:colcon.colcon_core.package_identification:_identify(src/turtlebot3_simulations) by extension 'python'
[0.573s] Level 1:colcon.colcon_core.package_identification:_identify(src/turtlebot3_simulations) by extensions ['python_setup_py']
[0.573s] Level 1:colcon.colcon_core.package_identification:_identify(src/turtlebot3_simulations) by extension 'python_setup_py'
[0.573s] Level 1:colcon.colcon_core.package_identification:_identify(src/turtlebot3_simulations/turtlebot3_fake_node) by extensions ['ignore', 'ignore_ament_install']
[0.574s] Level 1:colcon.colcon_core.package_identification:_identify(src/turtlebot3_simulations/turtlebot3_fake_node) by extension 'ignore'
[0.574s] Level 1:colcon.colcon_core.package_identification:_identify(src/turtlebot3_simulations/turtlebot3_fake_node) by extension 'ignore_ament_install'
[0.574s] Level 1:colcon.colcon_core.package_identification:_identify(src/turtlebot3_simulations/turtlebot3_fake_node) by extensions ['colcon_pkg']
[0.574s] Level 1:colcon.colcon_core.package_identification:_identify(src/turtlebot3_simulations/turtlebot3_fake_node) by extension 'colcon_pkg'
[0.574s] Level 1:colcon.colcon_core.package_identification:_identify(src/turtlebot3_simulations/turtlebot3_fake_node) by extensions ['colcon_meta']
[0.574s] Level 1:colcon.colcon_core.package_identification:_identify(src/turtlebot3_simulations/turtlebot3_fake_node) by extension 'colcon_meta'
[0.574s] Level 1:colcon.colcon_core.package_identification:_identify(src/turtlebot3_simulations/turtlebot3_fake_node) by extensions ['ros']
[0.574s] Level 1:colcon.colcon_core.package_identification:_identify(src/turtlebot3_simulations/turtlebot3_fake_node) by extension 'ros'
[0.575s] DEBUG:colcon.colcon_core.package_identification:Package 'src/turtlebot3_simulations/turtlebot3_fake_node' with type 'ros.ament_cmake' and name 'turtlebot3_fake_node'
[0.576s] Level 1:colcon.colcon_core.package_identification:_identify(src/turtlebot3_simulations/turtlebot3_gazebo) by extensions ['ignore', 'ignore_ament_install']
[0.576s] Level 1:colcon.colcon_core.package_identification:_identify(src/turtlebot3_simulations/turtlebot3_gazebo) by extension 'ignore'
[0.576s] Level 1:colcon.colcon_core.package_identification:_identify(src/turtlebot3_simulations/turtlebot3_gazebo) by extension 'ignore_ament_install'
[0.576s] Level 1:colcon.colcon_core.package_identification:_identify(src/turtlebot3_simulations/turtlebot3_gazebo) by extensions ['colcon_pkg']
[0.576s] Level 1:colcon.colcon_core.package_identification:_identify(src/turtlebot3_simulations/turtlebot3_gazebo) by extension 'colcon_pkg'
[0.576s] Level 1:colcon.colcon_core.package_identification:_identify(src/turtlebot3_simulations/turtlebot3_gazebo) by extensions ['colcon_meta']
[0.576s] Level 1:colcon.colcon_core.package_identification:_identify(src/turtlebot3_simulations/turtlebot3_gazebo) by extension 'colcon_meta'
[0.576s] Level 1:colcon.colcon_core.package_identification:_identify(src/turtlebot3_simulations/turtlebot3_gazebo) by extensions ['ros']
[0.576s] Level 1:colcon.colcon_core.package_identification:_identify(src/turtlebot3_simulations/turtlebot3_gazebo) by extension 'ros'
[0.577s] DEBUG:colcon.colcon_core.package_identification:Package 'src/turtlebot3_simulations/turtlebot3_gazebo' with type 'ros.ament_cmake' and name 'turtlebot3_gazebo'
[0.578s] Level 1:colcon.colcon_core.package_identification:_identify(src/turtlebot3_simulations/turtlebot3_simulations) by extensions ['ignore', 'ignore_ament_install']
[0.578s] Level 1:colcon.colcon_core.package_identification:_identify(src/turtlebot3_simulations/turtlebot3_simulations) by extension 'ignore'
[0.578s] Level 1:colcon.colcon_core.package_identification:_identify(src/turtlebot3_simulations/turtlebot3_simulations) by extension 'ignore_ament_install'
[0.578s] Level 1:colcon.colcon_core.package_identification:_identify(src/turtlebot3_simulations/turtlebot3_simulations) by extensions ['colcon_pkg']
[0.578s] Level 1:colcon.colcon_core.package_identification:_identify(src/turtlebot3_simulations/turtlebot3_simulations) by extension 'colcon_pkg'
[0.578s] Level 1:colcon.colcon_core.package_identification:_identify(src/turtlebot3_simulations/turtlebot3_simulations) by extensions ['colcon_meta']
[0.578s] Level 1:colcon.colcon_core.package_identification:_identify(src/turtlebot3_simulations/turtlebot3_simulations) by extension 'colcon_meta'
[0.578s] Level 1:colcon.colcon_core.package_identification:_identify(src/turtlebot3_simulations/turtlebot3_simulations) by extensions ['ros']
[0.578s] Level 1:colcon.colcon_core.package_identification:_identify(src/turtlebot3_simulations/turtlebot3_simulations) by extension 'ros'
[0.579s] DEBUG:colcon.colcon_core.package_identification:Package 'src/turtlebot3_simulations/turtlebot3_simulations' with type 'ros.ament_cmake' and name 'turtlebot3_simulations'
[0.579s] Level 1:colcon.colcon_core.package_identification:_identify(turtlebot_ws) by extensions ['ignore', 'ignore_ament_install']
[0.579s] Level 1:colcon.colcon_core.package_identification:_identify(turtlebot_ws) by extension 'ignore'
[0.579s] Level 1:colcon.colcon_core.package_identification:_identify(turtlebot_ws) by extension 'ignore_ament_install'
[0.579s] Level 1:colcon.colcon_core.package_identification:_identify(turtlebot_ws) by extensions ['colcon_pkg']
[0.580s] Level 1:colcon.colcon_core.package_identification:_identify(turtlebot_ws) by extension 'colcon_pkg'
[0.580s] Level 1:colcon.colcon_core.package_identification:_identify(turtlebot_ws) by extensions ['colcon_meta']
[0.580s] Level 1:colcon.colcon_core.package_identification:_identify(turtlebot_ws) by extension 'colcon_meta'
[0.580s] Level 1:colcon.colcon_core.package_identification:_identify(turtlebot_ws) by extensions ['ros']
[0.580s] Level 1:colcon.colcon_core.package_identification:_identify(turtlebot_ws) by extension 'ros'
[0.580s] Level 1:colcon.colcon_core.package_identification:_identify(turtlebot_ws) by extensions ['cmake', 'python']
[0.580s] Level 1:colcon.colcon_core.package_identification:_identify(turtlebot_ws) by extension 'cmake'
[0.580s] Level 1:colcon.colcon_core.package_identification:_identify(turtlebot_ws) by extension 'python'
[0.580s] Level 1:colcon.colcon_core.package_identification:_identify(turtlebot_ws) by extensions ['python_setup_py']
[0.580s] Level 1:colcon.colcon_core.package_identification:_identify(turtlebot_ws) by extension 'python_setup_py'
[0.580s] Level 1:colcon.colcon_core.package_identification:_identify(turtlebot_ws/build) by extensions ['ignore', 'ignore_ament_install']
[0.580s] Level 1:colcon.colcon_core.package_identification:_identify(turtlebot_ws/build) by extension 'ignore'
[0.580s] Level 1:colcon.colcon_core.package_identification:_identify(turtlebot_ws/build) ignored
[0.581s] Level 1:colcon.colcon_core.package_identification:_identify(turtlebot_ws/install) by extensions ['ignore', 'ignore_ament_install']
[0.581s] Level 1:colcon.colcon_core.package_identification:_identify(turtlebot_ws/install) by extension 'ignore'
[0.581s] Level 1:colcon.colcon_core.package_identification:_identify(turtlebot_ws/install) ignored
[0.581s] Level 1:colcon.colcon_core.package_identification:_identify(turtlebot_ws/log) by extensions ['ignore', 'ignore_ament_install']
[0.581s] Level 1:colcon.colcon_core.package_identification:_identify(turtlebot_ws/log) by extension 'ignore'
[0.581s] Level 1:colcon.colcon_core.package_identification:_identify(turtlebot_ws/log) ignored
[0.581s] Level 1:colcon.colcon_core.package_identification:_identify(turtlebot_ws/src) by extensions ['ignore', 'ignore_ament_install']
[0.581s] Level 1:colcon.colcon_core.package_identification:_identify(turtlebot_ws/src) by extension 'ignore'
[0.581s] Level 1:colcon.colcon_core.package_identification:_identify(turtlebot_ws/src) by extension 'ignore_ament_install'
[0.582s] Level 1:colcon.colcon_core.package_identification:_identify(turtlebot_ws/src) by extensions ['colcon_pkg']
[0.582s] Level 1:colcon.colcon_core.package_identification:_identify(turtlebot_ws/src) by extension 'colcon_pkg'
[0.582s] Level 1:colcon.colcon_core.package_identification:_identify(turtlebot_ws/src) by extensions ['colcon_meta']
[0.582s] Level 1:colcon.colcon_core.package_identification:_identify(turtlebot_ws/src) by extension 'colcon_meta'
[0.582s] Level 1:colcon.colcon_core.package_identification:_identify(turtlebot_ws/src) by extensions ['ros']
[0.582s] Level 1:colcon.colcon_core.package_identification:_identify(turtlebot_ws/src) by extension 'ros'
[0.582s] Level 1:colcon.colcon_core.package_identification:_identify(turtlebot_ws/src) by extensions ['cmake', 'python']
[0.582s] Level 1:colcon.colcon_core.package_identification:_identify(turtlebot_ws/src) by extension 'cmake'
[0.582s] Level 1:colcon.colcon_core.package_identification:_identify(turtlebot_ws/src) by extension 'python'
[0.582s] Level 1:colcon.colcon_core.package_identification:_identify(turtlebot_ws/src) by extensions ['python_setup_py']
[0.582s] Level 1:colcon.colcon_core.package_identification:_identify(turtlebot_ws/src) by extension 'python_setup_py'
[0.582s] Level 1:colcon.colcon_core.package_identification:_identify(turtlebot_ws/src/turtlebot3) by extensions ['ignore', 'ignore_ament_install']
[0.582s] Level 1:colcon.colcon_core.package_identification:_identify(turtlebot_ws/src/turtlebot3) by extension 'ignore'
[0.583s] Level 1:colcon.colcon_core.package_identification:_identify(turtlebot_ws/src/turtlebot3) by extension 'ignore_ament_install'
[0.583s] Level 1:colcon.colcon_core.package_identification:_identify(turtlebot_ws/src/turtlebot3) by extensions ['colcon_pkg']
[0.583s] Level 1:colcon.colcon_core.package_identification:_identify(turtlebot_ws/src/turtlebot3) by extension 'colcon_pkg'
[0.583s] Level 1:colcon.colcon_core.package_identification:_identify(turtlebot_ws/src/turtlebot3) by extensions ['colcon_meta']
[0.583s] Level 1:colcon.colcon_core.package_identification:_identify(turtlebot_ws/src/turtlebot3) by extension 'colcon_meta'
[0.583s] Level 1:colcon.colcon_core.package_identification:_identify(turtlebot_ws/src/turtlebot3) by extensions ['ros']
[0.583s] Level 1:colcon.colcon_core.package_identification:_identify(turtlebot_ws/src/turtlebot3) by extension 'ros'
[0.583s] Level 1:colcon.colcon_core.package_identification:_identify(turtlebot_ws/src/turtlebot3) by extensions ['cmake', 'python']
[0.583s] Level 1:colcon.colcon_core.package_identification:_identify(turtlebot_ws/src/turtlebot3) by extension 'cmake'
[0.583s] Level 1:colcon.colcon_core.package_identification:_identify(turtlebot_ws/src/turtlebot3) by extension 'python'
[0.583s] Level 1:colcon.colcon_core.package_identification:_identify(turtlebot_ws/src/turtlebot3) by extensions ['python_setup_py']
[0.583s] Level 1:colcon.colcon_core.package_identification:_identify(turtlebot_ws/src/turtlebot3) by extension 'python_setup_py'
[0.583s] Level 1:colcon.colcon_core.package_identification:_identify(turtlebot_ws/src/turtlebot3_msgs) by extensions ['ignore', 'ignore_ament_install']
[0.584s] Level 1:colcon.colcon_core.package_identification:_identify(turtlebot_ws/src/turtlebot3_msgs) by extension 'ignore'
[0.584s] Level 1:colcon.colcon_core.package_identification:_identify(turtlebot_ws/src/turtlebot3_msgs) by extension 'ignore_ament_install'
[0.584s] Level 1:colcon.colcon_core.package_identification:_identify(turtlebot_ws/src/turtlebot3_msgs) by extensions ['colcon_pkg']
[0.584s] Level 1:colcon.colcon_core.package_identification:_identify(turtlebot_ws/src/turtlebot3_msgs) by extension 'colcon_pkg'
[0.584s] Level 1:colcon.colcon_core.package_identification:_identify(turtlebot_ws/src/turtlebot3_msgs) by extensions ['colcon_meta']
[0.584s] Level 1:colcon.colcon_core.package_identification:_identify(turtlebot_ws/src/turtlebot3_msgs) by extension 'colcon_meta'
[0.584s] Level 1:colcon.colcon_core.package_identification:_identify(turtlebot_ws/src/turtlebot3_msgs) by extensions ['ros']
[0.584s] Level 1:colcon.colcon_core.package_identification:_identify(turtlebot_ws/src/turtlebot3_msgs) by extension 'ros'
[0.584s] Level 1:colcon.colcon_core.package_identification:_identify(turtlebot_ws/src/turtlebot3_msgs) by extensions ['cmake', 'python']
[0.584s] Level 1:colcon.colcon_core.package_identification:_identify(turtlebot_ws/src/turtlebot3_msgs) by extension 'cmake'
[0.584s] Level 1:colcon.colcon_core.package_identification:_identify(turtlebot_ws/src/turtlebot3_msgs) by extension 'python'
[0.584s] Level 1:colcon.colcon_core.package_identification:_identify(turtlebot_ws/src/turtlebot3_msgs) by extensions ['python_setup_py']
[0.584s] Level 1:colcon.colcon_core.package_identification:_identify(turtlebot_ws/src/turtlebot3_msgs) by extension 'python_setup_py'
[0.584s] Level 1:colcon.colcon_core.package_identification:_identify(turtlebot_ws/src/turtlebot3_simulations) by extensions ['ignore', 'ignore_ament_install']
[0.585s] Level 1:colcon.colcon_core.package_identification:_identify(turtlebot_ws/src/turtlebot3_simulations) by extension 'ignore'
[0.585s] Level 1:colcon.colcon_core.package_identification:_identify(turtlebot_ws/src/turtlebot3_simulations) by extension 'ignore_ament_install'
[0.585s] Level 1:colcon.colcon_core.package_identification:_identify(turtlebot_ws/src/turtlebot3_simulations) by extensions ['colcon_pkg']
[0.585s] Level 1:colcon.colcon_core.package_identification:_identify(turtlebot_ws/src/turtlebot3_simulations) by extension 'colcon_pkg'
[0.585s] Level 1:colcon.colcon_core.package_identification:_identify(turtlebot_ws/src/turtlebot3_simulations) by extensions ['colcon_meta']
[0.585s] Level 1:colcon.colcon_core.package_identification:_identify(turtlebot_ws/src/turtlebot3_simulations) by extension 'colcon_meta'
[0.585s] Level 1:colcon.colcon_core.package_identification:_identify(turtlebot_ws/src/turtlebot3_simulations) by extensions ['ros']
[0.585s] Level 1:colcon.colcon_core.package_identification:_identify(turtlebot_ws/src/turtlebot3_simulations) by extension 'ros'
[0.585s] Level 1:colcon.colcon_core.package_identification:_identify(turtlebot_ws/src/turtlebot3_simulations) by extensions ['cmake', 'python']
[0.585s] Level 1:colcon.colcon_core.package_identification:_identify(turtlebot_ws/src/turtlebot3_simulations) by extension 'cmake'
[0.585s] Level 1:colcon.colcon_core.package_identification:_identify(turtlebot_ws/src/turtlebot3_simulations) by extension 'python'
[0.585s] Level 1:colcon.colcon_core.package_identification:_identify(turtlebot_ws/src/turtlebot3_simulations) by extensions ['python_setup_py']
[0.585s] Level 1:colcon.colcon_core.package_identification:_identify(turtlebot_ws/src/turtlebot3_simulations) by extension 'python_setup_py'
[0.585s] Level 1:colcon.colcon_core.package_discovery:discover_packages(recursive) using defaults
[0.586s] Level 1:colcon.colcon_core.package_discovery:discover_packages(ignore) discover
[0.586s] Level 1:colcon.colcon_core.package_discovery:discover_packages(ignore) using defaults
[0.586s] Level 1:colcon.colcon_core.package_discovery:discover_packages(path) discover
[0.586s] Level 1:colcon.colcon_core.package_discovery:discover_packages(path) using defaults
[0.611s] INFO:colcon.colcon_core.package_selection:Skipping not selected package 'create_description' in 'src/create_robot/create_description'
[0.612s] INFO:colcon.colcon_core.package_selection:Skipping not selected package 'create_msgs' in 'src/create_robot/create_msgs'
[0.612s] INFO:colcon.colcon_core.package_selection:Skipping not selected package 'libcreate' in 'src/libcreate'
[0.612s] INFO:colcon.colcon_core.package_selection:Skipping not selected package 'turtlebot3_cartographer' in 'src/turtlebot3/turtlebot3_cartographer'
[0.612s] INFO:colcon.colcon_core.package_selection:Skipping not selected package 'turtlebot3_description' in 'src/turtlebot3/turtlebot3_description'
[0.612s] INFO:colcon.colcon_core.package_selection:Skipping not selected package 'turtlebot3_gazebo' in 'src/turtlebot3_simulations/turtlebot3_gazebo'
[0.612s] INFO:colcon.colcon_core.package_selection:Skipping not selected package 'turtlebot3_msgs' in 'src/turtlebot3_msgs'
[0.612s] INFO:colcon.colcon_core.package_selection:Skipping not selected package 'turtlebot3_navigation2' in 'src/turtlebot3/turtlebot3_navigation2'
[0.612s] INFO:colcon.colcon_core.package_selection:Skipping not selected package 'turtlebot3_teleop' in 'src/turtlebot3/turtlebot3_teleop'
[0.612s] INFO:colcon.colcon_core.package_selection:Skipping not selected package 'create_driver' in 'src/create_robot/create_driver'
[0.612s] INFO:colcon.colcon_core.package_selection:Skipping not selected package 'turtlebot3_example' in 'src/turtlebot3/turtlebot3_example'
[0.612s] INFO:colcon.colcon_core.package_selection:Skipping not selected package 'turtlebot3_fake_node' in 'src/turtlebot3_simulations/turtlebot3_fake_node'
[0.612s] INFO:colcon.colcon_core.package_selection:Skipping not selected package 'turtlebot3_node' in 'src/turtlebot3/turtlebot3_node'
[0.612s] INFO:colcon.colcon_core.package_selection:Skipping not selected package 'create_bringup' in 'src/create_robot/create_bringup'
[0.612s] INFO:colcon.colcon_core.package_selection:Skipping not selected package 'turtlebot3_bringup' in 'src/turtlebot3/turtlebot3_bringup'
[0.612s] INFO:colcon.colcon_core.package_selection:Skipping not selected package 'turtlebot3_simulations' in 'src/turtlebot3_simulations/turtlebot3_simulations'
[0.612s] INFO:colcon.colcon_core.package_selection:Skipping not selected package 'create_robot' in 'src/create_robot/create_robot'
[0.612s] INFO:colcon.colcon_core.package_selection:Skipping not selected package 'turtlebot3' in 'src/turtlebot3/turtlebot3'
[0.613s] Level 1:colcon.colcon_core.package_discovery:discover_packages(prefix_path) check parameters
[0.613s] Level 1:colcon.colcon_core.package_discovery:discover_packages(prefix_path) discover
[0.616s] DEBUG:colcon.colcon_installed_package_information.package_discovery:Found 19 installed packages in /home/gixstudent/Desktop/Final_lab/robotics_navigation/install
[0.616s] DEBUG:colcon.colcon_installed_package_information.package_discovery:Found 0 installed packages in /home/gixstudent/Desktop/Final_lab/robotics_navigation/turtlebot_ws/install
[0.618s] DEBUG:colcon.colcon_installed_package_information.package_discovery:Found 419 installed packages in /opt/ros/humble
[0.621s] Level 1:colcon.colcon_core.package_discovery:discover_packages(prefix_path) using defaults
[0.681s] Level 5:colcon.colcon_core.verb:set package 'c8nav' build argument 'cmake_args' from command line to 'None'
[0.681s] Level 5:colcon.colcon_core.verb:set package 'c8nav' build argument 'cmake_target' from command line to 'None'
[0.681s] Level 5:colcon.colcon_core.verb:set package 'c8nav' build argument 'cmake_target_skip_unavailable' from command line to 'False'
[0.681s] Level 5:colcon.colcon_core.verb:set package 'c8nav' build argument 'cmake_clean_cache' from command line to 'False'
[0.681s] Level 5:colcon.colcon_core.verb:set package 'c8nav' build argument 'cmake_clean_first' from command line to 'False'
[0.681s] Level 5:colcon.colcon_core.verb:set package 'c8nav' build argument 'cmake_force_configure' from command line to 'False'
[0.681s] Level 5:colcon.colcon_core.verb:set package 'c8nav' build argument 'ament_cmake_args' from command line to 'None'
[0.681s] Level 5:colcon.colcon_core.verb:set package 'c8nav' build argument 'catkin_cmake_args' from command line to 'None'
[0.681s] Level 5:colcon.colcon_core.verb:set package 'c8nav' build argument 'catkin_skip_building_tests' from command line to 'False'
[0.681s] DEBUG:colcon.colcon_core.verb:Building package 'c8nav' with the following arguments: {'ament_cmake_args': None, 'build_base': '/home/gixstudent/Desktop/Final_lab/robotics_navigation/build/c8nav', 'catkin_cmake_args': None, 'catkin_skip_building_tests': False, 'cmake_args': None, 'cmake_clean_cache': False, 'cmake_clean_first': False, 'cmake_force_configure': False, 'cmake_target': None, 'cmake_target_skip_unavailable': False, 'install_base': '/home/gixstudent/Desktop/Final_lab/robotics_navigation/install/c8nav', 'merge_install': False, 'path': '/home/gixstudent/Desktop/Final_lab/robotics_navigation/nav_ws/c8nav', 'symlink_install': False, 'test_result_base': None}
[0.681s] INFO:colcon.colcon_core.executor:Executing jobs using 'parallel' executor
[0.683s] DEBUG:colcon.colcon_parallel_executor.executor.parallel:run_until_complete
[0.684s] INFO:colcon.colcon_ros.task.ament_python.build:Building ROS package in '/home/gixstudent/Desktop/Final_lab/robotics_navigation/nav_ws/c8nav' with build type 'ament_python'
[0.684s] Level 1:colcon.colcon_core.shell:create_environment_hook('c8nav', 'ament_prefix_path')
[0.687s] INFO:colcon.colcon_core.plugin_system:Skipping extension 'colcon_core.shell.bat': Not used on non-Windows systems
[0.688s] INFO:colcon.colcon_core.shell:Creating environment hook '/home/gixstudent/Desktop/Final_lab/robotics_navigation/install/c8nav/share/c8nav/hook/ament_prefix_path.ps1'
[0.688s] INFO:colcon.colcon_core.shell:Creating environment descriptor '/home/gixstudent/Desktop/Final_lab/robotics_navigation/install/c8nav/share/c8nav/hook/ament_prefix_path.dsv'
[0.689s] INFO:colcon.colcon_core.shell:Creating environment hook '/home/gixstudent/Desktop/Final_lab/robotics_navigation/install/c8nav/share/c8nav/hook/ament_prefix_path.sh'
[0.690s] INFO:colcon.colcon_core.shell:Skip shell extension 'powershell' for command environment: Not usable outside of PowerShell
[0.690s] DEBUG:colcon.colcon_core.shell:Skip shell extension 'dsv' for command environment
[1.028s] INFO:colcon.colcon_core.task.python.build:Building Python package in '/home/gixstudent/Desktop/Final_lab/robotics_navigation/nav_ws/c8nav'
[1.028s] INFO:colcon.colcon_core.shell:Skip shell extension 'powershell' for command environment: Not usable outside of PowerShell
[1.028s] DEBUG:colcon.colcon_core.shell:Skip shell extension 'dsv' for command environment
[1.497s] DEBUG:colcon.colcon_core.event_handler.log_command:Invoking command in '/home/gixstudent/Desktop/Final_lab/robotics_navigation/nav_ws/c8nav': PYTHONPATH=/home/gixstudent/Desktop/Final_lab/robotics_navigation/build/c8nav/prefix_override:/usr/lib/python3/dist-packages/colcon_core/task/python/colcon_distutils_commands:/home/gixstudent/Desktop/Final_lab/robotics_navigation/install/c8nav/lib/python3.10/site-packages:${PYTHONPATH} /usr/bin/python3 -W ignore:setup.py install is deprecated -W ignore:easy_install command is deprecated setup.py egg_info --egg-base ../../build/c8nav build --build-base /home/gixstudent/Desktop/Final_lab/robotics_navigation/build/c8nav/build install --record /home/gixstudent/Desktop/Final_lab/robotics_navigation/build/c8nav/install.log --single-version-externally-managed install_data
[1.899s] DEBUG:colcon.colcon_core.event_handler.log_command:Invoked command in '/home/gixstudent/Desktop/Final_lab/robotics_navigation/nav_ws/c8nav' returned '0': PYTHONPATH=/home/gixstudent/Desktop/Final_lab/robotics_navigation/build/c8nav/prefix_override:/usr/lib/python3/dist-packages/colcon_core/task/python/colcon_distutils_commands:/home/gixstudent/Desktop/Final_lab/robotics_navigation/install/c8nav/lib/python3.10/site-packages:${PYTHONPATH} /usr/bin/python3 -W ignore:setup.py install is deprecated -W ignore:easy_install command is deprecated setup.py egg_info --egg-base ../../build/c8nav build --build-base /home/gixstudent/Desktop/Final_lab/robotics_navigation/build/c8nav/build install --record /home/gixstudent/Desktop/Final_lab/robotics_navigation/build/c8nav/install.log --single-version-externally-managed install_data
[1.904s] Level 1:colcon.colcon_core.environment:checking '/home/gixstudent/Desktop/Final_lab/robotics_navigation/install/c8nav' for CMake module files
[1.905s] Level 1:colcon.colcon_core.environment:checking '/home/gixstudent/Desktop/Final_lab/robotics_navigation/install/c8nav' for CMake config files
[1.906s] Level 1:colcon.colcon_core.environment:checking '/home/gixstudent/Desktop/Final_lab/robotics_navigation/install/c8nav/lib'
[1.906s] Level 1:colcon.colcon_core.environment:checking '/home/gixstudent/Desktop/Final_lab/robotics_navigation/install/c8nav/bin'
[1.906s] Level 1:colcon.colcon_core.environment:checking '/home/gixstudent/Desktop/Final_lab/robotics_navigation/install/c8nav/lib/pkgconfig/c8nav.pc'
[1.907s] Level 1:colcon.colcon_core.environment:checking '/home/gixstudent/Desktop/Final_lab/robotics_navigation/install/c8nav/lib/python3.10/site-packages'
[1.907s] Level 1:colcon.colcon_core.shell:create_environment_hook('c8nav', 'pythonpath')
[1.907s] INFO:colcon.colcon_core.shell:Creating environment hook '/home/gixstudent/Desktop/Final_lab/robotics_navigation/install/c8nav/share/c8nav/hook/pythonpath.ps1'
[1.908s] INFO:colcon.colcon_core.shell:Creating environment descriptor '/home/gixstudent/Desktop/Final_lab/robotics_navigation/install/c8nav/share/c8nav/hook/pythonpath.dsv'
[1.909s] INFO:colcon.colcon_core.shell:Creating environment hook '/home/gixstudent/Desktop/Final_lab/robotics_navigation/install/c8nav/share/c8nav/hook/pythonpath.sh'
[1.910s] Level 1:colcon.colcon_core.environment:checking '/home/gixstudent/Desktop/Final_lab/robotics_navigation/install/c8nav/bin'
[1.910s] Level 1:colcon.colcon_core.environment:create_environment_scripts_only(c8nav)
[1.911s] INFO:colcon.colcon_core.shell:Creating package script '/home/gixstudent/Desktop/Final_lab/robotics_navigation/install/c8nav/share/c8nav/package.ps1'
[1.912s] INFO:colcon.colcon_core.shell:Creating package descriptor '/home/gixstudent/Desktop/Final_lab/robotics_navigation/install/c8nav/share/c8nav/package.dsv'
[1.913s] INFO:colcon.colcon_core.shell:Creating package script '/home/gixstudent/Desktop/Final_lab/robotics_navigation/install/c8nav/share/c8nav/package.sh'
[1.914s] INFO:colcon.colcon_core.shell:Creating package script '/home/gixstudent/Desktop/Final_lab/robotics_navigation/install/c8nav/share/c8nav/package.bash'
[1.915s] INFO:colcon.colcon_core.shell:Creating package script '/home/gixstudent/Desktop/Final_lab/robotics_navigation/install/c8nav/share/c8nav/package.zsh'
[1.916s] Level 1:colcon.colcon_core.environment:create_file_with_runtime_dependencies(/home/gixstudent/Desktop/Final_lab/robotics_navigation/install/c8nav/share/colcon-core/packages/c8nav)
[1.916s] DEBUG:colcon.colcon_parallel_executor.executor.parallel:closing loop
[1.917s] DEBUG:colcon.colcon_parallel_executor.executor.parallel:loop closed
[1.917s] DEBUG:colcon.colcon_parallel_executor.executor.parallel:run_until_complete finished with '0'
[1.917s] DEBUG:colcon.colcon_core.event_reactor:joining thread
[1.924s] INFO:colcon.colcon_core.plugin_system:Skipping extension 'colcon_notification.desktop_notification.terminal_notifier': Not used on non-Darwin systems
[1.924s] INFO:colcon.colcon_core.plugin_system:Skipping extension 'colcon_notification.desktop_notification.win32': Not used on non-Windows systems
[1.924s] INFO:colcon.colcon_notification.desktop_notification:Sending desktop notification using 'notify2'
[1.939s] DEBUG:colcon.colcon_core.event_reactor:joined thread
[1.940s] INFO:colcon.colcon_core.shell:Creating prefix script '/home/gixstudent/Desktop/Final_lab/robotics_navigation/install/local_setup.ps1'
[1.941s] INFO:colcon.colcon_core.shell:Creating prefix util module '/home/gixstudent/Desktop/Final_lab/robotics_navigation/install/_local_setup_util_ps1.py'
[1.943s] INFO:colcon.colcon_core.shell:Creating prefix chain script '/home/gixstudent/Desktop/Final_lab/robotics_navigation/install/setup.ps1'
[1.946s] INFO:colcon.colcon_core.shell:Creating prefix script '/home/gixstudent/Desktop/Final_lab/robotics_navigation/install/local_setup.sh'
[1.947s] INFO:colcon.colcon_core.shell:Creating prefix util module '/home/gixstudent/Desktop/Final_lab/robotics_navigation/install/_local_setup_util_sh.py'
[1.948s] INFO:colcon.colcon_core.shell:Creating prefix chain script '/home/gixstudent/Desktop/Final_lab/robotics_navigation/install/setup.sh'
[1.952s] INFO:colcon.colcon_core.shell:Creating prefix script '/home/gixstudent/Desktop/Final_lab/robotics_navigation/install/local_setup.bash'
[1.953s] INFO:colcon.colcon_core.shell:Creating prefix chain script '/home/gixstudent/Desktop/Final_lab/robotics_navigation/install/setup.bash'
[1.956s] INFO:colcon.colcon_core.shell:Creating prefix script '/home/gixstudent/Desktop/Final_lab/robotics_navigation/install/local_setup.zsh'
[1.957s] INFO:colcon.colcon_core.shell:Creating prefix chain script '/home/gixstudent/Desktop/Final_lab/robotics_navigation/install/setup.zsh'
