[0.025s] Invoking command in '/home/gixadmin/robotics_navigation/turtlebot_ws/build/turtlebot3_navigation2': CMAKE_PREFIX_PATH=/opt/ros/humble /usr/bin/cmake /home/gixadmin/robotics_navigation/turtlebot_ws/src/turtlebot3/turtlebot3_navigation2 -DAMENT_CMAKE_SYMLINK_INSTALL=1 -DCMAKE_INSTALL_PREFIX=/home/gixadmin/robotics_navigation/turtlebot_ws/install/turtlebot3_navigation2
[0.120s] -- The C compiler identification is GNU 11.4.0
[0.206s] -- The CXX compiler identification is GNU 11.4.0
[0.219s] -- Detecting C compiler ABI info
[0.339s] -- Detecting C compiler ABI info - done
[0.379s] -- Check for working C compiler: /usr/bin/cc - skipped
[0.380s] -- Detecting C compile features
[0.380s] -- Detecting C compile features - done
[0.401s] -- Detecting CXX compiler ABI info
[0.560s] -- Detecting CXX compiler ABI info - done
[0.580s] -- Check for working CXX compiler: /usr/bin/c++ - skipped
[0.581s] -- Detecting CXX compile features
[0.582s] -- Detecting CXX compile features - done
[0.586s] -- Found ament_cmake: 1.3.11 (/opt/ros/humble/share/ament_cmake/cmake)
[0.860s] -- Found Python3: /usr/bin/python3 (found version "3.10.12") found components: Interpreter 
[0.979s] -- Override CMake install command with custom implementation using symlinks instead of copying resources
[1.120s] -- Configuring done
[1.124s] -- Generating done
[1.128s] -- Build files have been written to: /home/gixadmin/robotics_navigation/turtlebot_ws/build/turtlebot3_navigation2
[1.136s] Invoked command in '/home/gixadmin/robotics_navigation/turtlebot_ws/build/turtlebot3_navigation2' returned '0': CMAKE_PREFIX_PATH=/opt/ros/humble /usr/bin/cmake /home/gixadmin/robotics_navigation/turtlebot_ws/src/turtlebot3/turtlebot3_navigation2 -DAMENT_CMAKE_SYMLINK_INSTALL=1 -DCMAKE_INSTALL_PREFIX=/home/gixadmin/robotics_navigation/turtlebot_ws/install/turtlebot3_navigation2
[1.139s] Invoking command in '/home/gixadmin/robotics_navigation/turtlebot_ws/build/turtlebot3_navigation2': CMAKE_PREFIX_PATH=/opt/ros/humble /usr/bin/cmake --build /home/gixadmin/robotics_navigation/turtlebot_ws/build/turtlebot3_navigation2 -- -j8 -l8
[1.199s] Invoked command in '/home/gixadmin/robotics_navigation/turtlebot_ws/build/turtlebot3_navigation2' returned '0': CMAKE_PREFIX_PATH=/opt/ros/humble /usr/bin/cmake --build /home/gixadmin/robotics_navigation/turtlebot_ws/build/turtlebot3_navigation2 -- -j8 -l8
[1.202s] Invoking command in '/home/gixadmin/robotics_navigation/turtlebot_ws/build/turtlebot3_navigation2': CMAKE_PREFIX_PATH=/opt/ros/humble /usr/bin/cmake --install /home/gixadmin/robotics_navigation/turtlebot_ws/build/turtlebot3_navigation2
[1.214s] -- Install configuration: ""
[1.216s] -- Execute custom install script
[1.217s] -- Symlinking: /home/gixadmin/robotics_navigation/turtlebot_ws/install/turtlebot3_navigation2/share/turtlebot3_navigation2/launch/navigation2.launch.py
[1.231s] -- Symlinking: /home/gixadmin/robotics_navigation/turtlebot_ws/install/turtlebot3_navigation2/share/turtlebot3_navigation2/map/map.pgm
[1.247s] -- Symlinking: /home/gixadmin/robotics_navigation/turtlebot_ws/install/turtlebot3_navigation2/share/turtlebot3_navigation2/map/map.yaml
[1.265s] -- Symlinking: /home/gixadmin/robotics_navigation/turtlebot_ws/install/turtlebot3_navigation2/share/turtlebot3_navigation2/param/burger.yaml
[1.283s] -- Symlinking: /home/gixadmin/robotics_navigation/turtlebot_ws/install/turtlebot3_navigation2/share/turtlebot3_navigation2/param/waffle.yaml
[1.298s] -- Symlinking: /home/gixadmin/robotics_navigation/turtlebot_ws/install/turtlebot3_navigation2/share/turtlebot3_navigation2/param/waffle_pi.yaml
[1.314s] -- Symlinking: /home/gixadmin/robotics_navigation/turtlebot_ws/install/turtlebot3_navigation2/share/turtlebot3_navigation2/rviz/tb3_navigation2.rviz
[1.327s] -- Symlinking: /home/gixadmin/robotics_navigation/turtlebot_ws/install/turtlebot3_navigation2/share/ament_index/resource_index/package_run_dependencies/turtlebot3_navigation2
[1.343s] -- Symlinking: /home/gixadmin/robotics_navigation/turtlebot_ws/install/turtlebot3_navigation2/share/ament_index/resource_index/parent_prefix_path/turtlebot3_navigation2
[1.358s] -- Symlinking: /home/gixadmin/robotics_navigation/turtlebot_ws/install/turtlebot3_navigation2/share/turtlebot3_navigation2/environment/ament_prefix_path.sh
[1.374s] -- Symlinking: /home/gixadmin/robotics_navigation/turtlebot_ws/install/turtlebot3_navigation2/share/turtlebot3_navigation2/environment/ament_prefix_path.dsv
[1.387s] -- Symlinking: /home/gixadmin/robotics_navigation/turtlebot_ws/install/turtlebot3_navigation2/share/turtlebot3_navigation2/environment/path.sh
[1.402s] -- Symlinking: /home/gixadmin/robotics_navigation/turtlebot_ws/install/turtlebot3_navigation2/share/turtlebot3_navigation2/environment/path.dsv
[1.416s] -- Symlinking: /home/gixadmin/robotics_navigation/turtlebot_ws/install/turtlebot3_navigation2/share/turtlebot3_navigation2/local_setup.bash
[1.430s] -- Symlinking: /home/gixadmin/robotics_navigation/turtlebot_ws/install/turtlebot3_navigation2/share/turtlebot3_navigation2/local_setup.sh
[1.446s] -- Symlinking: /home/gixadmin/robotics_navigation/turtlebot_ws/install/turtlebot3_navigation2/share/turtlebot3_navigation2/local_setup.zsh
[1.461s] -- Symlinking: /home/gixadmin/robotics_navigation/turtlebot_ws/install/turtlebot3_navigation2/share/turtlebot3_navigation2/local_setup.dsv
[1.476s] -- Symlinking: /home/gixadmin/robotics_navigation/turtlebot_ws/install/turtlebot3_navigation2/share/turtlebot3_navigation2/package.dsv
[1.490s] -- Symlinking: /home/gixadmin/robotics_navigation/turtlebot_ws/install/turtlebot3_navigation2/share/ament_index/resource_index/packages/turtlebot3_navigation2
[1.505s] -- Symlinking: /home/gixadmin/robotics_navigation/turtlebot_ws/install/turtlebot3_navigation2/share/turtlebot3_navigation2/cmake/turtlebot3_navigation2Config.cmake
[1.523s] -- Symlinking: /home/gixadmin/robotics_navigation/turtlebot_ws/install/turtlebot3_navigation2/share/turtlebot3_navigation2/cmake/turtlebot3_navigation2Config-version.cmake
[1.534s] -- Symlinking: /home/gixadmin/robotics_navigation/turtlebot_ws/install/turtlebot3_navigation2/share/turtlebot3_navigation2/package.xml
[1.548s] Invoked command in '/home/gixadmin/robotics_navigation/turtlebot_ws/build/turtlebot3_navigation2' returned '0': CMAKE_PREFIX_PATH=/opt/ros/humble /usr/bin/cmake --install /home/gixadmin/robotics_navigation/turtlebot_ws/build/turtlebot3_navigation2
