[1.078s] Invoking command in '/home/gixstudent/Desktop/Final_lab/robotics_navigation/nav_ws/c8nav': PYTHONPATH=/home/gixstudent/Desktop/Final_lab/robotics_navigation/build/c8nav/prefix_override:/usr/lib/python3/dist-packages/colcon_core/task/python/colcon_distutils_commands:/home/gixstudent/Desktop/Final_lab/robotics_navigation/install/c8nav/lib/python3.10/site-packages:${PYTHONPATH} /usr/bin/python3 -W ignore:setup.py install is deprecated -W ignore:easy_install command is deprecated setup.py egg_info --egg-base ../../build/c8nav build --build-base /home/gixstudent/Desktop/Final_lab/robotics_navigation/build/c8nav/build install --record /home/gixstudent/Desktop/Final_lab/robotics_navigation/build/c8nav/install.log --single-version-externally-managed install_data
[1.492s] running egg_info
[1.494s] writing ../../build/c8nav/c8nav.egg-info/PKG-INFO
[1.494s] writing dependency_links to ../../build/c8nav/c8nav.egg-info/dependency_links.txt
[1.494s] writing entry points to ../../build/c8nav/c8nav.egg-info/entry_points.txt
[1.495s] writing requirements to ../../build/c8nav/c8nav.egg-info/requires.txt
[1.495s] writing top-level names to ../../build/c8nav/c8nav.egg-info/top_level.txt
[1.497s] reading manifest file '../../build/c8nav/c8nav.egg-info/SOURCES.txt'
[1.499s] writing manifest file '../../build/c8nav/c8nav.egg-info/SOURCES.txt'
[1.499s] running build
[1.499s] running build_py
[1.500s] copying c8nav/get_goal.py -> /home/gixstudent/Desktop/Final_lab/robotics_navigation/build/c8nav/build/lib/c8nav
[1.500s] running install
[1.501s] running install_lib
[1.502s] copying /home/gixstudent/Desktop/Final_lab/robotics_navigation/build/c8nav/build/lib/c8nav/get_goal.py -> /home/gixstudent/Desktop/Final_lab/robotics_navigation/install/c8nav/lib/python3.10/site-packages/c8nav
[1.503s] byte-compiling /home/gixstudent/Desktop/Final_lab/robotics_navigation/install/c8nav/lib/python3.10/site-packages/c8nav/get_goal.py to get_goal.cpython-310.pyc
[1.504s] running install_data
[1.504s] running install_egg_info
[1.507s] removing '/home/gixstudent/Desktop/Final_lab/robotics_navigation/install/c8nav/lib/python3.10/site-packages/c8nav-0.0.0-py3.10.egg-info' (and everything under it)
[1.507s] Copying ../../build/c8nav/c8nav.egg-info to /home/gixstudent/Desktop/Final_lab/robotics_navigation/install/c8nav/lib/python3.10/site-packages/c8nav-0.0.0-py3.10.egg-info
[1.509s] running install_scripts
[1.543s] Installing get_goal script to /home/gixstudent/Desktop/Final_lab/robotics_navigation/install/c8nav/lib/c8nav
[1.543s] Installing save_current_pose script to /home/gixstudent/Desktop/Final_lab/robotics_navigation/install/c8nav/lib/c8nav
[1.543s] Installing send_goal script to /home/gixstudent/Desktop/Final_lab/robotics_navigation/install/c8nav/lib/c8nav
[1.544s] writing list of installed files to '/home/gixstudent/Desktop/Final_lab/robotics_navigation/build/c8nav/install.log'
[1.587s] Invoked command in '/home/gixstudent/Desktop/Final_lab/robotics_navigation/nav_ws/c8nav' returned '0': PYTHONPATH=/home/gixstudent/Desktop/Final_lab/robotics_navigation/build/c8nav/prefix_override:/usr/lib/python3/dist-packages/colcon_core/task/python/colcon_distutils_commands:/home/gixstudent/Desktop/Final_lab/robotics_navigation/install/c8nav/lib/python3.10/site-packages:${PYTHONPATH} /usr/bin/python3 -W ignore:setup.py install is deprecated -W ignore:easy_install command is deprecated setup.py egg_info --egg-base ../../build/c8nav build --build-base /home/gixstudent/Desktop/Final_lab/robotics_navigation/build/c8nav/build install --record /home/gixstudent/Desktop/Final_lab/robotics_navigation/build/c8nav/install.log --single-version-externally-managed install_data
