[1.370s] Invoking command in '/home/gixadmin/robotics_navigation/turtlebot_ws/build/turtlebot3_example': AMENT_PREFIX_PATH=/home/gixadmin/robotics_navigation/turtlebot_ws/install/turtlebot3_msgs:${AMENT_PREFIX_PATH} CMAKE_PREFIX_PATH=/home/gixadmin/robotics_navigation/turtlebot_ws/install/turtlebot3_msgs LD_LIBRARY_PATH=/home/gixadmin/robotics_navigation/turtlebot_ws/install/turtlebot3_msgs/lib:/usr/lib/x86_64-linux-gnu/gazebo-11/plugins:/opt/ros/humble/opt/rviz_ogre_vendor/lib:/opt/ros/humble/lib/x86_64-linux-gnu:/opt/ros/humble/lib:/usr/share/gazebo/../../lib/x86_64-linux-gnu/gazebo-11/plugins PYTHONPATH=/home/gixadmin/robotics_navigation/turtlebot_ws/build/turtlebot3_example/prefix_override:/usr/lib/python3/dist-packages/colcon_core/task/python/colcon_distutils_commands:/home/gixadmin/robotics_navigation/turtlebot_ws/install/turtlebot3_example/lib/python3.10/site-packages:/home/gixadmin/robotics_navigation/turtlebot_ws/install/turtlebot3_msgs/local/lib/python3.10/dist-packages:${PYTHONPATH} /usr/bin/python3 -W ignore:setup.py install is deprecated -W ignore:easy_install command is deprecated setup.py develop --editable --build-directory /home/gixadmin/robotics_navigation/turtlebot_ws/build/turtlebot3_example/build --no-deps symlink_data
[1.847s] running develop
[2.232s] running egg_info
[2.232s] creating turtlebot3_example.egg-info
[2.232s] writing turtlebot3_example.egg-info/PKG-INFO
[2.233s] writing dependency_links to turtlebot3_example.egg-info/dependency_links.txt
[2.233s] writing entry points to turtlebot3_example.egg-info/entry_points.txt
[2.235s] writing requirements to turtlebot3_example.egg-info/requires.txt
[2.235s] writing top-level names to turtlebot3_example.egg-info/top_level.txt
[2.235s] writing manifest file 'turtlebot3_example.egg-info/SOURCES.txt'
[2.239s] reading manifest file 'turtlebot3_example.egg-info/SOURCES.txt'
[2.240s] writing manifest file 'turtlebot3_example.egg-info/SOURCES.txt'
[2.242s] running build_ext
[2.243s] Creating /home/gixadmin/robotics_navigation/turtlebot_ws/install/turtlebot3_example/lib/python3.10/site-packages/turtlebot3-example.egg-link (link to .)
[2.245s] Installing turtlebot3_obstacle_detection script to /home/gixadmin/robotics_navigation/turtlebot_ws/install/turtlebot3_example/lib/turtlebot3_example
[2.245s] Installing turtlebot3_patrol_client script to /home/gixadmin/robotics_navigation/turtlebot_ws/install/turtlebot3_example/lib/turtlebot3_example
[2.246s] Installing turtlebot3_patrol_server script to /home/gixadmin/robotics_navigation/turtlebot_ws/install/turtlebot3_example/lib/turtlebot3_example
[2.247s] Installing turtlebot3_position_control script to /home/gixadmin/robotics_navigation/turtlebot_ws/install/turtlebot3_example/lib/turtlebot3_example
[2.248s] 
[2.248s] Installed /home/gixadmin/robotics_navigation/turtlebot_ws/build/turtlebot3_example
[2.248s] running symlink_data
[2.248s] creating /home/gixadmin/robotics_navigation/turtlebot_ws/install/turtlebot3_example/share/ament_index
[2.248s] creating /home/gixadmin/robotics_navigation/turtlebot_ws/install/turtlebot3_example/share/ament_index/resource_index
[2.248s] creating /home/gixadmin/robotics_navigation/turtlebot_ws/install/turtlebot3_example/share/ament_index/resource_index/packages
[2.249s] symbolically linking /home/gixadmin/robotics_navigation/turtlebot_ws/build/turtlebot3_example/resource/turtlebot3_example -> /home/gixadmin/robotics_navigation/turtlebot_ws/install/turtlebot3_example/share/ament_index/resource_index/packages
[2.249s] symbolically linking /home/gixadmin/robotics_navigation/turtlebot_ws/build/turtlebot3_example/package.xml -> /home/gixadmin/robotics_navigation/turtlebot_ws/install/turtlebot3_example/share/turtlebot3_example
[2.301s] Invoked command in '/home/gixadmin/robotics_navigation/turtlebot_ws/build/turtlebot3_example' returned '0': AMENT_PREFIX_PATH=/home/gixadmin/robotics_navigation/turtlebot_ws/install/turtlebot3_msgs:${AMENT_PREFIX_PATH} CMAKE_PREFIX_PATH=/home/gixadmin/robotics_navigation/turtlebot_ws/install/turtlebot3_msgs LD_LIBRARY_PATH=/home/gixadmin/robotics_navigation/turtlebot_ws/install/turtlebot3_msgs/lib:/usr/lib/x86_64-linux-gnu/gazebo-11/plugins:/opt/ros/humble/opt/rviz_ogre_vendor/lib:/opt/ros/humble/lib/x86_64-linux-gnu:/opt/ros/humble/lib:/usr/share/gazebo/../../lib/x86_64-linux-gnu/gazebo-11/plugins PYTHONPATH=/home/gixadmin/robotics_navigation/turtlebot_ws/build/turtlebot3_example/prefix_override:/usr/lib/python3/dist-packages/colcon_core/task/python/colcon_distutils_commands:/home/gixadmin/robotics_navigation/turtlebot_ws/install/turtlebot3_example/lib/python3.10/site-packages:/home/gixadmin/robotics_navigation/turtlebot_ws/install/turtlebot3_msgs/local/lib/python3.10/dist-packages:${PYTHONPATH} /usr/bin/python3 -W ignore:setup.py install is deprecated -W ignore:easy_install command is deprecated setup.py develop --editable --build-directory /home/gixadmin/robotics_navigation/turtlebot_ws/build/turtlebot3_example/build --no-deps symlink_data
