[1.298s] Invoking command in '/home/gixstudent/Desktop/Final lab/robotics_navigation/src/turtlebot3/turtlebot3_example': AMENT_PREFIX_PATH=/home/gixstudent/Desktop/Final lab/robotics_navigation/install/turtlebot3_msgs:${AMENT_PREFIX_PATH} CMAKE_PREFIX_PATH=/home/gixstudent/Desktop/Final lab/robotics_navigation/install/turtlebot3_msgs LD_LIBRARY_PATH=/home/gixstudent/Desktop/Final lab/robotics_navigation/install/turtlebot3_msgs/lib:${LD_LIBRARY_PATH} PYTHONPATH=/home/gixstudent/Desktop/Final lab/robotics_navigation/build/turtlebot3_example/prefix_override:/usr/lib/python3/dist-packages/colcon_core/task/python/colcon_distutils_commands:/home/gixstudent/Desktop/Final lab/robotics_navigation/install/turtlebot3_example/lib/python3.10/site-packages:/home/gixstudent/Desktop/Final lab/robotics_navigation/install/turtlebot3_msgs/local/lib/python3.10/dist-packages:${PYTHONPATH} /usr/bin/python3 -W ignore:setup.py install is deprecated -W ignore:easy_install command is deprecated setup.py egg_info --egg-base ../../../build/turtlebot3_example build --build-base /home/gixstudent/Desktop/Final lab/robotics_navigation/build/turtlebot3_example/build install --record /home/gixstudent/Desktop/Final lab/robotics_navigation/build/turtlebot3_example/install.log --single-version-externally-managed install_data
[1.776s] running egg_info
[1.776s] creating ../../../build/turtlebot3_example/turtlebot3_example.egg-info
[1.777s] writing ../../../build/turtlebot3_example/turtlebot3_example.egg-info/PKG-INFO
[1.777s] writing dependency_links to ../../../build/turtlebot3_example/turtlebot3_example.egg-info/dependency_links.txt
[1.778s] writing entry points to ../../../build/turtlebot3_example/turtlebot3_example.egg-info/entry_points.txt
[1.778s] writing requirements to ../../../build/turtlebot3_example/turtlebot3_example.egg-info/requires.txt
[1.778s] writing top-level names to ../../../build/turtlebot3_example/turtlebot3_example.egg-info/top_level.txt
[1.778s] writing manifest file '../../../build/turtlebot3_example/turtlebot3_example.egg-info/SOURCES.txt'
[1.785s] reading manifest file '../../../build/turtlebot3_example/turtlebot3_example.egg-info/SOURCES.txt'
[1.787s] writing manifest file '../../../build/turtlebot3_example/turtlebot3_example.egg-info/SOURCES.txt'
[1.787s] running build
[1.788s] running build_py
[1.788s] creating /home/gixstudent/Desktop/Final lab/robotics_navigation/build/turtlebot3_example/build
[1.788s] creating /home/gixstudent/Desktop/Final lab/robotics_navigation/build/turtlebot3_example/build/lib
[1.788s] creating /home/gixstudent/Desktop/Final lab/robotics_navigation/build/turtlebot3_example/build/lib/turtlebot3_example
[1.788s] copying turtlebot3_example/__init__.py -> /home/gixstudent/Desktop/Final lab/robotics_navigation/build/turtlebot3_example/build/lib/turtlebot3_example
[1.788s] creating /home/gixstudent/Desktop/Final lab/robotics_navigation/build/turtlebot3_example/build/lib/turtlebot3_example/turtlebot3_obstacle_detection
[1.789s] copying turtlebot3_example/turtlebot3_obstacle_detection/turtlebot3_obstacle_detection.py -> /home/gixstudent/Desktop/Final lab/robotics_navigation/build/turtlebot3_example/build/lib/turtlebot3_example/turtlebot3_obstacle_detection
[1.789s] copying turtlebot3_example/turtlebot3_obstacle_detection/__init__.py -> /home/gixstudent/Desktop/Final lab/robotics_navigation/build/turtlebot3_example/build/lib/turtlebot3_example/turtlebot3_obstacle_detection
[1.789s] copying turtlebot3_example/turtlebot3_obstacle_detection/main.py -> /home/gixstudent/Desktop/Final lab/robotics_navigation/build/turtlebot3_example/build/lib/turtlebot3_example/turtlebot3_obstacle_detection
[1.789s] creating /home/gixstudent/Desktop/Final lab/robotics_navigation/build/turtlebot3_example/build/lib/turtlebot3_example/turtlebot3_patrol_client
[1.790s] copying turtlebot3_example/turtlebot3_patrol_client/__init__.py -> /home/gixstudent/Desktop/Final lab/robotics_navigation/build/turtlebot3_example/build/lib/turtlebot3_example/turtlebot3_patrol_client
[1.790s] copying turtlebot3_example/turtlebot3_patrol_client/turtlebot3_patrol_client.py -> /home/gixstudent/Desktop/Final lab/robotics_navigation/build/turtlebot3_example/build/lib/turtlebot3_example/turtlebot3_patrol_client
[1.790s] copying turtlebot3_example/turtlebot3_patrol_client/main.py -> /home/gixstudent/Desktop/Final lab/robotics_navigation/build/turtlebot3_example/build/lib/turtlebot3_example/turtlebot3_patrol_client
[1.790s] creating /home/gixstudent/Desktop/Final lab/robotics_navigation/build/turtlebot3_example/build/lib/turtlebot3_example/turtlebot3_patrol_server
[1.791s] copying turtlebot3_example/turtlebot3_patrol_server/turtlebot3_path.py -> /home/gixstudent/Desktop/Final lab/robotics_navigation/build/turtlebot3_example/build/lib/turtlebot3_example/turtlebot3_patrol_server
[1.791s] copying turtlebot3_example/turtlebot3_patrol_server/__init__.py -> /home/gixstudent/Desktop/Final lab/robotics_navigation/build/turtlebot3_example/build/lib/turtlebot3_example/turtlebot3_patrol_server
[1.791s] copying turtlebot3_example/turtlebot3_patrol_server/main.py -> /home/gixstudent/Desktop/Final lab/robotics_navigation/build/turtlebot3_example/build/lib/turtlebot3_example/turtlebot3_patrol_server
[1.791s] copying turtlebot3_example/turtlebot3_patrol_server/turtlebot3_patrol_server.py -> /home/gixstudent/Desktop/Final lab/robotics_navigation/build/turtlebot3_example/build/lib/turtlebot3_example/turtlebot3_patrol_server
[1.792s] creating /home/gixstudent/Desktop/Final lab/robotics_navigation/build/turtlebot3_example/build/lib/turtlebot3_example/turtlebot3_position_control
[1.792s] copying turtlebot3_example/turtlebot3_position_control/turtlebot3_path.py -> /home/gixstudent/Desktop/Final lab/robotics_navigation/build/turtlebot3_example/build/lib/turtlebot3_example/turtlebot3_position_control
[1.792s] copying turtlebot3_example/turtlebot3_position_control/turtlebot3_position_control.py -> /home/gixstudent/Desktop/Final lab/robotics_navigation/build/turtlebot3_example/build/lib/turtlebot3_example/turtlebot3_position_control
[1.793s] copying turtlebot3_example/turtlebot3_position_control/__init__.py -> /home/gixstudent/Desktop/Final lab/robotics_navigation/build/turtlebot3_example/build/lib/turtlebot3_example/turtlebot3_position_control
[1.793s] copying turtlebot3_example/turtlebot3_position_control/main.py -> /home/gixstudent/Desktop/Final lab/robotics_navigation/build/turtlebot3_example/build/lib/turtlebot3_example/turtlebot3_position_control
[1.794s] running install
[1.795s] running install_lib
[1.797s] creating /home/gixstudent/Desktop/Final lab/robotics_navigation/install/turtlebot3_example/lib/python3.10/site-packages/turtlebot3_example
[1.797s] creating /home/gixstudent/Desktop/Final lab/robotics_navigation/install/turtlebot3_example/lib/python3.10/site-packages/turtlebot3_example/turtlebot3_obstacle_detection
[1.797s] copying /home/gixstudent/Desktop/Final lab/robotics_navigation/build/turtlebot3_example/build/lib/turtlebot3_example/turtlebot3_obstacle_detection/turtlebot3_obstacle_detection.py -> /home/gixstudent/Desktop/Final lab/robotics_navigation/install/turtlebot3_example/lib/python3.10/site-packages/turtlebot3_example/turtlebot3_obstacle_detection
[1.799s] copying /home/gixstudent/Desktop/Final lab/robotics_navigation/build/turtlebot3_example/build/lib/turtlebot3_example/turtlebot3_obstacle_detection/__init__.py -> /home/gixstudent/Desktop/Final lab/robotics_navigation/install/turtlebot3_example/lib/python3.10/site-packages/turtlebot3_example/turtlebot3_obstacle_detection
[1.799s] copying /home/gixstudent/Desktop/Final lab/robotics_navigation/build/turtlebot3_example/build/lib/turtlebot3_example/turtlebot3_obstacle_detection/main.py -> /home/gixstudent/Desktop/Final lab/robotics_navigation/install/turtlebot3_example/lib/python3.10/site-packages/turtlebot3_example/turtlebot3_obstacle_detection
[1.799s] creating /home/gixstudent/Desktop/Final lab/robotics_navigation/install/turtlebot3_example/lib/python3.10/site-packages/turtlebot3_example/turtlebot3_patrol_client
[1.799s] copying /home/gixstudent/Desktop/Final lab/robotics_navigation/build/turtlebot3_example/build/lib/turtlebot3_example/turtlebot3_patrol_client/__init__.py -> /home/gixstudent/Desktop/Final lab/robotics_navigation/install/turtlebot3_example/lib/python3.10/site-packages/turtlebot3_example/turtlebot3_patrol_client
[1.800s] copying /home/gixstudent/Desktop/Final lab/robotics_navigation/build/turtlebot3_example/build/lib/turtlebot3_example/turtlebot3_patrol_client/turtlebot3_patrol_client.py -> /home/gixstudent/Desktop/Final lab/robotics_navigation/install/turtlebot3_example/lib/python3.10/site-packages/turtlebot3_example/turtlebot3_patrol_client
[1.800s] copying /home/gixstudent/Desktop/Final lab/robotics_navigation/build/turtlebot3_example/build/lib/turtlebot3_example/turtlebot3_patrol_client/main.py -> /home/gixstudent/Desktop/Final lab/robotics_navigation/install/turtlebot3_example/lib/python3.10/site-packages/turtlebot3_example/turtlebot3_patrol_client
[1.800s] creating /home/gixstudent/Desktop/Final lab/robotics_navigation/install/turtlebot3_example/lib/python3.10/site-packages/turtlebot3_example/turtlebot3_patrol_server
[1.800s] copying /home/gixstudent/Desktop/Final lab/robotics_navigation/build/turtlebot3_example/build/lib/turtlebot3_example/turtlebot3_patrol_server/turtlebot3_path.py -> /home/gixstudent/Desktop/Final lab/robotics_navigation/install/turtlebot3_example/lib/python3.10/site-packages/turtlebot3_example/turtlebot3_patrol_server
[1.801s] copying /home/gixstudent/Desktop/Final lab/robotics_navigation/build/turtlebot3_example/build/lib/turtlebot3_example/turtlebot3_patrol_server/__init__.py -> /home/gixstudent/Desktop/Final lab/robotics_navigation/install/turtlebot3_example/lib/python3.10/site-packages/turtlebot3_example/turtlebot3_patrol_server
[1.801s] copying /home/gixstudent/Desktop/Final lab/robotics_navigation/build/turtlebot3_example/build/lib/turtlebot3_example/turtlebot3_patrol_server/main.py -> /home/gixstudent/Desktop/Final lab/robotics_navigation/install/turtlebot3_example/lib/python3.10/site-packages/turtlebot3_example/turtlebot3_patrol_server
[1.801s] copying /home/gixstudent/Desktop/Final lab/robotics_navigation/build/turtlebot3_example/build/lib/turtlebot3_example/turtlebot3_patrol_server/turtlebot3_patrol_server.py -> /home/gixstudent/Desktop/Final lab/robotics_navigation/install/turtlebot3_example/lib/python3.10/site-packages/turtlebot3_example/turtlebot3_patrol_server
[1.801s] copying /home/gixstudent/Desktop/Final lab/robotics_navigation/build/turtlebot3_example/build/lib/turtlebot3_example/__init__.py -> /home/gixstudent/Desktop/Final lab/robotics_navigation/install/turtlebot3_example/lib/python3.10/site-packages/turtlebot3_example
[1.801s] creating /home/gixstudent/Desktop/Final lab/robotics_navigation/install/turtlebot3_example/lib/python3.10/site-packages/turtlebot3_example/turtlebot3_position_control
[1.801s] copying /home/gixstudent/Desktop/Final lab/robotics_navigation/build/turtlebot3_example/build/lib/turtlebot3_example/turtlebot3_position_control/turtlebot3_path.py -> /home/gixstudent/Desktop/Final lab/robotics_navigation/install/turtlebot3_example/lib/python3.10/site-packages/turtlebot3_example/turtlebot3_position_control
[1.801s] copying /home/gixstudent/Desktop/Final lab/robotics_navigation/build/turtlebot3_example/build/lib/turtlebot3_example/turtlebot3_position_control/turtlebot3_position_control.py -> /home/gixstudent/Desktop/Final lab/robotics_navigation/install/turtlebot3_example/lib/python3.10/site-packages/turtlebot3_example/turtlebot3_position_control
[1.802s] copying /home/gixstudent/Desktop/Final lab/robotics_navigation/build/turtlebot3_example/build/lib/turtlebot3_example/turtlebot3_position_control/__init__.py -> /home/gixstudent/Desktop/Final lab/robotics_navigation/install/turtlebot3_example/lib/python3.10/site-packages/turtlebot3_example/turtlebot3_position_control
[1.802s] copying /home/gixstudent/Desktop/Final lab/robotics_navigation/build/turtlebot3_example/build/lib/turtlebot3_example/turtlebot3_position_control/main.py -> /home/gixstudent/Desktop/Final lab/robotics_navigation/install/turtlebot3_example/lib/python3.10/site-packages/turtlebot3_example/turtlebot3_position_control
[1.802s] byte-compiling /home/gixstudent/Desktop/Final lab/robotics_navigation/install/turtlebot3_example/lib/python3.10/site-packages/turtlebot3_example/turtlebot3_obstacle_detection/turtlebot3_obstacle_detection.py to turtlebot3_obstacle_detection.cpython-310.pyc
[1.802s] byte-compiling /home/gixstudent/Desktop/Final lab/robotics_navigation/install/turtlebot3_example/lib/python3.10/site-packages/turtlebot3_example/turtlebot3_obstacle_detection/__init__.py to __init__.cpython-310.pyc
[1.803s] byte-compiling /home/gixstudent/Desktop/Final lab/robotics_navigation/install/turtlebot3_example/lib/python3.10/site-packages/turtlebot3_example/turtlebot3_obstacle_detection/main.py to main.cpython-310.pyc
[1.803s] byte-compiling /home/gixstudent/Desktop/Final lab/robotics_navigation/install/turtlebot3_example/lib/python3.10/site-packages/turtlebot3_example/turtlebot3_patrol_client/__init__.py to __init__.cpython-310.pyc
[1.803s] byte-compiling /home/gixstudent/Desktop/Final lab/robotics_navigation/install/turtlebot3_example/lib/python3.10/site-packages/turtlebot3_example/turtlebot3_patrol_client/turtlebot3_patrol_client.py to turtlebot3_patrol_client.cpython-310.pyc
[1.805s] byte-compiling /home/gixstudent/Desktop/Final lab/robotics_navigation/install/turtlebot3_example/lib/python3.10/site-packages/turtlebot3_example/turtlebot3_patrol_client/main.py to main.cpython-310.pyc
[1.805s] byte-compiling /home/gixstudent/Desktop/Final lab/robotics_navigation/install/turtlebot3_example/lib/python3.10/site-packages/turtlebot3_example/turtlebot3_patrol_server/turtlebot3_path.py to turtlebot3_path.cpython-310.pyc
[1.806s] byte-compiling /home/gixstudent/Desktop/Final lab/robotics_navigation/install/turtlebot3_example/lib/python3.10/site-packages/turtlebot3_example/turtlebot3_patrol_server/__init__.py to __init__.cpython-310.pyc
[1.806s] byte-compiling /home/gixstudent/Desktop/Final lab/robotics_navigation/install/turtlebot3_example/lib/python3.10/site-packages/turtlebot3_example/turtlebot3_patrol_server/main.py to main.cpython-310.pyc
[1.806s] byte-compiling /home/gixstudent/Desktop/Final lab/robotics_navigation/install/turtlebot3_example/lib/python3.10/site-packages/turtlebot3_example/turtlebot3_patrol_server/turtlebot3_patrol_server.py to turtlebot3_patrol_server.cpython-310.pyc
[1.808s] byte-compiling /home/gixstudent/Desktop/Final lab/robotics_navigation/install/turtlebot3_example/lib/python3.10/site-packages/turtlebot3_example/__init__.py to __init__.cpython-310.pyc
[1.808s] byte-compiling /home/gixstudent/Desktop/Final lab/robotics_navigation/install/turtlebot3_example/lib/python3.10/site-packages/turtlebot3_example/turtlebot3_position_control/turtlebot3_path.py to turtlebot3_path.cpython-310.pyc
[1.809s] byte-compiling /home/gixstudent/Desktop/Final lab/robotics_navigation/install/turtlebot3_example/lib/python3.10/site-packages/turtlebot3_example/turtlebot3_position_control/turtlebot3_position_control.py to turtlebot3_position_control.cpython-310.pyc
[1.811s] byte-compiling /home/gixstudent/Desktop/Final lab/robotics_navigation/install/turtlebot3_example/lib/python3.10/site-packages/turtlebot3_example/turtlebot3_position_control/__init__.py to __init__.cpython-310.pyc
[1.811s] byte-compiling /home/gixstudent/Desktop/Final lab/robotics_navigation/install/turtlebot3_example/lib/python3.10/site-packages/turtlebot3_example/turtlebot3_position_control/main.py to main.cpython-310.pyc
[1.811s] running install_data
[1.812s] creating /home/gixstudent/Desktop/Final lab/robotics_navigation/install/turtlebot3_example/share/ament_index
[1.812s] creating /home/gixstudent/Desktop/Final lab/robotics_navigation/install/turtlebot3_example/share/ament_index/resource_index
[1.812s] creating /home/gixstudent/Desktop/Final lab/robotics_navigation/install/turtlebot3_example/share/ament_index/resource_index/packages
[1.812s] copying resource/turtlebot3_example -> /home/gixstudent/Desktop/Final lab/robotics_navigation/install/turtlebot3_example/share/ament_index/resource_index/packages
[1.812s] copying package.xml -> /home/gixstudent/Desktop/Final lab/robotics_navigation/install/turtlebot3_example/share/turtlebot3_example
[1.813s] running install_egg_info
[1.816s] Copying ../../../build/turtlebot3_example/turtlebot3_example.egg-info to /home/gixstudent/Desktop/Final lab/robotics_navigation/install/turtlebot3_example/lib/python3.10/site-packages/turtlebot3_example-2.1.5-py3.10.egg-info
[1.818s] running install_scripts
[1.861s] Installing turtlebot3_obstacle_detection script to /home/gixstudent/Desktop/Final lab/robotics_navigation/install/turtlebot3_example/lib/turtlebot3_example
[1.861s] Installing turtlebot3_patrol_client script to /home/gixstudent/Desktop/Final lab/robotics_navigation/install/turtlebot3_example/lib/turtlebot3_example
[1.861s] Installing turtlebot3_patrol_server script to /home/gixstudent/Desktop/Final lab/robotics_navigation/install/turtlebot3_example/lib/turtlebot3_example
[1.861s] Installing turtlebot3_position_control script to /home/gixstudent/Desktop/Final lab/robotics_navigation/install/turtlebot3_example/lib/turtlebot3_example
[1.861s] writing list of installed files to '/home/gixstudent/Desktop/Final lab/robotics_navigation/build/turtlebot3_example/install.log'
[1.920s] Invoked command in '/home/gixstudent/Desktop/Final lab/robotics_navigation/src/turtlebot3/turtlebot3_example' returned '0': AMENT_PREFIX_PATH=/home/gixstudent/Desktop/Final lab/robotics_navigation/install/turtlebot3_msgs:${AMENT_PREFIX_PATH} CMAKE_PREFIX_PATH=/home/gixstudent/Desktop/Final lab/robotics_navigation/install/turtlebot3_msgs LD_LIBRARY_PATH=/home/gixstudent/Desktop/Final lab/robotics_navigation/install/turtlebot3_msgs/lib:${LD_LIBRARY_PATH} PYTHONPATH=/home/gixstudent/Desktop/Final lab/robotics_navigation/build/turtlebot3_example/prefix_override:/usr/lib/python3/dist-packages/colcon_core/task/python/colcon_distutils_commands:/home/gixstudent/Desktop/Final lab/robotics_navigation/install/turtlebot3_example/lib/python3.10/site-packages:/home/gixstudent/Desktop/Final lab/robotics_navigation/install/turtlebot3_msgs/local/lib/python3.10/dist-packages:${PYTHONPATH} /usr/bin/python3 -W ignore:setup.py install is deprecated -W ignore:easy_install command is deprecated setup.py egg_info --egg-base ../../../build/turtlebot3_example build --build-base /home/gixstudent/Desktop/Final lab/robotics_navigation/build/turtlebot3_example/build install --record /home/gixstudent/Desktop/Final lab/robotics_navigation/build/turtlebot3_example/install.log --single-version-externally-managed install_data
