[0.022s] Invoking command in '/home/gixstudent/Desktop/Final_lab/robotics_navigation/build/turtlebot3_node': AMENT_PREFIX_PATH=/home/gixstudent/Desktop/Final_lab/robotics_navigation/install/turtlebot3_msgs:${AMENT_PREFIX_PATH} CMAKE_PREFIX_PATH=/home/gixstudent/Desktop/Final_lab/robotics_navigation/install/turtlebot3_msgs:/opt/ros/humble LD_LIBRARY_PATH=/home/gixstudent/Desktop/Final_lab/robotics_navigation/install/turtlebot3_msgs/lib:/usr/lib/x86_64-linux-gnu/gazebo-11/plugins:/opt/ros/humble/opt/rviz_ogre_vendor/lib:/opt/ros/humble/lib/x86_64-linux-gnu:/opt/ros/humble/lib:/usr/share/gazebo/../../lib/x86_64-linux-gnu/gazebo-11/plugins PYTHONPATH=/home/gixstudent/Desktop/Final_lab/robotics_navigation/install/turtlebot3_msgs/local/lib/python3.10/dist-packages:${PYTHONPATH} /usr/bin/cmake --build /home/gixstudent/Desktop/Final_lab/robotics_navigation/build/turtlebot3_node -- -j8 -l8
[0.315s] [ 85%] Built target turtlebot3_node_lib
[0.315s] [100%] Built target turtlebot3_ros
[0.333s] Invoked command in '/home/gixstudent/Desktop/Final_lab/robotics_navigation/build/turtlebot3_node' returned '0': AMENT_PREFIX_PATH=/home/gixstudent/Desktop/Final_lab/robotics_navigation/install/turtlebot3_msgs:${AMENT_PREFIX_PATH} CMAKE_PREFIX_PATH=/home/gixstudent/Desktop/Final_lab/robotics_navigation/install/turtlebot3_msgs:/opt/ros/humble LD_LIBRARY_PATH=/home/gixstudent/Desktop/Final_lab/robotics_navigation/install/turtlebot3_msgs/lib:/usr/lib/x86_64-linux-gnu/gazebo-11/plugins:/opt/ros/humble/opt/rviz_ogre_vendor/lib:/opt/ros/humble/lib/x86_64-linux-gnu:/opt/ros/humble/lib:/usr/share/gazebo/../../lib/x86_64-linux-gnu/gazebo-11/plugins PYTHONPATH=/home/gixstudent/Desktop/Final_lab/robotics_navigation/install/turtlebot3_msgs/local/lib/python3.10/dist-packages:${PYTHONPATH} /usr/bin/cmake --build /home/gixstudent/Desktop/Final_lab/robotics_navigation/build/turtlebot3_node -- -j8 -l8
[0.363s] Invoking command in '/home/gixstudent/Desktop/Final_lab/robotics_navigation/build/turtlebot3_node': AMENT_PREFIX_PATH=/home/gixstudent/Desktop/Final_lab/robotics_navigation/install/turtlebot3_msgs:${AMENT_PREFIX_PATH} CMAKE_PREFIX_PATH=/home/gixstudent/Desktop/Final_lab/robotics_navigation/install/turtlebot3_msgs:/opt/ros/humble LD_LIBRARY_PATH=/home/gixstudent/Desktop/Final_lab/robotics_navigation/install/turtlebot3_msgs/lib:/usr/lib/x86_64-linux-gnu/gazebo-11/plugins:/opt/ros/humble/opt/rviz_ogre_vendor/lib:/opt/ros/humble/lib/x86_64-linux-gnu:/opt/ros/humble/lib:/usr/share/gazebo/../../lib/x86_64-linux-gnu/gazebo-11/plugins PYTHONPATH=/home/gixstudent/Desktop/Final_lab/robotics_navigation/install/turtlebot3_msgs/local/lib/python3.10/dist-packages:${PYTHONPATH} /usr/bin/cmake --install /home/gixstudent/Desktop/Final_lab/robotics_navigation/build/turtlebot3_node
[0.396s] -- Install configuration: ""
[0.400s] -- Execute custom install script
[0.406s] -- Up-to-date symlink: /home/gixstudent/Desktop/Final_lab/robotics_navigation/install/turtlebot3_node/share/turtlebot3_node/param/burger.yaml
[0.408s] -- Up-to-date symlink: /home/gixstudent/Desktop/Final_lab/robotics_navigation/install/turtlebot3_node/share/turtlebot3_node/param/waffle.yaml
[0.409s] -- Up-to-date symlink: /home/gixstudent/Desktop/Final_lab/robotics_navigation/install/turtlebot3_node/share/turtlebot3_node/param/waffle_pi.yaml
[0.412s] -- Up-to-date symlink: /home/gixstudent/Desktop/Final_lab/robotics_navigation/install/turtlebot3_node/lib/turtlebot3_node/turtlebot3_ros
[0.416s] -- Up-to-date symlink: /home/gixstudent/Desktop/Final_lab/robotics_navigation/install/turtlebot3_node/share/ament_index/resource_index/package_run_dependencies/turtlebot3_node
[0.419s] -- Up-to-date symlink: /home/gixstudent/Desktop/Final_lab/robotics_navigation/install/turtlebot3_node/share/ament_index/resource_index/parent_prefix_path/turtlebot3_node
[0.421s] -- Up-to-date symlink: /home/gixstudent/Desktop/Final_lab/robotics_navigation/install/turtlebot3_node/share/turtlebot3_node/environment/ament_prefix_path.sh
[0.424s] -- Up-to-date symlink: /home/gixstudent/Desktop/Final_lab/robotics_navigation/install/turtlebot3_node/share/turtlebot3_node/environment/ament_prefix_path.dsv
[0.424s] -- Up-to-date symlink: /home/gixstudent/Desktop/Final_lab/robotics_navigation/install/turtlebot3_node/share/turtlebot3_node/environment/path.sh
[0.425s] -- Up-to-date symlink: /home/gixstudent/Desktop/Final_lab/robotics_navigation/install/turtlebot3_node/share/turtlebot3_node/environment/path.dsv
[0.427s] -- Up-to-date symlink: /home/gixstudent/Desktop/Final_lab/robotics_navigation/install/turtlebot3_node/share/turtlebot3_node/local_setup.bash
[0.429s] -- Up-to-date symlink: /home/gixstudent/Desktop/Final_lab/robotics_navigation/install/turtlebot3_node/share/turtlebot3_node/local_setup.sh
[0.431s] -- Up-to-date symlink: /home/gixstudent/Desktop/Final_lab/robotics_navigation/install/turtlebot3_node/share/turtlebot3_node/local_setup.zsh
[0.432s] -- Up-to-date symlink: /home/gixstudent/Desktop/Final_lab/robotics_navigation/install/turtlebot3_node/share/turtlebot3_node/local_setup.dsv
[0.433s] -- Symlinking: /home/gixstudent/Desktop/Final_lab/robotics_navigation/install/turtlebot3_node/share/turtlebot3_node/package.dsv
[0.451s] -- Up-to-date symlink: /home/gixstudent/Desktop/Final_lab/robotics_navigation/install/turtlebot3_node/share/ament_index/resource_index/packages/turtlebot3_node
[0.452s] -- Up-to-date symlink: /home/gixstudent/Desktop/Final_lab/robotics_navigation/install/turtlebot3_node/share/turtlebot3_node/cmake/ament_cmake_export_include_directories-extras.cmake
[0.453s] -- Up-to-date symlink: /home/gixstudent/Desktop/Final_lab/robotics_navigation/install/turtlebot3_node/share/turtlebot3_node/cmake/turtlebot3_nodeConfig.cmake
[0.453s] -- Up-to-date symlink: /home/gixstudent/Desktop/Final_lab/robotics_navigation/install/turtlebot3_node/share/turtlebot3_node/cmake/turtlebot3_nodeConfig-version.cmake
[0.454s] -- Up-to-date symlink: /home/gixstudent/Desktop/Final_lab/robotics_navigation/install/turtlebot3_node/share/turtlebot3_node/package.xml
[0.471s] Invoked command in '/home/gixstudent/Desktop/Final_lab/robotics_navigation/build/turtlebot3_node' returned '0': AMENT_PREFIX_PATH=/home/gixstudent/Desktop/Final_lab/robotics_navigation/install/turtlebot3_msgs:${AMENT_PREFIX_PATH} CMAKE_PREFIX_PATH=/home/gixstudent/Desktop/Final_lab/robotics_navigation/install/turtlebot3_msgs:/opt/ros/humble LD_LIBRARY_PATH=/home/gixstudent/Desktop/Final_lab/robotics_navigation/install/turtlebot3_msgs/lib:/usr/lib/x86_64-linux-gnu/gazebo-11/plugins:/opt/ros/humble/opt/rviz_ogre_vendor/lib:/opt/ros/humble/lib/x86_64-linux-gnu:/opt/ros/humble/lib:/usr/share/gazebo/../../lib/x86_64-linux-gnu/gazebo-11/plugins PYTHONPATH=/home/gixstudent/Desktop/Final_lab/robotics_navigation/install/turtlebot3_msgs/local/lib/python3.10/dist-packages:${PYTHONPATH} /usr/bin/cmake --install /home/gixstudent/Desktop/Final_lab/robotics_navigation/build/turtlebot3_node
