[0.032s] Invoking command in '/home/gixstudent/Desktop/Final_lab/robotics_navigation/build/libcreate': CMAKE_PREFIX_PATH=/opt/ros/humble /usr/bin/cmake /home/gixstudent/Desktop/Final_lab/robotics_navigation/src/libcreate -DCMAKE_INSTALL_PREFIX=/home/gixstudent/Desktop/Final_lab/robotics_navigation/install/libcreate
[0.208s] -- The C compiler identification is GNU 11.4.0
[0.376s] -- The CXX compiler identification is GNU 11.4.0
[0.390s] -- Detecting C compiler ABI info
[0.540s] -- Detecting C compiler ABI info - done
[0.560s] -- Check for working C compiler: /usr/bin/cc - skipped
[0.561s] -- Detecting C compile features
[0.563s] -- Detecting C compile features - done
[0.571s] -- Detecting CXX compiler ABI info
[0.738s] -- Detecting CXX compiler ABI info - done
[0.762s] -- Check for working CXX compiler: /usr/bin/c++ - skipped
[0.762s] -- Detecting CXX compile features
[0.763s] -- Detecting CXX compile features - done
[1.045s] -- Found Boost: /usr/lib/x86_64-linux-gnu/cmake/Boost-1.74.0/BoostConfig.cmake (found version "1.74.0") found components: system thread 
[1.049s] -- Found Threads: TRUE  
[1.062s] -- Found GTest: /usr/lib/x86_64-linux-gnu/cmake/GTest/GTestConfig.cmake (found version "1.11.0")  
[1.062s] [0mGTest installation found. Building tests.[0m
[1.063s] -- Configuring done
[1.105s] -- Generating done
[1.115s] -- Build files have been written to: /home/gixstudent/Desktop/Final_lab/robotics_navigation/build/libcreate
[1.756s] Invoked command in '/home/gixstudent/Desktop/Final_lab/robotics_navigation/build/libcreate' returned '0': CMAKE_PREFIX_PATH=/opt/ros/humble /usr/bin/cmake /home/gixstudent/Desktop/Final_lab/robotics_navigation/src/libcreate -DCMAKE_INSTALL_PREFIX=/home/gixstudent/Desktop/Final_lab/robotics_navigation/install/libcreate
[1.763s] Invoking command in '/home/gixstudent/Desktop/Final_lab/robotics_navigation/build/libcreate': CMAKE_PREFIX_PATH=/opt/ros/humble /usr/bin/cmake --build /home/gixstudent/Desktop/Final_lab/robotics_navigation/build/libcreate -- -j8 -l8
[1.845s] [  2%] [32mBuilding CXX object CMakeFiles/create.dir/src/create.cpp.o[0m
[1.852s] [  5%] [32mBuilding CXX object CMakeFiles/create.dir/src/serial.cpp.o[0m
[1.853s] [  8%] [32mBuilding CXX object CMakeFiles/create.dir/src/serial_stream.cpp.o[0m
[1.871s] [ 11%] [32mBuilding CXX object CMakeFiles/create.dir/src/serial_query.cpp.o[0m
[1.871s] [ 13%] [32mBuilding CXX object CMakeFiles/create.dir/src/data.cpp.o[0m
[1.871s] [ 16%] [32mBuilding CXX object CMakeFiles/create.dir/src/packet.cpp.o[0m
[1.875s] [ 19%] [32mBuilding CXX object CMakeFiles/create.dir/src/types.cpp.o[0m
[9.062s] [ 22%] [32m[1mLinking CXX shared library libcreate.so[0m
[9.657s] [ 22%] Built target create
[9.725s] [ 25%] [32mBuilding CXX object CMakeFiles/battery_level.dir/examples/battery_level.cpp.o[0m
[9.738s] [ 30%] [32mBuilding CXX object CMakeFiles/bumpers.dir/examples/bumpers.cpp.o[0m
[9.741s] [ 30%] [32mBuilding CXX object CMakeFiles/leds.dir/examples/leds.cpp.o[0m
[9.742s] [ 33%] [32mBuilding CXX object CMakeFiles/packets.dir/examples/packets.cpp.o[0m
[9.750s] [ 36%] [32mBuilding CXX object CMakeFiles/wheeldrop.dir/examples/wheeldrop.cpp.o[0m
[9.762s] [ 38%] [32mBuilding CXX object CMakeFiles/cliffs.dir/examples/cliffs.cpp.o[0m
[9.763s] [ 41%] [32mBuilding CXX object CMakeFiles/drive_circle.dir/examples/drive_circle.cpp.o[0m
[9.773s] [ 44%] [32mBuilding CXX object CMakeFiles/play_song.dir/examples/play_song.cpp.o[0m
[14.718s] [ 47%] [32m[1mLinking CXX executable wheeldrop[0m
[14.939s] [ 47%] Built target wheeldrop
[15.018s] [ 50%] [32mBuilding CXX object CMakeFiles/test_create.dir/tests/test_create.cpp.o[0m
[15.728s] [ 52%] [32m[1mLinking CXX executable bumpers[0m
[15.948s] [ 52%] Built target bumpers
[15.988s] [ 55%] [32mBuilding CXX object CMakeFiles/test_data.dir/tests/test_data.cpp.o[0m
[16.018s] [ 58%] [32m[1mLinking CXX executable play_song[0m
[16.332s] [ 58%] Built target play_song
[16.382s] [ 61%] [32mBuilding CXX object CMakeFiles/test_packet.dir/tests/test_packet.cpp.o[0m
[16.564s] [ 63%] [32m[1mLinking CXX executable packets[0m
[16.600s] [ 66%] [32m[1mLinking CXX executable battery_level[0m
[16.619s] [ 69%] [32m[1mLinking CXX executable leds[0m
[16.662s] [ 72%] [32m[1mLinking CXX executable cliffs[0m
[16.836s] [ 72%] Built target packets
[16.868s] [ 72%] Built target battery_level
[16.888s] [ 75%] [32mBuilding CXX object CMakeFiles/test_robot_model.dir/tests/test_robot_model.cpp.o[0m
[16.910s] [ 75%] Built target cliffs
[16.932s] [ 77%] [32mBuilding CXX object CMakeFiles/test_serial_stream.dir/tests/test_serial_stream.cpp.o[0m
[16.946s] [ 80%] [32mBuilding CXX object CMakeFiles/test_serial_query.dir/tests/test_serial_query.cpp.o[0m
[16.992s] [ 80%] Built target leds
[17.352s] [ 83%] [32m[1mLinking CXX executable drive_circle[0m
[17.554s] [ 83%] Built target drive_circle
[17.873s] [ 86%] [32m[1mLinking CXX executable test_data[0m
[17.954s] [ 88%] [32m[1mLinking CXX executable test_packet[0m
[18.329s] [ 88%] Built target test_packet
[18.341s] [ 88%] Built target test_data
[18.454s] [ 91%] [32m[1mLinking CXX executable test_robot_model[0m
[18.685s] [ 91%] Built target test_robot_model
[19.651s] [ 94%] [32m[1mLinking CXX executable test_create[0m
[19.785s] [ 94%] Built target test_create
[19.823s] [ 97%] [32m[1mLinking CXX executable test_serial_stream[0m
[19.875s] [100%] [32m[1mLinking CXX executable test_serial_query[0m
[19.965s] [100%] Built target test_serial_stream
[20.021s] [100%] Built target test_serial_query
[20.033s] Invoked command in '/home/gixstudent/Desktop/Final_lab/robotics_navigation/build/libcreate' returned '0': CMAKE_PREFIX_PATH=/opt/ros/humble /usr/bin/cmake --build /home/gixstudent/Desktop/Final_lab/robotics_navigation/build/libcreate -- -j8 -l8
[20.034s] Invoking command in '/home/gixstudent/Desktop/Final_lab/robotics_navigation/build/libcreate': CMAKE_PREFIX_PATH=/opt/ros/humble /usr/bin/cmake --install /home/gixstudent/Desktop/Final_lab/robotics_navigation/build/libcreate
[20.042s] -- Install configuration: ""
[20.042s] -- Installing: /home/gixstudent/Desktop/Final_lab/robotics_navigation/install/libcreate/lib/libcreate.so
[20.044s] -- Installing: /home/gixstudent/Desktop/Final_lab/robotics_navigation/install/libcreate/include
[20.044s] -- Installing: /home/gixstudent/Desktop/Final_lab/robotics_navigation/install/libcreate/include/create
[20.044s] -- Installing: /home/gixstudent/Desktop/Final_lab/robotics_navigation/install/libcreate/include/create/util.h
[20.044s] -- Installing: /home/gixstudent/Desktop/Final_lab/robotics_navigation/install/libcreate/include/create/types.h
[20.044s] -- Installing: /home/gixstudent/Desktop/Final_lab/robotics_navigation/install/libcreate/include/create/serial.h
[20.044s] -- Installing: /home/gixstudent/Desktop/Final_lab/robotics_navigation/install/libcreate/include/create/serial_query.h
[20.045s] -- Installing: /home/gixstudent/Desktop/Final_lab/robotics_navigation/install/libcreate/include/create/packet.h
[20.045s] -- Installing: /home/gixstudent/Desktop/Final_lab/robotics_navigation/install/libcreate/include/create/create.h
[20.045s] -- Installing: /home/gixstudent/Desktop/Final_lab/robotics_navigation/install/libcreate/include/create/serial_stream.h
[20.045s] -- Installing: /home/gixstudent/Desktop/Final_lab/robotics_navigation/install/libcreate/include/create/data.h
[20.045s] -- Installing: /home/gixstudent/Desktop/Final_lab/robotics_navigation/install/libcreate/lib/cmake/libcreate/libcreate-config.cmake
[20.045s] -- Installing: /home/gixstudent/Desktop/Final_lab/robotics_navigation/install/libcreate/lib/cmake/libcreate/libcreate-config-version.cmake
[20.045s] -- Installing: /home/gixstudent/Desktop/Final_lab/robotics_navigation/install/libcreate/lib/cmake/libcreate/libcreate-targets.cmake
[20.045s] -- Installing: /home/gixstudent/Desktop/Final_lab/robotics_navigation/install/libcreate/lib/cmake/libcreate/libcreate-targets-noconfig.cmake
[20.045s] -- Installing: /home/gixstudent/Desktop/Final_lab/robotics_navigation/install/libcreate/share/libcreate/package.xml
[20.047s] Invoked command in '/home/gixstudent/Desktop/Final_lab/robotics_navigation/build/libcreate' returned '0': CMAKE_PREFIX_PATH=/opt/ros/humble /usr/bin/cmake --install /home/gixstudent/Desktop/Final_lab/robotics_navigation/build/libcreate
